[2.388s] Invoking command in '/home/shorouk/graduation_project/grad_proj_ws/src/py_pubsub': PYTHONPATH=/home/shorouk/graduation_project/grad_proj_ws/install/py_pubsub/lib/python3.8/site-packages:${PYTHONPATH} /usr/bin/python3 setup.py egg_info --egg-base ../../build/py_pubsub build --build-base /home/shorouk/graduation_project/grad_proj_ws/build/py_pubsub/build install --prefix /home/shorouk/graduation_project/grad_proj_ws/install/py_pubsub --record /home/shorouk/graduation_project/grad_proj_ws/build/py_pubsub/install.log --single-version-externally-managed
[2.888s] running egg_info
[2.891s] writing ../../build/py_pubsub/py_pubsub.egg-info/PKG-INFO
[2.892s] writing dependency_links to ../../build/py_pubsub/py_pubsub.egg-info/dependency_links.txt
[2.893s] writing entry points to ../../build/py_pubsub/py_pubsub.egg-info/entry_points.txt
[2.894s] writing requirements to ../../build/py_pubsub/py_pubsub.egg-info/requires.txt
[2.895s] writing top-level names to ../../build/py_pubsub/py_pubsub.egg-info/top_level.txt
[3.015s] reading manifest file '../../build/py_pubsub/py_pubsub.egg-info/SOURCES.txt'
[3.017s] writing manifest file '../../build/py_pubsub/py_pubsub.egg-info/SOURCES.txt'
[3.018s] running build
[3.018s] running build_py
[3.019s] running install
[3.020s] running install_lib
[3.025s] running install_data
[3.026s] running install_egg_info
[3.031s] removing '/home/shorouk/graduation_project/grad_proj_ws/install/py_pubsub/lib/python3.8/site-packages/py_pubsub-0.0.0-py3.8.egg-info' (and everything under it)
[3.032s] Copying ../../build/py_pubsub/py_pubsub.egg-info to /home/shorouk/graduation_project/grad_proj_ws/install/py_pubsub/lib/python3.8/site-packages/py_pubsub-0.0.0-py3.8.egg-info
[3.034s] running install_scripts
[3.089s] writing list of installed files to '/home/shorouk/graduation_project/grad_proj_ws/build/py_pubsub/install.log'
[3.156s] Invoked command in '/home/shorouk/graduation_project/grad_proj_ws/src/py_pubsub' returned '0': PYTHONPATH=/home/shorouk/graduation_project/grad_proj_ws/install/py_pubsub/lib/python3.8/site-packages:${PYTHONPATH} /usr/bin/python3 setup.py egg_info --egg-base ../../build/py_pubsub build --build-base /home/shorouk/graduation_project/grad_proj_ws/build/py_pubsub/build install --prefix /home/shorouk/graduation_project/grad_proj_ws/install/py_pubsub --record /home/shorouk/graduation_project/grad_proj_ws/build/py_pubsub/install.log --single-version-externally-managed
