[0.046s] Invoking command in '/home/shorouk/grad_proj_ws/build/basic_mobile_robot': CMAKE_PREFIX_PATH=${CMAKE_PREFIX_PATH}:/opt/ros/foxy /usr/bin/cmake --build /home/shorouk/grad_proj_ws/build/basic_mobile_robot -- -j4 -l4
[0.134s] Invoked command in '/home/shorouk/grad_proj_ws/build/basic_mobile_robot' returned '0': CMAKE_PREFIX_PATH=${CMAKE_PREFIX_PATH}:/opt/ros/foxy /usr/bin/cmake --build /home/shorouk/grad_proj_ws/build/basic_mobile_robot -- -j4 -l4
[0.198s] Invoking command in '/home/shorouk/grad_proj_ws/build/basic_mobile_robot': CMAKE_PREFIX_PATH=${CMAKE_PREFIX_PATH}:/opt/ros/foxy /usr/bin/cmake --install /home/shorouk/grad_proj_ws/build/basic_mobile_robot
[0.215s] -- Install configuration: ""
[0.215s] -- Up-to-date: /home/shorouk/grad_proj_ws/install/basic_mobile_robot/share/basic_mobile_robot/config
[0.215s] -- Up-to-date: /home/shorouk/grad_proj_ws/install/basic_mobile_robot/share/basic_mobile_robot/launch
[0.216s] -- Up-to-date: /home/shorouk/grad_proj_ws/install/basic_mobile_robot/share/basic_mobile_robot/launch/basic_mobile_bot_v1.launch.py
[0.216s] -- Up-to-date: /home/shorouk/grad_proj_ws/install/basic_mobile_robot/share/basic_mobile_robot/maps
[0.217s] -- Up-to-date: /home/shorouk/grad_proj_ws/install/basic_mobile_robot/share/basic_mobile_robot/meshes
[0.217s] -- Up-to-date: /home/shorouk/grad_proj_ws/install/basic_mobile_robot/share/basic_mobile_robot/meshes/arm_base.stl
[0.217s] -- Up-to-date: /home/shorouk/grad_proj_ws/install/basic_mobile_robot/share/basic_mobile_robot/meshes/wrist.stl
[0.218s] -- Up-to-date: /home/shorouk/grad_proj_ws/install/basic_mobile_robot/share/basic_mobile_robot/meshes/elbow.stl
[0.218s] -- Up-to-date: /home/shorouk/grad_proj_ws/install/basic_mobile_robot/share/basic_mobile_robot/meshes/robot_base.stl
[0.218s] -- Up-to-date: /home/shorouk/grad_proj_ws/install/basic_mobile_robot/share/basic_mobile_robot/meshes/wheel.stl
[0.218s] -- Up-to-date: /home/shorouk/grad_proj_ws/install/basic_mobile_robot/share/basic_mobile_robot/meshes/bicep.stl
[0.219s] -- Up-to-date: /home/shorouk/grad_proj_ws/install/basic_mobile_robot/share/basic_mobile_robot/models
[0.219s] -- Up-to-date: /home/shorouk/grad_proj_ws/install/basic_mobile_robot/share/basic_mobile_robot/models/basic_mobile_bot_v1.urdf
[0.219s] -- Up-to-date: /home/shorouk/grad_proj_ws/install/basic_mobile_robot/share/basic_mobile_robot/params
[0.219s] -- Up-to-date: /home/shorouk/grad_proj_ws/install/basic_mobile_robot/share/basic_mobile_robot/rviz
[0.220s] -- Up-to-date: /home/shorouk/grad_proj_ws/install/basic_mobile_robot/share/basic_mobile_robot/rviz/urdf_config.rviz
[0.220s] -- Up-to-date: /home/shorouk/grad_proj_ws/install/basic_mobile_robot/share/basic_mobile_robot/src
[0.220s] -- Up-to-date: /home/shorouk/grad_proj_ws/install/basic_mobile_robot/share/basic_mobile_robot/worlds
[0.220s] -- Up-to-date: /home/shorouk/grad_proj_ws/install/basic_mobile_robot/share/ament_index/resource_index/package_run_dependencies/basic_mobile_robot
[0.220s] -- Up-to-date: /home/shorouk/grad_proj_ws/install/basic_mobile_robot/share/ament_index/resource_index/parent_prefix_path/basic_mobile_robot
[0.221s] -- Up-to-date: /home/shorouk/grad_proj_ws/install/basic_mobile_robot/share/basic_mobile_robot/environment/ament_prefix_path.sh
[0.221s] -- Up-to-date: /home/shorouk/grad_proj_ws/install/basic_mobile_robot/share/basic_mobile_robot/environment/ament_prefix_path.dsv
[0.221s] -- Up-to-date: /home/shorouk/grad_proj_ws/install/basic_mobile_robot/share/basic_mobile_robot/environment/path.sh
[0.224s] -- Up-to-date: /home/shorouk/grad_proj_ws/install/basic_mobile_robot/share/basic_mobile_robot/environment/path.dsv
[0.224s] -- Up-to-date: /home/shorouk/grad_proj_ws/install/basic_mobile_robot/share/basic_mobile_robot/local_setup.bash
[0.227s] -- Up-to-date: /home/shorouk/grad_proj_ws/install/basic_mobile_robot/share/basic_mobile_robot/local_setup.sh
[0.228s] -- Up-to-date: /home/shorouk/grad_proj_ws/install/basic_mobile_robot/share/basic_mobile_robot/local_setup.zsh
[0.228s] -- Up-to-date: /home/shorouk/grad_proj_ws/install/basic_mobile_robot/share/basic_mobile_robot/local_setup.dsv
[0.228s] -- Installing: /home/shorouk/grad_proj_ws/install/basic_mobile_robot/share/basic_mobile_robot/package.dsv
[0.229s] -- Up-to-date: /home/shorouk/grad_proj_ws/install/basic_mobile_robot/share/ament_index/resource_index/packages/basic_mobile_robot
[0.229s] -- Up-to-date: /home/shorouk/grad_proj_ws/install/basic_mobile_robot/share/basic_mobile_robot/cmake/basic_mobile_robotConfig.cmake
[0.229s] -- Up-to-date: /home/shorouk/grad_proj_ws/install/basic_mobile_robot/share/basic_mobile_robot/cmake/basic_mobile_robotConfig-version.cmake
[0.229s] -- Up-to-date: /home/shorouk/grad_proj_ws/install/basic_mobile_robot/share/basic_mobile_robot/package.xml
[0.231s] Invoked command in '/home/shorouk/grad_proj_ws/build/basic_mobile_robot' returned '0': CMAKE_PREFIX_PATH=${CMAKE_PREFIX_PATH}:/opt/ros/foxy /usr/bin/cmake --install /home/shorouk/grad_proj_ws/build/basic_mobile_robot
