[0.029s] Invoking command in '/home/shorouk/grad_proj_ws/build/robot_description': CMAKE_PREFIX_PATH=/opt/ros/foxy /usr/bin/cmake /home/shorouk/grad_proj_ws/src/robot_description -DCMAKE_INSTALL_PREFIX=/home/shorouk/grad_proj_ws/install/robot_description
[1.925s] -- The C compiler identification is GNU 9.4.0
[3.109s] -- The CXX compiler identification is GNU 9.4.0
[3.253s] -- Check for working C compiler: /usr/bin/cc
[3.452s] -- Check for working C compiler: /usr/bin/cc -- works
[3.478s] -- Detecting C compiler ABI info
[3.656s] -- Detecting C compiler ABI info - done
[3.681s] -- Detecting C compile features
[3.698s] -- Detecting C compile features - done
[3.737s] -- Check for working CXX compiler: /usr/bin/c++
[3.891s] -- Check for working CXX compiler: /usr/bin/c++ -- works
[3.893s] -- Detecting CXX compiler ABI info
[4.045s] -- Detecting CXX compiler ABI info - done
[4.070s] -- Detecting CXX compile features
[4.071s] -- Detecting CXX compile features - done
[4.200s] -- Found ament_cmake: 0.9.9 (/opt/ros/foxy/share/ament_cmake/cmake)
[4.322s] -- Found PythonInterp: /usr/bin/python3 (found suitable version "3.8.10", minimum required is "3") 
[4.322s] -- Using PYTHON_EXECUTABLE: /usr/bin/python3
[4.893s] -- Configuring done
[4.896s] -- Generating done
[4.897s] -- Build files have been written to: /home/shorouk/grad_proj_ws/build/robot_description
[4.903s] Invoked command in '/home/shorouk/grad_proj_ws/build/robot_description' returned '0': CMAKE_PREFIX_PATH=/opt/ros/foxy /usr/bin/cmake /home/shorouk/grad_proj_ws/src/robot_description -DCMAKE_INSTALL_PREFIX=/home/shorouk/grad_proj_ws/install/robot_description
[4.910s] Invoking command in '/home/shorouk/grad_proj_ws/build/robot_description': CMAKE_PREFIX_PATH=/opt/ros/foxy /usr/bin/cmake --build /home/shorouk/grad_proj_ws/build/robot_description -- -j4 -l4
[4.983s] Invoked command in '/home/shorouk/grad_proj_ws/build/robot_description' returned '0': CMAKE_PREFIX_PATH=/opt/ros/foxy /usr/bin/cmake --build /home/shorouk/grad_proj_ws/build/robot_description -- -j4 -l4
[5.045s] Invoking command in '/home/shorouk/grad_proj_ws/build/robot_description': CMAKE_PREFIX_PATH=/opt/ros/foxy /usr/bin/cmake --install /home/shorouk/grad_proj_ws/build/robot_description
[5.063s] -- Install configuration: ""
[5.063s] -- Installing: /home/shorouk/grad_proj_ws/install/robot_description/share/robot_description/src
[5.063s] -- Installing: /home/shorouk/grad_proj_ws/install/robot_description/share/robot_description/launch
[5.064s] -- Installing: /home/shorouk/grad_proj_ws/install/robot_description/share/robot_description/launch/display.launch.py
[5.064s] -- Installing: /home/shorouk/grad_proj_ws/install/robot_description/share/robot_description/rviz
[5.064s] -- Installing: /home/shorouk/grad_proj_ws/install/robot_description/share/robot_description/rviz/urdf_config.rviz
[5.064s] -- Installing: /home/shorouk/grad_proj_ws/install/robot_description/share/ament_index/resource_index/package_run_dependencies/robot_description
[5.064s] -- Installing: /home/shorouk/grad_proj_ws/install/robot_description/share/ament_index/resource_index/parent_prefix_path/robot_description
[5.065s] -- Installing: /home/shorouk/grad_proj_ws/install/robot_description/share/robot_description/environment/ament_prefix_path.sh
[5.065s] -- Installing: /home/shorouk/grad_proj_ws/install/robot_description/share/robot_description/environment/ament_prefix_path.dsv
[5.065s] -- Installing: /home/shorouk/grad_proj_ws/install/robot_description/share/robot_description/environment/path.sh
[5.065s] -- Installing: /home/shorouk/grad_proj_ws/install/robot_description/share/robot_description/environment/path.dsv
[5.066s] -- Installing: /home/shorouk/grad_proj_ws/install/robot_description/share/robot_description/local_setup.bash
[5.066s] -- Installing: /home/shorouk/grad_proj_ws/install/robot_description/share/robot_description/local_setup.sh
[5.066s] -- Installing: /home/shorouk/grad_proj_ws/install/robot_description/share/robot_description/local_setup.zsh
[5.066s] -- Installing: /home/shorouk/grad_proj_ws/install/robot_description/share/robot_description/local_setup.dsv
[5.066s] -- Installing: /home/shorouk/grad_proj_ws/install/robot_description/share/robot_description/package.dsv
[5.067s] -- Installing: /home/shorouk/grad_proj_ws/install/robot_description/share/ament_index/resource_index/packages/robot_description
[5.067s] -- Installing: /home/shorouk/grad_proj_ws/install/robot_description/share/robot_description/cmake/robot_descriptionConfig.cmake
[5.067s] -- Installing: /home/shorouk/grad_proj_ws/install/robot_description/share/robot_description/cmake/robot_descriptionConfig-version.cmake
[5.068s] -- Installing: /home/shorouk/grad_proj_ws/install/robot_description/share/robot_description/package.xml
[5.071s] Invoked command in '/home/shorouk/grad_proj_ws/build/robot_description' returned '0': CMAKE_PREFIX_PATH=/opt/ros/foxy /usr/bin/cmake --install /home/shorouk/grad_proj_ws/build/robot_description
