[0.178s] Invoking command in '/home/shorouk/grad_proj_ws/build/robot_sim': CMAKE_PREFIX_PATH=/opt/ros/foxy /usr/bin/cmake --build /home/shorouk/grad_proj_ws/build/robot_sim -- -j4 -l4
[0.712s] Invoked command in '/home/shorouk/grad_proj_ws/build/robot_sim' returned '0': CMAKE_PREFIX_PATH=/opt/ros/foxy /usr/bin/cmake --build /home/shorouk/grad_proj_ws/build/robot_sim -- -j4 -l4
[0.777s] Invoking command in '/home/shorouk/grad_proj_ws/build/robot_sim': CMAKE_PREFIX_PATH=/opt/ros/foxy /usr/bin/cmake --install /home/shorouk/grad_proj_ws/build/robot_sim
[0.820s] -- Install configuration: ""
[0.820s] -- Up-to-date: /home/shorouk/grad_proj_ws/install/robot_sim/share/robot_sim/config
[0.835s] -- Up-to-date: /home/shorouk/grad_proj_ws/install/robot_sim/share/robot_sim/config/ekf.yaml
[0.836s] -- Up-to-date: /home/shorouk/grad_proj_ws/install/robot_sim/share/robot_sim/launch
[0.836s] -- Up-to-date: /home/shorouk/grad_proj_ws/install/robot_sim/share/robot_sim/launch/rviz_and_gazebo_display.launch.py
[0.836s] -- Up-to-date: /home/shorouk/grad_proj_ws/install/robot_sim/share/robot_sim/launch/rviz_display.launch.py
[0.837s] -- Installing: /home/shorouk/grad_proj_ws/install/robot_sim/share/robot_sim/launch/navigation_sim.launch.py
[0.837s] -- Up-to-date: /home/shorouk/grad_proj_ws/install/robot_sim/share/robot_sim/maps
[0.837s] -- Installing: /home/shorouk/grad_proj_ws/install/robot_sim/share/robot_sim/maps/mymap2.yaml
[0.849s] -- Installing: /home/shorouk/grad_proj_ws/install/robot_sim/share/robot_sim/maps/hospital_try3.pgm
[0.928s] -- Installing: /home/shorouk/grad_proj_ws/install/robot_sim/share/robot_sim/maps/hospital_try3.yaml
[0.936s] -- Installing: /home/shorouk/grad_proj_ws/install/robot_sim/share/robot_sim/maps/hospital_try2.yaml
[0.947s] -- Installing: /home/shorouk/grad_proj_ws/install/robot_sim/share/robot_sim/maps/mymap.pgm
[0.957s] -- Installing: /home/shorouk/grad_proj_ws/install/robot_sim/share/robot_sim/maps/mymap2.pgm
[0.970s] -- Installing: /home/shorouk/grad_proj_ws/install/robot_sim/share/robot_sim/maps/hospital_try2.pgm
[1.051s] -- Installing: /home/shorouk/grad_proj_ws/install/robot_sim/share/robot_sim/maps/mymap.yaml
[1.061s] -- Up-to-date: /home/shorouk/grad_proj_ws/install/robot_sim/share/robot_sim/meshes
[1.061s] -- Up-to-date: /home/shorouk/grad_proj_ws/install/robot_sim/share/robot_sim/models
[1.061s] -- Up-to-date: /home/shorouk/grad_proj_ws/install/robot_sim/share/robot_sim/models/urdf_description.urdf
[1.061s] -- Up-to-date: /home/shorouk/grad_proj_ws/install/robot_sim/share/robot_sim/models/gazebo_files
[1.068s] -- Up-to-date: /home/shorouk/grad_proj_ws/install/robot_sim/share/robot_sim/models/gazebo_files/model.config
[1.068s] -- Up-to-date: /home/shorouk/grad_proj_ws/install/robot_sim/share/robot_sim/models/gazebo_files/model.sdf
[1.068s] -- Up-to-date: /home/shorouk/grad_proj_ws/install/robot_sim/share/robot_sim/params
[1.068s] -- Installing: /home/shorouk/grad_proj_ws/install/robot_sim/share/robot_sim/params/nav2_params.yaml
[1.074s] -- Up-to-date: /home/shorouk/grad_proj_ws/install/robot_sim/share/robot_sim/rviz
[1.074s] -- Up-to-date: /home/shorouk/grad_proj_ws/install/robot_sim/share/robot_sim/rviz/urdf_config.rviz
[1.074s] -- Up-to-date: /home/shorouk/grad_proj_ws/install/robot_sim/share/robot_sim/src
[1.075s] -- Up-to-date: /home/shorouk/grad_proj_ws/install/robot_sim/share/robot_sim/worlds
[1.075s] -- Up-to-date: /home/shorouk/grad_proj_ws/install/robot_sim/share/robot_sim/worlds/basic_mobile_bot_world
[1.082s] -- Up-to-date: /home/shorouk/grad_proj_ws/install/robot_sim/share/robot_sim/worlds/basic_mobile_bot_world/smalltown.world
[1.083s] -- Up-to-date: /home/shorouk/grad_proj_ws/install/robot_sim/share/ament_index/resource_index/package_run_dependencies/robot_sim
[1.083s] -- Up-to-date: /home/shorouk/grad_proj_ws/install/robot_sim/share/ament_index/resource_index/parent_prefix_path/robot_sim
[1.084s] -- Up-to-date: /home/shorouk/grad_proj_ws/install/robot_sim/share/robot_sim/environment/ament_prefix_path.sh
[1.084s] -- Up-to-date: /home/shorouk/grad_proj_ws/install/robot_sim/share/robot_sim/environment/ament_prefix_path.dsv
[1.085s] -- Up-to-date: /home/shorouk/grad_proj_ws/install/robot_sim/share/robot_sim/environment/path.sh
[1.085s] -- Up-to-date: /home/shorouk/grad_proj_ws/install/robot_sim/share/robot_sim/environment/path.dsv
[1.085s] -- Up-to-date: /home/shorouk/grad_proj_ws/install/robot_sim/share/robot_sim/local_setup.bash
[1.086s] -- Up-to-date: /home/shorouk/grad_proj_ws/install/robot_sim/share/robot_sim/local_setup.sh
[1.086s] -- Up-to-date: /home/shorouk/grad_proj_ws/install/robot_sim/share/robot_sim/local_setup.zsh
[1.086s] -- Up-to-date: /home/shorouk/grad_proj_ws/install/robot_sim/share/robot_sim/local_setup.dsv
[1.086s] -- Up-to-date: /home/shorouk/grad_proj_ws/install/robot_sim/share/robot_sim/package.dsv
[1.103s] -- Up-to-date: /home/shorouk/grad_proj_ws/install/robot_sim/share/ament_index/resource_index/packages/robot_sim
[1.103s] -- Up-to-date: /home/shorouk/grad_proj_ws/install/robot_sim/share/robot_sim/cmake/robot_simConfig.cmake
[1.104s] -- Up-to-date: /home/shorouk/grad_proj_ws/install/robot_sim/share/robot_sim/cmake/robot_simConfig-version.cmake
[1.104s] -- Up-to-date: /home/shorouk/grad_proj_ws/install/robot_sim/share/robot_sim/package.xml
[1.107s] Invoked command in '/home/shorouk/grad_proj_ws/build/robot_sim' returned '0': CMAKE_PREFIX_PATH=/opt/ros/foxy /usr/bin/cmake --install /home/shorouk/grad_proj_ws/build/robot_sim
