[4.189s] Invoking command in '/home/shorouk/graduation_project/grad_proj_ws/src/py_pubsub': PYTHONPATH=/home/shorouk/graduation_project/grad_proj_ws/install/py_pubsub/lib/python3.8/site-packages:${PYTHONPATH} /usr/bin/python3 setup.py egg_info --egg-base ../../build/py_pubsub build --build-base /home/shorouk/graduation_project/grad_proj_ws/build/py_pubsub/build install --prefix /home/shorouk/graduation_project/grad_proj_ws/install/py_pubsub --record /home/shorouk/graduation_project/grad_proj_ws/build/py_pubsub/install.log --single-version-externally-managed
[4.664s] running egg_info
[4.665s] creating ../../build/py_pubsub/py_pubsub.egg-info
[4.665s] writing ../../build/py_pubsub/py_pubsub.egg-info/PKG-INFO
[4.666s] writing dependency_links to ../../build/py_pubsub/py_pubsub.egg-info/dependency_links.txt
[4.666s] writing entry points to ../../build/py_pubsub/py_pubsub.egg-info/entry_points.txt
[4.667s] writing requirements to ../../build/py_pubsub/py_pubsub.egg-info/requires.txt
[4.667s] writing top-level names to ../../build/py_pubsub/py_pubsub.egg-info/top_level.txt
[4.748s] writing manifest file '../../build/py_pubsub/py_pubsub.egg-info/SOURCES.txt'
[4.829s] reading manifest file '../../build/py_pubsub/py_pubsub.egg-info/SOURCES.txt'
[4.831s] writing manifest file '../../build/py_pubsub/py_pubsub.egg-info/SOURCES.txt'
[4.832s] running build
[4.833s] running build_py
[4.833s] creating /home/shorouk/graduation_project/grad_proj_ws/build/py_pubsub/build
[4.833s] creating /home/shorouk/graduation_project/grad_proj_ws/build/py_pubsub/build/lib
[4.833s] creating /home/shorouk/graduation_project/grad_proj_ws/build/py_pubsub/build/lib/py_pubsub
[4.834s] copying py_pubsub/__init__.py -> /home/shorouk/graduation_project/grad_proj_ws/build/py_pubsub/build/lib/py_pubsub
[4.834s] copying py_pubsub/publisher_member_function.py -> /home/shorouk/graduation_project/grad_proj_ws/build/py_pubsub/build/lib/py_pubsub
[4.847s] running install
[4.849s] running install_lib
[4.851s] creating /home/shorouk/graduation_project/grad_proj_ws/install/py_pubsub/lib/python3.8/site-packages/py_pubsub
[4.851s] copying /home/shorouk/graduation_project/grad_proj_ws/build/py_pubsub/build/lib/py_pubsub/__init__.py -> /home/shorouk/graduation_project/grad_proj_ws/install/py_pubsub/lib/python3.8/site-packages/py_pubsub
[4.851s] copying /home/shorouk/graduation_project/grad_proj_ws/build/py_pubsub/build/lib/py_pubsub/publisher_member_function.py -> /home/shorouk/graduation_project/grad_proj_ws/install/py_pubsub/lib/python3.8/site-packages/py_pubsub
[4.852s] byte-compiling /home/shorouk/graduation_project/grad_proj_ws/install/py_pubsub/lib/python3.8/site-packages/py_pubsub/__init__.py to __init__.cpython-38.pyc
[4.854s] byte-compiling /home/shorouk/graduation_project/grad_proj_ws/install/py_pubsub/lib/python3.8/site-packages/py_pubsub/publisher_member_function.py to publisher_member_function.cpython-38.pyc
[4.855s] running install_data
[4.856s] creating /home/shorouk/graduation_project/grad_proj_ws/install/py_pubsub/share/ament_index
[4.856s] creating /home/shorouk/graduation_project/grad_proj_ws/install/py_pubsub/share/ament_index/resource_index
[4.857s] creating /home/shorouk/graduation_project/grad_proj_ws/install/py_pubsub/share/ament_index/resource_index/packages
[4.857s] copying resource/py_pubsub -> /home/shorouk/graduation_project/grad_proj_ws/install/py_pubsub/share/ament_index/resource_index/packages
[4.857s] copying package.xml -> /home/shorouk/graduation_project/grad_proj_ws/install/py_pubsub/share/py_pubsub
[4.858s] running install_egg_info
[4.860s] Copying ../../build/py_pubsub/py_pubsub.egg-info to /home/shorouk/graduation_project/grad_proj_ws/install/py_pubsub/lib/python3.8/site-packages/py_pubsub-0.0.0-py3.8.egg-info
[4.862s] running install_scripts
[4.893s] writing list of installed files to '/home/shorouk/graduation_project/grad_proj_ws/build/py_pubsub/install.log'
[4.976s] Invoked command in '/home/shorouk/graduation_project/grad_proj_ws/src/py_pubsub' returned '0': PYTHONPATH=/home/shorouk/graduation_project/grad_proj_ws/install/py_pubsub/lib/python3.8/site-packages:${PYTHONPATH} /usr/bin/python3 setup.py egg_info --egg-base ../../build/py_pubsub build --build-base /home/shorouk/graduation_project/grad_proj_ws/build/py_pubsub/build install --prefix /home/shorouk/graduation_project/grad_proj_ws/install/py_pubsub --record /home/shorouk/graduation_project/grad_proj_ws/build/py_pubsub/install.log --single-version-externally-managed
