[1.599s] Invoking command in '/home/shorouk/graduation_project/grad_proj_ws/src/sensors_sim': PYTHONPATH=/home/shorouk/graduation_project/grad_proj_ws/install/sensors_sim/lib/python3.8/site-packages:${PYTHONPATH} /usr/bin/python3 setup.py egg_info --egg-base ../../build/sensors_sim build --build-base /home/shorouk/graduation_project/grad_proj_ws/build/sensors_sim/build install --prefix /home/shorouk/graduation_project/grad_proj_ws/install/sensors_sim --record /home/shorouk/graduation_project/grad_proj_ws/build/sensors_sim/install.log --single-version-externally-managed
[2.024s] running egg_info
[2.025s] writing ../../build/sensors_sim/sensors_sim.egg-info/PKG-INFO
[2.026s] writing dependency_links to ../../build/sensors_sim/sensors_sim.egg-info/dependency_links.txt
[2.026s] writing entry points to ../../build/sensors_sim/sensors_sim.egg-info/entry_points.txt
[2.026s] writing requirements to ../../build/sensors_sim/sensors_sim.egg-info/requires.txt
[2.027s] writing top-level names to ../../build/sensors_sim/sensors_sim.egg-info/top_level.txt
[2.090s] reading manifest file '../../build/sensors_sim/sensors_sim.egg-info/SOURCES.txt'
[2.091s] writing manifest file '../../build/sensors_sim/sensors_sim.egg-info/SOURCES.txt'
[2.091s] running build
[2.092s] running build_py
[2.092s] copying sensors_sim/sensors_pub.py -> /home/shorouk/graduation_project/grad_proj_ws/build/sensors_sim/build/lib/sensors_sim
[2.092s] running install
[2.094s] running install_lib
[2.095s] copying /home/shorouk/graduation_project/grad_proj_ws/build/sensors_sim/build/lib/sensors_sim/sensors_pub.py -> /home/shorouk/graduation_project/grad_proj_ws/install/sensors_sim/lib/python3.8/site-packages/sensors_sim
[2.096s] byte-compiling /home/shorouk/graduation_project/grad_proj_ws/install/sensors_sim/lib/python3.8/site-packages/sensors_sim/sensors_pub.py to sensors_pub.cpython-38.pyc
[2.100s] running install_data
[2.101s] running install_egg_info
[2.103s] removing '/home/shorouk/graduation_project/grad_proj_ws/install/sensors_sim/lib/python3.8/site-packages/sensors_sim-0.0.0-py3.8.egg-info' (and everything under it)
[2.104s] Copying ../../build/sensors_sim/sensors_sim.egg-info to /home/shorouk/graduation_project/grad_proj_ws/install/sensors_sim/lib/python3.8/site-packages/sensors_sim-0.0.0-py3.8.egg-info
[2.105s] running install_scripts
[2.138s] Installing cmd_vel_talker script to /home/shorouk/graduation_project/grad_proj_ws/install/sensors_sim/lib/sensors_sim
[2.138s] Installing sensors_talker script to /home/shorouk/graduation_project/grad_proj_ws/install/sensors_sim/lib/sensors_sim
[2.139s] writing list of installed files to '/home/shorouk/graduation_project/grad_proj_ws/build/sensors_sim/install.log'
[2.178s] Invoked command in '/home/shorouk/graduation_project/grad_proj_ws/src/sensors_sim' returned '0': PYTHONPATH=/home/shorouk/graduation_project/grad_proj_ws/install/sensors_sim/lib/python3.8/site-packages:${PYTHONPATH} /usr/bin/python3 setup.py egg_info --egg-base ../../build/sensors_sim build --build-base /home/shorouk/graduation_project/grad_proj_ws/build/sensors_sim/build install --prefix /home/shorouk/graduation_project/grad_proj_ws/install/sensors_sim --record /home/shorouk/graduation_project/grad_proj_ws/build/sensors_sim/install.log --single-version-externally-managed
