[0.324s] DEBUG:colcon:Command line arguments: ['/usr/bin/colcon', 'build', '--packages-select', 'physical_robot']
[0.324s] DEBUG:colcon:Parsed command line arguments: Namespace(allow_overriding=[], ament_cmake_args=None, base_paths=['.'], build_base='build', catkin_cmake_args=None, catkin_skip_building_tests=False, cmake_args=None, cmake_clean_cache=False, cmake_clean_first=False, cmake_force_configure=False, cmake_target=None, cmake_target_skip_unavailable=False, continue_on_error=False, event_handlers=None, executor='parallel', ignore_user_meta=False, install_base='install', log_base=None, log_level=None, main=<bound method BuildVerb.main of <colcon_core.verb.build.BuildVerb object at 0x7fcd769d1b80>>, merge_install=False, metas=['./colcon.meta'], packages_above=None, packages_above_and_dependencies=None, packages_above_depth=None, packages_end=None, packages_ignore=None, packages_ignore_regex=None, packages_select=['physical_robot'], packages_select_build_failed=False, packages_select_by_dep=None, packages_select_regex=None, packages_select_test_failures=False, packages_skip=None, packages_skip_build_finished=False, packages_skip_by_dep=None, packages_skip_regex=None, packages_skip_test_passed=False, packages_skip_up_to=None, packages_start=None, packages_up_to=None, packages_up_to_regex=None, parallel_workers=4, paths=None, symlink_install=False, test_result_base=None, verb_extension=<colcon_core.verb.build.BuildVerb object at 0x7fcd769d1b80>, verb_name='build', verb_parser=<colcon_defaults.argument_parser.defaults.DefaultArgumentsDecorator object at 0x7fcd769dd130>)
[0.375s] Level 1:colcon.colcon_core.package_discovery:discover_packages(colcon_meta) check parameters
[0.375s] Level 1:colcon.colcon_core.package_discovery:discover_packages(recursive) check parameters
[0.375s] Level 1:colcon.colcon_core.package_discovery:discover_packages(ignore) check parameters
[0.375s] Level 1:colcon.colcon_core.package_discovery:discover_packages(path) check parameters
[0.375s] Level 1:colcon.colcon_core.package_discovery:discover_packages(colcon_meta) discover
[0.375s] Level 1:colcon.colcon_core.package_discovery:discover_packages(recursive) discover
[0.376s] INFO:colcon.colcon_core.package_discovery:Crawling recursively for packages in '/home/shorouk/graduation_project/grad_proj_ws'
[0.376s] Level 1:colcon.colcon_core.package_identification:_identify(.) by extensions ['ignore', 'ignore_ament_install']
[0.376s] Level 1:colcon.colcon_core.package_identification:_identify(.) by extension 'ignore'
[0.376s] Level 1:colcon.colcon_core.package_identification:_identify(.) by extension 'ignore_ament_install'
[0.376s] Level 1:colcon.colcon_core.package_identification:_identify(.) by extensions ['colcon_pkg']
[0.376s] Level 1:colcon.colcon_core.package_identification:_identify(.) by extension 'colcon_pkg'
[0.376s] Level 1:colcon.colcon_core.package_identification:_identify(.) by extensions ['colcon_meta']
[0.376s] Level 1:colcon.colcon_core.package_identification:_identify(.) by extension 'colcon_meta'
[0.376s] Level 1:colcon.colcon_core.package_identification:_identify(.) by extensions ['ros']
[0.377s] Level 1:colcon.colcon_core.package_identification:_identify(.) by extension 'ros'
[0.415s] Level 1:colcon.colcon_core.package_identification:_identify(.) by extensions ['cmake', 'python']
[0.415s] Level 1:colcon.colcon_core.package_identification:_identify(.) by extension 'cmake'
[0.415s] Level 1:colcon.colcon_core.package_identification:_identify(.) by extension 'python'
[0.415s] Level 1:colcon.colcon_core.package_identification:_identify(.) by extensions ['python_setup_py']
[0.415s] Level 1:colcon.colcon_core.package_identification:_identify(.) by extension 'python_setup_py'
[0.416s] Level 1:colcon.colcon_core.package_identification:_identify(build) by extensions ['ignore', 'ignore_ament_install']
[0.416s] Level 1:colcon.colcon_core.package_identification:_identify(build) by extension 'ignore'
[0.416s] Level 1:colcon.colcon_core.package_identification:_identify(build) ignored
[0.416s] Level 1:colcon.colcon_core.package_identification:_identify(install) by extensions ['ignore', 'ignore_ament_install']
[0.416s] Level 1:colcon.colcon_core.package_identification:_identify(install) by extension 'ignore'
[0.416s] Level 1:colcon.colcon_core.package_identification:_identify(install) ignored
[0.417s] Level 1:colcon.colcon_core.package_identification:_identify(log) by extensions ['ignore', 'ignore_ament_install']
[0.417s] Level 1:colcon.colcon_core.package_identification:_identify(log) by extension 'ignore'
[0.417s] Level 1:colcon.colcon_core.package_identification:_identify(log) ignored
[0.417s] Level 1:colcon.colcon_core.package_identification:_identify(src) by extensions ['ignore', 'ignore_ament_install']
[0.418s] Level 1:colcon.colcon_core.package_identification:_identify(src) by extension 'ignore'
[0.418s] Level 1:colcon.colcon_core.package_identification:_identify(src) by extension 'ignore_ament_install'
[0.418s] Level 1:colcon.colcon_core.package_identification:_identify(src) by extensions ['colcon_pkg']
[0.418s] Level 1:colcon.colcon_core.package_identification:_identify(src) by extension 'colcon_pkg'
[0.418s] Level 1:colcon.colcon_core.package_identification:_identify(src) by extensions ['colcon_meta']
[0.418s] Level 1:colcon.colcon_core.package_identification:_identify(src) by extension 'colcon_meta'
[0.418s] Level 1:colcon.colcon_core.package_identification:_identify(src) by extensions ['ros']
[0.418s] Level 1:colcon.colcon_core.package_identification:_identify(src) by extension 'ros'
[0.418s] Level 1:colcon.colcon_core.package_identification:_identify(src) by extensions ['cmake', 'python']
[0.418s] Level 1:colcon.colcon_core.package_identification:_identify(src) by extension 'cmake'
[0.418s] Level 1:colcon.colcon_core.package_identification:_identify(src) by extension 'python'
[0.419s] Level 1:colcon.colcon_core.package_identification:_identify(src) by extensions ['python_setup_py']
[0.419s] Level 1:colcon.colcon_core.package_identification:_identify(src) by extension 'python_setup_py'
[0.419s] Level 1:colcon.colcon_core.package_identification:_identify(src/initial_pose_pub) by extensions ['ignore', 'ignore_ament_install']
[0.419s] Level 1:colcon.colcon_core.package_identification:_identify(src/initial_pose_pub) by extension 'ignore'
[0.419s] Level 1:colcon.colcon_core.package_identification:_identify(src/initial_pose_pub) by extension 'ignore_ament_install'
[0.419s] Level 1:colcon.colcon_core.package_identification:_identify(src/initial_pose_pub) by extensions ['colcon_pkg']
[0.419s] Level 1:colcon.colcon_core.package_identification:_identify(src/initial_pose_pub) by extension 'colcon_pkg'
[0.419s] Level 1:colcon.colcon_core.package_identification:_identify(src/initial_pose_pub) by extensions ['colcon_meta']
[0.419s] Level 1:colcon.colcon_core.package_identification:_identify(src/initial_pose_pub) by extension 'colcon_meta'
[0.419s] Level 1:colcon.colcon_core.package_identification:_identify(src/initial_pose_pub) by extensions ['ros']
[0.420s] Level 1:colcon.colcon_core.package_identification:_identify(src/initial_pose_pub) by extension 'ros'
[0.424s] DEBUG:colcon.colcon_core.package_identification:Package 'src/initial_pose_pub' with type 'ros.ament_python' and name 'initial_pose_pub'
[0.424s] Level 1:colcon.colcon_core.package_identification:_identify(src/physical_robot) by extensions ['ignore', 'ignore_ament_install']
[0.424s] Level 1:colcon.colcon_core.package_identification:_identify(src/physical_robot) by extension 'ignore'
[0.424s] Level 1:colcon.colcon_core.package_identification:_identify(src/physical_robot) by extension 'ignore_ament_install'
[0.425s] Level 1:colcon.colcon_core.package_identification:_identify(src/physical_robot) by extensions ['colcon_pkg']
[0.425s] Level 1:colcon.colcon_core.package_identification:_identify(src/physical_robot) by extension 'colcon_pkg'
[0.425s] Level 1:colcon.colcon_core.package_identification:_identify(src/physical_robot) by extensions ['colcon_meta']
[0.425s] Level 1:colcon.colcon_core.package_identification:_identify(src/physical_robot) by extension 'colcon_meta'
[0.425s] Level 1:colcon.colcon_core.package_identification:_identify(src/physical_robot) by extensions ['ros']
[0.425s] Level 1:colcon.colcon_core.package_identification:_identify(src/physical_robot) by extension 'ros'
[0.426s] DEBUG:colcon.colcon_core.package_identification:Package 'src/physical_robot' with type 'ros.ament_cmake' and name 'physical_robot'
[0.426s] Level 1:colcon.colcon_core.package_identification:_identify(src/robot_sim) by extensions ['ignore', 'ignore_ament_install']
[0.426s] Level 1:colcon.colcon_core.package_identification:_identify(src/robot_sim) by extension 'ignore'
[0.427s] Level 1:colcon.colcon_core.package_identification:_identify(src/robot_sim) by extension 'ignore_ament_install'
[0.427s] Level 1:colcon.colcon_core.package_identification:_identify(src/robot_sim) by extensions ['colcon_pkg']
[0.427s] Level 1:colcon.colcon_core.package_identification:_identify(src/robot_sim) by extension 'colcon_pkg'
[0.427s] Level 1:colcon.colcon_core.package_identification:_identify(src/robot_sim) by extensions ['colcon_meta']
[0.427s] Level 1:colcon.colcon_core.package_identification:_identify(src/robot_sim) by extension 'colcon_meta'
[0.427s] Level 1:colcon.colcon_core.package_identification:_identify(src/robot_sim) by extensions ['ros']
[0.427s] Level 1:colcon.colcon_core.package_identification:_identify(src/robot_sim) by extension 'ros'
[0.428s] DEBUG:colcon.colcon_core.package_identification:Package 'src/robot_sim' with type 'ros.ament_cmake' and name 'robot_sim'
[0.428s] Level 1:colcon.colcon_core.package_identification:_identify(src/rplidar_ros-ros2) by extensions ['ignore', 'ignore_ament_install']
[0.428s] Level 1:colcon.colcon_core.package_identification:_identify(src/rplidar_ros-ros2) by extension 'ignore'
[0.428s] Level 1:colcon.colcon_core.package_identification:_identify(src/rplidar_ros-ros2) by extension 'ignore_ament_install'
[0.428s] Level 1:colcon.colcon_core.package_identification:_identify(src/rplidar_ros-ros2) by extensions ['colcon_pkg']
[0.429s] Level 1:colcon.colcon_core.package_identification:_identify(src/rplidar_ros-ros2) by extension 'colcon_pkg'
[0.429s] Level 1:colcon.colcon_core.package_identification:_identify(src/rplidar_ros-ros2) by extensions ['colcon_meta']
[0.429s] Level 1:colcon.colcon_core.package_identification:_identify(src/rplidar_ros-ros2) by extension 'colcon_meta'
[0.429s] Level 1:colcon.colcon_core.package_identification:_identify(src/rplidar_ros-ros2) by extensions ['ros']
[0.429s] Level 1:colcon.colcon_core.package_identification:_identify(src/rplidar_ros-ros2) by extension 'ros'
[0.430s] DEBUG:colcon.colcon_core.package_identification:Package 'src/rplidar_ros-ros2' with type 'ros.ament_cmake' and name 'rplidar_ros'
[0.430s] Level 1:colcon.colcon_core.package_identification:_identify(src/sensors_sim) by extensions ['ignore', 'ignore_ament_install']
[0.430s] Level 1:colcon.colcon_core.package_identification:_identify(src/sensors_sim) by extension 'ignore'
[0.430s] Level 1:colcon.colcon_core.package_identification:_identify(src/sensors_sim) by extension 'ignore_ament_install'
[0.430s] Level 1:colcon.colcon_core.package_identification:_identify(src/sensors_sim) by extensions ['colcon_pkg']
[0.431s] Level 1:colcon.colcon_core.package_identification:_identify(src/sensors_sim) by extension 'colcon_pkg'
[0.431s] Level 1:colcon.colcon_core.package_identification:_identify(src/sensors_sim) by extensions ['colcon_meta']
[0.431s] Level 1:colcon.colcon_core.package_identification:_identify(src/sensors_sim) by extension 'colcon_meta'
[0.431s] Level 1:colcon.colcon_core.package_identification:_identify(src/sensors_sim) by extensions ['ros']
[0.431s] Level 1:colcon.colcon_core.package_identification:_identify(src/sensors_sim) by extension 'ros'
[0.432s] DEBUG:colcon.colcon_core.package_identification:Package 'src/sensors_sim' with type 'ros.ament_python' and name 'sensors_sim'
[0.432s] Level 1:colcon.colcon_core.package_discovery:discover_packages(recursive) using defaults
[0.432s] Level 1:colcon.colcon_core.package_discovery:discover_packages(ignore) discover
[0.432s] Level 1:colcon.colcon_core.package_discovery:discover_packages(ignore) using defaults
[0.432s] Level 1:colcon.colcon_core.package_discovery:discover_packages(path) discover
[0.432s] Level 1:colcon.colcon_core.package_discovery:discover_packages(path) using defaults
[0.476s] INFO:colcon.colcon_core.package_selection:Skipping not selected package 'initial_pose_pub' in 'src/initial_pose_pub'
[0.476s] INFO:colcon.colcon_core.package_selection:Skipping not selected package 'robot_sim' in 'src/robot_sim'
[0.476s] INFO:colcon.colcon_core.package_selection:Skipping not selected package 'rplidar_ros' in 'src/rplidar_ros-ros2'
[0.476s] INFO:colcon.colcon_core.package_selection:Skipping not selected package 'sensors_sim' in 'src/sensors_sim'
[0.478s] Level 1:colcon.colcon_core.package_discovery:discover_packages(prefix_path) check parameters
[0.478s] Level 1:colcon.colcon_core.package_discovery:discover_packages(prefix_path) discover
[0.491s] DEBUG:colcon.colcon_installed_package_information.package_discovery:Found 8 installed packages in /home/shorouk/graduation_project/grad_proj_ws/install
[0.499s] DEBUG:colcon.colcon_installed_package_information.package_discovery:Found 335 installed packages in /opt/ros/foxy
[0.506s] Level 1:colcon.colcon_core.package_discovery:discover_packages(prefix_path) using defaults
[0.698s] Level 5:colcon.colcon_core.verb:set package 'physical_robot' build argument 'cmake_args' from command line to 'None'
[0.699s] Level 5:colcon.colcon_core.verb:set package 'physical_robot' build argument 'cmake_target' from command line to 'None'
[0.699s] Level 5:colcon.colcon_core.verb:set package 'physical_robot' build argument 'cmake_target_skip_unavailable' from command line to 'False'
[0.699s] Level 5:colcon.colcon_core.verb:set package 'physical_robot' build argument 'cmake_clean_cache' from command line to 'False'
[0.699s] Level 5:colcon.colcon_core.verb:set package 'physical_robot' build argument 'cmake_clean_first' from command line to 'False'
[0.699s] Level 5:colcon.colcon_core.verb:set package 'physical_robot' build argument 'cmake_force_configure' from command line to 'False'
[0.699s] Level 5:colcon.colcon_core.verb:set package 'physical_robot' build argument 'ament_cmake_args' from command line to 'None'
[0.699s] Level 5:colcon.colcon_core.verb:set package 'physical_robot' build argument 'catkin_cmake_args' from command line to 'None'
[0.699s] Level 5:colcon.colcon_core.verb:set package 'physical_robot' build argument 'catkin_skip_building_tests' from command line to 'False'
[0.700s] DEBUG:colcon.colcon_core.verb:Building package 'physical_robot' with the following arguments: {'ament_cmake_args': None, 'build_base': '/home/shorouk/graduation_project/grad_proj_ws/build/physical_robot', 'catkin_cmake_args': None, 'catkin_skip_building_tests': False, 'cmake_args': None, 'cmake_clean_cache': False, 'cmake_clean_first': False, 'cmake_force_configure': False, 'cmake_target': None, 'cmake_target_skip_unavailable': False, 'install_base': '/home/shorouk/graduation_project/grad_proj_ws/install/physical_robot', 'merge_install': False, 'path': '/home/shorouk/graduation_project/grad_proj_ws/src/physical_robot', 'symlink_install': False, 'test_result_base': None}
[0.702s] INFO:colcon.colcon_core.executor:Executing jobs using 'parallel' executor
[0.717s] DEBUG:colcon.colcon_parallel_executor.executor.parallel:run_until_complete
[0.718s] INFO:colcon.colcon_ros.task.ament_cmake.build:Building ROS package in '/home/shorouk/graduation_project/grad_proj_ws/src/physical_robot' with build type 'ament_cmake'
[0.718s] INFO:colcon.colcon_cmake.task.cmake.build:Building CMake package in '/home/shorouk/graduation_project/grad_proj_ws/src/physical_robot'
[0.728s] INFO:colcon.colcon_core.plugin_system:Skipping extension 'colcon_core.shell.bat': Not used on non-Windows systems
[0.729s] INFO:colcon.colcon_core.shell:Skip shell extension 'powershell' for command environment: Not usable outside of PowerShell
[0.729s] DEBUG:colcon.colcon_core.shell:Skip shell extension 'dsv' for command environment
[0.760s] DEBUG:colcon.colcon_core.event_handler.log_command:Invoking command in '/home/shorouk/graduation_project/grad_proj_ws/build/physical_robot': CMAKE_PREFIX_PATH=${CMAKE_PREFIX_PATH}:/home/shorouk/graduation_project/grad_proj_ws/install/sensors_sim:/home/shorouk/graduation_project/grad_proj_ws/install/py_pubsub:/home/shorouk/graduation_project/grad_proj_ws/install/initial_pose_pub:/opt/ros/foxy /usr/bin/cmake --build /home/shorouk/graduation_project/grad_proj_ws/build/physical_robot -- -j4 -l4
[0.829s] DEBUG:colcon.colcon_core.event_handler.log_command:Invoked command in '/home/shorouk/graduation_project/grad_proj_ws/build/physical_robot' returned '0': CMAKE_PREFIX_PATH=${CMAKE_PREFIX_PATH}:/home/shorouk/graduation_project/grad_proj_ws/install/sensors_sim:/home/shorouk/graduation_project/grad_proj_ws/install/py_pubsub:/home/shorouk/graduation_project/grad_proj_ws/install/initial_pose_pub:/opt/ros/foxy /usr/bin/cmake --build /home/shorouk/graduation_project/grad_proj_ws/build/physical_robot -- -j4 -l4
[0.897s] DEBUG:colcon.colcon_core.event_handler.log_command:Invoking command in '/home/shorouk/graduation_project/grad_proj_ws/build/physical_robot': CMAKE_PREFIX_PATH=${CMAKE_PREFIX_PATH}:/home/shorouk/graduation_project/grad_proj_ws/install/sensors_sim:/home/shorouk/graduation_project/grad_proj_ws/install/py_pubsub:/home/shorouk/graduation_project/grad_proj_ws/install/initial_pose_pub:/opt/ros/foxy /usr/bin/cmake --install /home/shorouk/graduation_project/grad_proj_ws/build/physical_robot
[0.919s] Level 1:colcon.colcon_core.environment:create_environment_scripts_only(physical_robot)
[0.933s] DEBUG:colcon.colcon_core.event_handler.log_command:Invoked command in '/home/shorouk/graduation_project/grad_proj_ws/build/physical_robot' returned '0': CMAKE_PREFIX_PATH=${CMAKE_PREFIX_PATH}:/home/shorouk/graduation_project/grad_proj_ws/install/sensors_sim:/home/shorouk/graduation_project/grad_proj_ws/install/py_pubsub:/home/shorouk/graduation_project/grad_proj_ws/install/initial_pose_pub:/opt/ros/foxy /usr/bin/cmake --install /home/shorouk/graduation_project/grad_proj_ws/build/physical_robot
[0.941s] Level 1:colcon.colcon_core.environment:checking '/home/shorouk/graduation_project/grad_proj_ws/install/physical_robot' for CMake module files
[0.942s] Level 1:colcon.colcon_core.environment:checking '/home/shorouk/graduation_project/grad_proj_ws/install/physical_robot' for CMake config files
[0.943s] Level 1:colcon.colcon_core.shell:create_environment_hook('physical_robot', 'cmake_prefix_path')
[0.949s] INFO:colcon.colcon_core.shell:Creating environment hook '/home/shorouk/graduation_project/grad_proj_ws/install/physical_robot/share/physical_robot/hook/cmake_prefix_path.ps1'
[0.951s] INFO:colcon.colcon_core.shell:Creating environment descriptor '/home/shorouk/graduation_project/grad_proj_ws/install/physical_robot/share/physical_robot/hook/cmake_prefix_path.dsv'
[0.951s] INFO:colcon.colcon_core.shell:Creating environment hook '/home/shorouk/graduation_project/grad_proj_ws/install/physical_robot/share/physical_robot/hook/cmake_prefix_path.sh'
[0.953s] Level 1:colcon.colcon_core.environment:checking '/home/shorouk/graduation_project/grad_proj_ws/install/physical_robot/bin'
[0.953s] Level 1:colcon.colcon_core.environment:checking '/home/shorouk/graduation_project/grad_proj_ws/install/physical_robot/lib/pkgconfig/physical_robot.pc'
[0.954s] Level 1:colcon.colcon_core.environment:checking '/home/shorouk/graduation_project/grad_proj_ws/install/physical_robot/lib/python3.8/site-packages'
[0.954s] Level 1:colcon.colcon_core.environment:checking '/home/shorouk/graduation_project/grad_proj_ws/install/physical_robot/bin'
[0.959s] INFO:colcon.colcon_core.shell:Creating package script '/home/shorouk/graduation_project/grad_proj_ws/install/physical_robot/share/physical_robot/package.ps1'
[0.961s] INFO:colcon.colcon_core.shell:Creating package descriptor '/home/shorouk/graduation_project/grad_proj_ws/install/physical_robot/share/physical_robot/package.dsv'
[0.961s] INFO:colcon.colcon_core.shell:Creating package script '/home/shorouk/graduation_project/grad_proj_ws/install/physical_robot/share/physical_robot/package.sh'
[0.963s] INFO:colcon.colcon_core.shell:Creating package script '/home/shorouk/graduation_project/grad_proj_ws/install/physical_robot/share/physical_robot/package.bash'
[0.964s] INFO:colcon.colcon_core.shell:Creating package script '/home/shorouk/graduation_project/grad_proj_ws/install/physical_robot/share/physical_robot/package.zsh'
[0.965s] Level 1:colcon.colcon_core.environment:create_file_with_runtime_dependencies(/home/shorouk/graduation_project/grad_proj_ws/install/physical_robot/share/colcon-core/packages/physical_robot)
[1.009s] Level 1:colcon.colcon_core.environment:create_environment_scripts_only(physical_robot)
[1.016s] Level 1:colcon.colcon_core.environment:checking '/home/shorouk/graduation_project/grad_proj_ws/install/physical_robot' for CMake module files
[1.018s] Level 1:colcon.colcon_core.environment:checking '/home/shorouk/graduation_project/grad_proj_ws/install/physical_robot' for CMake config files
[1.019s] Level 1:colcon.colcon_core.shell:create_environment_hook('physical_robot', 'cmake_prefix_path')
[1.023s] INFO:colcon.colcon_core.shell:Creating environment hook '/home/shorouk/graduation_project/grad_proj_ws/install/physical_robot/share/physical_robot/hook/cmake_prefix_path.ps1'
[1.024s] INFO:colcon.colcon_core.shell:Creating environment descriptor '/home/shorouk/graduation_project/grad_proj_ws/install/physical_robot/share/physical_robot/hook/cmake_prefix_path.dsv'
[1.024s] INFO:colcon.colcon_core.shell:Creating environment hook '/home/shorouk/graduation_project/grad_proj_ws/install/physical_robot/share/physical_robot/hook/cmake_prefix_path.sh'
[1.025s] Level 1:colcon.colcon_core.environment:checking '/home/shorouk/graduation_project/grad_proj_ws/install/physical_robot/bin'
[1.025s] Level 1:colcon.colcon_core.environment:checking '/home/shorouk/graduation_project/grad_proj_ws/install/physical_robot/lib/pkgconfig/physical_robot.pc'
[1.026s] Level 1:colcon.colcon_core.environment:checking '/home/shorouk/graduation_project/grad_proj_ws/install/physical_robot/lib/python3.8/site-packages'
[1.026s] Level 1:colcon.colcon_core.environment:checking '/home/shorouk/graduation_project/grad_proj_ws/install/physical_robot/bin'
[1.031s] INFO:colcon.colcon_core.shell:Creating package script '/home/shorouk/graduation_project/grad_proj_ws/install/physical_robot/share/physical_robot/package.ps1'
[1.032s] INFO:colcon.colcon_core.shell:Creating package descriptor '/home/shorouk/graduation_project/grad_proj_ws/install/physical_robot/share/physical_robot/package.dsv'
[1.033s] INFO:colcon.colcon_core.shell:Creating package script '/home/shorouk/graduation_project/grad_proj_ws/install/physical_robot/share/physical_robot/package.sh'
[1.033s] INFO:colcon.colcon_core.shell:Creating package script '/home/shorouk/graduation_project/grad_proj_ws/install/physical_robot/share/physical_robot/package.bash'
[1.034s] INFO:colcon.colcon_core.shell:Creating package script '/home/shorouk/graduation_project/grad_proj_ws/install/physical_robot/share/physical_robot/package.zsh'
[1.035s] Level 1:colcon.colcon_core.environment:create_file_with_runtime_dependencies(/home/shorouk/graduation_project/grad_proj_ws/install/physical_robot/share/colcon-core/packages/physical_robot)
[1.036s] DEBUG:colcon.colcon_parallel_executor.executor.parallel:closing loop
[1.036s] DEBUG:colcon.colcon_parallel_executor.executor.parallel:loop closed
[1.036s] DEBUG:colcon.colcon_parallel_executor.executor.parallel:run_until_complete finished with '0'
[1.037s] DEBUG:colcon.colcon_core.event_reactor:joining thread
[1.053s] INFO:colcon.colcon_core.plugin_system:Skipping extension 'colcon_notification.desktop_notification.terminal_notifier': Not used on non-Darwin systems
[1.054s] INFO:colcon.colcon_core.plugin_system:Skipping extension 'colcon_notification.desktop_notification.win32': Not used on non-Windows systems
[1.054s] INFO:colcon.colcon_notification.desktop_notification:Sending desktop notification using 'notify2'
[1.082s] DEBUG:colcon.colcon_core.event_reactor:joined thread
[1.090s] INFO:colcon.colcon_core.shell:Creating prefix script '/home/shorouk/graduation_project/grad_proj_ws/install/local_setup.ps1'
[1.093s] INFO:colcon.colcon_core.shell:Creating prefix util module '/home/shorouk/graduation_project/grad_proj_ws/install/_local_setup_util_ps1.py'
[1.097s] INFO:colcon.colcon_core.shell:Creating prefix chain script '/home/shorouk/graduation_project/grad_proj_ws/install/setup.ps1'
[1.101s] INFO:colcon.colcon_core.shell:Creating prefix script '/home/shorouk/graduation_project/grad_proj_ws/install/local_setup.sh'
[1.102s] INFO:colcon.colcon_core.shell:Creating prefix util module '/home/shorouk/graduation_project/grad_proj_ws/install/_local_setup_util_sh.py'
[1.103s] INFO:colcon.colcon_core.shell:Creating prefix chain script '/home/shorouk/graduation_project/grad_proj_ws/install/setup.sh'
[1.109s] INFO:colcon.colcon_core.shell:Creating prefix script '/home/shorouk/graduation_project/grad_proj_ws/install/local_setup.bash'
[1.110s] INFO:colcon.colcon_core.shell:Creating prefix chain script '/home/shorouk/graduation_project/grad_proj_ws/install/setup.bash'
[1.114s] INFO:colcon.colcon_core.shell:Creating prefix script '/home/shorouk/graduation_project/grad_proj_ws/install/local_setup.zsh'
[1.115s] INFO:colcon.colcon_core.shell:Creating prefix chain script '/home/shorouk/graduation_project/grad_proj_ws/install/setup.zsh'
