[3.389s] Invoking command in '/home/shorouk/graduation_project/grad_proj_ws/src/sensors_sim': PYTHONPATH=/home/shorouk/graduation_project/grad_proj_ws/install/sensors_sim/lib/python3.8/site-packages:${PYTHONPATH} /usr/bin/python3 setup.py egg_info --egg-base ../../build/sensors_sim build --build-base /home/shorouk/graduation_project/grad_proj_ws/build/sensors_sim/build install --prefix /home/shorouk/graduation_project/grad_proj_ws/install/sensors_sim --record /home/shorouk/graduation_project/grad_proj_ws/build/sensors_sim/install.log --single-version-externally-managed
[3.821s] running egg_info
[3.823s] writing ../../build/sensors_sim/sensors_sim.egg-info/PKG-INFO
[3.823s] writing dependency_links to ../../build/sensors_sim/sensors_sim.egg-info/dependency_links.txt
[3.823s] writing entry points to ../../build/sensors_sim/sensors_sim.egg-info/entry_points.txt
[3.824s] writing requirements to ../../build/sensors_sim/sensors_sim.egg-info/requires.txt
[3.824s] writing top-level names to ../../build/sensors_sim/sensors_sim.egg-info/top_level.txt
[4.012s] reading manifest file '../../build/sensors_sim/sensors_sim.egg-info/SOURCES.txt'
[4.054s] writing manifest file '../../build/sensors_sim/sensors_sim.egg-info/SOURCES.txt'
[4.055s] running build
[4.055s] running build_py
[4.055s] running install
[4.057s] running install_lib
[4.060s] running install_data
[4.061s] running install_egg_info
[4.064s] removing '/home/shorouk/graduation_project/grad_proj_ws/install/sensors_sim/lib/python3.8/site-packages/sensors_sim-0.0.0-py3.8.egg-info' (and everything under it)
[4.065s] Copying ../../build/sensors_sim/sensors_sim.egg-info to /home/shorouk/graduation_project/grad_proj_ws/install/sensors_sim/lib/python3.8/site-packages/sensors_sim-0.0.0-py3.8.egg-info
[4.081s] running install_scripts
[4.112s] Installing talker script to /home/shorouk/graduation_project/grad_proj_ws/install/sensors_sim/lib/sensors_sim
[4.112s] writing list of installed files to '/home/shorouk/graduation_project/grad_proj_ws/build/sensors_sim/install.log'
[4.153s] Invoked command in '/home/shorouk/graduation_project/grad_proj_ws/src/sensors_sim' returned '0': PYTHONPATH=/home/shorouk/graduation_project/grad_proj_ws/install/sensors_sim/lib/python3.8/site-packages:${PYTHONPATH} /usr/bin/python3 setup.py egg_info --egg-base ../../build/sensors_sim build --build-base /home/shorouk/graduation_project/grad_proj_ws/build/sensors_sim/build install --prefix /home/shorouk/graduation_project/grad_proj_ws/install/sensors_sim --record /home/shorouk/graduation_project/grad_proj_ws/build/sensors_sim/install.log --single-version-externally-managed
