[1.452s] Invoking command in '/home/shorouk/graduation_project/grad_proj_ws/src/sensors_sim': PYTHONPATH=/home/shorouk/graduation_project/grad_proj_ws/install/sensors_sim/lib/python3.8/site-packages:${PYTHONPATH} /usr/bin/python3 setup.py egg_info --egg-base ../../build/sensors_sim build --build-base /home/shorouk/graduation_project/grad_proj_ws/build/sensors_sim/build install --prefix /home/shorouk/graduation_project/grad_proj_ws/install/sensors_sim --record /home/shorouk/graduation_project/grad_proj_ws/build/sensors_sim/install.log --single-version-externally-managed
[1.935s] running egg_info
[1.937s] writing ../../build/sensors_sim/sensors_sim.egg-info/PKG-INFO
[1.937s] writing dependency_links to ../../build/sensors_sim/sensors_sim.egg-info/dependency_links.txt
[1.938s] writing entry points to ../../build/sensors_sim/sensors_sim.egg-info/entry_points.txt
[1.938s] writing requirements to ../../build/sensors_sim/sensors_sim.egg-info/requires.txt
[1.938s] writing top-level names to ../../build/sensors_sim/sensors_sim.egg-info/top_level.txt
[2.051s] reading manifest file '../../build/sensors_sim/sensors_sim.egg-info/SOURCES.txt'
[2.054s] writing manifest file '../../build/sensors_sim/sensors_sim.egg-info/SOURCES.txt'
[2.054s] running build
[2.054s] running build_py
[2.055s] copying sensors_sim/odom.py -> /home/shorouk/graduation_project/grad_proj_ws/build/sensors_sim/build/lib/sensors_sim
[2.055s] running install
[2.057s] running install_lib
[2.060s] copying /home/shorouk/graduation_project/grad_proj_ws/build/sensors_sim/build/lib/sensors_sim/odom.py -> /home/shorouk/graduation_project/grad_proj_ws/install/sensors_sim/lib/python3.8/site-packages/sensors_sim
[2.061s] byte-compiling /home/shorouk/graduation_project/grad_proj_ws/install/sensors_sim/lib/python3.8/site-packages/sensors_sim/odom.py to odom.cpython-38.pyc
[2.064s] Sorry: TabError: inconsistent use of tabs and spaces in indentation (odom.py, line 32)
[2.064s] running install_data
[2.065s] running install_egg_info
[2.068s] removing '/home/shorouk/graduation_project/grad_proj_ws/install/sensors_sim/lib/python3.8/site-packages/sensors_sim-0.0.0-py3.8.egg-info' (and everything under it)
[2.069s] Copying ../../build/sensors_sim/sensors_sim.egg-info to /home/shorouk/graduation_project/grad_proj_ws/install/sensors_sim/lib/python3.8/site-packages/sensors_sim-0.0.0-py3.8.egg-info
[2.070s] running install_scripts
[2.106s] Installing cmd_vel_talker script to /home/shorouk/graduation_project/grad_proj_ws/install/sensors_sim/lib/sensors_sim
[2.107s] Installing odom_pub script to /home/shorouk/graduation_project/grad_proj_ws/install/sensors_sim/lib/sensors_sim
[2.107s] Installing sensors_talker script to /home/shorouk/graduation_project/grad_proj_ws/install/sensors_sim/lib/sensors_sim
[2.108s] writing list of installed files to '/home/shorouk/graduation_project/grad_proj_ws/build/sensors_sim/install.log'
[2.152s] Invoked command in '/home/shorouk/graduation_project/grad_proj_ws/src/sensors_sim' returned '0': PYTHONPATH=/home/shorouk/graduation_project/grad_proj_ws/install/sensors_sim/lib/python3.8/site-packages:${PYTHONPATH} /usr/bin/python3 setup.py egg_info --egg-base ../../build/sensors_sim build --build-base /home/shorouk/graduation_project/grad_proj_ws/build/sensors_sim/build install --prefix /home/shorouk/graduation_project/grad_proj_ws/install/sensors_sim --record /home/shorouk/graduation_project/grad_proj_ws/build/sensors_sim/install.log --single-version-externally-managed
