[1.420s] Invoking command in '/home/shorouk/graduation_project/grad_proj_ws/src/sensors_sim': PYTHONPATH=/home/shorouk/graduation_project/grad_proj_ws/install/sensors_sim/lib/python3.8/site-packages:${PYTHONPATH} /usr/bin/python3 setup.py egg_info --egg-base ../../build/sensors_sim build --build-base /home/shorouk/graduation_project/grad_proj_ws/build/sensors_sim/build install --prefix /home/shorouk/graduation_project/grad_proj_ws/install/sensors_sim --record /home/shorouk/graduation_project/grad_proj_ws/build/sensors_sim/install.log --single-version-externally-managed
[1.931s] running egg_info
[1.933s] writing ../../build/sensors_sim/sensors_sim.egg-info/PKG-INFO
[1.934s] writing dependency_links to ../../build/sensors_sim/sensors_sim.egg-info/dependency_links.txt
[1.934s] writing entry points to ../../build/sensors_sim/sensors_sim.egg-info/entry_points.txt
[1.934s] writing requirements to ../../build/sensors_sim/sensors_sim.egg-info/requires.txt
[1.935s] writing top-level names to ../../build/sensors_sim/sensors_sim.egg-info/top_level.txt
[2.005s] reading manifest file '../../build/sensors_sim/sensors_sim.egg-info/SOURCES.txt'
[2.008s] writing manifest file '../../build/sensors_sim/sensors_sim.egg-info/SOURCES.txt'
[2.008s] running build
[2.008s] running build_py
[2.009s] copying sensors_sim/cmd_vel_pub.py -> /home/shorouk/graduation_project/grad_proj_ws/build/sensors_sim/build/lib/sensors_sim
[2.009s] running install
[2.011s] running install_lib
[2.013s] copying /home/shorouk/graduation_project/grad_proj_ws/build/sensors_sim/build/lib/sensors_sim/cmd_vel_pub.py -> /home/shorouk/graduation_project/grad_proj_ws/install/sensors_sim/lib/python3.8/site-packages/sensors_sim
[2.014s] byte-compiling /home/shorouk/graduation_project/grad_proj_ws/install/sensors_sim/lib/python3.8/site-packages/sensors_sim/cmd_vel_pub.py to cmd_vel_pub.cpython-38.pyc
[2.018s] running install_data
[2.019s] running install_egg_info
[2.022s] removing '/home/shorouk/graduation_project/grad_proj_ws/install/sensors_sim/lib/python3.8/site-packages/sensors_sim-0.0.0-py3.8.egg-info' (and everything under it)
[2.023s] Copying ../../build/sensors_sim/sensors_sim.egg-info to /home/shorouk/graduation_project/grad_proj_ws/install/sensors_sim/lib/python3.8/site-packages/sensors_sim-0.0.0-py3.8.egg-info
[2.024s] running install_scripts
[2.062s] Installing cmd_vel_talker script to /home/shorouk/graduation_project/grad_proj_ws/install/sensors_sim/lib/sensors_sim
[2.063s] Installing sensors_talker script to /home/shorouk/graduation_project/grad_proj_ws/install/sensors_sim/lib/sensors_sim
[2.063s] writing list of installed files to '/home/shorouk/graduation_project/grad_proj_ws/build/sensors_sim/install.log'
[2.109s] Invoked command in '/home/shorouk/graduation_project/grad_proj_ws/src/sensors_sim' returned '0': PYTHONPATH=/home/shorouk/graduation_project/grad_proj_ws/install/sensors_sim/lib/python3.8/site-packages:${PYTHONPATH} /usr/bin/python3 setup.py egg_info --egg-base ../../build/sensors_sim build --build-base /home/shorouk/graduation_project/grad_proj_ws/build/sensors_sim/build install --prefix /home/shorouk/graduation_project/grad_proj_ws/install/sensors_sim --record /home/shorouk/graduation_project/grad_proj_ws/build/sensors_sim/install.log --single-version-externally-managed
