[0.036s] Invoking command in '/home/shorouk/graduation_project/grad_proj_ws/build/physical_robot': CMAKE_PREFIX_PATH=${CMAKE_PREFIX_PATH}:/home/shorouk/graduation_project/grad_proj_ws/install/sensors_sim:/home/shorouk/graduation_project/grad_proj_ws/install/py_pubsub:/home/shorouk/graduation_project/grad_proj_ws/install/initial_pose_pub:/opt/ros/foxy /usr/bin/cmake --build /home/shorouk/graduation_project/grad_proj_ws/build/physical_robot -- -j4 -l4
[0.333s] Invoked command in '/home/shorouk/graduation_project/grad_proj_ws/build/physical_robot' returned '0': CMAKE_PREFIX_PATH=${CMAKE_PREFIX_PATH}:/home/shorouk/graduation_project/grad_proj_ws/install/sensors_sim:/home/shorouk/graduation_project/grad_proj_ws/install/py_pubsub:/home/shorouk/graduation_project/grad_proj_ws/install/initial_pose_pub:/opt/ros/foxy /usr/bin/cmake --build /home/shorouk/graduation_project/grad_proj_ws/build/physical_robot -- -j4 -l4
[0.409s] Invoking command in '/home/shorouk/graduation_project/grad_proj_ws/build/physical_robot': CMAKE_PREFIX_PATH=${CMAKE_PREFIX_PATH}:/home/shorouk/graduation_project/grad_proj_ws/install/sensors_sim:/home/shorouk/graduation_project/grad_proj_ws/install/py_pubsub:/home/shorouk/graduation_project/grad_proj_ws/install/initial_pose_pub:/opt/ros/foxy /usr/bin/cmake --install /home/shorouk/graduation_project/grad_proj_ws/build/physical_robot
[0.427s] -- Install configuration: ""
[0.427s] -- Up-to-date: /home/shorouk/graduation_project/grad_proj_ws/install/physical_robot/share/physical_robot/config
[0.427s] -- Up-to-date: /home/shorouk/graduation_project/grad_proj_ws/install/physical_robot/share/physical_robot/config/ekf.yaml
[0.427s] -- Up-to-date: /home/shorouk/graduation_project/grad_proj_ws/install/physical_robot/share/physical_robot/launch
[0.427s] -- Up-to-date: /home/shorouk/graduation_project/grad_proj_ws/install/physical_robot/share/physical_robot/launch/nav_no_urdf_sensors_sim.launch.py
[0.428s] -- Installing: /home/shorouk/graduation_project/grad_proj_ws/install/physical_robot/share/physical_robot/launch/nav_no_urdf.launch.py
[0.428s] -- Up-to-date: /home/shorouk/graduation_project/grad_proj_ws/install/physical_robot/share/physical_robot/launch/nav_sim.launch.py
[0.428s] -- Up-to-date: /home/shorouk/graduation_project/grad_proj_ws/install/physical_robot/share/physical_robot/maps
[0.428s] -- Up-to-date: /home/shorouk/graduation_project/grad_proj_ws/install/physical_robot/share/physical_robot/maps/mymap2.yaml
[0.428s] -- Up-to-date: /home/shorouk/graduation_project/grad_proj_ws/install/physical_robot/share/physical_robot/maps/new_main_map2.yaml
[0.429s] -- Up-to-date: /home/shorouk/graduation_project/grad_proj_ws/install/physical_robot/share/physical_robot/maps/hospital_try3.pgm
[0.429s] -- Up-to-date: /home/shorouk/graduation_project/grad_proj_ws/install/physical_robot/share/physical_robot/maps/new_main_map2.pgm
[0.429s] -- Up-to-date: /home/shorouk/graduation_project/grad_proj_ws/install/physical_robot/share/physical_robot/maps/hospital_try3.yaml
[0.429s] -- Up-to-date: /home/shorouk/graduation_project/grad_proj_ws/install/physical_robot/share/physical_robot/maps/hospital_ws2.yaml
[0.429s] -- Up-to-date: /home/shorouk/graduation_project/grad_proj_ws/install/physical_robot/share/physical_robot/maps/smalltown_world.yaml
[0.429s] -- Up-to-date: /home/shorouk/graduation_project/grad_proj_ws/install/physical_robot/share/physical_robot/maps/smalltown_world.pgm
[0.430s] -- Up-to-date: /home/shorouk/graduation_project/grad_proj_ws/install/physical_robot/share/physical_robot/maps/hospital_try2.yaml
[0.430s] -- Up-to-date: /home/shorouk/graduation_project/grad_proj_ws/install/physical_robot/share/physical_robot/maps/mymap.pgm
[0.431s] -- Up-to-date: /home/shorouk/graduation_project/grad_proj_ws/install/physical_robot/share/physical_robot/maps/mymap2.pgm
[0.431s] -- Up-to-date: /home/shorouk/graduation_project/grad_proj_ws/install/physical_robot/share/physical_robot/maps/hospital_ws2.pgm
[0.431s] -- Up-to-date: /home/shorouk/graduation_project/grad_proj_ws/install/physical_robot/share/physical_robot/maps/hospital_try2.pgm
[0.431s] -- Up-to-date: /home/shorouk/graduation_project/grad_proj_ws/install/physical_robot/share/physical_robot/maps/second_floor2.yaml
[0.431s] -- Up-to-date: /home/shorouk/graduation_project/grad_proj_ws/install/physical_robot/share/physical_robot/maps/second_floor2.pgm
[0.432s] -- Up-to-date: /home/shorouk/graduation_project/grad_proj_ws/install/physical_robot/share/physical_robot/maps/mymap.yaml
[0.432s] -- Up-to-date: /home/shorouk/graduation_project/grad_proj_ws/install/physical_robot/share/physical_robot/meshes
[0.432s] -- Up-to-date: /home/shorouk/graduation_project/grad_proj_ws/install/physical_robot/share/physical_robot/models
[0.432s] -- Up-to-date: /home/shorouk/graduation_project/grad_proj_ws/install/physical_robot/share/physical_robot/models/urdf_description.urdf
[0.433s] -- Up-to-date: /home/shorouk/graduation_project/grad_proj_ws/install/physical_robot/share/physical_robot/models/gazebo_files
[0.433s] -- Up-to-date: /home/shorouk/graduation_project/grad_proj_ws/install/physical_robot/share/physical_robot/models/gazebo_files/model.config
[0.433s] -- Up-to-date: /home/shorouk/graduation_project/grad_proj_ws/install/physical_robot/share/physical_robot/models/gazebo_files/model.sdf
[0.433s] -- Up-to-date: /home/shorouk/graduation_project/grad_proj_ws/install/physical_robot/share/physical_robot/params
[0.433s] -- Up-to-date: /home/shorouk/graduation_project/grad_proj_ws/install/physical_robot/share/physical_robot/params/nav2_params.yaml
[0.433s] -- Up-to-date: /home/shorouk/graduation_project/grad_proj_ws/install/physical_robot/share/physical_robot/params/nav2_params_original.yaml
[0.434s] -- Up-to-date: /home/shorouk/graduation_project/grad_proj_ws/install/physical_robot/share/physical_robot/rviz
[0.434s] -- Up-to-date: /home/shorouk/graduation_project/grad_proj_ws/install/physical_robot/share/physical_robot/rviz/physical_config.rviz
[0.434s] -- Up-to-date: /home/shorouk/graduation_project/grad_proj_ws/install/physical_robot/share/physical_robot/rviz/nav2_config.rviz
[0.435s] -- Up-to-date: /home/shorouk/graduation_project/grad_proj_ws/install/physical_robot/share/physical_robot/rviz/urdf_config.rviz
[0.435s] -- Up-to-date: /home/shorouk/graduation_project/grad_proj_ws/install/physical_robot/share/physical_robot/src
[0.437s] -- Up-to-date: /home/shorouk/graduation_project/grad_proj_ws/install/physical_robot/share/physical_robot/worlds
[0.440s] -- Up-to-date: /home/shorouk/graduation_project/grad_proj_ws/install/physical_robot/share/physical_robot/worlds/basic_mobile_bot_world
[0.441s] -- Up-to-date: /home/shorouk/graduation_project/grad_proj_ws/install/physical_robot/share/physical_robot/worlds/basic_mobile_bot_world/smalltown.world
[0.442s] -- Up-to-date: /home/shorouk/graduation_project/grad_proj_ws/install/physical_robot/share/ament_index/resource_index/package_run_dependencies/physical_robot
[0.442s] -- Up-to-date: /home/shorouk/graduation_project/grad_proj_ws/install/physical_robot/share/ament_index/resource_index/parent_prefix_path/physical_robot
[0.443s] -- Up-to-date: /home/shorouk/graduation_project/grad_proj_ws/install/physical_robot/share/physical_robot/environment/ament_prefix_path.sh
[0.443s] -- Up-to-date: /home/shorouk/graduation_project/grad_proj_ws/install/physical_robot/share/physical_robot/environment/ament_prefix_path.dsv
[0.447s] -- Up-to-date: /home/shorouk/graduation_project/grad_proj_ws/install/physical_robot/share/physical_robot/environment/path.sh
[0.447s] -- Up-to-date: /home/shorouk/graduation_project/grad_proj_ws/install/physical_robot/share/physical_robot/environment/path.dsv
[0.448s] -- Up-to-date: /home/shorouk/graduation_project/grad_proj_ws/install/physical_robot/share/physical_robot/local_setup.bash
[0.448s] -- Up-to-date: /home/shorouk/graduation_project/grad_proj_ws/install/physical_robot/share/physical_robot/local_setup.sh
[0.449s] -- Up-to-date: /home/shorouk/graduation_project/grad_proj_ws/install/physical_robot/share/physical_robot/local_setup.zsh
[0.449s] -- Up-to-date: /home/shorouk/graduation_project/grad_proj_ws/install/physical_robot/share/physical_robot/local_setup.dsv
[0.451s] -- Installing: /home/shorouk/graduation_project/grad_proj_ws/install/physical_robot/share/physical_robot/package.dsv
[0.451s] -- Up-to-date: /home/shorouk/graduation_project/grad_proj_ws/install/physical_robot/share/ament_index/resource_index/packages/physical_robot
[0.454s] -- Up-to-date: /home/shorouk/graduation_project/grad_proj_ws/install/physical_robot/share/physical_robot/cmake/physical_robotConfig.cmake
[0.458s] -- Up-to-date: /home/shorouk/graduation_project/grad_proj_ws/install/physical_robot/share/physical_robot/cmake/physical_robotConfig-version.cmake
[0.458s] -- Up-to-date: /home/shorouk/graduation_project/grad_proj_ws/install/physical_robot/share/physical_robot/package.xml
[0.459s] Invoked command in '/home/shorouk/graduation_project/grad_proj_ws/build/physical_robot' returned '0': CMAKE_PREFIX_PATH=${CMAKE_PREFIX_PATH}:/home/shorouk/graduation_project/grad_proj_ws/install/sensors_sim:/home/shorouk/graduation_project/grad_proj_ws/install/py_pubsub:/home/shorouk/graduation_project/grad_proj_ws/install/initial_pose_pub:/opt/ros/foxy /usr/bin/cmake --install /home/shorouk/graduation_project/grad_proj_ws/build/physical_robot
