running egg_info
creating ../../build/sensors_sim/sensors_sim.egg-info
writing ../../build/sensors_sim/sensors_sim.egg-info/PKG-INFO
writing dependency_links to ../../build/sensors_sim/sensors_sim.egg-info/dependency_links.txt
writing entry points to ../../build/sensors_sim/sensors_sim.egg-info/entry_points.txt
writing requirements to ../../build/sensors_sim/sensors_sim.egg-info/requires.txt
writing top-level names to ../../build/sensors_sim/sensors_sim.egg-info/top_level.txt
writing manifest file '../../build/sensors_sim/sensors_sim.egg-info/SOURCES.txt'
reading manifest file '../../build/sensors_sim/sensors_sim.egg-info/SOURCES.txt'
writing manifest file '../../build/sensors_sim/sensors_sim.egg-info/SOURCES.txt'
running build
running build_py
creating /home/shorouk/graduation_project/grad_proj_ws/build/sensors_sim/build
creating /home/shorouk/graduation_project/grad_proj_ws/build/sensors_sim/build/lib
creating /home/shorouk/graduation_project/grad_proj_ws/build/sensors_sim/build/lib/sensors_sim
copying sensors_sim/sensors_pub.py -> /home/shorouk/graduation_project/grad_proj_ws/build/sensors_sim/build/lib/sensors_sim
copying sensors_sim/__init__.py -> /home/shorouk/graduation_project/grad_proj_ws/build/sensors_sim/build/lib/sensors_sim
running install
running install_lib
creating /home/shorouk/graduation_project/grad_proj_ws/install/sensors_sim/lib/python3.8/site-packages/sensors_sim
copying /home/shorouk/graduation_project/grad_proj_ws/build/sensors_sim/build/lib/sensors_sim/sensors_pub.py -> /home/shorouk/graduation_project/grad_proj_ws/install/sensors_sim/lib/python3.8/site-packages/sensors_sim
copying /home/shorouk/graduation_project/grad_proj_ws/build/sensors_sim/build/lib/sensors_sim/__init__.py -> /home/shorouk/graduation_project/grad_proj_ws/install/sensors_sim/lib/python3.8/site-packages/sensors_sim
byte-compiling /home/shorouk/graduation_project/grad_proj_ws/install/sensors_sim/lib/python3.8/site-packages/sensors_sim/sensors_pub.py to sensors_pub.cpython-38.pyc
byte-compiling /home/shorouk/graduation_project/grad_proj_ws/install/sensors_sim/lib/python3.8/site-packages/sensors_sim/__init__.py to __init__.cpython-38.pyc
running install_data
creating /home/shorouk/graduation_project/grad_proj_ws/install/sensors_sim/share/ament_index
creating /home/shorouk/graduation_project/grad_proj_ws/install/sensors_sim/share/ament_index/resource_index
creating /home/shorouk/graduation_project/grad_proj_ws/install/sensors_sim/share/ament_index/resource_index/packages
copying resource/sensors_sim -> /home/shorouk/graduation_project/grad_proj_ws/install/sensors_sim/share/ament_index/resource_index/packages
copying package.xml -> /home/shorouk/graduation_project/grad_proj_ws/install/sensors_sim/share/sensors_sim
running install_egg_info
Copying ../../build/sensors_sim/sensors_sim.egg-info to /home/shorouk/graduation_project/grad_proj_ws/install/sensors_sim/lib/python3.8/site-packages/sensors_sim-0.0.0-py3.8.egg-info
running install_scripts
writing list of installed files to '/home/shorouk/graduation_project/grad_proj_ws/build/sensors_sim/install.log'
