[3.125s] Invoking command in '/home/shorouk/graduation_project/grad_proj_ws/src/sensors_sim': PYTHONPATH=/home/shorouk/graduation_project/grad_proj_ws/install/sensors_sim/lib/python3.8/site-packages:${PYTHONPATH} /usr/bin/python3 setup.py egg_info --egg-base ../../build/sensors_sim build --build-base /home/shorouk/graduation_project/grad_proj_ws/build/sensors_sim/build install --prefix /home/shorouk/graduation_project/grad_proj_ws/install/sensors_sim --record /home/shorouk/graduation_project/grad_proj_ws/build/sensors_sim/install.log --single-version-externally-managed
[3.578s] running egg_info
[3.580s] creating ../../build/sensors_sim/sensors_sim.egg-info
[3.581s] writing ../../build/sensors_sim/sensors_sim.egg-info/PKG-INFO
[3.581s] writing dependency_links to ../../build/sensors_sim/sensors_sim.egg-info/dependency_links.txt
[3.581s] writing entry points to ../../build/sensors_sim/sensors_sim.egg-info/entry_points.txt
[3.582s] writing requirements to ../../build/sensors_sim/sensors_sim.egg-info/requires.txt
[3.582s] writing top-level names to ../../build/sensors_sim/sensors_sim.egg-info/top_level.txt
[3.676s] writing manifest file '../../build/sensors_sim/sensors_sim.egg-info/SOURCES.txt'
[3.741s] reading manifest file '../../build/sensors_sim/sensors_sim.egg-info/SOURCES.txt'
[3.743s] writing manifest file '../../build/sensors_sim/sensors_sim.egg-info/SOURCES.txt'
[3.743s] running build
[3.743s] running build_py
[3.743s] creating /home/shorouk/graduation_project/grad_proj_ws/build/sensors_sim/build
[3.744s] creating /home/shorouk/graduation_project/grad_proj_ws/build/sensors_sim/build/lib
[3.744s] creating /home/shorouk/graduation_project/grad_proj_ws/build/sensors_sim/build/lib/sensors_sim
[3.744s] copying sensors_sim/sensors_pub.py -> /home/shorouk/graduation_project/grad_proj_ws/build/sensors_sim/build/lib/sensors_sim
[3.744s] copying sensors_sim/__init__.py -> /home/shorouk/graduation_project/grad_proj_ws/build/sensors_sim/build/lib/sensors_sim
[3.744s] running install
[3.746s] running install_lib
[3.748s] creating /home/shorouk/graduation_project/grad_proj_ws/install/sensors_sim/lib/python3.8/site-packages/sensors_sim
[3.748s] copying /home/shorouk/graduation_project/grad_proj_ws/build/sensors_sim/build/lib/sensors_sim/sensors_pub.py -> /home/shorouk/graduation_project/grad_proj_ws/install/sensors_sim/lib/python3.8/site-packages/sensors_sim
[3.748s] copying /home/shorouk/graduation_project/grad_proj_ws/build/sensors_sim/build/lib/sensors_sim/__init__.py -> /home/shorouk/graduation_project/grad_proj_ws/install/sensors_sim/lib/python3.8/site-packages/sensors_sim
[3.749s] byte-compiling /home/shorouk/graduation_project/grad_proj_ws/install/sensors_sim/lib/python3.8/site-packages/sensors_sim/sensors_pub.py to sensors_pub.cpython-38.pyc
[3.751s] byte-compiling /home/shorouk/graduation_project/grad_proj_ws/install/sensors_sim/lib/python3.8/site-packages/sensors_sim/__init__.py to __init__.cpython-38.pyc
[3.752s] running install_data
[3.753s] creating /home/shorouk/graduation_project/grad_proj_ws/install/sensors_sim/share/ament_index
[3.754s] creating /home/shorouk/graduation_project/grad_proj_ws/install/sensors_sim/share/ament_index/resource_index
[3.754s] creating /home/shorouk/graduation_project/grad_proj_ws/install/sensors_sim/share/ament_index/resource_index/packages
[3.754s] copying resource/sensors_sim -> /home/shorouk/graduation_project/grad_proj_ws/install/sensors_sim/share/ament_index/resource_index/packages
[3.754s] copying package.xml -> /home/shorouk/graduation_project/grad_proj_ws/install/sensors_sim/share/sensors_sim
[3.755s] running install_egg_info
[3.757s] Copying ../../build/sensors_sim/sensors_sim.egg-info to /home/shorouk/graduation_project/grad_proj_ws/install/sensors_sim/lib/python3.8/site-packages/sensors_sim-0.0.0-py3.8.egg-info
[3.759s] running install_scripts
[3.792s] writing list of installed files to '/home/shorouk/graduation_project/grad_proj_ws/build/sensors_sim/install.log'
[3.830s] Invoked command in '/home/shorouk/graduation_project/grad_proj_ws/src/sensors_sim' returned '0': PYTHONPATH=/home/shorouk/graduation_project/grad_proj_ws/install/sensors_sim/lib/python3.8/site-packages:${PYTHONPATH} /usr/bin/python3 setup.py egg_info --egg-base ../../build/sensors_sim build --build-base /home/shorouk/graduation_project/grad_proj_ws/build/sensors_sim/build install --prefix /home/shorouk/graduation_project/grad_proj_ws/install/sensors_sim --record /home/shorouk/graduation_project/grad_proj_ws/build/sensors_sim/install.log --single-version-externally-managed
