[2.469s] DEBUG:colcon:Command line arguments: ['/usr/bin/colcon', 'build', '--packages-select', 'physical_robot']
[2.469s] DEBUG:colcon:Parsed command line arguments: Namespace(allow_overriding=[], ament_cmake_args=None, base_paths=['.'], build_base='build', catkin_cmake_args=None, catkin_skip_building_tests=False, cmake_args=None, cmake_clean_cache=False, cmake_clean_first=False, cmake_force_configure=False, cmake_target=None, cmake_target_skip_unavailable=False, continue_on_error=False, event_handlers=None, executor='parallel', ignore_user_meta=False, install_base='install', log_base=None, log_level=None, main=<bound method BuildVerb.main of <colcon_core.verb.build.BuildVerb object at 0x7f56a1ea3b20>>, merge_install=False, metas=['./colcon.meta'], packages_above=None, packages_above_and_dependencies=None, packages_above_depth=None, packages_end=None, packages_ignore=None, packages_ignore_regex=None, packages_select=['physical_robot'], packages_select_build_failed=False, packages_select_by_dep=None, packages_select_regex=None, packages_select_test_failures=False, packages_skip=None, packages_skip_build_finished=False, packages_skip_by_dep=None, packages_skip_regex=None, packages_skip_test_passed=False, packages_skip_up_to=None, packages_start=None, packages_up_to=None, packages_up_to_regex=None, parallel_workers=4, paths=None, symlink_install=False, test_result_base=None, verb_extension=<colcon_core.verb.build.BuildVerb object at 0x7f56a1ea3b20>, verb_name='build', verb_parser=<colcon_defaults.argument_parser.defaults.DefaultArgumentsDecorator object at 0x7f56a1eaf0d0>)
[3.032s] Level 1:colcon.colcon_core.package_discovery:discover_packages(colcon_meta) check parameters
[3.032s] Level 1:colcon.colcon_core.package_discovery:discover_packages(recursive) check parameters
[3.033s] Level 1:colcon.colcon_core.package_discovery:discover_packages(ignore) check parameters
[3.033s] Level 1:colcon.colcon_core.package_discovery:discover_packages(path) check parameters
[3.033s] Level 1:colcon.colcon_core.package_discovery:discover_packages(colcon_meta) discover
[3.033s] Level 1:colcon.colcon_core.package_discovery:discover_packages(recursive) discover
[3.033s] INFO:colcon.colcon_core.package_discovery:Crawling recursively for packages in '/home/shorouk/graduation_project/grad_proj_ws'
[3.033s] Level 1:colcon.colcon_core.package_identification:_identify(.) by extensions ['ignore', 'ignore_ament_install']
[3.033s] Level 1:colcon.colcon_core.package_identification:_identify(.) by extension 'ignore'
[3.033s] Level 1:colcon.colcon_core.package_identification:_identify(.) by extension 'ignore_ament_install'
[3.034s] Level 1:colcon.colcon_core.package_identification:_identify(.) by extensions ['colcon_pkg']
[3.034s] Level 1:colcon.colcon_core.package_identification:_identify(.) by extension 'colcon_pkg'
[3.034s] Level 1:colcon.colcon_core.package_identification:_identify(.) by extensions ['colcon_meta']
[3.034s] Level 1:colcon.colcon_core.package_identification:_identify(.) by extension 'colcon_meta'
[3.034s] Level 1:colcon.colcon_core.package_identification:_identify(.) by extensions ['ros']
[3.034s] Level 1:colcon.colcon_core.package_identification:_identify(.) by extension 'ros'
[3.113s] Level 1:colcon.colcon_core.package_identification:_identify(.) by extensions ['cmake', 'python']
[3.113s] Level 1:colcon.colcon_core.package_identification:_identify(.) by extension 'cmake'
[3.113s] Level 1:colcon.colcon_core.package_identification:_identify(.) by extension 'python'
[3.113s] Level 1:colcon.colcon_core.package_identification:_identify(.) by extensions ['python_setup_py']
[3.113s] Level 1:colcon.colcon_core.package_identification:_identify(.) by extension 'python_setup_py'
[3.114s] Level 1:colcon.colcon_core.package_identification:_identify(build) by extensions ['ignore', 'ignore_ament_install']
[3.114s] Level 1:colcon.colcon_core.package_identification:_identify(build) by extension 'ignore'
[3.114s] Level 1:colcon.colcon_core.package_identification:_identify(build) ignored
[3.114s] Level 1:colcon.colcon_core.package_identification:_identify(install) by extensions ['ignore', 'ignore_ament_install']
[3.114s] Level 1:colcon.colcon_core.package_identification:_identify(install) by extension 'ignore'
[3.114s] Level 1:colcon.colcon_core.package_identification:_identify(install) ignored
[3.115s] Level 1:colcon.colcon_core.package_identification:_identify(log) by extensions ['ignore', 'ignore_ament_install']
[3.116s] Level 1:colcon.colcon_core.package_identification:_identify(log) by extension 'ignore'
[3.116s] Level 1:colcon.colcon_core.package_identification:_identify(log) ignored
[3.116s] Level 1:colcon.colcon_core.package_identification:_identify(src) by extensions ['ignore', 'ignore_ament_install']
[3.116s] Level 1:colcon.colcon_core.package_identification:_identify(src) by extension 'ignore'
[3.116s] Level 1:colcon.colcon_core.package_identification:_identify(src) by extension 'ignore_ament_install'
[3.116s] Level 1:colcon.colcon_core.package_identification:_identify(src) by extensions ['colcon_pkg']
[3.116s] Level 1:colcon.colcon_core.package_identification:_identify(src) by extension 'colcon_pkg'
[3.116s] Level 1:colcon.colcon_core.package_identification:_identify(src) by extensions ['colcon_meta']
[3.117s] Level 1:colcon.colcon_core.package_identification:_identify(src) by extension 'colcon_meta'
[3.117s] Level 1:colcon.colcon_core.package_identification:_identify(src) by extensions ['ros']
[3.117s] Level 1:colcon.colcon_core.package_identification:_identify(src) by extension 'ros'
[3.117s] Level 1:colcon.colcon_core.package_identification:_identify(src) by extensions ['cmake', 'python']
[3.117s] Level 1:colcon.colcon_core.package_identification:_identify(src) by extension 'cmake'
[3.117s] Level 1:colcon.colcon_core.package_identification:_identify(src) by extension 'python'
[3.117s] Level 1:colcon.colcon_core.package_identification:_identify(src) by extensions ['python_setup_py']
[3.117s] Level 1:colcon.colcon_core.package_identification:_identify(src) by extension 'python_setup_py'
[3.117s] Level 1:colcon.colcon_core.package_identification:_identify(src/initial_pose_pub) by extensions ['ignore', 'ignore_ament_install']
[3.118s] Level 1:colcon.colcon_core.package_identification:_identify(src/initial_pose_pub) by extension 'ignore'
[3.118s] Level 1:colcon.colcon_core.package_identification:_identify(src/initial_pose_pub) by extension 'ignore_ament_install'
[3.118s] Level 1:colcon.colcon_core.package_identification:_identify(src/initial_pose_pub) by extensions ['colcon_pkg']
[3.118s] Level 1:colcon.colcon_core.package_identification:_identify(src/initial_pose_pub) by extension 'colcon_pkg'
[3.118s] Level 1:colcon.colcon_core.package_identification:_identify(src/initial_pose_pub) by extensions ['colcon_meta']
[3.118s] Level 1:colcon.colcon_core.package_identification:_identify(src/initial_pose_pub) by extension 'colcon_meta'
[3.118s] Level 1:colcon.colcon_core.package_identification:_identify(src/initial_pose_pub) by extensions ['ros']
[3.118s] Level 1:colcon.colcon_core.package_identification:_identify(src/initial_pose_pub) by extension 'ros'
[3.151s] DEBUG:colcon.colcon_core.package_identification:Package 'src/initial_pose_pub' with type 'ros.ament_python' and name 'initial_pose_pub'
[3.152s] Level 1:colcon.colcon_core.package_identification:_identify(src/physical_robot) by extensions ['ignore', 'ignore_ament_install']
[3.152s] Level 1:colcon.colcon_core.package_identification:_identify(src/physical_robot) by extension 'ignore'
[3.152s] Level 1:colcon.colcon_core.package_identification:_identify(src/physical_robot) by extension 'ignore_ament_install'
[3.152s] Level 1:colcon.colcon_core.package_identification:_identify(src/physical_robot) by extensions ['colcon_pkg']
[3.152s] Level 1:colcon.colcon_core.package_identification:_identify(src/physical_robot) by extension 'colcon_pkg'
[3.152s] Level 1:colcon.colcon_core.package_identification:_identify(src/physical_robot) by extensions ['colcon_meta']
[3.153s] Level 1:colcon.colcon_core.package_identification:_identify(src/physical_robot) by extension 'colcon_meta'
[3.153s] Level 1:colcon.colcon_core.package_identification:_identify(src/physical_robot) by extensions ['ros']
[3.153s] Level 1:colcon.colcon_core.package_identification:_identify(src/physical_robot) by extension 'ros'
[3.168s] DEBUG:colcon.colcon_core.package_identification:Package 'src/physical_robot' with type 'ros.ament_cmake' and name 'physical_robot'
[3.169s] Level 1:colcon.colcon_core.package_identification:_identify(src/robot_sim) by extensions ['ignore', 'ignore_ament_install']
[3.169s] Level 1:colcon.colcon_core.package_identification:_identify(src/robot_sim) by extension 'ignore'
[3.169s] Level 1:colcon.colcon_core.package_identification:_identify(src/robot_sim) by extension 'ignore_ament_install'
[3.169s] Level 1:colcon.colcon_core.package_identification:_identify(src/robot_sim) by extensions ['colcon_pkg']
[3.169s] Level 1:colcon.colcon_core.package_identification:_identify(src/robot_sim) by extension 'colcon_pkg'
[3.169s] Level 1:colcon.colcon_core.package_identification:_identify(src/robot_sim) by extensions ['colcon_meta']
[3.169s] Level 1:colcon.colcon_core.package_identification:_identify(src/robot_sim) by extension 'colcon_meta'
[3.170s] Level 1:colcon.colcon_core.package_identification:_identify(src/robot_sim) by extensions ['ros']
[3.170s] Level 1:colcon.colcon_core.package_identification:_identify(src/robot_sim) by extension 'ros'
[3.181s] DEBUG:colcon.colcon_core.package_identification:Package 'src/robot_sim' with type 'ros.ament_cmake' and name 'robot_sim'
[3.181s] Level 1:colcon.colcon_core.package_identification:_identify(src/rplidar_ros-ros2) by extensions ['ignore', 'ignore_ament_install']
[3.181s] Level 1:colcon.colcon_core.package_identification:_identify(src/rplidar_ros-ros2) by extension 'ignore'
[3.181s] Level 1:colcon.colcon_core.package_identification:_identify(src/rplidar_ros-ros2) by extension 'ignore_ament_install'
[3.182s] Level 1:colcon.colcon_core.package_identification:_identify(src/rplidar_ros-ros2) by extensions ['colcon_pkg']
[3.182s] Level 1:colcon.colcon_core.package_identification:_identify(src/rplidar_ros-ros2) by extension 'colcon_pkg'
[3.182s] Level 1:colcon.colcon_core.package_identification:_identify(src/rplidar_ros-ros2) by extensions ['colcon_meta']
[3.182s] Level 1:colcon.colcon_core.package_identification:_identify(src/rplidar_ros-ros2) by extension 'colcon_meta'
[3.182s] Level 1:colcon.colcon_core.package_identification:_identify(src/rplidar_ros-ros2) by extensions ['ros']
[3.182s] Level 1:colcon.colcon_core.package_identification:_identify(src/rplidar_ros-ros2) by extension 'ros'
[3.196s] DEBUG:colcon.colcon_core.package_identification:Package 'src/rplidar_ros-ros2' with type 'ros.ament_cmake' and name 'rplidar_ros'
[3.196s] Level 1:colcon.colcon_core.package_identification:_identify(src/sensors_sim) by extensions ['ignore', 'ignore_ament_install']
[3.197s] Level 1:colcon.colcon_core.package_identification:_identify(src/sensors_sim) by extension 'ignore'
[3.197s] Level 1:colcon.colcon_core.package_identification:_identify(src/sensors_sim) by extension 'ignore_ament_install'
[3.197s] Level 1:colcon.colcon_core.package_identification:_identify(src/sensors_sim) by extensions ['colcon_pkg']
[3.197s] Level 1:colcon.colcon_core.package_identification:_identify(src/sensors_sim) by extension 'colcon_pkg'
[3.197s] Level 1:colcon.colcon_core.package_identification:_identify(src/sensors_sim) by extensions ['colcon_meta']
[3.197s] Level 1:colcon.colcon_core.package_identification:_identify(src/sensors_sim) by extension 'colcon_meta'
[3.198s] Level 1:colcon.colcon_core.package_identification:_identify(src/sensors_sim) by extensions ['ros']
[3.198s] Level 1:colcon.colcon_core.package_identification:_identify(src/sensors_sim) by extension 'ros'
[3.215s] DEBUG:colcon.colcon_core.package_identification:Package 'src/sensors_sim' with type 'ros.ament_python' and name 'sensors_sim'
[3.215s] Level 1:colcon.colcon_core.package_discovery:discover_packages(recursive) using defaults
[3.215s] Level 1:colcon.colcon_core.package_discovery:discover_packages(ignore) discover
[3.215s] Level 1:colcon.colcon_core.package_discovery:discover_packages(ignore) using defaults
[3.215s] Level 1:colcon.colcon_core.package_discovery:discover_packages(path) discover
[3.215s] Level 1:colcon.colcon_core.package_discovery:discover_packages(path) using defaults
[3.467s] INFO:colcon.colcon_core.package_selection:Skipping not selected package 'initial_pose_pub' in 'src/initial_pose_pub'
[3.467s] INFO:colcon.colcon_core.package_selection:Skipping not selected package 'robot_sim' in 'src/robot_sim'
[3.467s] INFO:colcon.colcon_core.package_selection:Skipping not selected package 'rplidar_ros' in 'src/rplidar_ros-ros2'
[3.467s] INFO:colcon.colcon_core.package_selection:Skipping not selected package 'sensors_sim' in 'src/sensors_sim'
[3.468s] Level 1:colcon.colcon_core.package_discovery:discover_packages(prefix_path) check parameters
[3.468s] Level 1:colcon.colcon_core.package_discovery:discover_packages(prefix_path) discover
[3.477s] DEBUG:colcon.colcon_installed_package_information.package_discovery:Found 335 installed packages in /opt/ros/foxy
[3.481s] Level 1:colcon.colcon_core.package_discovery:discover_packages(prefix_path) using defaults
[4.294s] Level 5:colcon.colcon_core.verb:set package 'physical_robot' build argument 'cmake_args' from command line to 'None'
[4.294s] Level 5:colcon.colcon_core.verb:set package 'physical_robot' build argument 'cmake_target' from command line to 'None'
[4.294s] Level 5:colcon.colcon_core.verb:set package 'physical_robot' build argument 'cmake_target_skip_unavailable' from command line to 'False'
[4.294s] Level 5:colcon.colcon_core.verb:set package 'physical_robot' build argument 'cmake_clean_cache' from command line to 'False'
[4.295s] Level 5:colcon.colcon_core.verb:set package 'physical_robot' build argument 'cmake_clean_first' from command line to 'False'
[4.295s] Level 5:colcon.colcon_core.verb:set package 'physical_robot' build argument 'cmake_force_configure' from command line to 'False'
[4.295s] Level 5:colcon.colcon_core.verb:set package 'physical_robot' build argument 'ament_cmake_args' from command line to 'None'
[4.295s] Level 5:colcon.colcon_core.verb:set package 'physical_robot' build argument 'catkin_cmake_args' from command line to 'None'
[4.295s] Level 5:colcon.colcon_core.verb:set package 'physical_robot' build argument 'catkin_skip_building_tests' from command line to 'False'
[4.295s] DEBUG:colcon.colcon_core.verb:Building package 'physical_robot' with the following arguments: {'ament_cmake_args': None, 'build_base': '/home/shorouk/graduation_project/grad_proj_ws/build/physical_robot', 'catkin_cmake_args': None, 'catkin_skip_building_tests': False, 'cmake_args': None, 'cmake_clean_cache': False, 'cmake_clean_first': False, 'cmake_force_configure': False, 'cmake_target': None, 'cmake_target_skip_unavailable': False, 'install_base': '/home/shorouk/graduation_project/grad_proj_ws/install/physical_robot', 'merge_install': False, 'path': '/home/shorouk/graduation_project/grad_proj_ws/src/physical_robot', 'symlink_install': False, 'test_result_base': None}
[4.297s] INFO:colcon.colcon_core.executor:Executing jobs using 'parallel' executor
[4.310s] DEBUG:colcon.colcon_parallel_executor.executor.parallel:run_until_complete
[4.310s] INFO:colcon.colcon_ros.task.ament_cmake.build:Building ROS package in '/home/shorouk/graduation_project/grad_proj_ws/src/physical_robot' with build type 'ament_cmake'
[4.310s] INFO:colcon.colcon_cmake.task.cmake.build:Building CMake package in '/home/shorouk/graduation_project/grad_proj_ws/src/physical_robot'
[4.418s] INFO:colcon.colcon_core.plugin_system:Skipping extension 'colcon_core.shell.bat': Not used on non-Windows systems
[4.418s] INFO:colcon.colcon_core.shell:Skip shell extension 'powershell' for command environment: Not usable outside of PowerShell
[4.418s] DEBUG:colcon.colcon_core.shell:Skip shell extension 'dsv' for command environment
[4.520s] DEBUG:colcon.colcon_core.event_handler.log_command:Invoking command in '/home/shorouk/graduation_project/grad_proj_ws/build/physical_robot': CMAKE_PREFIX_PATH=/opt/ros/foxy /usr/bin/cmake --build /home/shorouk/graduation_project/grad_proj_ws/build/physical_robot -- -j4 -l4
[5.037s] DEBUG:colcon.colcon_core.event_handler.log_command:Invoked command in '/home/shorouk/graduation_project/grad_proj_ws/build/physical_robot' returned '0': CMAKE_PREFIX_PATH=/opt/ros/foxy /usr/bin/cmake --build /home/shorouk/graduation_project/grad_proj_ws/build/physical_robot -- -j4 -l4
[5.102s] DEBUG:colcon.colcon_core.event_handler.log_command:Invoking command in '/home/shorouk/graduation_project/grad_proj_ws/build/physical_robot': CMAKE_PREFIX_PATH=/opt/ros/foxy /usr/bin/cmake --install /home/shorouk/graduation_project/grad_proj_ws/build/physical_robot
[5.139s] Level 1:colcon.colcon_core.environment:create_environment_scripts_only(physical_robot)
[5.142s] DEBUG:colcon.colcon_core.event_handler.log_command:Invoked command in '/home/shorouk/graduation_project/grad_proj_ws/build/physical_robot' returned '0': CMAKE_PREFIX_PATH=/opt/ros/foxy /usr/bin/cmake --install /home/shorouk/graduation_project/grad_proj_ws/build/physical_robot
[5.226s] Level 1:colcon.colcon_core.environment:checking '/home/shorouk/graduation_project/grad_proj_ws/install/physical_robot' for CMake module files
[5.227s] Level 1:colcon.colcon_core.environment:checking '/home/shorouk/graduation_project/grad_proj_ws/install/physical_robot' for CMake config files
[5.228s] Level 1:colcon.colcon_core.shell:create_environment_hook('physical_robot', 'cmake_prefix_path')
[5.232s] INFO:colcon.colcon_core.shell:Creating environment hook '/home/shorouk/graduation_project/grad_proj_ws/install/physical_robot/share/physical_robot/hook/cmake_prefix_path.ps1'
[5.259s] INFO:colcon.colcon_core.shell:Creating environment descriptor '/home/shorouk/graduation_project/grad_proj_ws/install/physical_robot/share/physical_robot/hook/cmake_prefix_path.dsv'
[5.263s] INFO:colcon.colcon_core.shell:Creating environment hook '/home/shorouk/graduation_project/grad_proj_ws/install/physical_robot/share/physical_robot/hook/cmake_prefix_path.sh'
[5.265s] Level 1:colcon.colcon_core.environment:checking '/home/shorouk/graduation_project/grad_proj_ws/install/physical_robot/bin'
[5.265s] Level 1:colcon.colcon_core.environment:checking '/home/shorouk/graduation_project/grad_proj_ws/install/physical_robot/lib/pkgconfig/physical_robot.pc'
[5.266s] Level 1:colcon.colcon_core.environment:checking '/home/shorouk/graduation_project/grad_proj_ws/install/physical_robot/lib/python3.8/site-packages'
[5.266s] Level 1:colcon.colcon_core.environment:checking '/home/shorouk/graduation_project/grad_proj_ws/install/physical_robot/bin'
[5.271s] INFO:colcon.colcon_core.shell:Creating package script '/home/shorouk/graduation_project/grad_proj_ws/install/physical_robot/share/physical_robot/package.ps1'
[5.273s] INFO:colcon.colcon_core.shell:Creating package descriptor '/home/shorouk/graduation_project/grad_proj_ws/install/physical_robot/share/physical_robot/package.dsv'
[5.274s] INFO:colcon.colcon_core.shell:Creating package script '/home/shorouk/graduation_project/grad_proj_ws/install/physical_robot/share/physical_robot/package.sh'
[5.277s] INFO:colcon.colcon_core.shell:Creating package script '/home/shorouk/graduation_project/grad_proj_ws/install/physical_robot/share/physical_robot/package.bash'
[5.293s] INFO:colcon.colcon_core.shell:Creating package script '/home/shorouk/graduation_project/grad_proj_ws/install/physical_robot/share/physical_robot/package.zsh'
[5.295s] Level 1:colcon.colcon_core.environment:create_file_with_runtime_dependencies(/home/shorouk/graduation_project/grad_proj_ws/install/physical_robot/share/colcon-core/packages/physical_robot)
[5.341s] Level 1:colcon.colcon_core.environment:create_environment_scripts_only(physical_robot)
[5.353s] Level 1:colcon.colcon_core.environment:checking '/home/shorouk/graduation_project/grad_proj_ws/install/physical_robot' for CMake module files
[5.355s] Level 1:colcon.colcon_core.environment:checking '/home/shorouk/graduation_project/grad_proj_ws/install/physical_robot' for CMake config files
[5.356s] Level 1:colcon.colcon_core.shell:create_environment_hook('physical_robot', 'cmake_prefix_path')
[5.363s] INFO:colcon.colcon_core.shell:Creating environment hook '/home/shorouk/graduation_project/grad_proj_ws/install/physical_robot/share/physical_robot/hook/cmake_prefix_path.ps1'
[5.365s] INFO:colcon.colcon_core.shell:Creating environment descriptor '/home/shorouk/graduation_project/grad_proj_ws/install/physical_robot/share/physical_robot/hook/cmake_prefix_path.dsv'
[5.365s] INFO:colcon.colcon_core.shell:Creating environment hook '/home/shorouk/graduation_project/grad_proj_ws/install/physical_robot/share/physical_robot/hook/cmake_prefix_path.sh'
[5.367s] Level 1:colcon.colcon_core.environment:checking '/home/shorouk/graduation_project/grad_proj_ws/install/physical_robot/bin'
[5.367s] Level 1:colcon.colcon_core.environment:checking '/home/shorouk/graduation_project/grad_proj_ws/install/physical_robot/lib/pkgconfig/physical_robot.pc'
[5.368s] Level 1:colcon.colcon_core.environment:checking '/home/shorouk/graduation_project/grad_proj_ws/install/physical_robot/lib/python3.8/site-packages'
[5.368s] Level 1:colcon.colcon_core.environment:checking '/home/shorouk/graduation_project/grad_proj_ws/install/physical_robot/bin'
[5.376s] INFO:colcon.colcon_core.shell:Creating package script '/home/shorouk/graduation_project/grad_proj_ws/install/physical_robot/share/physical_robot/package.ps1'
[5.377s] INFO:colcon.colcon_core.shell:Creating package descriptor '/home/shorouk/graduation_project/grad_proj_ws/install/physical_robot/share/physical_robot/package.dsv'
[5.378s] INFO:colcon.colcon_core.shell:Creating package script '/home/shorouk/graduation_project/grad_proj_ws/install/physical_robot/share/physical_robot/package.sh'
[5.378s] INFO:colcon.colcon_core.shell:Creating package script '/home/shorouk/graduation_project/grad_proj_ws/install/physical_robot/share/physical_robot/package.bash'
[5.379s] INFO:colcon.colcon_core.shell:Creating package script '/home/shorouk/graduation_project/grad_proj_ws/install/physical_robot/share/physical_robot/package.zsh'
[5.380s] Level 1:colcon.colcon_core.environment:create_file_with_runtime_dependencies(/home/shorouk/graduation_project/grad_proj_ws/install/physical_robot/share/colcon-core/packages/physical_robot)
[5.380s] DEBUG:colcon.colcon_parallel_executor.executor.parallel:closing loop
[5.381s] DEBUG:colcon.colcon_parallel_executor.executor.parallel:loop closed
[5.381s] DEBUG:colcon.colcon_parallel_executor.executor.parallel:run_until_complete finished with '0'
[5.381s] DEBUG:colcon.colcon_core.event_reactor:joining thread
[5.447s] INFO:colcon.colcon_core.plugin_system:Skipping extension 'colcon_notification.desktop_notification.terminal_notifier': Not used on non-Darwin systems
[5.448s] INFO:colcon.colcon_core.plugin_system:Skipping extension 'colcon_notification.desktop_notification.win32': Not used on non-Windows systems
[5.448s] INFO:colcon.colcon_notification.desktop_notification:Sending desktop notification using 'notify2'
[5.480s] DEBUG:colcon.colcon_core.event_reactor:joined thread
[5.485s] INFO:colcon.colcon_core.shell:Creating prefix script '/home/shorouk/graduation_project/grad_proj_ws/install/local_setup.ps1'
[5.496s] INFO:colcon.colcon_core.shell:Creating prefix util module '/home/shorouk/graduation_project/grad_proj_ws/install/_local_setup_util_ps1.py'
[5.504s] INFO:colcon.colcon_core.shell:Creating prefix chain script '/home/shorouk/graduation_project/grad_proj_ws/install/setup.ps1'
[5.509s] INFO:colcon.colcon_core.shell:Creating prefix script '/home/shorouk/graduation_project/grad_proj_ws/install/local_setup.sh'
[5.510s] INFO:colcon.colcon_core.shell:Creating prefix util module '/home/shorouk/graduation_project/grad_proj_ws/install/_local_setup_util_sh.py'
[5.511s] INFO:colcon.colcon_core.shell:Creating prefix chain script '/home/shorouk/graduation_project/grad_proj_ws/install/setup.sh'
[5.514s] INFO:colcon.colcon_core.shell:Creating prefix script '/home/shorouk/graduation_project/grad_proj_ws/install/local_setup.bash'
[5.515s] INFO:colcon.colcon_core.shell:Creating prefix chain script '/home/shorouk/graduation_project/grad_proj_ws/install/setup.bash'
[5.520s] INFO:colcon.colcon_core.shell:Creating prefix script '/home/shorouk/graduation_project/grad_proj_ws/install/local_setup.zsh'
[5.522s] INFO:colcon.colcon_core.shell:Creating prefix chain script '/home/shorouk/graduation_project/grad_proj_ws/install/setup.zsh'
