[0.190s] Invoking command in '/home/shorouk/graduation_project/grad_proj_ws/build/physical_robot': CMAKE_PREFIX_PATH=${CMAKE_PREFIX_PATH}:/home/shorouk/graduation_project/grad_proj_ws/install/sensors_sim:/home/shorouk/graduation_project/grad_proj_ws/install/py_pubsub:/home/shorouk/graduation_project/grad_proj_ws/install/initial_pose_pub:/opt/ros/foxy /usr/bin/cmake --build /home/shorouk/graduation_project/grad_proj_ws/build/physical_robot -- -j4 -l4
[0.667s] Invoked command in '/home/shorouk/graduation_project/grad_proj_ws/build/physical_robot' returned '0': CMAKE_PREFIX_PATH=${CMAKE_PREFIX_PATH}:/home/shorouk/graduation_project/grad_proj_ws/install/sensors_sim:/home/shorouk/graduation_project/grad_proj_ws/install/py_pubsub:/home/shorouk/graduation_project/grad_proj_ws/install/initial_pose_pub:/opt/ros/foxy /usr/bin/cmake --build /home/shorouk/graduation_project/grad_proj_ws/build/physical_robot -- -j4 -l4
[0.726s] Invoking command in '/home/shorouk/graduation_project/grad_proj_ws/build/physical_robot': CMAKE_PREFIX_PATH=${CMAKE_PREFIX_PATH}:/home/shorouk/graduation_project/grad_proj_ws/install/sensors_sim:/home/shorouk/graduation_project/grad_proj_ws/install/py_pubsub:/home/shorouk/graduation_project/grad_proj_ws/install/initial_pose_pub:/opt/ros/foxy /usr/bin/cmake --install /home/shorouk/graduation_project/grad_proj_ws/build/physical_robot
[0.745s] -- Install configuration: ""
[0.745s] -- Up-to-date: /home/shorouk/graduation_project/grad_proj_ws/install/physical_robot/share/physical_robot/config
[0.746s] -- Up-to-date: /home/shorouk/graduation_project/grad_proj_ws/install/physical_robot/share/physical_robot/config/ekf.yaml
[0.746s] -- Up-to-date: /home/shorouk/graduation_project/grad_proj_ws/install/physical_robot/share/physical_robot/launch
[0.747s] -- Up-to-date: /home/shorouk/graduation_project/grad_proj_ws/install/physical_robot/share/physical_robot/launch/nav_no_urdf_sensors_sim.launch.py
[0.747s] -- Up-to-date: /home/shorouk/graduation_project/grad_proj_ws/install/physical_robot/share/physical_robot/launch/nav_no_urdf.launch.py
[0.747s] -- Installing: /home/shorouk/graduation_project/grad_proj_ws/install/physical_robot/share/physical_robot/launch/nav_original.launch.py
[0.748s] -- Up-to-date: /home/shorouk/graduation_project/grad_proj_ws/install/physical_robot/share/physical_robot/launch/nav_sim.launch.py
[0.748s] -- Up-to-date: /home/shorouk/graduation_project/grad_proj_ws/install/physical_robot/share/physical_robot/maps
[0.748s] -- Up-to-date: /home/shorouk/graduation_project/grad_proj_ws/install/physical_robot/share/physical_robot/maps/mymap2.yaml
[0.749s] -- Up-to-date: /home/shorouk/graduation_project/grad_proj_ws/install/physical_robot/share/physical_robot/maps/new_main_map2.yaml
[0.749s] -- Up-to-date: /home/shorouk/graduation_project/grad_proj_ws/install/physical_robot/share/physical_robot/maps/hospital_try3.pgm
[0.750s] -- Up-to-date: /home/shorouk/graduation_project/grad_proj_ws/install/physical_robot/share/physical_robot/maps/new_main_map2.pgm
[0.750s] -- Up-to-date: /home/shorouk/graduation_project/grad_proj_ws/install/physical_robot/share/physical_robot/maps/hospital_try3.yaml
[0.750s] -- Up-to-date: /home/shorouk/graduation_project/grad_proj_ws/install/physical_robot/share/physical_robot/maps/hospital_ws2.yaml
[0.750s] -- Up-to-date: /home/shorouk/graduation_project/grad_proj_ws/install/physical_robot/share/physical_robot/maps/smalltown_world.yaml
[0.750s] -- Up-to-date: /home/shorouk/graduation_project/grad_proj_ws/install/physical_robot/share/physical_robot/maps/smalltown_world.pgm
[0.751s] -- Up-to-date: /home/shorouk/graduation_project/grad_proj_ws/install/physical_robot/share/physical_robot/maps/hospital_try2.yaml
[0.751s] -- Up-to-date: /home/shorouk/graduation_project/grad_proj_ws/install/physical_robot/share/physical_robot/maps/mymap.pgm
[0.751s] -- Up-to-date: /home/shorouk/graduation_project/grad_proj_ws/install/physical_robot/share/physical_robot/maps/mymap2.pgm
[0.751s] -- Up-to-date: /home/shorouk/graduation_project/grad_proj_ws/install/physical_robot/share/physical_robot/maps/hospital_ws2.pgm
[0.751s] -- Up-to-date: /home/shorouk/graduation_project/grad_proj_ws/install/physical_robot/share/physical_robot/maps/hospital_try2.pgm
[0.751s] -- Up-to-date: /home/shorouk/graduation_project/grad_proj_ws/install/physical_robot/share/physical_robot/maps/second_floor2.yaml
[0.751s] -- Up-to-date: /home/shorouk/graduation_project/grad_proj_ws/install/physical_robot/share/physical_robot/maps/second_floor2.pgm
[0.752s] -- Up-to-date: /home/shorouk/graduation_project/grad_proj_ws/install/physical_robot/share/physical_robot/maps/mymap.yaml
[0.752s] -- Up-to-date: /home/shorouk/graduation_project/grad_proj_ws/install/physical_robot/share/physical_robot/meshes
[0.752s] -- Up-to-date: /home/shorouk/graduation_project/grad_proj_ws/install/physical_robot/share/physical_robot/models
[0.752s] -- Up-to-date: /home/shorouk/graduation_project/grad_proj_ws/install/physical_robot/share/physical_robot/models/safia_sim.urdf
[0.752s] -- Up-to-date: /home/shorouk/graduation_project/grad_proj_ws/install/physical_robot/share/physical_robot/models/urdf_description.urdf
[0.752s] -- Up-to-date: /home/shorouk/graduation_project/grad_proj_ws/install/physical_robot/share/physical_robot/models/gazebo_files
[0.752s] -- Up-to-date: /home/shorouk/graduation_project/grad_proj_ws/install/physical_robot/share/physical_robot/models/gazebo_files/model.config
[0.753s] -- Up-to-date: /home/shorouk/graduation_project/grad_proj_ws/install/physical_robot/share/physical_robot/models/gazebo_files/model.sdf
[0.753s] -- Up-to-date: /home/shorouk/graduation_project/grad_proj_ws/install/physical_robot/share/physical_robot/params
[0.753s] -- Up-to-date: /home/shorouk/graduation_project/grad_proj_ws/install/physical_robot/share/physical_robot/params/nav2_params.yaml
[0.753s] -- Installing: /home/shorouk/graduation_project/grad_proj_ws/install/physical_robot/share/physical_robot/params/nav2_params_original.yaml
[0.753s] -- Up-to-date: /home/shorouk/graduation_project/grad_proj_ws/install/physical_robot/share/physical_robot/rviz
[0.753s] -- Up-to-date: /home/shorouk/graduation_project/grad_proj_ws/install/physical_robot/share/physical_robot/rviz/physical_config.rviz
[0.753s] -- Up-to-date: /home/shorouk/graduation_project/grad_proj_ws/install/physical_robot/share/physical_robot/rviz/nav2_config.rviz
[0.753s] -- Up-to-date: /home/shorouk/graduation_project/grad_proj_ws/install/physical_robot/share/physical_robot/rviz/urdf_config.rviz
[0.754s] -- Up-to-date: /home/shorouk/graduation_project/grad_proj_ws/install/physical_robot/share/physical_robot/src
[0.754s] -- Up-to-date: /home/shorouk/graduation_project/grad_proj_ws/install/physical_robot/share/physical_robot/worlds
[0.754s] -- Up-to-date: /home/shorouk/graduation_project/grad_proj_ws/install/physical_robot/share/physical_robot/worlds/basic_mobile_bot_world
[0.754s] -- Up-to-date: /home/shorouk/graduation_project/grad_proj_ws/install/physical_robot/share/physical_robot/worlds/basic_mobile_bot_world/smalltown.world
[0.754s] -- Up-to-date: /home/shorouk/graduation_project/grad_proj_ws/install/physical_robot/share/ament_index/resource_index/package_run_dependencies/physical_robot
[0.754s] -- Up-to-date: /home/shorouk/graduation_project/grad_proj_ws/install/physical_robot/share/ament_index/resource_index/parent_prefix_path/physical_robot
[0.754s] -- Up-to-date: /home/shorouk/graduation_project/grad_proj_ws/install/physical_robot/share/physical_robot/environment/ament_prefix_path.sh
[0.754s] -- Up-to-date: /home/shorouk/graduation_project/grad_proj_ws/install/physical_robot/share/physical_robot/environment/ament_prefix_path.dsv
[0.755s] -- Up-to-date: /home/shorouk/graduation_project/grad_proj_ws/install/physical_robot/share/physical_robot/environment/path.sh
[0.755s] -- Up-to-date: /home/shorouk/graduation_project/grad_proj_ws/install/physical_robot/share/physical_robot/environment/path.dsv
[0.755s] -- Up-to-date: /home/shorouk/graduation_project/grad_proj_ws/install/physical_robot/share/physical_robot/local_setup.bash
[0.755s] -- Up-to-date: /home/shorouk/graduation_project/grad_proj_ws/install/physical_robot/share/physical_robot/local_setup.sh
[0.755s] -- Up-to-date: /home/shorouk/graduation_project/grad_proj_ws/install/physical_robot/share/physical_robot/local_setup.zsh
[0.755s] -- Up-to-date: /home/shorouk/graduation_project/grad_proj_ws/install/physical_robot/share/physical_robot/local_setup.dsv
[0.755s] -- Installing: /home/shorouk/graduation_project/grad_proj_ws/install/physical_robot/share/physical_robot/package.dsv
[0.760s] -- Up-to-date: /home/shorouk/graduation_project/grad_proj_ws/install/physical_robot/share/ament_index/resource_index/packages/physical_robot
[0.760s] -- Up-to-date: /home/shorouk/graduation_project/grad_proj_ws/install/physical_robot/share/physical_robot/cmake/physical_robotConfig.cmake
[0.760s] -- Up-to-date: /home/shorouk/graduation_project/grad_proj_ws/install/physical_robot/share/physical_robot/cmake/physical_robotConfig-version.cmake
[0.760s] -- Up-to-date: /home/shorouk/graduation_project/grad_proj_ws/install/physical_robot/share/physical_robot/package.xml
[0.764s] Invoked command in '/home/shorouk/graduation_project/grad_proj_ws/build/physical_robot' returned '0': CMAKE_PREFIX_PATH=${CMAKE_PREFIX_PATH}:/home/shorouk/graduation_project/grad_proj_ws/install/sensors_sim:/home/shorouk/graduation_project/grad_proj_ws/install/py_pubsub:/home/shorouk/graduation_project/grad_proj_ws/install/initial_pose_pub:/opt/ros/foxy /usr/bin/cmake --install /home/shorouk/graduation_project/grad_proj_ws/build/physical_robot
