[0.056s] Invoking command in '/home/shorouk/grad_proj_ws/build/basic_mobile_robot': CMAKE_PREFIX_PATH=${CMAKE_PREFIX_PATH}:/home/shorouk/ros2_ws/install/py_srvcli:/home/shorouk/ros2_ws/install/py_pubsub:/home/shorouk/ros2_ws/install/py_launch_example:/home/shorouk/ros2_ws/install/my_package:/home/shorouk/ros2_ws/install/examples_rclpy_minimal_subscriber:/home/shorouk/ros2_ws/install/examples_rclpy_minimal_service:/home/shorouk/ros2_ws/install/examples_rclpy_minimal_publisher:/home/shorouk/ros2_ws/install/examples_rclpy_minimal_client:/home/shorouk/ros2_ws/install/examples_rclpy_minimal_action_server:/home/shorouk/ros2_ws/install/examples_rclpy_minimal_action_client:/home/shorouk/ros2_ws/install/examples_rclpy_executors:/opt/ros/foxy /usr/bin/cmake --build /home/shorouk/grad_proj_ws/build/basic_mobile_robot -- -j4 -l4
[0.209s] Invoked command in '/home/shorouk/grad_proj_ws/build/basic_mobile_robot' returned '0': CMAKE_PREFIX_PATH=${CMAKE_PREFIX_PATH}:/home/shorouk/ros2_ws/install/py_srvcli:/home/shorouk/ros2_ws/install/py_pubsub:/home/shorouk/ros2_ws/install/py_launch_example:/home/shorouk/ros2_ws/install/my_package:/home/shorouk/ros2_ws/install/examples_rclpy_minimal_subscriber:/home/shorouk/ros2_ws/install/examples_rclpy_minimal_service:/home/shorouk/ros2_ws/install/examples_rclpy_minimal_publisher:/home/shorouk/ros2_ws/install/examples_rclpy_minimal_client:/home/shorouk/ros2_ws/install/examples_rclpy_minimal_action_server:/home/shorouk/ros2_ws/install/examples_rclpy_minimal_action_client:/home/shorouk/ros2_ws/install/examples_rclpy_executors:/opt/ros/foxy /usr/bin/cmake --build /home/shorouk/grad_proj_ws/build/basic_mobile_robot -- -j4 -l4
[0.281s] Invoking command in '/home/shorouk/grad_proj_ws/build/basic_mobile_robot': CMAKE_PREFIX_PATH=${CMAKE_PREFIX_PATH}:/home/shorouk/ros2_ws/install/py_srvcli:/home/shorouk/ros2_ws/install/py_pubsub:/home/shorouk/ros2_ws/install/py_launch_example:/home/shorouk/ros2_ws/install/my_package:/home/shorouk/ros2_ws/install/examples_rclpy_minimal_subscriber:/home/shorouk/ros2_ws/install/examples_rclpy_minimal_service:/home/shorouk/ros2_ws/install/examples_rclpy_minimal_publisher:/home/shorouk/ros2_ws/install/examples_rclpy_minimal_client:/home/shorouk/ros2_ws/install/examples_rclpy_minimal_action_server:/home/shorouk/ros2_ws/install/examples_rclpy_minimal_action_client:/home/shorouk/ros2_ws/install/examples_rclpy_executors:/opt/ros/foxy /usr/bin/cmake --install /home/shorouk/grad_proj_ws/build/basic_mobile_robot
[0.304s] -- Install configuration: ""
[0.304s] -- Up-to-date: /home/shorouk/grad_proj_ws/install/basic_mobile_robot/share/basic_mobile_robot/config
[0.304s] -- Up-to-date: /home/shorouk/grad_proj_ws/install/basic_mobile_robot/share/basic_mobile_robot/launch
[0.305s] -- Up-to-date: /home/shorouk/grad_proj_ws/install/basic_mobile_robot/share/basic_mobile_robot/launch/basic_mobile_bot_v1.launch.py
[0.305s] -- Up-to-date: /home/shorouk/grad_proj_ws/install/basic_mobile_robot/share/basic_mobile_robot/maps
[0.306s] -- Up-to-date: /home/shorouk/grad_proj_ws/install/basic_mobile_robot/share/basic_mobile_robot/meshes
[0.306s] -- Up-to-date: /home/shorouk/grad_proj_ws/install/basic_mobile_robot/share/basic_mobile_robot/meshes/arm_base.stl
[0.306s] -- Up-to-date: /home/shorouk/grad_proj_ws/install/basic_mobile_robot/share/basic_mobile_robot/meshes/wrist.stl
[0.306s] -- Up-to-date: /home/shorouk/grad_proj_ws/install/basic_mobile_robot/share/basic_mobile_robot/meshes/elbow.stl
[0.307s] -- Up-to-date: /home/shorouk/grad_proj_ws/install/basic_mobile_robot/share/basic_mobile_robot/meshes/robot_base.stl
[0.307s] -- Up-to-date: /home/shorouk/grad_proj_ws/install/basic_mobile_robot/share/basic_mobile_robot/meshes/wheel.stl
[0.307s] -- Up-to-date: /home/shorouk/grad_proj_ws/install/basic_mobile_robot/share/basic_mobile_robot/meshes/bicep.stl
[0.308s] -- Up-to-date: /home/shorouk/grad_proj_ws/install/basic_mobile_robot/share/basic_mobile_robot/models
[0.308s] -- Installing: /home/shorouk/grad_proj_ws/install/basic_mobile_robot/share/basic_mobile_robot/models/basic_mobile_bot_v1.urdf
[0.308s] -- Up-to-date: /home/shorouk/grad_proj_ws/install/basic_mobile_robot/share/basic_mobile_robot/params
[0.309s] -- Up-to-date: /home/shorouk/grad_proj_ws/install/basic_mobile_robot/share/basic_mobile_robot/rviz
[0.310s] -- Up-to-date: /home/shorouk/grad_proj_ws/install/basic_mobile_robot/share/basic_mobile_robot/rviz/urdf_config.rviz
[0.310s] -- Up-to-date: /home/shorouk/grad_proj_ws/install/basic_mobile_robot/share/basic_mobile_robot/src
[0.311s] -- Up-to-date: /home/shorouk/grad_proj_ws/install/basic_mobile_robot/share/basic_mobile_robot/worlds
[0.311s] -- Up-to-date: /home/shorouk/grad_proj_ws/install/basic_mobile_robot/share/ament_index/resource_index/package_run_dependencies/basic_mobile_robot
[0.311s] -- Up-to-date: /home/shorouk/grad_proj_ws/install/basic_mobile_robot/share/ament_index/resource_index/parent_prefix_path/basic_mobile_robot
[0.311s] -- Up-to-date: /home/shorouk/grad_proj_ws/install/basic_mobile_robot/share/basic_mobile_robot/environment/ament_prefix_path.sh
[0.312s] -- Up-to-date: /home/shorouk/grad_proj_ws/install/basic_mobile_robot/share/basic_mobile_robot/environment/ament_prefix_path.dsv
[0.312s] -- Up-to-date: /home/shorouk/grad_proj_ws/install/basic_mobile_robot/share/basic_mobile_robot/environment/path.sh
[0.313s] -- Up-to-date: /home/shorouk/grad_proj_ws/install/basic_mobile_robot/share/basic_mobile_robot/environment/path.dsv
[0.313s] -- Up-to-date: /home/shorouk/grad_proj_ws/install/basic_mobile_robot/share/basic_mobile_robot/local_setup.bash
[0.313s] -- Up-to-date: /home/shorouk/grad_proj_ws/install/basic_mobile_robot/share/basic_mobile_robot/local_setup.sh
[0.314s] -- Up-to-date: /home/shorouk/grad_proj_ws/install/basic_mobile_robot/share/basic_mobile_robot/local_setup.zsh
[0.314s] -- Up-to-date: /home/shorouk/grad_proj_ws/install/basic_mobile_robot/share/basic_mobile_robot/local_setup.dsv
[0.314s] -- Up-to-date: /home/shorouk/grad_proj_ws/install/basic_mobile_robot/share/basic_mobile_robot/package.dsv
[0.315s] -- Up-to-date: /home/shorouk/grad_proj_ws/install/basic_mobile_robot/share/ament_index/resource_index/packages/basic_mobile_robot
[0.315s] -- Up-to-date: /home/shorouk/grad_proj_ws/install/basic_mobile_robot/share/basic_mobile_robot/cmake/basic_mobile_robotConfig.cmake
[0.316s] -- Up-to-date: /home/shorouk/grad_proj_ws/install/basic_mobile_robot/share/basic_mobile_robot/cmake/basic_mobile_robotConfig-version.cmake
[0.317s] -- Up-to-date: /home/shorouk/grad_proj_ws/install/basic_mobile_robot/share/basic_mobile_robot/package.xml
[0.357s] Invoked command in '/home/shorouk/grad_proj_ws/build/basic_mobile_robot' returned '0': CMAKE_PREFIX_PATH=${CMAKE_PREFIX_PATH}:/home/shorouk/ros2_ws/install/py_srvcli:/home/shorouk/ros2_ws/install/py_pubsub:/home/shorouk/ros2_ws/install/py_launch_example:/home/shorouk/ros2_ws/install/my_package:/home/shorouk/ros2_ws/install/examples_rclpy_minimal_subscriber:/home/shorouk/ros2_ws/install/examples_rclpy_minimal_service:/home/shorouk/ros2_ws/install/examples_rclpy_minimal_publisher:/home/shorouk/ros2_ws/install/examples_rclpy_minimal_client:/home/shorouk/ros2_ws/install/examples_rclpy_minimal_action_server:/home/shorouk/ros2_ws/install/examples_rclpy_minimal_action_client:/home/shorouk/ros2_ws/install/examples_rclpy_executors:/opt/ros/foxy /usr/bin/cmake --install /home/shorouk/grad_proj_ws/build/basic_mobile_robot
