[3.288s] Invoking command in '/home/shorouk/graduation_project/grad_proj_ws/src/sensors_sim': PYTHONPATH=/home/shorouk/graduation_project/grad_proj_ws/install/sensors_sim/lib/python3.8/site-packages:${PYTHONPATH} /usr/bin/python3 setup.py egg_info --egg-base ../../build/sensors_sim build --build-base /home/shorouk/graduation_project/grad_proj_ws/build/sensors_sim/build install --prefix /home/shorouk/graduation_project/grad_proj_ws/install/sensors_sim --record /home/shorouk/graduation_project/grad_proj_ws/build/sensors_sim/install.log --single-version-externally-managed
[3.708s] running egg_info
[3.709s] writing ../../build/sensors_sim/sensors_sim.egg-info/PKG-INFO
[3.710s] writing dependency_links to ../../build/sensors_sim/sensors_sim.egg-info/dependency_links.txt
[3.710s] writing entry points to ../../build/sensors_sim/sensors_sim.egg-info/entry_points.txt
[3.711s] writing requirements to ../../build/sensors_sim/sensors_sim.egg-info/requires.txt
[3.711s] writing top-level names to ../../build/sensors_sim/sensors_sim.egg-info/top_level.txt
[3.879s] reading manifest file '../../build/sensors_sim/sensors_sim.egg-info/SOURCES.txt'
[3.895s] writing manifest file '../../build/sensors_sim/sensors_sim.egg-info/SOURCES.txt'
[3.895s] running build
[3.896s] running build_py
[3.896s] running install
[3.897s] running install_lib
[3.900s] running install_data
[3.901s] running install_egg_info
[3.905s] removing '/home/shorouk/graduation_project/grad_proj_ws/install/sensors_sim/lib/python3.8/site-packages/sensors_sim-0.0.0-py3.8.egg-info' (and everything under it)
[3.905s] Copying ../../build/sensors_sim/sensors_sim.egg-info to /home/shorouk/graduation_project/grad_proj_ws/install/sensors_sim/lib/python3.8/site-packages/sensors_sim-0.0.0-py3.8.egg-info
[3.926s] running install_scripts
[3.958s] Installing talker script to /home/shorouk/graduation_project/grad_proj_ws/install/sensors_sim/lib/sensors_sim
[3.958s] writing list of installed files to '/home/shorouk/graduation_project/grad_proj_ws/build/sensors_sim/install.log'
[4.015s] Invoked command in '/home/shorouk/graduation_project/grad_proj_ws/src/sensors_sim' returned '0': PYTHONPATH=/home/shorouk/graduation_project/grad_proj_ws/install/sensors_sim/lib/python3.8/site-packages:${PYTHONPATH} /usr/bin/python3 setup.py egg_info --egg-base ../../build/sensors_sim build --build-base /home/shorouk/graduation_project/grad_proj_ws/build/sensors_sim/build install --prefix /home/shorouk/graduation_project/grad_proj_ws/install/sensors_sim --record /home/shorouk/graduation_project/grad_proj_ws/build/sensors_sim/install.log --single-version-externally-managed
