[0.029s] Invoking command in '/home/shorouk/grad_proj_ws/build/robot_description': CMAKE_PREFIX_PATH=${CMAKE_PREFIX_PATH}:/opt/ros/foxy /usr/bin/cmake --build /home/shorouk/grad_proj_ws/build/robot_description -- -j4 -l4
[0.106s] Invoked command in '/home/shorouk/grad_proj_ws/build/robot_description' returned '0': CMAKE_PREFIX_PATH=${CMAKE_PREFIX_PATH}:/opt/ros/foxy /usr/bin/cmake --build /home/shorouk/grad_proj_ws/build/robot_description -- -j4 -l4
[0.168s] Invoking command in '/home/shorouk/grad_proj_ws/build/robot_description': CMAKE_PREFIX_PATH=${CMAKE_PREFIX_PATH}:/opt/ros/foxy /usr/bin/cmake --install /home/shorouk/grad_proj_ws/build/robot_description
[0.187s] -- Install configuration: ""
[0.188s] -- Up-to-date: /home/shorouk/grad_proj_ws/install/robot_description/share/robot_description/src
[0.188s] -- Up-to-date: /home/shorouk/grad_proj_ws/install/robot_description/share/robot_description/launch
[0.188s] -- Installing: /home/shorouk/grad_proj_ws/install/robot_description/share/robot_description/launch/display.launch.py
[0.189s] -- Up-to-date: /home/shorouk/grad_proj_ws/install/robot_description/share/robot_description/rviz
[0.189s] -- Up-to-date: /home/shorouk/grad_proj_ws/install/robot_description/share/robot_description/rviz/urdf_config.rviz
[0.189s] -- Up-to-date: /home/shorouk/grad_proj_ws/install/robot_description/share/ament_index/resource_index/package_run_dependencies/robot_description
[0.189s] -- Up-to-date: /home/shorouk/grad_proj_ws/install/robot_description/share/ament_index/resource_index/parent_prefix_path/robot_description
[0.189s] -- Up-to-date: /home/shorouk/grad_proj_ws/install/robot_description/share/robot_description/environment/ament_prefix_path.sh
[0.189s] -- Up-to-date: /home/shorouk/grad_proj_ws/install/robot_description/share/robot_description/environment/ament_prefix_path.dsv
[0.190s] -- Up-to-date: /home/shorouk/grad_proj_ws/install/robot_description/share/robot_description/environment/path.sh
[0.190s] -- Up-to-date: /home/shorouk/grad_proj_ws/install/robot_description/share/robot_description/environment/path.dsv
[0.190s] -- Up-to-date: /home/shorouk/grad_proj_ws/install/robot_description/share/robot_description/local_setup.bash
[0.190s] -- Up-to-date: /home/shorouk/grad_proj_ws/install/robot_description/share/robot_description/local_setup.sh
[0.190s] -- Up-to-date: /home/shorouk/grad_proj_ws/install/robot_description/share/robot_description/local_setup.zsh
[0.190s] -- Up-to-date: /home/shorouk/grad_proj_ws/install/robot_description/share/robot_description/local_setup.dsv
[0.190s] -- Installing: /home/shorouk/grad_proj_ws/install/robot_description/share/robot_description/package.dsv
[0.190s] -- Up-to-date: /home/shorouk/grad_proj_ws/install/robot_description/share/ament_index/resource_index/packages/robot_description
[0.191s] -- Up-to-date: /home/shorouk/grad_proj_ws/install/robot_description/share/robot_description/cmake/robot_descriptionConfig.cmake
[0.191s] -- Up-to-date: /home/shorouk/grad_proj_ws/install/robot_description/share/robot_description/cmake/robot_descriptionConfig-version.cmake
[0.192s] -- Up-to-date: /home/shorouk/grad_proj_ws/install/robot_description/share/robot_description/package.xml
[0.194s] Invoked command in '/home/shorouk/grad_proj_ws/build/robot_description' returned '0': CMAKE_PREFIX_PATH=${CMAKE_PREFIX_PATH}:/opt/ros/foxy /usr/bin/cmake --install /home/shorouk/grad_proj_ws/build/robot_description
