[0.285s] DEBUG:colcon:Command line arguments: ['/usr/bin/colcon', 'build']
[0.285s] DEBUG:colcon:Parsed command line arguments: Namespace(allow_overriding=[], ament_cmake_args=None, base_paths=['.'], build_base='build', catkin_cmake_args=None, catkin_skip_building_tests=False, cmake_args=None, cmake_clean_cache=False, cmake_clean_first=False, cmake_force_configure=False, cmake_target=None, cmake_target_skip_unavailable=False, continue_on_error=False, event_handlers=None, executor='parallel', ignore_user_meta=False, install_base='install', log_base=None, log_level=None, main=<bound method BuildVerb.main of <colcon_core.verb.build.BuildVerb object at 0x7f5f941172e0>>, merge_install=False, metas=['./colcon.meta'], packages_above=None, packages_above_and_dependencies=None, packages_above_depth=None, packages_end=None, packages_ignore=None, packages_ignore_regex=None, packages_select=None, packages_select_build_failed=False, packages_select_by_dep=None, packages_select_regex=None, packages_select_test_failures=False, packages_skip=None, packages_skip_build_finished=False, packages_skip_by_dep=None, packages_skip_regex=None, packages_skip_test_passed=False, packages_skip_up_to=None, packages_start=None, packages_up_to=None, packages_up_to_regex=None, parallel_workers=4, paths=None, symlink_install=False, test_result_base=None, verb_extension=<colcon_core.verb.build.BuildVerb object at 0x7f5f941172e0>, verb_name='build', verb_parser=<colcon_defaults.argument_parser.defaults.DefaultArgumentsDecorator object at 0x7f5f94117820>)
[0.335s] Level 1:colcon.colcon_core.package_discovery:discover_packages(colcon_meta) check parameters
[0.336s] Level 1:colcon.colcon_core.package_discovery:discover_packages(recursive) check parameters
[0.336s] Level 1:colcon.colcon_core.package_discovery:discover_packages(ignore) check parameters
[0.336s] Level 1:colcon.colcon_core.package_discovery:discover_packages(path) check parameters
[0.336s] Level 1:colcon.colcon_core.package_discovery:discover_packages(colcon_meta) discover
[0.336s] Level 1:colcon.colcon_core.package_discovery:discover_packages(recursive) discover
[0.336s] INFO:colcon.colcon_core.package_discovery:Crawling recursively for packages in '/home/shorouk/grad_proj_ws'
[0.336s] Level 1:colcon.colcon_core.package_identification:_identify(.) by extensions ['ignore', 'ignore_ament_install']
[0.336s] Level 1:colcon.colcon_core.package_identification:_identify(.) by extension 'ignore'
[0.336s] Level 1:colcon.colcon_core.package_identification:_identify(.) by extension 'ignore_ament_install'
[0.337s] Level 1:colcon.colcon_core.package_identification:_identify(.) by extensions ['colcon_pkg']
[0.337s] Level 1:colcon.colcon_core.package_identification:_identify(.) by extension 'colcon_pkg'
[0.337s] Level 1:colcon.colcon_core.package_identification:_identify(.) by extensions ['colcon_meta']
[0.337s] Level 1:colcon.colcon_core.package_identification:_identify(.) by extension 'colcon_meta'
[0.337s] Level 1:colcon.colcon_core.package_identification:_identify(.) by extensions ['ros']
[0.337s] Level 1:colcon.colcon_core.package_identification:_identify(.) by extension 'ros'
[0.357s] Level 1:colcon.colcon_core.package_identification:_identify(.) by extensions ['cmake', 'python']
[0.357s] Level 1:colcon.colcon_core.package_identification:_identify(.) by extension 'cmake'
[0.357s] Level 1:colcon.colcon_core.package_identification:_identify(.) by extension 'python'
[0.357s] Level 1:colcon.colcon_core.package_identification:_identify(.) by extensions ['python_setup_py']
[0.357s] Level 1:colcon.colcon_core.package_identification:_identify(.) by extension 'python_setup_py'
[0.358s] Level 1:colcon.colcon_core.package_identification:_identify(build) by extensions ['ignore', 'ignore_ament_install']
[0.358s] Level 1:colcon.colcon_core.package_identification:_identify(build) by extension 'ignore'
[0.358s] Level 1:colcon.colcon_core.package_identification:_identify(build) ignored
[0.358s] Level 1:colcon.colcon_core.package_identification:_identify(install) by extensions ['ignore', 'ignore_ament_install']
[0.359s] Level 1:colcon.colcon_core.package_identification:_identify(install) by extension 'ignore'
[0.359s] Level 1:colcon.colcon_core.package_identification:_identify(install) ignored
[0.359s] Level 1:colcon.colcon_core.package_identification:_identify(log) by extensions ['ignore', 'ignore_ament_install']
[0.359s] Level 1:colcon.colcon_core.package_identification:_identify(log) by extension 'ignore'
[0.359s] Level 1:colcon.colcon_core.package_identification:_identify(log) ignored
[0.359s] Level 1:colcon.colcon_core.package_identification:_identify(src) by extensions ['ignore', 'ignore_ament_install']
[0.359s] Level 1:colcon.colcon_core.package_identification:_identify(src) by extension 'ignore'
[0.360s] Level 1:colcon.colcon_core.package_identification:_identify(src) by extension 'ignore_ament_install'
[0.360s] Level 1:colcon.colcon_core.package_identification:_identify(src) by extensions ['colcon_pkg']
[0.360s] Level 1:colcon.colcon_core.package_identification:_identify(src) by extension 'colcon_pkg'
[0.360s] Level 1:colcon.colcon_core.package_identification:_identify(src) by extensions ['colcon_meta']
[0.360s] Level 1:colcon.colcon_core.package_identification:_identify(src) by extension 'colcon_meta'
[0.360s] Level 1:colcon.colcon_core.package_identification:_identify(src) by extensions ['ros']
[0.360s] Level 1:colcon.colcon_core.package_identification:_identify(src) by extension 'ros'
[0.360s] Level 1:colcon.colcon_core.package_identification:_identify(src) by extensions ['cmake', 'python']
[0.360s] Level 1:colcon.colcon_core.package_identification:_identify(src) by extension 'cmake'
[0.360s] Level 1:colcon.colcon_core.package_identification:_identify(src) by extension 'python'
[0.360s] Level 1:colcon.colcon_core.package_identification:_identify(src) by extensions ['python_setup_py']
[0.360s] Level 1:colcon.colcon_core.package_identification:_identify(src) by extension 'python_setup_py'
[0.361s] Level 1:colcon.colcon_core.package_identification:_identify(src/basic_mobile_robot) by extensions ['ignore', 'ignore_ament_install']
[0.361s] Level 1:colcon.colcon_core.package_identification:_identify(src/basic_mobile_robot) by extension 'ignore'
[0.361s] Level 1:colcon.colcon_core.package_identification:_identify(src/basic_mobile_robot) by extension 'ignore_ament_install'
[0.361s] Level 1:colcon.colcon_core.package_identification:_identify(src/basic_mobile_robot) by extensions ['colcon_pkg']
[0.361s] Level 1:colcon.colcon_core.package_identification:_identify(src/basic_mobile_robot) by extension 'colcon_pkg'
[0.361s] Level 1:colcon.colcon_core.package_identification:_identify(src/basic_mobile_robot) by extensions ['colcon_meta']
[0.361s] Level 1:colcon.colcon_core.package_identification:_identify(src/basic_mobile_robot) by extension 'colcon_meta'
[0.361s] Level 1:colcon.colcon_core.package_identification:_identify(src/basic_mobile_robot) by extensions ['ros']
[0.361s] Level 1:colcon.colcon_core.package_identification:_identify(src/basic_mobile_robot) by extension 'ros'
[0.366s] DEBUG:colcon.colcon_core.package_identification:Package 'src/basic_mobile_robot' with type 'ros.ament_cmake' and name 'basic_mobile_robot'
[0.366s] Level 1:colcon.colcon_core.package_identification:_identify(src/robot_sim) by extensions ['ignore', 'ignore_ament_install']
[0.366s] Level 1:colcon.colcon_core.package_identification:_identify(src/robot_sim) by extension 'ignore'
[0.367s] Level 1:colcon.colcon_core.package_identification:_identify(src/robot_sim) by extension 'ignore_ament_install'
[0.367s] Level 1:colcon.colcon_core.package_identification:_identify(src/robot_sim) by extensions ['colcon_pkg']
[0.367s] Level 1:colcon.colcon_core.package_identification:_identify(src/robot_sim) by extension 'colcon_pkg'
[0.367s] Level 1:colcon.colcon_core.package_identification:_identify(src/robot_sim) by extensions ['colcon_meta']
[0.367s] Level 1:colcon.colcon_core.package_identification:_identify(src/robot_sim) by extension 'colcon_meta'
[0.367s] Level 1:colcon.colcon_core.package_identification:_identify(src/robot_sim) by extensions ['ros']
[0.367s] Level 1:colcon.colcon_core.package_identification:_identify(src/robot_sim) by extension 'ros'
[0.368s] DEBUG:colcon.colcon_core.package_identification:Package 'src/robot_sim' with type 'ros.ament_cmake' and name 'robot_sim'
[0.368s] Level 1:colcon.colcon_core.package_discovery:discover_packages(recursive) using defaults
[0.368s] Level 1:colcon.colcon_core.package_discovery:discover_packages(ignore) discover
[0.369s] Level 1:colcon.colcon_core.package_discovery:discover_packages(ignore) using defaults
[0.369s] Level 1:colcon.colcon_core.package_discovery:discover_packages(path) discover
[0.369s] Level 1:colcon.colcon_core.package_discovery:discover_packages(path) using defaults
[0.422s] Level 1:colcon.colcon_core.package_discovery:discover_packages(prefix_path) check parameters
[0.422s] Level 1:colcon.colcon_core.package_discovery:discover_packages(prefix_path) discover
[0.428s] DEBUG:colcon.colcon_installed_package_information.package_discovery:Found 326 installed packages in /opt/ros/foxy
[0.432s] Level 1:colcon.colcon_core.package_discovery:discover_packages(prefix_path) using defaults
[0.585s] Level 5:colcon.colcon_core.verb:set package 'basic_mobile_robot' build argument 'cmake_args' from command line to 'None'
[0.585s] Level 5:colcon.colcon_core.verb:set package 'basic_mobile_robot' build argument 'cmake_target' from command line to 'None'
[0.585s] Level 5:colcon.colcon_core.verb:set package 'basic_mobile_robot' build argument 'cmake_target_skip_unavailable' from command line to 'False'
[0.585s] Level 5:colcon.colcon_core.verb:set package 'basic_mobile_robot' build argument 'cmake_clean_cache' from command line to 'False'
[0.585s] Level 5:colcon.colcon_core.verb:set package 'basic_mobile_robot' build argument 'cmake_clean_first' from command line to 'False'
[0.585s] Level 5:colcon.colcon_core.verb:set package 'basic_mobile_robot' build argument 'cmake_force_configure' from command line to 'False'
[0.585s] Level 5:colcon.colcon_core.verb:set package 'basic_mobile_robot' build argument 'ament_cmake_args' from command line to 'None'
[0.586s] Level 5:colcon.colcon_core.verb:set package 'basic_mobile_robot' build argument 'catkin_cmake_args' from command line to 'None'
[0.586s] Level 5:colcon.colcon_core.verb:set package 'basic_mobile_robot' build argument 'catkin_skip_building_tests' from command line to 'False'
[0.586s] DEBUG:colcon.colcon_core.verb:Building package 'basic_mobile_robot' with the following arguments: {'ament_cmake_args': None, 'build_base': '/home/shorouk/grad_proj_ws/build/basic_mobile_robot', 'catkin_cmake_args': None, 'catkin_skip_building_tests': False, 'cmake_args': None, 'cmake_clean_cache': False, 'cmake_clean_first': False, 'cmake_force_configure': False, 'cmake_target': None, 'cmake_target_skip_unavailable': False, 'install_base': '/home/shorouk/grad_proj_ws/install/basic_mobile_robot', 'merge_install': False, 'path': '/home/shorouk/grad_proj_ws/src/basic_mobile_robot', 'symlink_install': False, 'test_result_base': None}
[0.588s] Level 5:colcon.colcon_core.verb:set package 'robot_sim' build argument 'cmake_args' from command line to 'None'
[0.588s] Level 5:colcon.colcon_core.verb:set package 'robot_sim' build argument 'cmake_target' from command line to 'None'
[0.588s] Level 5:colcon.colcon_core.verb:set package 'robot_sim' build argument 'cmake_target_skip_unavailable' from command line to 'False'
[0.588s] Level 5:colcon.colcon_core.verb:set package 'robot_sim' build argument 'cmake_clean_cache' from command line to 'False'
[0.588s] Level 5:colcon.colcon_core.verb:set package 'robot_sim' build argument 'cmake_clean_first' from command line to 'False'
[0.588s] Level 5:colcon.colcon_core.verb:set package 'robot_sim' build argument 'cmake_force_configure' from command line to 'False'
[0.588s] Level 5:colcon.colcon_core.verb:set package 'robot_sim' build argument 'ament_cmake_args' from command line to 'None'
[0.588s] Level 5:colcon.colcon_core.verb:set package 'robot_sim' build argument 'catkin_cmake_args' from command line to 'None'
[0.588s] Level 5:colcon.colcon_core.verb:set package 'robot_sim' build argument 'catkin_skip_building_tests' from command line to 'False'
[0.588s] DEBUG:colcon.colcon_core.verb:Building package 'robot_sim' with the following arguments: {'ament_cmake_args': None, 'build_base': '/home/shorouk/grad_proj_ws/build/robot_sim', 'catkin_cmake_args': None, 'catkin_skip_building_tests': False, 'cmake_args': None, 'cmake_clean_cache': False, 'cmake_clean_first': False, 'cmake_force_configure': False, 'cmake_target': None, 'cmake_target_skip_unavailable': False, 'install_base': '/home/shorouk/grad_proj_ws/install/robot_sim', 'merge_install': False, 'path': '/home/shorouk/grad_proj_ws/src/robot_sim', 'symlink_install': False, 'test_result_base': None}
[0.589s] INFO:colcon.colcon_core.executor:Executing jobs using 'parallel' executor
[0.596s] DEBUG:colcon.colcon_parallel_executor.executor.parallel:run_until_complete
[0.597s] INFO:colcon.colcon_ros.task.ament_cmake.build:Building ROS package in '/home/shorouk/grad_proj_ws/src/basic_mobile_robot' with build type 'ament_cmake'
[0.597s] INFO:colcon.colcon_cmake.task.cmake.build:Building CMake package in '/home/shorouk/grad_proj_ws/src/basic_mobile_robot'
[0.605s] INFO:colcon.colcon_core.plugin_system:Skipping extension 'colcon_core.shell.bat': Not used on non-Windows systems
[0.606s] INFO:colcon.colcon_core.shell:Skip shell extension 'powershell' for command environment: Not usable outside of PowerShell
[0.606s] DEBUG:colcon.colcon_core.shell:Skip shell extension 'dsv' for command environment
[0.617s] INFO:colcon.colcon_ros.task.ament_cmake.build:Building ROS package in '/home/shorouk/grad_proj_ws/src/robot_sim' with build type 'ament_cmake'
[0.618s] INFO:colcon.colcon_cmake.task.cmake.build:Building CMake package in '/home/shorouk/grad_proj_ws/src/robot_sim'
[0.621s] INFO:colcon.colcon_core.shell:Skip shell extension 'powershell' for command environment: Not usable outside of PowerShell
[0.622s] DEBUG:colcon.colcon_core.shell:Skip shell extension 'dsv' for command environment
[0.647s] DEBUG:colcon.colcon_core.event_handler.log_command:Invoking command in '/home/shorouk/grad_proj_ws/build/basic_mobile_robot': CMAKE_PREFIX_PATH=/opt/ros/foxy /usr/bin/cmake --build /home/shorouk/grad_proj_ws/build/basic_mobile_robot -- -j4 -l4
[0.671s] DEBUG:colcon.colcon_core.event_handler.log_command:Invoking command in '/home/shorouk/grad_proj_ws/build/robot_sim': CMAKE_PREFIX_PATH=/opt/ros/foxy /usr/bin/cmake --build /home/shorouk/grad_proj_ws/build/robot_sim -- -j4 -l4
[0.729s] DEBUG:colcon.colcon_core.event_handler.log_command:Invoked command in '/home/shorouk/grad_proj_ws/build/basic_mobile_robot' returned '0': CMAKE_PREFIX_PATH=/opt/ros/foxy /usr/bin/cmake --build /home/shorouk/grad_proj_ws/build/basic_mobile_robot -- -j4 -l4
[0.742s] DEBUG:colcon.colcon_core.event_handler.log_command:Invoked command in '/home/shorouk/grad_proj_ws/build/robot_sim' returned '0': CMAKE_PREFIX_PATH=/opt/ros/foxy /usr/bin/cmake --build /home/shorouk/grad_proj_ws/build/robot_sim -- -j4 -l4
[0.796s] DEBUG:colcon.colcon_core.event_handler.log_command:Invoking command in '/home/shorouk/grad_proj_ws/build/basic_mobile_robot': CMAKE_PREFIX_PATH=/opt/ros/foxy /usr/bin/cmake --install /home/shorouk/grad_proj_ws/build/basic_mobile_robot
[0.804s] DEBUG:colcon.colcon_core.event_handler.log_command:Invoking command in '/home/shorouk/grad_proj_ws/build/robot_sim': CMAKE_PREFIX_PATH=/opt/ros/foxy /usr/bin/cmake --install /home/shorouk/grad_proj_ws/build/robot_sim
[0.820s] Level 1:colcon.colcon_core.environment:create_environment_scripts_only(basic_mobile_robot)
[0.831s] DEBUG:colcon.colcon_core.event_handler.log_command:Invoked command in '/home/shorouk/grad_proj_ws/build/basic_mobile_robot' returned '0': CMAKE_PREFIX_PATH=/opt/ros/foxy /usr/bin/cmake --install /home/shorouk/grad_proj_ws/build/basic_mobile_robot
[0.845s] Level 1:colcon.colcon_core.environment:checking '/home/shorouk/grad_proj_ws/install/basic_mobile_robot' for CMake module files
[0.848s] Level 1:colcon.colcon_core.environment:checking '/home/shorouk/grad_proj_ws/install/basic_mobile_robot' for CMake config files
[0.850s] Level 1:colcon.colcon_core.shell:create_environment_hook('basic_mobile_robot', 'cmake_prefix_path')
[0.853s] INFO:colcon.colcon_core.shell:Creating environment hook '/home/shorouk/grad_proj_ws/install/basic_mobile_robot/share/basic_mobile_robot/hook/cmake_prefix_path.ps1'
[0.855s] INFO:colcon.colcon_core.shell:Creating environment descriptor '/home/shorouk/grad_proj_ws/install/basic_mobile_robot/share/basic_mobile_robot/hook/cmake_prefix_path.dsv'
[0.856s] INFO:colcon.colcon_core.shell:Creating environment hook '/home/shorouk/grad_proj_ws/install/basic_mobile_robot/share/basic_mobile_robot/hook/cmake_prefix_path.sh'
[0.858s] Level 1:colcon.colcon_core.environment:checking '/home/shorouk/grad_proj_ws/install/basic_mobile_robot/bin'
[0.858s] Level 1:colcon.colcon_core.environment:checking '/home/shorouk/grad_proj_ws/install/basic_mobile_robot/lib/pkgconfig/basic_mobile_robot.pc'
[0.859s] Level 1:colcon.colcon_core.environment:checking '/home/shorouk/grad_proj_ws/install/basic_mobile_robot/lib/python3.8/site-packages'
[0.859s] Level 1:colcon.colcon_core.environment:checking '/home/shorouk/grad_proj_ws/install/basic_mobile_robot/bin'
[0.862s] INFO:colcon.colcon_core.shell:Creating package script '/home/shorouk/grad_proj_ws/install/basic_mobile_robot/share/basic_mobile_robot/package.ps1'
[0.864s] INFO:colcon.colcon_core.shell:Creating package descriptor '/home/shorouk/grad_proj_ws/install/basic_mobile_robot/share/basic_mobile_robot/package.dsv'
[0.865s] INFO:colcon.colcon_core.shell:Creating package script '/home/shorouk/grad_proj_ws/install/basic_mobile_robot/share/basic_mobile_robot/package.sh'
[0.866s] INFO:colcon.colcon_core.shell:Creating package script '/home/shorouk/grad_proj_ws/install/basic_mobile_robot/share/basic_mobile_robot/package.bash'
[0.867s] INFO:colcon.colcon_core.shell:Creating package script '/home/shorouk/grad_proj_ws/install/basic_mobile_robot/share/basic_mobile_robot/package.zsh'
[0.869s] Level 1:colcon.colcon_core.environment:create_file_with_runtime_dependencies(/home/shorouk/grad_proj_ws/install/basic_mobile_robot/share/colcon-core/packages/basic_mobile_robot)
[0.875s] Level 1:colcon.colcon_core.environment:create_environment_scripts_only(robot_sim)
[0.880s] Level 1:colcon.colcon_core.environment:checking '/home/shorouk/grad_proj_ws/install/robot_sim' for CMake module files
[0.881s] DEBUG:colcon.colcon_core.event_handler.log_command:Invoked command in '/home/shorouk/grad_proj_ws/build/robot_sim' returned '0': CMAKE_PREFIX_PATH=/opt/ros/foxy /usr/bin/cmake --install /home/shorouk/grad_proj_ws/build/robot_sim
[0.882s] Level 1:colcon.colcon_core.environment:checking '/home/shorouk/grad_proj_ws/install/robot_sim' for CMake config files
[0.883s] Level 1:colcon.colcon_core.shell:create_environment_hook('robot_sim', 'cmake_prefix_path')
[0.886s] INFO:colcon.colcon_core.shell:Creating environment hook '/home/shorouk/grad_proj_ws/install/robot_sim/share/robot_sim/hook/cmake_prefix_path.ps1'
[0.887s] INFO:colcon.colcon_core.shell:Creating environment descriptor '/home/shorouk/grad_proj_ws/install/robot_sim/share/robot_sim/hook/cmake_prefix_path.dsv'
[0.888s] INFO:colcon.colcon_core.shell:Creating environment hook '/home/shorouk/grad_proj_ws/install/robot_sim/share/robot_sim/hook/cmake_prefix_path.sh'
[0.889s] Level 1:colcon.colcon_core.environment:checking '/home/shorouk/grad_proj_ws/install/robot_sim/bin'
[0.889s] Level 1:colcon.colcon_core.environment:checking '/home/shorouk/grad_proj_ws/install/robot_sim/lib/pkgconfig/robot_sim.pc'
[0.889s] Level 1:colcon.colcon_core.environment:checking '/home/shorouk/grad_proj_ws/install/robot_sim/lib/python3.8/site-packages'
[0.890s] Level 1:colcon.colcon_core.environment:checking '/home/shorouk/grad_proj_ws/install/robot_sim/bin'
[0.893s] INFO:colcon.colcon_core.shell:Creating package script '/home/shorouk/grad_proj_ws/install/robot_sim/share/robot_sim/package.ps1'
[0.894s] INFO:colcon.colcon_core.shell:Creating package descriptor '/home/shorouk/grad_proj_ws/install/robot_sim/share/robot_sim/package.dsv'
[0.895s] INFO:colcon.colcon_core.shell:Creating package script '/home/shorouk/grad_proj_ws/install/robot_sim/share/robot_sim/package.sh'
[0.895s] INFO:colcon.colcon_core.shell:Creating package script '/home/shorouk/grad_proj_ws/install/robot_sim/share/robot_sim/package.bash'
[0.896s] INFO:colcon.colcon_core.shell:Creating package script '/home/shorouk/grad_proj_ws/install/robot_sim/share/robot_sim/package.zsh'
[0.897s] Level 1:colcon.colcon_core.environment:create_file_with_runtime_dependencies(/home/shorouk/grad_proj_ws/install/robot_sim/share/colcon-core/packages/robot_sim)
[0.912s] Level 1:colcon.colcon_core.environment:create_environment_scripts_only(basic_mobile_robot)
[0.918s] Level 1:colcon.colcon_core.environment:checking '/home/shorouk/grad_proj_ws/install/basic_mobile_robot' for CMake module files
[0.920s] Level 1:colcon.colcon_core.environment:checking '/home/shorouk/grad_proj_ws/install/basic_mobile_robot' for CMake config files
[0.921s] Level 1:colcon.colcon_core.shell:create_environment_hook('basic_mobile_robot', 'cmake_prefix_path')
[0.924s] INFO:colcon.colcon_core.shell:Creating environment hook '/home/shorouk/grad_proj_ws/install/basic_mobile_robot/share/basic_mobile_robot/hook/cmake_prefix_path.ps1'
[0.926s] INFO:colcon.colcon_core.shell:Creating environment descriptor '/home/shorouk/grad_proj_ws/install/basic_mobile_robot/share/basic_mobile_robot/hook/cmake_prefix_path.dsv'
[0.926s] INFO:colcon.colcon_core.shell:Creating environment hook '/home/shorouk/grad_proj_ws/install/basic_mobile_robot/share/basic_mobile_robot/hook/cmake_prefix_path.sh'
[0.927s] Level 1:colcon.colcon_core.environment:checking '/home/shorouk/grad_proj_ws/install/basic_mobile_robot/bin'
[0.928s] Level 1:colcon.colcon_core.environment:checking '/home/shorouk/grad_proj_ws/install/basic_mobile_robot/lib/pkgconfig/basic_mobile_robot.pc'
[0.928s] Level 1:colcon.colcon_core.environment:checking '/home/shorouk/grad_proj_ws/install/basic_mobile_robot/lib/python3.8/site-packages'
[0.929s] Level 1:colcon.colcon_core.environment:checking '/home/shorouk/grad_proj_ws/install/basic_mobile_robot/bin'
[0.932s] INFO:colcon.colcon_core.shell:Creating package script '/home/shorouk/grad_proj_ws/install/basic_mobile_robot/share/basic_mobile_robot/package.ps1'
[0.933s] INFO:colcon.colcon_core.shell:Creating package descriptor '/home/shorouk/grad_proj_ws/install/basic_mobile_robot/share/basic_mobile_robot/package.dsv'
[0.934s] INFO:colcon.colcon_core.shell:Creating package script '/home/shorouk/grad_proj_ws/install/basic_mobile_robot/share/basic_mobile_robot/package.sh'
[0.935s] INFO:colcon.colcon_core.shell:Creating package script '/home/shorouk/grad_proj_ws/install/basic_mobile_robot/share/basic_mobile_robot/package.bash'
[0.935s] INFO:colcon.colcon_core.shell:Creating package script '/home/shorouk/grad_proj_ws/install/basic_mobile_robot/share/basic_mobile_robot/package.zsh'
[0.936s] Level 1:colcon.colcon_core.environment:create_file_with_runtime_dependencies(/home/shorouk/grad_proj_ws/install/basic_mobile_robot/share/colcon-core/packages/basic_mobile_robot)
[0.943s] Level 1:colcon.colcon_core.environment:create_environment_scripts_only(robot_sim)
[0.947s] Level 1:colcon.colcon_core.environment:checking '/home/shorouk/grad_proj_ws/install/robot_sim' for CMake module files
[0.948s] Level 1:colcon.colcon_core.environment:checking '/home/shorouk/grad_proj_ws/install/robot_sim' for CMake config files
[0.948s] Level 1:colcon.colcon_core.shell:create_environment_hook('robot_sim', 'cmake_prefix_path')
[0.951s] INFO:colcon.colcon_core.shell:Creating environment hook '/home/shorouk/grad_proj_ws/install/robot_sim/share/robot_sim/hook/cmake_prefix_path.ps1'
[0.952s] INFO:colcon.colcon_core.shell:Creating environment descriptor '/home/shorouk/grad_proj_ws/install/robot_sim/share/robot_sim/hook/cmake_prefix_path.dsv'
[0.952s] INFO:colcon.colcon_core.shell:Creating environment hook '/home/shorouk/grad_proj_ws/install/robot_sim/share/robot_sim/hook/cmake_prefix_path.sh'
[0.953s] Level 1:colcon.colcon_core.environment:checking '/home/shorouk/grad_proj_ws/install/robot_sim/bin'
[0.954s] Level 1:colcon.colcon_core.environment:checking '/home/shorouk/grad_proj_ws/install/robot_sim/lib/pkgconfig/robot_sim.pc'
[0.954s] Level 1:colcon.colcon_core.environment:checking '/home/shorouk/grad_proj_ws/install/robot_sim/lib/python3.8/site-packages'
[0.955s] Level 1:colcon.colcon_core.environment:checking '/home/shorouk/grad_proj_ws/install/robot_sim/bin'
[0.958s] INFO:colcon.colcon_core.shell:Creating package script '/home/shorouk/grad_proj_ws/install/robot_sim/share/robot_sim/package.ps1'
[0.959s] INFO:colcon.colcon_core.shell:Creating package descriptor '/home/shorouk/grad_proj_ws/install/robot_sim/share/robot_sim/package.dsv'
[0.960s] INFO:colcon.colcon_core.shell:Creating package script '/home/shorouk/grad_proj_ws/install/robot_sim/share/robot_sim/package.sh'
[0.961s] INFO:colcon.colcon_core.shell:Creating package script '/home/shorouk/grad_proj_ws/install/robot_sim/share/robot_sim/package.bash'
[0.962s] INFO:colcon.colcon_core.shell:Creating package script '/home/shorouk/grad_proj_ws/install/robot_sim/share/robot_sim/package.zsh'
[0.963s] Level 1:colcon.colcon_core.environment:create_file_with_runtime_dependencies(/home/shorouk/grad_proj_ws/install/robot_sim/share/colcon-core/packages/robot_sim)
[0.963s] DEBUG:colcon.colcon_parallel_executor.executor.parallel:closing loop
[0.964s] DEBUG:colcon.colcon_parallel_executor.executor.parallel:loop closed
[0.964s] DEBUG:colcon.colcon_parallel_executor.executor.parallel:run_until_complete finished with '0'
[0.964s] DEBUG:colcon.colcon_core.event_reactor:joining thread
[0.978s] INFO:colcon.colcon_core.plugin_system:Skipping extension 'colcon_notification.desktop_notification.terminal_notifier': Not used on non-Darwin systems
[0.978s] INFO:colcon.colcon_core.plugin_system:Skipping extension 'colcon_notification.desktop_notification.win32': Not used on non-Windows systems
[0.978s] INFO:colcon.colcon_notification.desktop_notification:Sending desktop notification using 'notify2'
[1.008s] DEBUG:colcon.colcon_core.event_reactor:joined thread
[1.013s] INFO:colcon.colcon_core.shell:Creating prefix script '/home/shorouk/grad_proj_ws/install/local_setup.ps1'
[1.016s] INFO:colcon.colcon_core.shell:Creating prefix util module '/home/shorouk/grad_proj_ws/install/_local_setup_util_ps1.py'
[1.020s] INFO:colcon.colcon_core.shell:Creating prefix chain script '/home/shorouk/grad_proj_ws/install/setup.ps1'
[1.022s] INFO:colcon.colcon_core.shell:Creating prefix script '/home/shorouk/grad_proj_ws/install/local_setup.sh'
[1.023s] INFO:colcon.colcon_core.shell:Creating prefix util module '/home/shorouk/grad_proj_ws/install/_local_setup_util_sh.py'
[1.024s] INFO:colcon.colcon_core.shell:Creating prefix chain script '/home/shorouk/grad_proj_ws/install/setup.sh'
[1.027s] INFO:colcon.colcon_core.shell:Creating prefix script '/home/shorouk/grad_proj_ws/install/local_setup.bash'
[1.027s] INFO:colcon.colcon_core.shell:Creating prefix chain script '/home/shorouk/grad_proj_ws/install/setup.bash'
[1.031s] INFO:colcon.colcon_core.shell:Creating prefix script '/home/shorouk/grad_proj_ws/install/local_setup.zsh'
[1.033s] INFO:colcon.colcon_core.shell:Creating prefix chain script '/home/shorouk/grad_proj_ws/install/setup.zsh'
