running egg_info
writing ../../build/initial_pose_pub/initial_pose_pub.egg-info/PKG-INFO
writing dependency_links to ../../build/initial_pose_pub/initial_pose_pub.egg-info/dependency_links.txt
writing entry points to ../../build/initial_pose_pub/initial_pose_pub.egg-info/entry_points.txt
writing requirements to ../../build/initial_pose_pub/initial_pose_pub.egg-info/requires.txt
writing top-level names to ../../build/initial_pose_pub/initial_pose_pub.egg-info/top_level.txt
reading manifest file '../../build/initial_pose_pub/initial_pose_pub.egg-info/SOURCES.txt'
writing manifest file '../../build/initial_pose_pub/initial_pose_pub.egg-info/SOURCES.txt'
running build
running build_py
copying initial_pose_pub/initial_pose.py -> /home/shorouk/graduation_project/grad_proj_ws/build/initial_pose_pub/build/lib/initial_pose_pub
running install
running install_lib
copying /home/shorouk/graduation_project/grad_proj_ws/build/initial_pose_pub/build/lib/initial_pose_pub/initial_pose.py -> /home/shorouk/graduation_project/grad_proj_ws/install/initial_pose_pub/lib/python3.8/site-packages/initial_pose_pub
byte-compiling /home/shorouk/graduation_project/grad_proj_ws/install/initial_pose_pub/lib/python3.8/site-packages/initial_pose_pub/initial_pose.py to initial_pose.cpython-38.pyc
Sorry: IndentationError: unindent does not match any outer indentation level (initial_pose.py, line 18)
running install_data
running install_egg_info
removing '/home/shorouk/graduation_project/grad_proj_ws/install/initial_pose_pub/lib/python3.8/site-packages/initial_pose_pub-0.0.0-py3.8.egg-info' (and everything under it)
Copying ../../build/initial_pose_pub/initial_pose_pub.egg-info to /home/shorouk/graduation_project/grad_proj_ws/install/initial_pose_pub/lib/python3.8/site-packages/initial_pose_pub-0.0.0-py3.8.egg-info
running install_scripts
Installing talker script to /home/shorouk/graduation_project/grad_proj_ws/install/initial_pose_pub/lib/initial_pose_pub
writing list of installed files to '/home/shorouk/graduation_project/grad_proj_ws/build/initial_pose_pub/install.log'
