[1.335s] Invoking command in '/home/shorouk/graduation_project/grad_proj_ws/src/initial_pose_pub': PYTHONPATH=/home/shorouk/graduation_project/grad_proj_ws/install/initial_pose_pub/lib/python3.8/site-packages:${PYTHONPATH} /usr/bin/python3 setup.py egg_info --egg-base ../../build/initial_pose_pub build --build-base /home/shorouk/graduation_project/grad_proj_ws/build/initial_pose_pub/build install --prefix /home/shorouk/graduation_project/grad_proj_ws/install/initial_pose_pub --record /home/shorouk/graduation_project/grad_proj_ws/build/initial_pose_pub/install.log --single-version-externally-managed
[1.794s] running egg_info
[1.795s] writing ../../build/initial_pose_pub/initial_pose_pub.egg-info/PKG-INFO
[1.795s] writing dependency_links to ../../build/initial_pose_pub/initial_pose_pub.egg-info/dependency_links.txt
[1.796s] writing entry points to ../../build/initial_pose_pub/initial_pose_pub.egg-info/entry_points.txt
[1.796s] writing requirements to ../../build/initial_pose_pub/initial_pose_pub.egg-info/requires.txt
[1.796s] writing top-level names to ../../build/initial_pose_pub/initial_pose_pub.egg-info/top_level.txt
[1.866s] reading manifest file '../../build/initial_pose_pub/initial_pose_pub.egg-info/SOURCES.txt'
[1.869s] writing manifest file '../../build/initial_pose_pub/initial_pose_pub.egg-info/SOURCES.txt'
[1.870s] running build
[1.870s] running build_py
[1.870s] copying initial_pose_pub/initial_pose.py -> /home/shorouk/graduation_project/grad_proj_ws/build/initial_pose_pub/build/lib/initial_pose_pub
[1.871s] running install
[1.873s] running install_lib
[1.876s] copying /home/shorouk/graduation_project/grad_proj_ws/build/initial_pose_pub/build/lib/initial_pose_pub/initial_pose.py -> /home/shorouk/graduation_project/grad_proj_ws/install/initial_pose_pub/lib/python3.8/site-packages/initial_pose_pub
[1.877s] byte-compiling /home/shorouk/graduation_project/grad_proj_ws/install/initial_pose_pub/lib/python3.8/site-packages/initial_pose_pub/initial_pose.py to initial_pose.cpython-38.pyc
[1.881s] Sorry: IndentationError: unindent does not match any outer indentation level (initial_pose.py, line 18)
[1.881s] running install_data
[1.882s] running install_egg_info
[1.887s] removing '/home/shorouk/graduation_project/grad_proj_ws/install/initial_pose_pub/lib/python3.8/site-packages/initial_pose_pub-0.0.0-py3.8.egg-info' (and everything under it)
[1.888s] Copying ../../build/initial_pose_pub/initial_pose_pub.egg-info to /home/shorouk/graduation_project/grad_proj_ws/install/initial_pose_pub/lib/python3.8/site-packages/initial_pose_pub-0.0.0-py3.8.egg-info
[1.890s] running install_scripts
[1.942s] Installing talker script to /home/shorouk/graduation_project/grad_proj_ws/install/initial_pose_pub/lib/initial_pose_pub
[1.943s] writing list of installed files to '/home/shorouk/graduation_project/grad_proj_ws/build/initial_pose_pub/install.log'
[1.986s] Invoked command in '/home/shorouk/graduation_project/grad_proj_ws/src/initial_pose_pub' returned '0': PYTHONPATH=/home/shorouk/graduation_project/grad_proj_ws/install/initial_pose_pub/lib/python3.8/site-packages:${PYTHONPATH} /usr/bin/python3 setup.py egg_info --egg-base ../../build/initial_pose_pub build --build-base /home/shorouk/graduation_project/grad_proj_ws/build/initial_pose_pub/build install --prefix /home/shorouk/graduation_project/grad_proj_ws/install/initial_pose_pub --record /home/shorouk/graduation_project/grad_proj_ws/build/initial_pose_pub/install.log --single-version-externally-managed
