[2.722s] DEBUG:colcon:Command line arguments: ['/usr/bin/colcon', 'build', '--packages-select', 'sensors_sim']
[2.722s] DEBUG:colcon:Parsed command line arguments: Namespace(allow_overriding=[], ament_cmake_args=None, base_paths=['.'], build_base='build', catkin_cmake_args=None, catkin_skip_building_tests=False, cmake_args=None, cmake_clean_cache=False, cmake_clean_first=False, cmake_force_configure=False, cmake_target=None, cmake_target_skip_unavailable=False, continue_on_error=False, event_handlers=None, executor='parallel', ignore_user_meta=False, install_base='install', log_base=None, log_level=None, main=<bound method BuildVerb.main of <colcon_core.verb.build.BuildVerb object at 0x7fd87e2bcdf0>>, merge_install=False, metas=['./colcon.meta'], packages_above=None, packages_above_and_dependencies=None, packages_above_depth=None, packages_end=None, packages_ignore=None, packages_ignore_regex=None, packages_select=['sensors_sim'], packages_select_build_failed=False, packages_select_by_dep=None, packages_select_regex=None, packages_select_test_failures=False, packages_skip=None, packages_skip_build_finished=False, packages_skip_by_dep=None, packages_skip_regex=None, packages_skip_test_passed=False, packages_skip_up_to=None, packages_start=None, packages_up_to=None, packages_up_to_regex=None, parallel_workers=4, paths=None, symlink_install=False, test_result_base=None, verb_extension=<colcon_core.verb.build.BuildVerb object at 0x7fd87e2bcdf0>, verb_name='build', verb_parser=<colcon_defaults.argument_parser.defaults.DefaultArgumentsDecorator object at 0x7fd87e2c73a0>)
[3.264s] Level 1:colcon.colcon_core.package_discovery:discover_packages(colcon_meta) check parameters
[3.264s] Level 1:colcon.colcon_core.package_discovery:discover_packages(recursive) check parameters
[3.265s] Level 1:colcon.colcon_core.package_discovery:discover_packages(ignore) check parameters
[3.265s] Level 1:colcon.colcon_core.package_discovery:discover_packages(path) check parameters
[3.265s] Level 1:colcon.colcon_core.package_discovery:discover_packages(colcon_meta) discover
[3.265s] Level 1:colcon.colcon_core.package_discovery:discover_packages(recursive) discover
[3.265s] INFO:colcon.colcon_core.package_discovery:Crawling recursively for packages in '/home/shorouk/graduation_project/grad_proj_ws'
[3.265s] Level 1:colcon.colcon_core.package_identification:_identify(.) by extensions ['ignore', 'ignore_ament_install']
[3.265s] Level 1:colcon.colcon_core.package_identification:_identify(.) by extension 'ignore'
[3.265s] Level 1:colcon.colcon_core.package_identification:_identify(.) by extension 'ignore_ament_install'
[3.266s] Level 1:colcon.colcon_core.package_identification:_identify(.) by extensions ['colcon_pkg']
[3.266s] Level 1:colcon.colcon_core.package_identification:_identify(.) by extension 'colcon_pkg'
[3.266s] Level 1:colcon.colcon_core.package_identification:_identify(.) by extensions ['colcon_meta']
[3.266s] Level 1:colcon.colcon_core.package_identification:_identify(.) by extension 'colcon_meta'
[3.266s] Level 1:colcon.colcon_core.package_identification:_identify(.) by extensions ['ros']
[3.266s] Level 1:colcon.colcon_core.package_identification:_identify(.) by extension 'ros'
[3.389s] Level 1:colcon.colcon_core.package_identification:_identify(.) by extensions ['cmake', 'python']
[3.389s] Level 1:colcon.colcon_core.package_identification:_identify(.) by extension 'cmake'
[3.389s] Level 1:colcon.colcon_core.package_identification:_identify(.) by extension 'python'
[3.389s] Level 1:colcon.colcon_core.package_identification:_identify(.) by extensions ['python_setup_py']
[3.389s] Level 1:colcon.colcon_core.package_identification:_identify(.) by extension 'python_setup_py'
[3.390s] Level 1:colcon.colcon_core.package_identification:_identify(build) by extensions ['ignore', 'ignore_ament_install']
[3.390s] Level 1:colcon.colcon_core.package_identification:_identify(build) by extension 'ignore'
[3.390s] Level 1:colcon.colcon_core.package_identification:_identify(build) ignored
[3.390s] Level 1:colcon.colcon_core.package_identification:_identify(install) by extensions ['ignore', 'ignore_ament_install']
[3.390s] Level 1:colcon.colcon_core.package_identification:_identify(install) by extension 'ignore'
[3.390s] Level 1:colcon.colcon_core.package_identification:_identify(install) ignored
[3.391s] Level 1:colcon.colcon_core.package_identification:_identify(log) by extensions ['ignore', 'ignore_ament_install']
[3.392s] Level 1:colcon.colcon_core.package_identification:_identify(log) by extension 'ignore'
[3.392s] Level 1:colcon.colcon_core.package_identification:_identify(log) ignored
[3.392s] Level 1:colcon.colcon_core.package_identification:_identify(src) by extensions ['ignore', 'ignore_ament_install']
[3.392s] Level 1:colcon.colcon_core.package_identification:_identify(src) by extension 'ignore'
[3.392s] Level 1:colcon.colcon_core.package_identification:_identify(src) by extension 'ignore_ament_install'
[3.392s] Level 1:colcon.colcon_core.package_identification:_identify(src) by extensions ['colcon_pkg']
[3.392s] Level 1:colcon.colcon_core.package_identification:_identify(src) by extension 'colcon_pkg'
[3.393s] Level 1:colcon.colcon_core.package_identification:_identify(src) by extensions ['colcon_meta']
[3.393s] Level 1:colcon.colcon_core.package_identification:_identify(src) by extension 'colcon_meta'
[3.393s] Level 1:colcon.colcon_core.package_identification:_identify(src) by extensions ['ros']
[3.393s] Level 1:colcon.colcon_core.package_identification:_identify(src) by extension 'ros'
[3.393s] Level 1:colcon.colcon_core.package_identification:_identify(src) by extensions ['cmake', 'python']
[3.393s] Level 1:colcon.colcon_core.package_identification:_identify(src) by extension 'cmake'
[3.393s] Level 1:colcon.colcon_core.package_identification:_identify(src) by extension 'python'
[3.393s] Level 1:colcon.colcon_core.package_identification:_identify(src) by extensions ['python_setup_py']
[3.393s] Level 1:colcon.colcon_core.package_identification:_identify(src) by extension 'python_setup_py'
[3.393s] Level 1:colcon.colcon_core.package_identification:_identify(src/initial_pose_pub) by extensions ['ignore', 'ignore_ament_install']
[3.394s] Level 1:colcon.colcon_core.package_identification:_identify(src/initial_pose_pub) by extension 'ignore'
[3.394s] Level 1:colcon.colcon_core.package_identification:_identify(src/initial_pose_pub) by extension 'ignore_ament_install'
[3.394s] Level 1:colcon.colcon_core.package_identification:_identify(src/initial_pose_pub) by extensions ['colcon_pkg']
[3.394s] Level 1:colcon.colcon_core.package_identification:_identify(src/initial_pose_pub) by extension 'colcon_pkg'
[3.394s] Level 1:colcon.colcon_core.package_identification:_identify(src/initial_pose_pub) by extensions ['colcon_meta']
[3.394s] Level 1:colcon.colcon_core.package_identification:_identify(src/initial_pose_pub) by extension 'colcon_meta'
[3.394s] Level 1:colcon.colcon_core.package_identification:_identify(src/initial_pose_pub) by extensions ['ros']
[3.394s] Level 1:colcon.colcon_core.package_identification:_identify(src/initial_pose_pub) by extension 'ros'
[3.419s] DEBUG:colcon.colcon_core.package_identification:Package 'src/initial_pose_pub' with type 'ros.ament_python' and name 'initial_pose_pub'
[3.419s] Level 1:colcon.colcon_core.package_identification:_identify(src/physical_robot) by extensions ['ignore', 'ignore_ament_install']
[3.419s] Level 1:colcon.colcon_core.package_identification:_identify(src/physical_robot) by extension 'ignore'
[3.419s] Level 1:colcon.colcon_core.package_identification:_identify(src/physical_robot) by extension 'ignore_ament_install'
[3.420s] Level 1:colcon.colcon_core.package_identification:_identify(src/physical_robot) by extensions ['colcon_pkg']
[3.420s] Level 1:colcon.colcon_core.package_identification:_identify(src/physical_robot) by extension 'colcon_pkg'
[3.420s] Level 1:colcon.colcon_core.package_identification:_identify(src/physical_robot) by extensions ['colcon_meta']
[3.420s] Level 1:colcon.colcon_core.package_identification:_identify(src/physical_robot) by extension 'colcon_meta'
[3.420s] Level 1:colcon.colcon_core.package_identification:_identify(src/physical_robot) by extensions ['ros']
[3.420s] Level 1:colcon.colcon_core.package_identification:_identify(src/physical_robot) by extension 'ros'
[3.433s] DEBUG:colcon.colcon_core.package_identification:Package 'src/physical_robot' with type 'ros.ament_cmake' and name 'physical_robot'
[3.434s] Level 1:colcon.colcon_core.package_identification:_identify(src/robot_sim) by extensions ['ignore', 'ignore_ament_install']
[3.434s] Level 1:colcon.colcon_core.package_identification:_identify(src/robot_sim) by extension 'ignore'
[3.434s] Level 1:colcon.colcon_core.package_identification:_identify(src/robot_sim) by extension 'ignore_ament_install'
[3.434s] Level 1:colcon.colcon_core.package_identification:_identify(src/robot_sim) by extensions ['colcon_pkg']
[3.434s] Level 1:colcon.colcon_core.package_identification:_identify(src/robot_sim) by extension 'colcon_pkg'
[3.434s] Level 1:colcon.colcon_core.package_identification:_identify(src/robot_sim) by extensions ['colcon_meta']
[3.435s] Level 1:colcon.colcon_core.package_identification:_identify(src/robot_sim) by extension 'colcon_meta'
[3.435s] Level 1:colcon.colcon_core.package_identification:_identify(src/robot_sim) by extensions ['ros']
[3.435s] Level 1:colcon.colcon_core.package_identification:_identify(src/robot_sim) by extension 'ros'
[3.446s] DEBUG:colcon.colcon_core.package_identification:Package 'src/robot_sim' with type 'ros.ament_cmake' and name 'robot_sim'
[3.446s] Level 1:colcon.colcon_core.package_identification:_identify(src/rplidar_ros-ros2) by extensions ['ignore', 'ignore_ament_install']
[3.446s] Level 1:colcon.colcon_core.package_identification:_identify(src/rplidar_ros-ros2) by extension 'ignore'
[3.447s] Level 1:colcon.colcon_core.package_identification:_identify(src/rplidar_ros-ros2) by extension 'ignore_ament_install'
[3.447s] Level 1:colcon.colcon_core.package_identification:_identify(src/rplidar_ros-ros2) by extensions ['colcon_pkg']
[3.447s] Level 1:colcon.colcon_core.package_identification:_identify(src/rplidar_ros-ros2) by extension 'colcon_pkg'
[3.447s] Level 1:colcon.colcon_core.package_identification:_identify(src/rplidar_ros-ros2) by extensions ['colcon_meta']
[3.447s] Level 1:colcon.colcon_core.package_identification:_identify(src/rplidar_ros-ros2) by extension 'colcon_meta'
[3.447s] Level 1:colcon.colcon_core.package_identification:_identify(src/rplidar_ros-ros2) by extensions ['ros']
[3.447s] Level 1:colcon.colcon_core.package_identification:_identify(src/rplidar_ros-ros2) by extension 'ros'
[3.460s] DEBUG:colcon.colcon_core.package_identification:Package 'src/rplidar_ros-ros2' with type 'ros.ament_cmake' and name 'rplidar_ros'
[3.461s] Level 1:colcon.colcon_core.package_identification:_identify(src/sensors_sim) by extensions ['ignore', 'ignore_ament_install']
[3.461s] Level 1:colcon.colcon_core.package_identification:_identify(src/sensors_sim) by extension 'ignore'
[3.461s] Level 1:colcon.colcon_core.package_identification:_identify(src/sensors_sim) by extension 'ignore_ament_install'
[3.461s] Level 1:colcon.colcon_core.package_identification:_identify(src/sensors_sim) by extensions ['colcon_pkg']
[3.461s] Level 1:colcon.colcon_core.package_identification:_identify(src/sensors_sim) by extension 'colcon_pkg'
[3.461s] Level 1:colcon.colcon_core.package_identification:_identify(src/sensors_sim) by extensions ['colcon_meta']
[3.461s] Level 1:colcon.colcon_core.package_identification:_identify(src/sensors_sim) by extension 'colcon_meta'
[3.461s] Level 1:colcon.colcon_core.package_identification:_identify(src/sensors_sim) by extensions ['ros']
[3.461s] Level 1:colcon.colcon_core.package_identification:_identify(src/sensors_sim) by extension 'ros'
[3.479s] DEBUG:colcon.colcon_core.package_identification:Package 'src/sensors_sim' with type 'ros.ament_python' and name 'sensors_sim'
[3.480s] Level 1:colcon.colcon_core.package_discovery:discover_packages(recursive) using defaults
[3.480s] Level 1:colcon.colcon_core.package_discovery:discover_packages(ignore) discover
[3.480s] Level 1:colcon.colcon_core.package_discovery:discover_packages(ignore) using defaults
[3.480s] Level 1:colcon.colcon_core.package_discovery:discover_packages(path) discover
[3.480s] Level 1:colcon.colcon_core.package_discovery:discover_packages(path) using defaults
[3.720s] INFO:colcon.colcon_core.package_selection:Skipping not selected package 'initial_pose_pub' in 'src/initial_pose_pub'
[3.720s] INFO:colcon.colcon_core.package_selection:Skipping not selected package 'physical_robot' in 'src/physical_robot'
[3.720s] INFO:colcon.colcon_core.package_selection:Skipping not selected package 'robot_sim' in 'src/robot_sim'
[3.720s] INFO:colcon.colcon_core.package_selection:Skipping not selected package 'rplidar_ros' in 'src/rplidar_ros-ros2'
[3.722s] Level 1:colcon.colcon_core.package_discovery:discover_packages(prefix_path) check parameters
[3.722s] Level 1:colcon.colcon_core.package_discovery:discover_packages(prefix_path) discover
[3.743s] DEBUG:colcon.colcon_installed_package_information.package_discovery:Found 8 installed packages in /home/shorouk/graduation_project/grad_proj_ws/install
[3.748s] DEBUG:colcon.colcon_installed_package_information.package_discovery:Found 335 installed packages in /opt/ros/foxy
[3.751s] Level 1:colcon.colcon_core.package_discovery:discover_packages(prefix_path) using defaults
[4.716s] Level 5:colcon.colcon_core.verb:set package 'sensors_sim' build argument 'cmake_args' from command line to 'None'
[4.716s] Level 5:colcon.colcon_core.verb:set package 'sensors_sim' build argument 'cmake_target' from command line to 'None'
[4.716s] Level 5:colcon.colcon_core.verb:set package 'sensors_sim' build argument 'cmake_target_skip_unavailable' from command line to 'False'
[4.716s] Level 5:colcon.colcon_core.verb:set package 'sensors_sim' build argument 'cmake_clean_cache' from command line to 'False'
[4.717s] Level 5:colcon.colcon_core.verb:set package 'sensors_sim' build argument 'cmake_clean_first' from command line to 'False'
[4.717s] Level 5:colcon.colcon_core.verb:set package 'sensors_sim' build argument 'cmake_force_configure' from command line to 'False'
[4.717s] Level 5:colcon.colcon_core.verb:set package 'sensors_sim' build argument 'ament_cmake_args' from command line to 'None'
[4.717s] Level 5:colcon.colcon_core.verb:set package 'sensors_sim' build argument 'catkin_cmake_args' from command line to 'None'
[4.717s] Level 5:colcon.colcon_core.verb:set package 'sensors_sim' build argument 'catkin_skip_building_tests' from command line to 'False'
[4.717s] DEBUG:colcon.colcon_core.verb:Building package 'sensors_sim' with the following arguments: {'ament_cmake_args': None, 'build_base': '/home/shorouk/graduation_project/grad_proj_ws/build/sensors_sim', 'catkin_cmake_args': None, 'catkin_skip_building_tests': False, 'cmake_args': None, 'cmake_clean_cache': False, 'cmake_clean_first': False, 'cmake_force_configure': False, 'cmake_target': None, 'cmake_target_skip_unavailable': False, 'install_base': '/home/shorouk/graduation_project/grad_proj_ws/install/sensors_sim', 'merge_install': False, 'path': '/home/shorouk/graduation_project/grad_proj_ws/src/sensors_sim', 'symlink_install': False, 'test_result_base': None}
[4.719s] INFO:colcon.colcon_core.executor:Executing jobs using 'parallel' executor
[4.731s] DEBUG:colcon.colcon_parallel_executor.executor.parallel:run_until_complete
[4.732s] INFO:colcon.colcon_ros.task.ament_python.build:Building ROS package in '/home/shorouk/graduation_project/grad_proj_ws/src/sensors_sim' with build type 'ament_python'
[4.732s] Level 1:colcon.colcon_core.shell:create_environment_hook('sensors_sim', 'ament_prefix_path')
[4.804s] INFO:colcon.colcon_core.plugin_system:Skipping extension 'colcon_core.shell.bat': Not used on non-Windows systems
[4.805s] INFO:colcon.colcon_core.shell:Creating environment hook '/home/shorouk/graduation_project/grad_proj_ws/install/sensors_sim/share/sensors_sim/hook/ament_prefix_path.ps1'
[4.822s] INFO:colcon.colcon_core.shell:Creating environment descriptor '/home/shorouk/graduation_project/grad_proj_ws/install/sensors_sim/share/sensors_sim/hook/ament_prefix_path.dsv'
[4.838s] INFO:colcon.colcon_core.shell:Creating environment hook '/home/shorouk/graduation_project/grad_proj_ws/install/sensors_sim/share/sensors_sim/hook/ament_prefix_path.sh'
[4.845s] INFO:colcon.colcon_core.shell:Skip shell extension 'powershell' for command environment: Not usable outside of PowerShell
[4.845s] DEBUG:colcon.colcon_core.shell:Skip shell extension 'dsv' for command environment
[6.791s] INFO:colcon.colcon_core.task.python.build:Building Python package in '/home/shorouk/graduation_project/grad_proj_ws/src/sensors_sim'
[6.796s] INFO:colcon.colcon_core.shell:Skip shell extension 'powershell' for command environment: Not usable outside of PowerShell
[6.796s] DEBUG:colcon.colcon_core.shell:Skip shell extension 'dsv' for command environment
[9.287s] DEBUG:colcon.colcon_core.event_handler.log_command:Invoking command in '/home/shorouk/graduation_project/grad_proj_ws/src/sensors_sim': PYTHONPATH=/home/shorouk/graduation_project/grad_proj_ws/install/sensors_sim/lib/python3.8/site-packages:${PYTHONPATH} /usr/bin/python3 setup.py egg_info --egg-base ../../build/sensors_sim build --build-base /home/shorouk/graduation_project/grad_proj_ws/build/sensors_sim/build install --prefix /home/shorouk/graduation_project/grad_proj_ws/install/sensors_sim --record /home/shorouk/graduation_project/grad_proj_ws/build/sensors_sim/install.log --single-version-externally-managed
[10.216s] DEBUG:colcon.colcon_core.event_handler.log_command:Invoked command in '/home/shorouk/graduation_project/grad_proj_ws/src/sensors_sim' returned '0': PYTHONPATH=/home/shorouk/graduation_project/grad_proj_ws/install/sensors_sim/lib/python3.8/site-packages:${PYTHONPATH} /usr/bin/python3 setup.py egg_info --egg-base ../../build/sensors_sim build --build-base /home/shorouk/graduation_project/grad_proj_ws/build/sensors_sim/build install --prefix /home/shorouk/graduation_project/grad_proj_ws/install/sensors_sim --record /home/shorouk/graduation_project/grad_proj_ws/build/sensors_sim/install.log --single-version-externally-managed
[10.293s] Level 1:colcon.colcon_core.environment:checking '/home/shorouk/graduation_project/grad_proj_ws/install/sensors_sim' for CMake module files
[10.293s] Level 1:colcon.colcon_core.environment:checking '/home/shorouk/graduation_project/grad_proj_ws/install/sensors_sim' for CMake config files
[10.295s] Level 1:colcon.colcon_core.environment:checking '/home/shorouk/graduation_project/grad_proj_ws/install/sensors_sim/lib'
[10.296s] Level 1:colcon.colcon_core.environment:checking '/home/shorouk/graduation_project/grad_proj_ws/install/sensors_sim/bin'
[10.296s] Level 1:colcon.colcon_core.environment:checking '/home/shorouk/graduation_project/grad_proj_ws/install/sensors_sim/lib/pkgconfig/sensors_sim.pc'
[10.296s] Level 1:colcon.colcon_core.environment:checking '/home/shorouk/graduation_project/grad_proj_ws/install/sensors_sim/lib/python3.8/site-packages'
[10.297s] Level 1:colcon.colcon_core.shell:create_environment_hook('sensors_sim', 'pythonpath')
[10.302s] INFO:colcon.colcon_core.shell:Creating environment hook '/home/shorouk/graduation_project/grad_proj_ws/install/sensors_sim/share/sensors_sim/hook/pythonpath.ps1'
[10.303s] INFO:colcon.colcon_core.shell:Creating environment descriptor '/home/shorouk/graduation_project/grad_proj_ws/install/sensors_sim/share/sensors_sim/hook/pythonpath.dsv'
[10.303s] INFO:colcon.colcon_core.shell:Creating environment hook '/home/shorouk/graduation_project/grad_proj_ws/install/sensors_sim/share/sensors_sim/hook/pythonpath.sh'
[10.304s] Level 1:colcon.colcon_core.environment:checking '/home/shorouk/graduation_project/grad_proj_ws/install/sensors_sim/bin'
[10.305s] Level 1:colcon.colcon_core.environment:create_environment_scripts_only(sensors_sim)
[10.309s] INFO:colcon.colcon_core.shell:Creating package script '/home/shorouk/graduation_project/grad_proj_ws/install/sensors_sim/share/sensors_sim/package.ps1'
[10.326s] INFO:colcon.colcon_core.shell:Creating package descriptor '/home/shorouk/graduation_project/grad_proj_ws/install/sensors_sim/share/sensors_sim/package.dsv'
[10.332s] INFO:colcon.colcon_core.shell:Creating package script '/home/shorouk/graduation_project/grad_proj_ws/install/sensors_sim/share/sensors_sim/package.sh'
[10.333s] INFO:colcon.colcon_core.shell:Creating package script '/home/shorouk/graduation_project/grad_proj_ws/install/sensors_sim/share/sensors_sim/package.bash'
[10.348s] INFO:colcon.colcon_core.shell:Creating package script '/home/shorouk/graduation_project/grad_proj_ws/install/sensors_sim/share/sensors_sim/package.zsh'
[10.349s] Level 1:colcon.colcon_core.environment:create_file_with_runtime_dependencies(/home/shorouk/graduation_project/grad_proj_ws/install/sensors_sim/share/colcon-core/packages/sensors_sim)
[10.350s] DEBUG:colcon.colcon_parallel_executor.executor.parallel:closing loop
[10.351s] DEBUG:colcon.colcon_parallel_executor.executor.parallel:loop closed
[10.351s] DEBUG:colcon.colcon_parallel_executor.executor.parallel:run_until_complete finished with '0'
[10.351s] DEBUG:colcon.colcon_core.event_reactor:joining thread
[10.497s] INFO:colcon.colcon_core.plugin_system:Skipping extension 'colcon_notification.desktop_notification.terminal_notifier': Not used on non-Darwin systems
[10.498s] INFO:colcon.colcon_core.plugin_system:Skipping extension 'colcon_notification.desktop_notification.win32': Not used on non-Windows systems
[10.498s] INFO:colcon.colcon_notification.desktop_notification:Sending desktop notification using 'notify2'
[10.642s] DEBUG:colcon.colcon_core.event_reactor:joined thread
[10.647s] INFO:colcon.colcon_core.shell:Creating prefix script '/home/shorouk/graduation_project/grad_proj_ws/install/local_setup.ps1'
[10.663s] INFO:colcon.colcon_core.shell:Creating prefix util module '/home/shorouk/graduation_project/grad_proj_ws/install/_local_setup_util_ps1.py'
[10.666s] INFO:colcon.colcon_core.shell:Creating prefix chain script '/home/shorouk/graduation_project/grad_proj_ws/install/setup.ps1'
[10.670s] INFO:colcon.colcon_core.shell:Creating prefix script '/home/shorouk/graduation_project/grad_proj_ws/install/local_setup.sh'
[10.691s] INFO:colcon.colcon_core.shell:Creating prefix util module '/home/shorouk/graduation_project/grad_proj_ws/install/_local_setup_util_sh.py'
[10.692s] INFO:colcon.colcon_core.shell:Creating prefix chain script '/home/shorouk/graduation_project/grad_proj_ws/install/setup.sh'
[10.697s] INFO:colcon.colcon_core.shell:Creating prefix script '/home/shorouk/graduation_project/grad_proj_ws/install/local_setup.bash'
[10.714s] INFO:colcon.colcon_core.shell:Creating prefix chain script '/home/shorouk/graduation_project/grad_proj_ws/install/setup.bash'
[10.736s] INFO:colcon.colcon_core.shell:Creating prefix script '/home/shorouk/graduation_project/grad_proj_ws/install/local_setup.zsh'
[10.774s] INFO:colcon.colcon_core.shell:Creating prefix chain script '/home/shorouk/graduation_project/grad_proj_ws/install/setup.zsh'
