[2.615s] Invoking command in '/home/shorouk/graduation_project/grad_proj_ws/src/py_pubsub': PYTHONPATH=/home/shorouk/graduation_project/grad_proj_ws/install/py_pubsub/lib/python3.8/site-packages:${PYTHONPATH} /usr/bin/python3 setup.py egg_info --egg-base ../../build/py_pubsub build --build-base /home/shorouk/graduation_project/grad_proj_ws/build/py_pubsub/build install --prefix /home/shorouk/graduation_project/grad_proj_ws/install/py_pubsub --record /home/shorouk/graduation_project/grad_proj_ws/build/py_pubsub/install.log --single-version-externally-managed
[3.258s] running egg_info
[3.260s] writing ../../build/py_pubsub/py_pubsub.egg-info/PKG-INFO
[3.261s] writing dependency_links to ../../build/py_pubsub/py_pubsub.egg-info/dependency_links.txt
[3.262s] writing entry points to ../../build/py_pubsub/py_pubsub.egg-info/entry_points.txt
[3.262s] writing requirements to ../../build/py_pubsub/py_pubsub.egg-info/requires.txt
[3.263s] writing top-level names to ../../build/py_pubsub/py_pubsub.egg-info/top_level.txt
[3.344s] reading manifest file '../../build/py_pubsub/py_pubsub.egg-info/SOURCES.txt'
[3.346s] writing manifest file '../../build/py_pubsub/py_pubsub.egg-info/SOURCES.txt'
[3.346s] running build
[3.347s] running build_py
[3.347s] running install
[3.348s] running install_lib
[3.351s] running install_data
[3.352s] running install_egg_info
[3.355s] removing '/home/shorouk/graduation_project/grad_proj_ws/install/py_pubsub/lib/python3.8/site-packages/py_pubsub-0.0.0-py3.8.egg-info' (and everything under it)
[3.356s] Copying ../../build/py_pubsub/py_pubsub.egg-info to /home/shorouk/graduation_project/grad_proj_ws/install/py_pubsub/lib/python3.8/site-packages/py_pubsub-0.0.0-py3.8.egg-info
[3.357s] running install_scripts
[3.397s] writing list of installed files to '/home/shorouk/graduation_project/grad_proj_ws/build/py_pubsub/install.log'
[3.456s] Invoked command in '/home/shorouk/graduation_project/grad_proj_ws/src/py_pubsub' returned '0': PYTHONPATH=/home/shorouk/graduation_project/grad_proj_ws/install/py_pubsub/lib/python3.8/site-packages:${PYTHONPATH} /usr/bin/python3 setup.py egg_info --egg-base ../../build/py_pubsub build --build-base /home/shorouk/graduation_project/grad_proj_ws/build/py_pubsub/build install --prefix /home/shorouk/graduation_project/grad_proj_ws/install/py_pubsub --record /home/shorouk/graduation_project/grad_proj_ws/build/py_pubsub/install.log --single-version-externally-managed
