/home/shorouk/graduation_project/grad_proj_ws/install/sensors_sim/lib/python3.8/site-packages/sensors_sim/sensors_pub.py
/home/shorouk/graduation_project/grad_proj_ws/install/sensors_sim/lib/python3.8/site-packages/sensors_sim/odom.py
/home/shorouk/graduation_project/grad_proj_ws/install/sensors_sim/lib/python3.8/site-packages/sensors_sim/__init__.py
/home/shorouk/graduation_project/grad_proj_ws/install/sensors_sim/lib/python3.8/site-packages/sensors_sim/scan_sub.py
/home/shorouk/graduation_project/grad_proj_ws/install/sensors_sim/lib/python3.8/site-packages/sensors_sim/quat_to_euler.py
/home/shorouk/graduation_project/grad_proj_ws/install/sensors_sim/lib/python3.8/site-packages/sensors_sim/cmd_vel_pub.py
/home/shorouk/graduation_project/grad_proj_ws/install/sensors_sim/lib/python3.8/site-packages/sensors_sim/__pycache__/sensors_pub.cpython-38.pyc
/home/shorouk/graduation_project/grad_proj_ws/install/sensors_sim/lib/python3.8/site-packages/sensors_sim/__pycache__/odom.cpython-38.pyc
/home/shorouk/graduation_project/grad_proj_ws/install/sensors_sim/lib/python3.8/site-packages/sensors_sim/__pycache__/__init__.cpython-38.pyc
/home/shorouk/graduation_project/grad_proj_ws/install/sensors_sim/lib/python3.8/site-packages/sensors_sim/__pycache__/scan_sub.cpython-38.pyc
/home/shorouk/graduation_project/grad_proj_ws/install/sensors_sim/lib/python3.8/site-packages/sensors_sim/__pycache__/quat_to_euler.cpython-38.pyc
/home/shorouk/graduation_project/grad_proj_ws/install/sensors_sim/lib/python3.8/site-packages/sensors_sim/__pycache__/cmd_vel_pub.cpython-38.pyc
/home/shorouk/graduation_project/grad_proj_ws/install/sensors_sim/share/ament_index/resource_index/packages/sensors_sim
/home/shorouk/graduation_project/grad_proj_ws/install/sensors_sim/share/sensors_sim/package.xml
/home/shorouk/graduation_project/grad_proj_ws/install/sensors_sim/lib/python3.8/site-packages/sensors_sim-0.0.0-py3.8.egg-info/requires.txt
/home/shorouk/graduation_project/grad_proj_ws/install/sensors_sim/lib/python3.8/site-packages/sensors_sim-0.0.0-py3.8.egg-info/PKG-INFO
/home/shorouk/graduation_project/grad_proj_ws/install/sensors_sim/lib/python3.8/site-packages/sensors_sim-0.0.0-py3.8.egg-info/zip-safe
/home/shorouk/graduation_project/grad_proj_ws/install/sensors_sim/lib/python3.8/site-packages/sensors_sim-0.0.0-py3.8.egg-info/SOURCES.txt
/home/shorouk/graduation_project/grad_proj_ws/install/sensors_sim/lib/python3.8/site-packages/sensors_sim-0.0.0-py3.8.egg-info/dependency_links.txt
/home/shorouk/graduation_project/grad_proj_ws/install/sensors_sim/lib/python3.8/site-packages/sensors_sim-0.0.0-py3.8.egg-info/entry_points.txt
/home/shorouk/graduation_project/grad_proj_ws/install/sensors_sim/lib/python3.8/site-packages/sensors_sim-0.0.0-py3.8.egg-info/top_level.txt
/home/shorouk/graduation_project/grad_proj_ws/install/sensors_sim/lib/sensors_sim/cmd_vel_talker
/home/shorouk/graduation_project/grad_proj_ws/install/sensors_sim/lib/sensors_sim/odom_pub
/home/shorouk/graduation_project/grad_proj_ws/install/sensors_sim/lib/sensors_sim/scan_pub
/home/shorouk/graduation_project/grad_proj_ws/install/sensors_sim/lib/sensors_sim/sensors_talker
/home/shorouk/graduation_project/grad_proj_ws/install/sensors_sim/lib/sensors_sim/ypr_pub
