[0.192s] Invoking command in '/home/shorouk/grad_proj_ws/build/basic_mobile_robot': CMAKE_PREFIX_PATH=/opt/ros/foxy /usr/bin/cmake --build /home/shorouk/grad_proj_ws/build/basic_mobile_robot -- -j4 -l4
[0.846s] Invoked command in '/home/shorouk/grad_proj_ws/build/basic_mobile_robot' returned '0': CMAKE_PREFIX_PATH=/opt/ros/foxy /usr/bin/cmake --build /home/shorouk/grad_proj_ws/build/basic_mobile_robot -- -j4 -l4
[0.904s] Invoking command in '/home/shorouk/grad_proj_ws/build/basic_mobile_robot': CMAKE_PREFIX_PATH=/opt/ros/foxy /usr/bin/cmake --install /home/shorouk/grad_proj_ws/build/basic_mobile_robot
[0.938s] -- Install configuration: ""
[0.977s] -- Up-to-date: /home/shorouk/grad_proj_ws/install/basic_mobile_robot/share/basic_mobile_robot/config
[0.996s] -- Up-to-date: /home/shorouk/grad_proj_ws/install/basic_mobile_robot/share/basic_mobile_robot/launch
[1.014s] -- Up-to-date: /home/shorouk/grad_proj_ws/install/basic_mobile_robot/share/basic_mobile_robot/launch/basic_mobile_bot_v1.launch.py
[1.014s] -- Up-to-date: /home/shorouk/grad_proj_ws/install/basic_mobile_robot/share/basic_mobile_robot/maps
[1.029s] -- Up-to-date: /home/shorouk/grad_proj_ws/install/basic_mobile_robot/share/basic_mobile_robot/meshes
[1.038s] -- Up-to-date: /home/shorouk/grad_proj_ws/install/basic_mobile_robot/share/basic_mobile_robot/meshes/arm_base.stl
[1.038s] -- Up-to-date: /home/shorouk/grad_proj_ws/install/basic_mobile_robot/share/basic_mobile_robot/meshes/wrist.stl
[1.039s] -- Up-to-date: /home/shorouk/grad_proj_ws/install/basic_mobile_robot/share/basic_mobile_robot/meshes/elbow.stl
[1.039s] -- Up-to-date: /home/shorouk/grad_proj_ws/install/basic_mobile_robot/share/basic_mobile_robot/meshes/robot_base.stl
[1.039s] -- Up-to-date: /home/shorouk/grad_proj_ws/install/basic_mobile_robot/share/basic_mobile_robot/meshes/wheel.stl
[1.039s] -- Up-to-date: /home/shorouk/grad_proj_ws/install/basic_mobile_robot/share/basic_mobile_robot/meshes/bicep.stl
[1.040s] -- Up-to-date: /home/shorouk/grad_proj_ws/install/basic_mobile_robot/share/basic_mobile_robot/models
[1.059s] -- Up-to-date: /home/shorouk/grad_proj_ws/install/basic_mobile_robot/share/basic_mobile_robot/models/basic_mobile_bot_v1.urdf
[1.059s] -- Up-to-date: /home/shorouk/grad_proj_ws/install/basic_mobile_robot/share/basic_mobile_robot/params
[1.151s] -- Up-to-date: /home/shorouk/grad_proj_ws/install/basic_mobile_robot/share/basic_mobile_robot/rviz
[1.189s] -- Up-to-date: /home/shorouk/grad_proj_ws/install/basic_mobile_robot/share/basic_mobile_robot/rviz/urdf_config.rviz
[1.189s] -- Up-to-date: /home/shorouk/grad_proj_ws/install/basic_mobile_robot/share/basic_mobile_robot/src
[1.199s] -- Up-to-date: /home/shorouk/grad_proj_ws/install/basic_mobile_robot/share/basic_mobile_robot/worlds
[1.287s] -- Up-to-date: /home/shorouk/grad_proj_ws/install/basic_mobile_robot/share/ament_index/resource_index/package_run_dependencies/basic_mobile_robot
[1.306s] -- Up-to-date: /home/shorouk/grad_proj_ws/install/basic_mobile_robot/share/ament_index/resource_index/parent_prefix_path/basic_mobile_robot
[1.378s] -- Up-to-date: /home/shorouk/grad_proj_ws/install/basic_mobile_robot/share/basic_mobile_robot/environment/ament_prefix_path.sh
[1.379s] -- Up-to-date: /home/shorouk/grad_proj_ws/install/basic_mobile_robot/share/basic_mobile_robot/environment/ament_prefix_path.dsv
[1.379s] -- Up-to-date: /home/shorouk/grad_proj_ws/install/basic_mobile_robot/share/basic_mobile_robot/environment/path.sh
[1.379s] -- Up-to-date: /home/shorouk/grad_proj_ws/install/basic_mobile_robot/share/basic_mobile_robot/environment/path.dsv
[1.379s] -- Up-to-date: /home/shorouk/grad_proj_ws/install/basic_mobile_robot/share/basic_mobile_robot/local_setup.bash
[1.379s] -- Up-to-date: /home/shorouk/grad_proj_ws/install/basic_mobile_robot/share/basic_mobile_robot/local_setup.sh
[1.380s] -- Up-to-date: /home/shorouk/grad_proj_ws/install/basic_mobile_robot/share/basic_mobile_robot/local_setup.zsh
[1.380s] -- Up-to-date: /home/shorouk/grad_proj_ws/install/basic_mobile_robot/share/basic_mobile_robot/local_setup.dsv
[1.380s] -- Installing: /home/shorouk/grad_proj_ws/install/basic_mobile_robot/share/basic_mobile_robot/package.dsv
[1.445s] -- Up-to-date: /home/shorouk/grad_proj_ws/install/basic_mobile_robot/share/ament_index/resource_index/packages/basic_mobile_robot
[1.467s] -- Up-to-date: /home/shorouk/grad_proj_ws/install/basic_mobile_robot/share/basic_mobile_robot/cmake/basic_mobile_robotConfig.cmake
[1.467s] -- Up-to-date: /home/shorouk/grad_proj_ws/install/basic_mobile_robot/share/basic_mobile_robot/cmake/basic_mobile_robotConfig-version.cmake
[1.468s] -- Up-to-date: /home/shorouk/grad_proj_ws/install/basic_mobile_robot/share/basic_mobile_robot/package.xml
[1.471s] Invoked command in '/home/shorouk/grad_proj_ws/build/basic_mobile_robot' returned '0': CMAKE_PREFIX_PATH=/opt/ros/foxy /usr/bin/cmake --install /home/shorouk/grad_proj_ws/build/basic_mobile_robot
