[0.337s] DEBUG:colcon:Command line arguments: ['/usr/bin/colcon', 'build', '--packages-select', 'sensors_sim']
[0.337s] DEBUG:colcon:Parsed command line arguments: Namespace(allow_overriding=[], ament_cmake_args=None, base_paths=['.'], build_base='build', catkin_cmake_args=None, catkin_skip_building_tests=False, cmake_args=None, cmake_clean_cache=False, cmake_clean_first=False, cmake_force_configure=False, cmake_target=None, cmake_target_skip_unavailable=False, continue_on_error=False, event_handlers=None, executor='parallel', ignore_user_meta=False, install_base='install', log_base=None, log_level=None, main=<bound method BuildVerb.main of <colcon_core.verb.build.BuildVerb object at 0x7f25b73a5b50>>, merge_install=False, metas=['./colcon.meta'], packages_above=None, packages_above_and_dependencies=None, packages_above_depth=None, packages_end=None, packages_ignore=None, packages_ignore_regex=None, packages_select=['sensors_sim'], packages_select_build_failed=False, packages_select_by_dep=None, packages_select_regex=None, packages_select_test_failures=False, packages_skip=None, packages_skip_build_finished=False, packages_skip_by_dep=None, packages_skip_regex=None, packages_skip_test_passed=False, packages_skip_up_to=None, packages_start=None, packages_up_to=None, packages_up_to_regex=None, parallel_workers=4, paths=None, symlink_install=False, test_result_base=None, verb_extension=<colcon_core.verb.build.BuildVerb object at 0x7f25b73a5b50>, verb_name='build', verb_parser=<colcon_defaults.argument_parser.defaults.DefaultArgumentsDecorator object at 0x7f25b73b1100>)
[0.387s] Level 1:colcon.colcon_core.package_discovery:discover_packages(colcon_meta) check parameters
[0.387s] Level 1:colcon.colcon_core.package_discovery:discover_packages(recursive) check parameters
[0.387s] Level 1:colcon.colcon_core.package_discovery:discover_packages(ignore) check parameters
[0.387s] Level 1:colcon.colcon_core.package_discovery:discover_packages(path) check parameters
[0.387s] Level 1:colcon.colcon_core.package_discovery:discover_packages(colcon_meta) discover
[0.388s] Level 1:colcon.colcon_core.package_discovery:discover_packages(recursive) discover
[0.388s] INFO:colcon.colcon_core.package_discovery:Crawling recursively for packages in '/home/shorouk/graduation_project/grad_proj_ws'
[0.388s] Level 1:colcon.colcon_core.package_identification:_identify(.) by extensions ['ignore', 'ignore_ament_install']
[0.388s] Level 1:colcon.colcon_core.package_identification:_identify(.) by extension 'ignore'
[0.388s] Level 1:colcon.colcon_core.package_identification:_identify(.) by extension 'ignore_ament_install'
[0.388s] Level 1:colcon.colcon_core.package_identification:_identify(.) by extensions ['colcon_pkg']
[0.388s] Level 1:colcon.colcon_core.package_identification:_identify(.) by extension 'colcon_pkg'
[0.388s] Level 1:colcon.colcon_core.package_identification:_identify(.) by extensions ['colcon_meta']
[0.388s] Level 1:colcon.colcon_core.package_identification:_identify(.) by extension 'colcon_meta'
[0.389s] Level 1:colcon.colcon_core.package_identification:_identify(.) by extensions ['ros']
[0.389s] Level 1:colcon.colcon_core.package_identification:_identify(.) by extension 'ros'
[0.426s] Level 1:colcon.colcon_core.package_identification:_identify(.) by extensions ['cmake', 'python']
[0.426s] Level 1:colcon.colcon_core.package_identification:_identify(.) by extension 'cmake'
[0.426s] Level 1:colcon.colcon_core.package_identification:_identify(.) by extension 'python'
[0.426s] Level 1:colcon.colcon_core.package_identification:_identify(.) by extensions ['python_setup_py']
[0.426s] Level 1:colcon.colcon_core.package_identification:_identify(.) by extension 'python_setup_py'
[0.427s] Level 1:colcon.colcon_core.package_identification:_identify(build) by extensions ['ignore', 'ignore_ament_install']
[0.427s] Level 1:colcon.colcon_core.package_identification:_identify(build) by extension 'ignore'
[0.427s] Level 1:colcon.colcon_core.package_identification:_identify(build) ignored
[0.427s] Level 1:colcon.colcon_core.package_identification:_identify(install) by extensions ['ignore', 'ignore_ament_install']
[0.427s] Level 1:colcon.colcon_core.package_identification:_identify(install) by extension 'ignore'
[0.427s] Level 1:colcon.colcon_core.package_identification:_identify(install) ignored
[0.428s] Level 1:colcon.colcon_core.package_identification:_identify(log) by extensions ['ignore', 'ignore_ament_install']
[0.428s] Level 1:colcon.colcon_core.package_identification:_identify(log) by extension 'ignore'
[0.428s] Level 1:colcon.colcon_core.package_identification:_identify(log) ignored
[0.428s] Level 1:colcon.colcon_core.package_identification:_identify(src) by extensions ['ignore', 'ignore_ament_install']
[0.429s] Level 1:colcon.colcon_core.package_identification:_identify(src) by extension 'ignore'
[0.429s] Level 1:colcon.colcon_core.package_identification:_identify(src) by extension 'ignore_ament_install'
[0.429s] Level 1:colcon.colcon_core.package_identification:_identify(src) by extensions ['colcon_pkg']
[0.429s] Level 1:colcon.colcon_core.package_identification:_identify(src) by extension 'colcon_pkg'
[0.429s] Level 1:colcon.colcon_core.package_identification:_identify(src) by extensions ['colcon_meta']
[0.429s] Level 1:colcon.colcon_core.package_identification:_identify(src) by extension 'colcon_meta'
[0.429s] Level 1:colcon.colcon_core.package_identification:_identify(src) by extensions ['ros']
[0.429s] Level 1:colcon.colcon_core.package_identification:_identify(src) by extension 'ros'
[0.429s] Level 1:colcon.colcon_core.package_identification:_identify(src) by extensions ['cmake', 'python']
[0.429s] Level 1:colcon.colcon_core.package_identification:_identify(src) by extension 'cmake'
[0.429s] Level 1:colcon.colcon_core.package_identification:_identify(src) by extension 'python'
[0.430s] Level 1:colcon.colcon_core.package_identification:_identify(src) by extensions ['python_setup_py']
[0.430s] Level 1:colcon.colcon_core.package_identification:_identify(src) by extension 'python_setup_py'
[0.430s] Level 1:colcon.colcon_core.package_identification:_identify(src/initial_pose_pub) by extensions ['ignore', 'ignore_ament_install']
[0.430s] Level 1:colcon.colcon_core.package_identification:_identify(src/initial_pose_pub) by extension 'ignore'
[0.430s] Level 1:colcon.colcon_core.package_identification:_identify(src/initial_pose_pub) by extension 'ignore_ament_install'
[0.430s] Level 1:colcon.colcon_core.package_identification:_identify(src/initial_pose_pub) by extensions ['colcon_pkg']
[0.430s] Level 1:colcon.colcon_core.package_identification:_identify(src/initial_pose_pub) by extension 'colcon_pkg'
[0.430s] Level 1:colcon.colcon_core.package_identification:_identify(src/initial_pose_pub) by extensions ['colcon_meta']
[0.430s] Level 1:colcon.colcon_core.package_identification:_identify(src/initial_pose_pub) by extension 'colcon_meta'
[0.430s] Level 1:colcon.colcon_core.package_identification:_identify(src/initial_pose_pub) by extensions ['ros']
[0.431s] Level 1:colcon.colcon_core.package_identification:_identify(src/initial_pose_pub) by extension 'ros'
[0.435s] DEBUG:colcon.colcon_core.package_identification:Package 'src/initial_pose_pub' with type 'ros.ament_python' and name 'initial_pose_pub'
[0.435s] Level 1:colcon.colcon_core.package_identification:_identify(src/physical_robot) by extensions ['ignore', 'ignore_ament_install']
[0.435s] Level 1:colcon.colcon_core.package_identification:_identify(src/physical_robot) by extension 'ignore'
[0.436s] Level 1:colcon.colcon_core.package_identification:_identify(src/physical_robot) by extension 'ignore_ament_install'
[0.436s] Level 1:colcon.colcon_core.package_identification:_identify(src/physical_robot) by extensions ['colcon_pkg']
[0.436s] Level 1:colcon.colcon_core.package_identification:_identify(src/physical_robot) by extension 'colcon_pkg'
[0.436s] Level 1:colcon.colcon_core.package_identification:_identify(src/physical_robot) by extensions ['colcon_meta']
[0.436s] Level 1:colcon.colcon_core.package_identification:_identify(src/physical_robot) by extension 'colcon_meta'
[0.436s] Level 1:colcon.colcon_core.package_identification:_identify(src/physical_robot) by extensions ['ros']
[0.436s] Level 1:colcon.colcon_core.package_identification:_identify(src/physical_robot) by extension 'ros'
[0.437s] DEBUG:colcon.colcon_core.package_identification:Package 'src/physical_robot' with type 'ros.ament_cmake' and name 'physical_robot'
[0.437s] Level 1:colcon.colcon_core.package_identification:_identify(src/robot_sim) by extensions ['ignore', 'ignore_ament_install']
[0.438s] Level 1:colcon.colcon_core.package_identification:_identify(src/robot_sim) by extension 'ignore'
[0.438s] Level 1:colcon.colcon_core.package_identification:_identify(src/robot_sim) by extension 'ignore_ament_install'
[0.438s] Level 1:colcon.colcon_core.package_identification:_identify(src/robot_sim) by extensions ['colcon_pkg']
[0.438s] Level 1:colcon.colcon_core.package_identification:_identify(src/robot_sim) by extension 'colcon_pkg'
[0.438s] Level 1:colcon.colcon_core.package_identification:_identify(src/robot_sim) by extensions ['colcon_meta']
[0.438s] Level 1:colcon.colcon_core.package_identification:_identify(src/robot_sim) by extension 'colcon_meta'
[0.438s] Level 1:colcon.colcon_core.package_identification:_identify(src/robot_sim) by extensions ['ros']
[0.438s] Level 1:colcon.colcon_core.package_identification:_identify(src/robot_sim) by extension 'ros'
[0.439s] DEBUG:colcon.colcon_core.package_identification:Package 'src/robot_sim' with type 'ros.ament_cmake' and name 'robot_sim'
[0.439s] Level 1:colcon.colcon_core.package_identification:_identify(src/rplidar_ros-ros2) by extensions ['ignore', 'ignore_ament_install']
[0.440s] Level 1:colcon.colcon_core.package_identification:_identify(src/rplidar_ros-ros2) by extension 'ignore'
[0.440s] Level 1:colcon.colcon_core.package_identification:_identify(src/rplidar_ros-ros2) by extension 'ignore_ament_install'
[0.440s] Level 1:colcon.colcon_core.package_identification:_identify(src/rplidar_ros-ros2) by extensions ['colcon_pkg']
[0.440s] Level 1:colcon.colcon_core.package_identification:_identify(src/rplidar_ros-ros2) by extension 'colcon_pkg'
[0.440s] Level 1:colcon.colcon_core.package_identification:_identify(src/rplidar_ros-ros2) by extensions ['colcon_meta']
[0.440s] Level 1:colcon.colcon_core.package_identification:_identify(src/rplidar_ros-ros2) by extension 'colcon_meta'
[0.440s] Level 1:colcon.colcon_core.package_identification:_identify(src/rplidar_ros-ros2) by extensions ['ros']
[0.440s] Level 1:colcon.colcon_core.package_identification:_identify(src/rplidar_ros-ros2) by extension 'ros'
[0.441s] DEBUG:colcon.colcon_core.package_identification:Package 'src/rplidar_ros-ros2' with type 'ros.ament_cmake' and name 'rplidar_ros'
[0.441s] Level 1:colcon.colcon_core.package_identification:_identify(src/sensors_sim) by extensions ['ignore', 'ignore_ament_install']
[0.442s] Level 1:colcon.colcon_core.package_identification:_identify(src/sensors_sim) by extension 'ignore'
[0.442s] Level 1:colcon.colcon_core.package_identification:_identify(src/sensors_sim) by extension 'ignore_ament_install'
[0.442s] Level 1:colcon.colcon_core.package_identification:_identify(src/sensors_sim) by extensions ['colcon_pkg']
[0.442s] Level 1:colcon.colcon_core.package_identification:_identify(src/sensors_sim) by extension 'colcon_pkg'
[0.442s] Level 1:colcon.colcon_core.package_identification:_identify(src/sensors_sim) by extensions ['colcon_meta']
[0.442s] Level 1:colcon.colcon_core.package_identification:_identify(src/sensors_sim) by extension 'colcon_meta'
[0.442s] Level 1:colcon.colcon_core.package_identification:_identify(src/sensors_sim) by extensions ['ros']
[0.442s] Level 1:colcon.colcon_core.package_identification:_identify(src/sensors_sim) by extension 'ros'
[0.443s] DEBUG:colcon.colcon_core.package_identification:Package 'src/sensors_sim' with type 'ros.ament_python' and name 'sensors_sim'
[0.443s] Level 1:colcon.colcon_core.package_discovery:discover_packages(recursive) using defaults
[0.443s] Level 1:colcon.colcon_core.package_discovery:discover_packages(ignore) discover
[0.443s] Level 1:colcon.colcon_core.package_discovery:discover_packages(ignore) using defaults
[0.443s] Level 1:colcon.colcon_core.package_discovery:discover_packages(path) discover
[0.443s] Level 1:colcon.colcon_core.package_discovery:discover_packages(path) using defaults
[0.487s] INFO:colcon.colcon_core.package_selection:Skipping not selected package 'initial_pose_pub' in 'src/initial_pose_pub'
[0.487s] INFO:colcon.colcon_core.package_selection:Skipping not selected package 'physical_robot' in 'src/physical_robot'
[0.488s] INFO:colcon.colcon_core.package_selection:Skipping not selected package 'robot_sim' in 'src/robot_sim'
[0.488s] INFO:colcon.colcon_core.package_selection:Skipping not selected package 'rplidar_ros' in 'src/rplidar_ros-ros2'
[0.490s] Level 1:colcon.colcon_core.package_discovery:discover_packages(prefix_path) check parameters
[0.490s] Level 1:colcon.colcon_core.package_discovery:discover_packages(prefix_path) discover
[0.502s] DEBUG:colcon.colcon_installed_package_information.package_discovery:Found 8 installed packages in /home/shorouk/graduation_project/grad_proj_ws/install
[0.511s] DEBUG:colcon.colcon_installed_package_information.package_discovery:Found 335 installed packages in /opt/ros/foxy
[0.518s] Level 1:colcon.colcon_core.package_discovery:discover_packages(prefix_path) using defaults
[0.692s] Level 5:colcon.colcon_core.verb:set package 'sensors_sim' build argument 'cmake_args' from command line to 'None'
[0.693s] Level 5:colcon.colcon_core.verb:set package 'sensors_sim' build argument 'cmake_target' from command line to 'None'
[0.693s] Level 5:colcon.colcon_core.verb:set package 'sensors_sim' build argument 'cmake_target_skip_unavailable' from command line to 'False'
[0.693s] Level 5:colcon.colcon_core.verb:set package 'sensors_sim' build argument 'cmake_clean_cache' from command line to 'False'
[0.693s] Level 5:colcon.colcon_core.verb:set package 'sensors_sim' build argument 'cmake_clean_first' from command line to 'False'
[0.693s] Level 5:colcon.colcon_core.verb:set package 'sensors_sim' build argument 'cmake_force_configure' from command line to 'False'
[0.693s] Level 5:colcon.colcon_core.verb:set package 'sensors_sim' build argument 'ament_cmake_args' from command line to 'None'
[0.693s] Level 5:colcon.colcon_core.verb:set package 'sensors_sim' build argument 'catkin_cmake_args' from command line to 'None'
[0.693s] Level 5:colcon.colcon_core.verb:set package 'sensors_sim' build argument 'catkin_skip_building_tests' from command line to 'False'
[0.693s] DEBUG:colcon.colcon_core.verb:Building package 'sensors_sim' with the following arguments: {'ament_cmake_args': None, 'build_base': '/home/shorouk/graduation_project/grad_proj_ws/build/sensors_sim', 'catkin_cmake_args': None, 'catkin_skip_building_tests': False, 'cmake_args': None, 'cmake_clean_cache': False, 'cmake_clean_first': False, 'cmake_force_configure': False, 'cmake_target': None, 'cmake_target_skip_unavailable': False, 'install_base': '/home/shorouk/graduation_project/grad_proj_ws/install/sensors_sim', 'merge_install': False, 'path': '/home/shorouk/graduation_project/grad_proj_ws/src/sensors_sim', 'symlink_install': False, 'test_result_base': None}
[0.695s] INFO:colcon.colcon_core.executor:Executing jobs using 'parallel' executor
[0.708s] DEBUG:colcon.colcon_parallel_executor.executor.parallel:run_until_complete
[0.708s] INFO:colcon.colcon_ros.task.ament_python.build:Building ROS package in '/home/shorouk/graduation_project/grad_proj_ws/src/sensors_sim' with build type 'ament_python'
[0.709s] Level 1:colcon.colcon_core.shell:create_environment_hook('sensors_sim', 'ament_prefix_path')
[0.720s] INFO:colcon.colcon_core.plugin_system:Skipping extension 'colcon_core.shell.bat': Not used on non-Windows systems
[0.720s] INFO:colcon.colcon_core.shell:Creating environment hook '/home/shorouk/graduation_project/grad_proj_ws/install/sensors_sim/share/sensors_sim/hook/ament_prefix_path.ps1'
[0.721s] INFO:colcon.colcon_core.shell:Creating environment descriptor '/home/shorouk/graduation_project/grad_proj_ws/install/sensors_sim/share/sensors_sim/hook/ament_prefix_path.dsv'
[0.722s] INFO:colcon.colcon_core.shell:Creating environment hook '/home/shorouk/graduation_project/grad_proj_ws/install/sensors_sim/share/sensors_sim/hook/ament_prefix_path.sh'
[0.729s] INFO:colcon.colcon_core.shell:Skip shell extension 'powershell' for command environment: Not usable outside of PowerShell
[0.729s] DEBUG:colcon.colcon_core.shell:Skip shell extension 'dsv' for command environment
[1.260s] INFO:colcon.colcon_core.task.python.build:Building Python package in '/home/shorouk/graduation_project/grad_proj_ws/src/sensors_sim'
[1.267s] INFO:colcon.colcon_core.shell:Skip shell extension 'powershell' for command environment: Not usable outside of PowerShell
[1.268s] DEBUG:colcon.colcon_core.shell:Skip shell extension 'dsv' for command environment
[2.312s] DEBUG:colcon.colcon_core.event_handler.log_command:Invoking command in '/home/shorouk/graduation_project/grad_proj_ws/src/sensors_sim': PYTHONPATH=/home/shorouk/graduation_project/grad_proj_ws/install/sensors_sim/lib/python3.8/site-packages:${PYTHONPATH} /usr/bin/python3 setup.py egg_info --egg-base ../../build/sensors_sim build --build-base /home/shorouk/graduation_project/grad_proj_ws/build/sensors_sim/build install --prefix /home/shorouk/graduation_project/grad_proj_ws/install/sensors_sim --record /home/shorouk/graduation_project/grad_proj_ws/build/sensors_sim/install.log --single-version-externally-managed
[2.890s] DEBUG:colcon.colcon_core.event_handler.log_command:Invoked command in '/home/shorouk/graduation_project/grad_proj_ws/src/sensors_sim' returned '0': PYTHONPATH=/home/shorouk/graduation_project/grad_proj_ws/install/sensors_sim/lib/python3.8/site-packages:${PYTHONPATH} /usr/bin/python3 setup.py egg_info --egg-base ../../build/sensors_sim build --build-base /home/shorouk/graduation_project/grad_proj_ws/build/sensors_sim/build install --prefix /home/shorouk/graduation_project/grad_proj_ws/install/sensors_sim --record /home/shorouk/graduation_project/grad_proj_ws/build/sensors_sim/install.log --single-version-externally-managed
[2.902s] Level 1:colcon.colcon_core.environment:checking '/home/shorouk/graduation_project/grad_proj_ws/install/sensors_sim' for CMake module files
[2.903s] Level 1:colcon.colcon_core.environment:checking '/home/shorouk/graduation_project/grad_proj_ws/install/sensors_sim' for CMake config files
[2.904s] Level 1:colcon.colcon_core.environment:checking '/home/shorouk/graduation_project/grad_proj_ws/install/sensors_sim/lib'
[2.905s] Level 1:colcon.colcon_core.environment:checking '/home/shorouk/graduation_project/grad_proj_ws/install/sensors_sim/bin'
[2.905s] Level 1:colcon.colcon_core.environment:checking '/home/shorouk/graduation_project/grad_proj_ws/install/sensors_sim/lib/pkgconfig/sensors_sim.pc'
[2.905s] Level 1:colcon.colcon_core.environment:checking '/home/shorouk/graduation_project/grad_proj_ws/install/sensors_sim/lib/python3.8/site-packages'
[2.906s] Level 1:colcon.colcon_core.shell:create_environment_hook('sensors_sim', 'pythonpath')
[2.910s] INFO:colcon.colcon_core.shell:Creating environment hook '/home/shorouk/graduation_project/grad_proj_ws/install/sensors_sim/share/sensors_sim/hook/pythonpath.ps1'
[2.911s] INFO:colcon.colcon_core.shell:Creating environment descriptor '/home/shorouk/graduation_project/grad_proj_ws/install/sensors_sim/share/sensors_sim/hook/pythonpath.dsv'
[2.912s] INFO:colcon.colcon_core.shell:Creating environment hook '/home/shorouk/graduation_project/grad_proj_ws/install/sensors_sim/share/sensors_sim/hook/pythonpath.sh'
[2.913s] Level 1:colcon.colcon_core.environment:checking '/home/shorouk/graduation_project/grad_proj_ws/install/sensors_sim/bin'
[2.913s] Level 1:colcon.colcon_core.environment:create_environment_scripts_only(sensors_sim)
[2.917s] INFO:colcon.colcon_core.shell:Creating package script '/home/shorouk/graduation_project/grad_proj_ws/install/sensors_sim/share/sensors_sim/package.ps1'
[2.919s] INFO:colcon.colcon_core.shell:Creating package descriptor '/home/shorouk/graduation_project/grad_proj_ws/install/sensors_sim/share/sensors_sim/package.dsv'
[2.920s] INFO:colcon.colcon_core.shell:Creating package script '/home/shorouk/graduation_project/grad_proj_ws/install/sensors_sim/share/sensors_sim/package.sh'
[2.922s] INFO:colcon.colcon_core.shell:Creating package script '/home/shorouk/graduation_project/grad_proj_ws/install/sensors_sim/share/sensors_sim/package.bash'
[2.923s] INFO:colcon.colcon_core.shell:Creating package script '/home/shorouk/graduation_project/grad_proj_ws/install/sensors_sim/share/sensors_sim/package.zsh'
[2.925s] Level 1:colcon.colcon_core.environment:create_file_with_runtime_dependencies(/home/shorouk/graduation_project/grad_proj_ws/install/sensors_sim/share/colcon-core/packages/sensors_sim)
[2.925s] DEBUG:colcon.colcon_parallel_executor.executor.parallel:closing loop
[2.926s] DEBUG:colcon.colcon_parallel_executor.executor.parallel:loop closed
[2.926s] DEBUG:colcon.colcon_parallel_executor.executor.parallel:run_until_complete finished with '0'
[2.927s] DEBUG:colcon.colcon_core.event_reactor:joining thread
[2.941s] INFO:colcon.colcon_core.plugin_system:Skipping extension 'colcon_notification.desktop_notification.terminal_notifier': Not used on non-Darwin systems
[2.941s] INFO:colcon.colcon_core.plugin_system:Skipping extension 'colcon_notification.desktop_notification.win32': Not used on non-Windows systems
[2.941s] INFO:colcon.colcon_notification.desktop_notification:Sending desktop notification using 'notify2'
[2.971s] DEBUG:colcon.colcon_core.event_reactor:joined thread
[2.976s] INFO:colcon.colcon_core.shell:Creating prefix script '/home/shorouk/graduation_project/grad_proj_ws/install/local_setup.ps1'
[2.978s] INFO:colcon.colcon_core.shell:Creating prefix util module '/home/shorouk/graduation_project/grad_proj_ws/install/_local_setup_util_ps1.py'
[2.980s] INFO:colcon.colcon_core.shell:Creating prefix chain script '/home/shorouk/graduation_project/grad_proj_ws/install/setup.ps1'
[2.984s] INFO:colcon.colcon_core.shell:Creating prefix script '/home/shorouk/graduation_project/grad_proj_ws/install/local_setup.sh'
[2.986s] INFO:colcon.colcon_core.shell:Creating prefix util module '/home/shorouk/graduation_project/grad_proj_ws/install/_local_setup_util_sh.py'
[2.987s] INFO:colcon.colcon_core.shell:Creating prefix chain script '/home/shorouk/graduation_project/grad_proj_ws/install/setup.sh'
[2.991s] INFO:colcon.colcon_core.shell:Creating prefix script '/home/shorouk/graduation_project/grad_proj_ws/install/local_setup.bash'
[2.992s] INFO:colcon.colcon_core.shell:Creating prefix chain script '/home/shorouk/graduation_project/grad_proj_ws/install/setup.bash'
[2.995s] INFO:colcon.colcon_core.shell:Creating prefix script '/home/shorouk/graduation_project/grad_proj_ws/install/local_setup.zsh'
[2.996s] INFO:colcon.colcon_core.shell:Creating prefix chain script '/home/shorouk/graduation_project/grad_proj_ws/install/setup.zsh'
