[0.048s] Invoking command in '/home/shorouk/grad_proj_ws/build/robot_description': CMAKE_PREFIX_PATH=${CMAKE_PREFIX_PATH}:/opt/ros/foxy /usr/bin/cmake --build /home/shorouk/grad_proj_ws/build/robot_description -- -j4 -l4
[0.131s] Invoked command in '/home/shorouk/grad_proj_ws/build/robot_description' returned '0': CMAKE_PREFIX_PATH=${CMAKE_PREFIX_PATH}:/opt/ros/foxy /usr/bin/cmake --build /home/shorouk/grad_proj_ws/build/robot_description -- -j4 -l4
[0.186s] Invoking command in '/home/shorouk/grad_proj_ws/build/robot_description': CMAKE_PREFIX_PATH=${CMAKE_PREFIX_PATH}:/opt/ros/foxy /usr/bin/cmake --install /home/shorouk/grad_proj_ws/build/robot_description
[0.214s] -- Install configuration: ""
[0.215s] -- Up-to-date: /home/shorouk/grad_proj_ws/install/robot_description/share/robot_description/config
[0.215s] -- Up-to-date: /home/shorouk/grad_proj_ws/install/robot_description/share/robot_description/config/ekf.yaml
[0.215s] -- Up-to-date: /home/shorouk/grad_proj_ws/install/robot_description/share/robot_description/launch
[0.215s] -- Up-to-date: /home/shorouk/grad_proj_ws/install/robot_description/share/robot_description/launch/rviz_and_gazebo_display.launch.py
[0.216s] -- Up-to-date: /home/shorouk/grad_proj_ws/install/robot_description/share/robot_description/launch/rviz_display.launch.py
[0.218s] -- Up-to-date: /home/shorouk/grad_proj_ws/install/robot_description/share/robot_description/maps
[0.218s] -- Up-to-date: /home/shorouk/grad_proj_ws/install/robot_description/share/robot_description/meshes
[0.218s] -- Up-to-date: /home/shorouk/grad_proj_ws/install/robot_description/share/robot_description/models
[0.219s] -- Installing: /home/shorouk/grad_proj_ws/install/robot_description/share/robot_description/models/urdf_description.urdf
[0.219s] -- Up-to-date: /home/shorouk/grad_proj_ws/install/robot_description/share/robot_description/models/gazebo_files
[0.221s] -- Up-to-date: /home/shorouk/grad_proj_ws/install/robot_description/share/robot_description/models/gazebo_files/model.config
[0.222s] -- Up-to-date: /home/shorouk/grad_proj_ws/install/robot_description/share/robot_description/models/gazebo_files/model.sdf
[0.222s] -- Up-to-date: /home/shorouk/grad_proj_ws/install/robot_description/share/robot_description/params
[0.222s] -- Up-to-date: /home/shorouk/grad_proj_ws/install/robot_description/share/robot_description/rviz
[0.222s] -- Up-to-date: /home/shorouk/grad_proj_ws/install/robot_description/share/robot_description/rviz/urdf_config.rviz
[0.224s] -- Up-to-date: /home/shorouk/grad_proj_ws/install/robot_description/share/robot_description/src
[0.225s] -- Up-to-date: /home/shorouk/grad_proj_ws/install/robot_description/share/robot_description/worlds
[0.226s] -- Up-to-date: /home/shorouk/grad_proj_ws/install/robot_description/share/robot_description/worlds/basic_mobile_bot_world
[0.226s] -- Up-to-date: /home/shorouk/grad_proj_ws/install/robot_description/share/robot_description/worlds/basic_mobile_bot_world/smalltown.world
[0.226s] -- Up-to-date: /home/shorouk/grad_proj_ws/install/robot_description/share/ament_index/resource_index/package_run_dependencies/robot_description
[0.226s] -- Up-to-date: /home/shorouk/grad_proj_ws/install/robot_description/share/ament_index/resource_index/parent_prefix_path/robot_description
[0.227s] -- Up-to-date: /home/shorouk/grad_proj_ws/install/robot_description/share/robot_description/environment/ament_prefix_path.sh
[0.227s] -- Up-to-date: /home/shorouk/grad_proj_ws/install/robot_description/share/robot_description/environment/ament_prefix_path.dsv
[0.227s] -- Up-to-date: /home/shorouk/grad_proj_ws/install/robot_description/share/robot_description/environment/path.sh
[0.228s] -- Up-to-date: /home/shorouk/grad_proj_ws/install/robot_description/share/robot_description/environment/path.dsv
[0.228s] -- Up-to-date: /home/shorouk/grad_proj_ws/install/robot_description/share/robot_description/local_setup.bash
[0.228s] -- Up-to-date: /home/shorouk/grad_proj_ws/install/robot_description/share/robot_description/local_setup.sh
[0.229s] -- Up-to-date: /home/shorouk/grad_proj_ws/install/robot_description/share/robot_description/local_setup.zsh
[0.229s] -- Up-to-date: /home/shorouk/grad_proj_ws/install/robot_description/share/robot_description/local_setup.dsv
[0.229s] -- Installing: /home/shorouk/grad_proj_ws/install/robot_description/share/robot_description/package.dsv
[0.229s] -- Up-to-date: /home/shorouk/grad_proj_ws/install/robot_description/share/ament_index/resource_index/packages/robot_description
[0.230s] -- Up-to-date: /home/shorouk/grad_proj_ws/install/robot_description/share/robot_description/cmake/robot_descriptionConfig.cmake
[0.230s] -- Up-to-date: /home/shorouk/grad_proj_ws/install/robot_description/share/robot_description/cmake/robot_descriptionConfig-version.cmake
[0.230s] -- Up-to-date: /home/shorouk/grad_proj_ws/install/robot_description/share/robot_description/package.xml
[0.260s] Invoked command in '/home/shorouk/grad_proj_ws/build/robot_description' returned '0': CMAKE_PREFIX_PATH=${CMAKE_PREFIX_PATH}:/opt/ros/foxy /usr/bin/cmake --install /home/shorouk/grad_proj_ws/build/robot_description
