[3.669s] Invoking command in '/home/shorouk/graduation_project/grad_proj_ws/src/py_pubsub': PYTHONPATH=/home/shorouk/graduation_project/grad_proj_ws/install/py_pubsub/lib/python3.8/site-packages:${PYTHONPATH} /usr/bin/python3 setup.py egg_info --egg-base ../../build/py_pubsub build --build-base /home/shorouk/graduation_project/grad_proj_ws/build/py_pubsub/build install --prefix /home/shorouk/graduation_project/grad_proj_ws/install/py_pubsub --record /home/shorouk/graduation_project/grad_proj_ws/build/py_pubsub/install.log --single-version-externally-managed
[4.151s] running egg_info
[4.152s] writing ../../build/py_pubsub/py_pubsub.egg-info/PKG-INFO
[4.153s] writing dependency_links to ../../build/py_pubsub/py_pubsub.egg-info/dependency_links.txt
[4.153s] writing entry points to ../../build/py_pubsub/py_pubsub.egg-info/entry_points.txt
[4.154s] writing requirements to ../../build/py_pubsub/py_pubsub.egg-info/requires.txt
[4.154s] writing top-level names to ../../build/py_pubsub/py_pubsub.egg-info/top_level.txt
[4.432s] reading manifest file '../../build/py_pubsub/py_pubsub.egg-info/SOURCES.txt'
[4.443s] writing manifest file '../../build/py_pubsub/py_pubsub.egg-info/SOURCES.txt'
[4.443s] running build
[4.444s] running build_py
[4.444s] running install
[4.447s] running install_lib
[4.451s] running install_data
[4.453s] running install_egg_info
[4.458s] removing '/home/shorouk/graduation_project/grad_proj_ws/install/py_pubsub/lib/python3.8/site-packages/py_pubsub-0.0.0-py3.8.egg-info' (and everything under it)
[4.459s] Copying ../../build/py_pubsub/py_pubsub.egg-info to /home/shorouk/graduation_project/grad_proj_ws/install/py_pubsub/lib/python3.8/site-packages/py_pubsub-0.0.0-py3.8.egg-info
[4.469s] running install_scripts
[4.503s] writing list of installed files to '/home/shorouk/graduation_project/grad_proj_ws/build/py_pubsub/install.log'
[4.575s] Invoked command in '/home/shorouk/graduation_project/grad_proj_ws/src/py_pubsub' returned '0': PYTHONPATH=/home/shorouk/graduation_project/grad_proj_ws/install/py_pubsub/lib/python3.8/site-packages:${PYTHONPATH} /usr/bin/python3 setup.py egg_info --egg-base ../../build/py_pubsub build --build-base /home/shorouk/graduation_project/grad_proj_ws/build/py_pubsub/build install --prefix /home/shorouk/graduation_project/grad_proj_ws/install/py_pubsub --record /home/shorouk/graduation_project/grad_proj_ws/build/py_pubsub/install.log --single-version-externally-managed
