[0.039s] Invoking command in '/home/shorouk/graduation_project/grad_proj_ws/build/physical_robot': CMAKE_PREFIX_PATH=${CMAKE_PREFIX_PATH}:/home/shorouk/graduation_project/grad_proj_ws/install/sensors_sim:/home/shorouk/graduation_project/grad_proj_ws/install/py_pubsub:/home/shorouk/graduation_project/grad_proj_ws/install/initial_pose_pub:/opt/ros/foxy /usr/bin/cmake --build /home/shorouk/graduation_project/grad_proj_ws/build/physical_robot -- -j4 -l4
[0.171s] Invoked command in '/home/shorouk/graduation_project/grad_proj_ws/build/physical_robot' returned '0': CMAKE_PREFIX_PATH=${CMAKE_PREFIX_PATH}:/home/shorouk/graduation_project/grad_proj_ws/install/sensors_sim:/home/shorouk/graduation_project/grad_proj_ws/install/py_pubsub:/home/shorouk/graduation_project/grad_proj_ws/install/initial_pose_pub:/opt/ros/foxy /usr/bin/cmake --build /home/shorouk/graduation_project/grad_proj_ws/build/physical_robot -- -j4 -l4
[0.238s] Invoking command in '/home/shorouk/graduation_project/grad_proj_ws/build/physical_robot': CMAKE_PREFIX_PATH=${CMAKE_PREFIX_PATH}:/home/shorouk/graduation_project/grad_proj_ws/install/sensors_sim:/home/shorouk/graduation_project/grad_proj_ws/install/py_pubsub:/home/shorouk/graduation_project/grad_proj_ws/install/initial_pose_pub:/opt/ros/foxy /usr/bin/cmake --install /home/shorouk/graduation_project/grad_proj_ws/build/physical_robot
[0.254s] -- Install configuration: ""
[0.255s] -- Up-to-date: /home/shorouk/graduation_project/grad_proj_ws/install/physical_robot/share/physical_robot/config
[0.255s] -- Up-to-date: /home/shorouk/graduation_project/grad_proj_ws/install/physical_robot/share/physical_robot/config/ekf.yaml
[0.255s] -- Up-to-date: /home/shorouk/graduation_project/grad_proj_ws/install/physical_robot/share/physical_robot/launch
[0.255s] -- Up-to-date: /home/shorouk/graduation_project/grad_proj_ws/install/physical_robot/share/physical_robot/launch/nav_no_urdf_sensors_sim.launch.py
[0.255s] -- Up-to-date: /home/shorouk/graduation_project/grad_proj_ws/install/physical_robot/share/physical_robot/launch/nav_no_urdf.launch.py
[0.256s] -- Up-to-date: /home/shorouk/graduation_project/grad_proj_ws/install/physical_robot/share/physical_robot/launch/bringup.launch.py
[0.256s] -- Up-to-date: /home/shorouk/graduation_project/grad_proj_ws/install/physical_robot/share/physical_robot/launch/nav_original.launch.py
[0.256s] -- Up-to-date: /home/shorouk/graduation_project/grad_proj_ws/install/physical_robot/share/physical_robot/launch/nav.launch.py
[0.256s] -- Up-to-date: /home/shorouk/graduation_project/grad_proj_ws/install/physical_robot/share/physical_robot/launch/nav_sim.launch.py
[0.257s] -- Up-to-date: /home/shorouk/graduation_project/grad_proj_ws/install/physical_robot/share/physical_robot/maps
[0.258s] -- Up-to-date: /home/shorouk/graduation_project/grad_proj_ws/install/physical_robot/share/physical_robot/maps/mymap2.yaml
[0.258s] -- Up-to-date: /home/shorouk/graduation_project/grad_proj_ws/install/physical_robot/share/physical_robot/maps/new_main_map2.yaml
[0.258s] -- Up-to-date: /home/shorouk/graduation_project/grad_proj_ws/install/physical_robot/share/physical_robot/maps/hospital_try3.pgm
[0.258s] -- Up-to-date: /home/shorouk/graduation_project/grad_proj_ws/install/physical_robot/share/physical_robot/maps/new_main_map2.pgm
[0.259s] -- Up-to-date: /home/shorouk/graduation_project/grad_proj_ws/install/physical_robot/share/physical_robot/maps/hospital_try3.yaml
[0.259s] -- Up-to-date: /home/shorouk/graduation_project/grad_proj_ws/install/physical_robot/share/physical_robot/maps/hospital_ws2.yaml
[0.259s] -- Up-to-date: /home/shorouk/graduation_project/grad_proj_ws/install/physical_robot/share/physical_robot/maps/smalltown_world.yaml
[0.260s] -- Up-to-date: /home/shorouk/graduation_project/grad_proj_ws/install/physical_robot/share/physical_robot/maps/smalltown_world.pgm
[0.260s] -- Up-to-date: /home/shorouk/graduation_project/grad_proj_ws/install/physical_robot/share/physical_robot/maps/hospital_try2.yaml
[0.260s] -- Up-to-date: /home/shorouk/graduation_project/grad_proj_ws/install/physical_robot/share/physical_robot/maps/mymap.pgm
[0.260s] -- Up-to-date: /home/shorouk/graduation_project/grad_proj_ws/install/physical_robot/share/physical_robot/maps/mymap2.pgm
[0.260s] -- Up-to-date: /home/shorouk/graduation_project/grad_proj_ws/install/physical_robot/share/physical_robot/maps/hospital_ws2.pgm
[0.261s] -- Up-to-date: /home/shorouk/graduation_project/grad_proj_ws/install/physical_robot/share/physical_robot/maps/hospital_try2.pgm
[0.261s] -- Up-to-date: /home/shorouk/graduation_project/grad_proj_ws/install/physical_robot/share/physical_robot/maps/second_floor2.yaml
[0.262s] -- Up-to-date: /home/shorouk/graduation_project/grad_proj_ws/install/physical_robot/share/physical_robot/maps/second_floor2.pgm
[0.264s] -- Up-to-date: /home/shorouk/graduation_project/grad_proj_ws/install/physical_robot/share/physical_robot/maps/mymap.yaml
[0.264s] -- Up-to-date: /home/shorouk/graduation_project/grad_proj_ws/install/physical_robot/share/physical_robot/meshes
[0.267s] -- Up-to-date: /home/shorouk/graduation_project/grad_proj_ws/install/physical_robot/share/physical_robot/models
[0.268s] -- Up-to-date: /home/shorouk/graduation_project/grad_proj_ws/install/physical_robot/share/physical_robot/models/safia_sim.urdf
[0.268s] -- Up-to-date: /home/shorouk/graduation_project/grad_proj_ws/install/physical_robot/share/physical_robot/models/urdf_description.urdf
[0.268s] -- Up-to-date: /home/shorouk/graduation_project/grad_proj_ws/install/physical_robot/share/physical_robot/models/gazebo_files
[0.269s] -- Up-to-date: /home/shorouk/graduation_project/grad_proj_ws/install/physical_robot/share/physical_robot/models/gazebo_files/model.config
[0.273s] -- Up-to-date: /home/shorouk/graduation_project/grad_proj_ws/install/physical_robot/share/physical_robot/models/gazebo_files/model.sdf
[0.274s] -- Up-to-date: /home/shorouk/graduation_project/grad_proj_ws/install/physical_robot/share/physical_robot/params
[0.274s] -- Up-to-date: /home/shorouk/graduation_project/grad_proj_ws/install/physical_robot/share/physical_robot/params/nav2_params.yaml
[0.275s] -- Installing: /home/shorouk/graduation_project/grad_proj_ws/install/physical_robot/share/physical_robot/params/original_params.yaml
[0.275s] -- Up-to-date: /home/shorouk/graduation_project/grad_proj_ws/install/physical_robot/share/physical_robot/params/github_params.yaml
[0.275s] -- Up-to-date: /home/shorouk/graduation_project/grad_proj_ws/install/physical_robot/share/physical_robot/params/nav2_params_original.yaml
[0.276s] -- Up-to-date: /home/shorouk/graduation_project/grad_proj_ws/install/physical_robot/share/physical_robot/rviz
[0.277s] -- Up-to-date: /home/shorouk/graduation_project/grad_proj_ws/install/physical_robot/share/physical_robot/rviz/physical_config.rviz
[0.277s] -- Up-to-date: /home/shorouk/graduation_project/grad_proj_ws/install/physical_robot/share/physical_robot/rviz/nav2_config.rviz
[0.279s] -- Up-to-date: /home/shorouk/graduation_project/grad_proj_ws/install/physical_robot/share/physical_robot/rviz/urdf_config.rviz
[0.281s] -- Up-to-date: /home/shorouk/graduation_project/grad_proj_ws/install/physical_robot/share/physical_robot/src
[0.282s] -- Up-to-date: /home/shorouk/graduation_project/grad_proj_ws/install/physical_robot/share/physical_robot/worlds
[0.282s] -- Up-to-date: /home/shorouk/graduation_project/grad_proj_ws/install/physical_robot/share/physical_robot/worlds/basic_mobile_bot_world
[0.284s] -- Up-to-date: /home/shorouk/graduation_project/grad_proj_ws/install/physical_robot/share/physical_robot/worlds/basic_mobile_bot_world/smalltown.world
[0.285s] -- Up-to-date: /home/shorouk/graduation_project/grad_proj_ws/install/physical_robot/share/ament_index/resource_index/package_run_dependencies/physical_robot
[0.286s] -- Up-to-date: /home/shorouk/graduation_project/grad_proj_ws/install/physical_robot/share/ament_index/resource_index/parent_prefix_path/physical_robot
[0.286s] -- Up-to-date: /home/shorouk/graduation_project/grad_proj_ws/install/physical_robot/share/physical_robot/environment/ament_prefix_path.sh
[0.287s] -- Up-to-date: /home/shorouk/graduation_project/grad_proj_ws/install/physical_robot/share/physical_robot/environment/ament_prefix_path.dsv
[0.287s] -- Up-to-date: /home/shorouk/graduation_project/grad_proj_ws/install/physical_robot/share/physical_robot/environment/path.sh
[0.287s] -- Up-to-date: /home/shorouk/graduation_project/grad_proj_ws/install/physical_robot/share/physical_robot/environment/path.dsv
[0.288s] -- Up-to-date: /home/shorouk/graduation_project/grad_proj_ws/install/physical_robot/share/physical_robot/local_setup.bash
[0.288s] -- Up-to-date: /home/shorouk/graduation_project/grad_proj_ws/install/physical_robot/share/physical_robot/local_setup.sh
[0.288s] -- Up-to-date: /home/shorouk/graduation_project/grad_proj_ws/install/physical_robot/share/physical_robot/local_setup.zsh
[0.288s] -- Up-to-date: /home/shorouk/graduation_project/grad_proj_ws/install/physical_robot/share/physical_robot/local_setup.dsv
[0.289s] -- Installing: /home/shorouk/graduation_project/grad_proj_ws/install/physical_robot/share/physical_robot/package.dsv
[0.289s] -- Up-to-date: /home/shorouk/graduation_project/grad_proj_ws/install/physical_robot/share/ament_index/resource_index/packages/physical_robot
[0.289s] -- Up-to-date: /home/shorouk/graduation_project/grad_proj_ws/install/physical_robot/share/physical_robot/cmake/physical_robotConfig.cmake
[0.289s] -- Up-to-date: /home/shorouk/graduation_project/grad_proj_ws/install/physical_robot/share/physical_robot/cmake/physical_robotConfig-version.cmake
[0.290s] -- Up-to-date: /home/shorouk/graduation_project/grad_proj_ws/install/physical_robot/share/physical_robot/package.xml
[0.290s] Invoked command in '/home/shorouk/graduation_project/grad_proj_ws/build/physical_robot' returned '0': CMAKE_PREFIX_PATH=${CMAKE_PREFIX_PATH}:/home/shorouk/graduation_project/grad_proj_ws/install/sensors_sim:/home/shorouk/graduation_project/grad_proj_ws/install/py_pubsub:/home/shorouk/graduation_project/grad_proj_ws/install/initial_pose_pub:/opt/ros/foxy /usr/bin/cmake --install /home/shorouk/graduation_project/grad_proj_ws/build/physical_robot
