[3.187s] DEBUG:colcon:Command line arguments: ['/usr/bin/colcon', 'build', '--packages-select', 'rplidar_ros', '--symlink-install']
[3.187s] DEBUG:colcon:Parsed command line arguments: Namespace(allow_overriding=[], ament_cmake_args=None, base_paths=['.'], build_base='build', catkin_cmake_args=None, catkin_skip_building_tests=False, cmake_args=None, cmake_clean_cache=False, cmake_clean_first=False, cmake_force_configure=False, cmake_target=None, cmake_target_skip_unavailable=False, continue_on_error=False, event_handlers=None, executor='parallel', ignore_user_meta=False, install_base='install', log_base=None, log_level=None, main=<bound method BuildVerb.main of <colcon_core.verb.build.BuildVerb object at 0x7f14aedb3d60>>, merge_install=False, metas=['./colcon.meta'], packages_above=None, packages_above_and_dependencies=None, packages_above_depth=None, packages_end=None, packages_ignore=None, packages_ignore_regex=None, packages_select=['rplidar_ros'], packages_select_build_failed=False, packages_select_by_dep=None, packages_select_regex=None, packages_select_test_failures=False, packages_skip=None, packages_skip_build_finished=False, packages_skip_by_dep=None, packages_skip_regex=None, packages_skip_test_passed=False, packages_skip_up_to=None, packages_start=None, packages_up_to=None, packages_up_to_regex=None, parallel_workers=4, paths=None, symlink_install=True, test_result_base=None, verb_extension=<colcon_core.verb.build.BuildVerb object at 0x7f14aedb3d60>, verb_name='build', verb_parser=<colcon_defaults.argument_parser.defaults.DefaultArgumentsDecorator object at 0x7f14aedbf310>)
[3.633s] Level 1:colcon.colcon_core.package_discovery:discover_packages(colcon_meta) check parameters
[3.634s] Level 1:colcon.colcon_core.package_discovery:discover_packages(recursive) check parameters
[3.634s] Level 1:colcon.colcon_core.package_discovery:discover_packages(ignore) check parameters
[3.634s] Level 1:colcon.colcon_core.package_discovery:discover_packages(path) check parameters
[3.634s] Level 1:colcon.colcon_core.package_discovery:discover_packages(colcon_meta) discover
[3.634s] Level 1:colcon.colcon_core.package_discovery:discover_packages(recursive) discover
[3.634s] INFO:colcon.colcon_core.package_discovery:Crawling recursively for packages in '/home/shorouk/graduation_project/grad_proj_ws'
[3.635s] Level 1:colcon.colcon_core.package_identification:_identify(.) by extensions ['ignore', 'ignore_ament_install']
[3.635s] Level 1:colcon.colcon_core.package_identification:_identify(.) by extension 'ignore'
[3.635s] Level 1:colcon.colcon_core.package_identification:_identify(.) by extension 'ignore_ament_install'
[3.635s] Level 1:colcon.colcon_core.package_identification:_identify(.) by extensions ['colcon_pkg']
[3.635s] Level 1:colcon.colcon_core.package_identification:_identify(.) by extension 'colcon_pkg'
[3.635s] Level 1:colcon.colcon_core.package_identification:_identify(.) by extensions ['colcon_meta']
[3.635s] Level 1:colcon.colcon_core.package_identification:_identify(.) by extension 'colcon_meta'
[3.635s] Level 1:colcon.colcon_core.package_identification:_identify(.) by extensions ['ros']
[3.636s] Level 1:colcon.colcon_core.package_identification:_identify(.) by extension 'ros'
[3.672s] Level 1:colcon.colcon_core.package_identification:_identify(.) by extensions ['cmake', 'python']
[3.672s] Level 1:colcon.colcon_core.package_identification:_identify(.) by extension 'cmake'
[3.672s] Level 1:colcon.colcon_core.package_identification:_identify(.) by extension 'python'
[3.673s] Level 1:colcon.colcon_core.package_identification:_identify(.) by extensions ['python_setup_py']
[3.673s] Level 1:colcon.colcon_core.package_identification:_identify(.) by extension 'python_setup_py'
[3.673s] Level 1:colcon.colcon_core.package_identification:_identify(build) by extensions ['ignore', 'ignore_ament_install']
[3.673s] Level 1:colcon.colcon_core.package_identification:_identify(build) by extension 'ignore'
[3.673s] Level 1:colcon.colcon_core.package_identification:_identify(build) ignored
[3.674s] Level 1:colcon.colcon_core.package_identification:_identify(install) by extensions ['ignore', 'ignore_ament_install']
[3.674s] Level 1:colcon.colcon_core.package_identification:_identify(install) by extension 'ignore'
[3.674s] Level 1:colcon.colcon_core.package_identification:_identify(install) ignored
[3.675s] Level 1:colcon.colcon_core.package_identification:_identify(log) by extensions ['ignore', 'ignore_ament_install']
[3.675s] Level 1:colcon.colcon_core.package_identification:_identify(log) by extension 'ignore'
[3.675s] Level 1:colcon.colcon_core.package_identification:_identify(log) ignored
[3.675s] Level 1:colcon.colcon_core.package_identification:_identify(src) by extensions ['ignore', 'ignore_ament_install']
[3.675s] Level 1:colcon.colcon_core.package_identification:_identify(src) by extension 'ignore'
[3.676s] Level 1:colcon.colcon_core.package_identification:_identify(src) by extension 'ignore_ament_install'
[3.676s] Level 1:colcon.colcon_core.package_identification:_identify(src) by extensions ['colcon_pkg']
[3.676s] Level 1:colcon.colcon_core.package_identification:_identify(src) by extension 'colcon_pkg'
[3.676s] Level 1:colcon.colcon_core.package_identification:_identify(src) by extensions ['colcon_meta']
[3.676s] Level 1:colcon.colcon_core.package_identification:_identify(src) by extension 'colcon_meta'
[3.676s] Level 1:colcon.colcon_core.package_identification:_identify(src) by extensions ['ros']
[3.676s] Level 1:colcon.colcon_core.package_identification:_identify(src) by extension 'ros'
[3.677s] Level 1:colcon.colcon_core.package_identification:_identify(src) by extensions ['cmake', 'python']
[3.677s] Level 1:colcon.colcon_core.package_identification:_identify(src) by extension 'cmake'
[3.677s] Level 1:colcon.colcon_core.package_identification:_identify(src) by extension 'python'
[3.677s] Level 1:colcon.colcon_core.package_identification:_identify(src) by extensions ['python_setup_py']
[3.677s] Level 1:colcon.colcon_core.package_identification:_identify(src) by extension 'python_setup_py'
[3.677s] Level 1:colcon.colcon_core.package_identification:_identify(src/initial_pose_pub) by extensions ['ignore', 'ignore_ament_install']
[3.677s] Level 1:colcon.colcon_core.package_identification:_identify(src/initial_pose_pub) by extension 'ignore'
[3.678s] Level 1:colcon.colcon_core.package_identification:_identify(src/initial_pose_pub) by extension 'ignore_ament_install'
[3.678s] Level 1:colcon.colcon_core.package_identification:_identify(src/initial_pose_pub) by extensions ['colcon_pkg']
[3.678s] Level 1:colcon.colcon_core.package_identification:_identify(src/initial_pose_pub) by extension 'colcon_pkg'
[3.678s] Level 1:colcon.colcon_core.package_identification:_identify(src/initial_pose_pub) by extensions ['colcon_meta']
[3.678s] Level 1:colcon.colcon_core.package_identification:_identify(src/initial_pose_pub) by extension 'colcon_meta'
[3.678s] Level 1:colcon.colcon_core.package_identification:_identify(src/initial_pose_pub) by extensions ['ros']
[3.678s] Level 1:colcon.colcon_core.package_identification:_identify(src/initial_pose_pub) by extension 'ros'
[3.691s] DEBUG:colcon.colcon_core.package_identification:Package 'src/initial_pose_pub' with type 'ros.ament_python' and name 'initial_pose_pub'
[3.692s] Level 1:colcon.colcon_core.package_identification:_identify(src/physical_robot) by extensions ['ignore', 'ignore_ament_install']
[3.692s] Level 1:colcon.colcon_core.package_identification:_identify(src/physical_robot) by extension 'ignore'
[3.692s] Level 1:colcon.colcon_core.package_identification:_identify(src/physical_robot) by extension 'ignore_ament_install'
[3.692s] Level 1:colcon.colcon_core.package_identification:_identify(src/physical_robot) by extensions ['colcon_pkg']
[3.692s] Level 1:colcon.colcon_core.package_identification:_identify(src/physical_robot) by extension 'colcon_pkg'
[3.692s] Level 1:colcon.colcon_core.package_identification:_identify(src/physical_robot) by extensions ['colcon_meta']
[3.692s] Level 1:colcon.colcon_core.package_identification:_identify(src/physical_robot) by extension 'colcon_meta'
[3.693s] Level 1:colcon.colcon_core.package_identification:_identify(src/physical_robot) by extensions ['ros']
[3.693s] Level 1:colcon.colcon_core.package_identification:_identify(src/physical_robot) by extension 'ros'
[3.731s] DEBUG:colcon.colcon_core.package_identification:Package 'src/physical_robot' with type 'ros.ament_cmake' and name 'physical_robot'
[3.731s] Level 1:colcon.colcon_core.package_identification:_identify(src/robot_sim) by extensions ['ignore', 'ignore_ament_install']
[3.731s] Level 1:colcon.colcon_core.package_identification:_identify(src/robot_sim) by extension 'ignore'
[3.731s] Level 1:colcon.colcon_core.package_identification:_identify(src/robot_sim) by extension 'ignore_ament_install'
[3.731s] Level 1:colcon.colcon_core.package_identification:_identify(src/robot_sim) by extensions ['colcon_pkg']
[3.732s] Level 1:colcon.colcon_core.package_identification:_identify(src/robot_sim) by extension 'colcon_pkg'
[3.732s] Level 1:colcon.colcon_core.package_identification:_identify(src/robot_sim) by extensions ['colcon_meta']
[3.732s] Level 1:colcon.colcon_core.package_identification:_identify(src/robot_sim) by extension 'colcon_meta'
[3.732s] Level 1:colcon.colcon_core.package_identification:_identify(src/robot_sim) by extensions ['ros']
[3.732s] Level 1:colcon.colcon_core.package_identification:_identify(src/robot_sim) by extension 'ros'
[3.754s] DEBUG:colcon.colcon_core.package_identification:Package 'src/robot_sim' with type 'ros.ament_cmake' and name 'robot_sim'
[3.755s] Level 1:colcon.colcon_core.package_identification:_identify(src/rplidar_ros-ros2) by extensions ['ignore', 'ignore_ament_install']
[3.755s] Level 1:colcon.colcon_core.package_identification:_identify(src/rplidar_ros-ros2) by extension 'ignore'
[3.755s] Level 1:colcon.colcon_core.package_identification:_identify(src/rplidar_ros-ros2) by extension 'ignore_ament_install'
[3.755s] Level 1:colcon.colcon_core.package_identification:_identify(src/rplidar_ros-ros2) by extensions ['colcon_pkg']
[3.755s] Level 1:colcon.colcon_core.package_identification:_identify(src/rplidar_ros-ros2) by extension 'colcon_pkg'
[3.755s] Level 1:colcon.colcon_core.package_identification:_identify(src/rplidar_ros-ros2) by extensions ['colcon_meta']
[3.755s] Level 1:colcon.colcon_core.package_identification:_identify(src/rplidar_ros-ros2) by extension 'colcon_meta'
[3.756s] Level 1:colcon.colcon_core.package_identification:_identify(src/rplidar_ros-ros2) by extensions ['ros']
[3.756s] Level 1:colcon.colcon_core.package_identification:_identify(src/rplidar_ros-ros2) by extension 'ros'
[3.757s] DEBUG:colcon.colcon_core.package_identification:Package 'src/rplidar_ros-ros2' with type 'ros.ament_cmake' and name 'rplidar_ros'
[3.757s] Level 1:colcon.colcon_core.package_identification:_identify(src/sensors_sim) by extensions ['ignore', 'ignore_ament_install']
[3.757s] Level 1:colcon.colcon_core.package_identification:_identify(src/sensors_sim) by extension 'ignore'
[3.757s] Level 1:colcon.colcon_core.package_identification:_identify(src/sensors_sim) by extension 'ignore_ament_install'
[3.758s] Level 1:colcon.colcon_core.package_identification:_identify(src/sensors_sim) by extensions ['colcon_pkg']
[3.758s] Level 1:colcon.colcon_core.package_identification:_identify(src/sensors_sim) by extension 'colcon_pkg'
[3.758s] Level 1:colcon.colcon_core.package_identification:_identify(src/sensors_sim) by extensions ['colcon_meta']
[3.758s] Level 1:colcon.colcon_core.package_identification:_identify(src/sensors_sim) by extension 'colcon_meta'
[3.758s] Level 1:colcon.colcon_core.package_identification:_identify(src/sensors_sim) by extensions ['ros']
[3.758s] Level 1:colcon.colcon_core.package_identification:_identify(src/sensors_sim) by extension 'ros'
[3.777s] DEBUG:colcon.colcon_core.package_identification:Package 'src/sensors_sim' with type 'ros.ament_python' and name 'sensors_sim'
[3.777s] Level 1:colcon.colcon_core.package_discovery:discover_packages(recursive) using defaults
[3.777s] Level 1:colcon.colcon_core.package_discovery:discover_packages(ignore) discover
[3.777s] Level 1:colcon.colcon_core.package_discovery:discover_packages(ignore) using defaults
[3.777s] Level 1:colcon.colcon_core.package_discovery:discover_packages(path) discover
[3.777s] Level 1:colcon.colcon_core.package_discovery:discover_packages(path) using defaults
[3.969s] INFO:colcon.colcon_core.package_selection:Skipping not selected package 'initial_pose_pub' in 'src/initial_pose_pub'
[3.970s] INFO:colcon.colcon_core.package_selection:Skipping not selected package 'physical_robot' in 'src/physical_robot'
[3.970s] INFO:colcon.colcon_core.package_selection:Skipping not selected package 'robot_sim' in 'src/robot_sim'
[3.970s] INFO:colcon.colcon_core.package_selection:Skipping not selected package 'sensors_sim' in 'src/sensors_sim'
[3.971s] Level 1:colcon.colcon_core.package_discovery:discover_packages(prefix_path) check parameters
[3.971s] Level 1:colcon.colcon_core.package_discovery:discover_packages(prefix_path) discover
[3.981s] DEBUG:colcon.colcon_installed_package_information.package_discovery:Found 335 installed packages in /opt/ros/foxy
[3.984s] Level 1:colcon.colcon_core.package_discovery:discover_packages(prefix_path) using defaults
[5.214s] Level 5:colcon.colcon_core.verb:set package 'rplidar_ros' build argument 'cmake_args' from command line to 'None'
[5.214s] Level 5:colcon.colcon_core.verb:set package 'rplidar_ros' build argument 'cmake_target' from command line to 'None'
[5.214s] Level 5:colcon.colcon_core.verb:set package 'rplidar_ros' build argument 'cmake_target_skip_unavailable' from command line to 'False'
[5.214s] Level 5:colcon.colcon_core.verb:set package 'rplidar_ros' build argument 'cmake_clean_cache' from command line to 'False'
[5.214s] Level 5:colcon.colcon_core.verb:set package 'rplidar_ros' build argument 'cmake_clean_first' from command line to 'False'
[5.214s] Level 5:colcon.colcon_core.verb:set package 'rplidar_ros' build argument 'cmake_force_configure' from command line to 'False'
[5.215s] Level 5:colcon.colcon_core.verb:set package 'rplidar_ros' build argument 'ament_cmake_args' from command line to 'None'
[5.215s] Level 5:colcon.colcon_core.verb:set package 'rplidar_ros' build argument 'catkin_cmake_args' from command line to 'None'
[5.215s] Level 5:colcon.colcon_core.verb:set package 'rplidar_ros' build argument 'catkin_skip_building_tests' from command line to 'False'
[5.215s] DEBUG:colcon.colcon_core.verb:Building package 'rplidar_ros' with the following arguments: {'ament_cmake_args': None, 'build_base': '/home/shorouk/graduation_project/grad_proj_ws/build/rplidar_ros', 'catkin_cmake_args': None, 'catkin_skip_building_tests': False, 'cmake_args': None, 'cmake_clean_cache': False, 'cmake_clean_first': False, 'cmake_force_configure': False, 'cmake_target': None, 'cmake_target_skip_unavailable': False, 'install_base': '/home/shorouk/graduation_project/grad_proj_ws/install/rplidar_ros', 'merge_install': False, 'path': '/home/shorouk/graduation_project/grad_proj_ws/src/rplidar_ros-ros2', 'symlink_install': True, 'test_result_base': None}
[5.217s] INFO:colcon.colcon_core.executor:Executing jobs using 'parallel' executor
[5.230s] DEBUG:colcon.colcon_parallel_executor.executor.parallel:run_until_complete
[5.231s] INFO:colcon.colcon_ros.task.ament_cmake.build:Building ROS package in '/home/shorouk/graduation_project/grad_proj_ws/src/rplidar_ros-ros2' with build type 'ament_cmake'
[5.231s] INFO:colcon.colcon_cmake.task.cmake.build:Building CMake package in '/home/shorouk/graduation_project/grad_proj_ws/src/rplidar_ros-ros2'
[5.335s] INFO:colcon.colcon_core.plugin_system:Skipping extension 'colcon_core.shell.bat': Not used on non-Windows systems
[5.335s] INFO:colcon.colcon_core.shell:Skip shell extension 'powershell' for command environment: Not usable outside of PowerShell
[5.335s] DEBUG:colcon.colcon_core.shell:Skip shell extension 'dsv' for command environment
[5.370s] DEBUG:colcon.colcon_core.event_handler.log_command:Invoking command in '/home/shorouk/graduation_project/grad_proj_ws/build/rplidar_ros': CMAKE_PREFIX_PATH=/opt/ros/foxy /usr/bin/cmake /home/shorouk/graduation_project/grad_proj_ws/src/rplidar_ros-ros2 -DAMENT_CMAKE_SYMLINK_INSTALL=1 -DCMAKE_INSTALL_PREFIX=/home/shorouk/graduation_project/grad_proj_ws/install/rplidar_ros
[13.430s] DEBUG:colcon.colcon_core.event_handler.log_command:Invoked command in '/home/shorouk/graduation_project/grad_proj_ws/build/rplidar_ros' returned '0': CMAKE_PREFIX_PATH=/opt/ros/foxy /usr/bin/cmake /home/shorouk/graduation_project/grad_proj_ws/src/rplidar_ros-ros2 -DAMENT_CMAKE_SYMLINK_INSTALL=1 -DCMAKE_INSTALL_PREFIX=/home/shorouk/graduation_project/grad_proj_ws/install/rplidar_ros
[13.435s] DEBUG:colcon.colcon_core.event_handler.log_command:Invoking command in '/home/shorouk/graduation_project/grad_proj_ws/build/rplidar_ros': CMAKE_PREFIX_PATH=/opt/ros/foxy /usr/bin/cmake --build /home/shorouk/graduation_project/grad_proj_ws/build/rplidar_ros -- -j4 -l4
[30.828s] DEBUG:colcon.colcon_core.event_handler.log_command:Invoked command in '/home/shorouk/graduation_project/grad_proj_ws/build/rplidar_ros' returned '0': CMAKE_PREFIX_PATH=/opt/ros/foxy /usr/bin/cmake --build /home/shorouk/graduation_project/grad_proj_ws/build/rplidar_ros -- -j4 -l4
[30.911s] DEBUG:colcon.colcon_core.event_handler.log_command:Invoking command in '/home/shorouk/graduation_project/grad_proj_ws/build/rplidar_ros': CMAKE_PREFIX_PATH=/opt/ros/foxy /usr/bin/cmake --install /home/shorouk/graduation_project/grad_proj_ws/build/rplidar_ros
[31.516s] Level 1:colcon.colcon_core.environment:create_environment_scripts_only(rplidar_ros)
[31.518s] DEBUG:colcon.colcon_core.event_handler.log_command:Invoked command in '/home/shorouk/graduation_project/grad_proj_ws/build/rplidar_ros' returned '0': CMAKE_PREFIX_PATH=/opt/ros/foxy /usr/bin/cmake --install /home/shorouk/graduation_project/grad_proj_ws/build/rplidar_ros
[31.609s] Level 1:colcon.colcon_core.environment:checking '/home/shorouk/graduation_project/grad_proj_ws/install/rplidar_ros' for CMake module files
[31.610s] Level 1:colcon.colcon_core.environment:checking '/home/shorouk/graduation_project/grad_proj_ws/install/rplidar_ros' for CMake config files
[31.611s] Level 1:colcon.colcon_core.shell:create_environment_hook('rplidar_ros', 'cmake_prefix_path')
[31.615s] INFO:colcon.colcon_core.shell:Creating environment hook '/home/shorouk/graduation_project/grad_proj_ws/install/rplidar_ros/share/rplidar_ros/hook/cmake_prefix_path.ps1'
[31.643s] INFO:colcon.colcon_core.shell:Creating environment descriptor '/home/shorouk/graduation_project/grad_proj_ws/install/rplidar_ros/share/rplidar_ros/hook/cmake_prefix_path.dsv'
[31.658s] INFO:colcon.colcon_core.shell:Creating environment hook '/home/shorouk/graduation_project/grad_proj_ws/install/rplidar_ros/share/rplidar_ros/hook/cmake_prefix_path.sh'
[31.659s] Level 1:colcon.colcon_core.environment:checking '/home/shorouk/graduation_project/grad_proj_ws/install/rplidar_ros/lib'
[31.660s] Level 1:colcon.colcon_core.shell:create_environment_hook('rplidar_ros', 'ld_library_path_lib')
[31.664s] INFO:colcon.colcon_core.shell:Creating environment hook '/home/shorouk/graduation_project/grad_proj_ws/install/rplidar_ros/share/rplidar_ros/hook/ld_library_path_lib.ps1'
[31.665s] INFO:colcon.colcon_core.shell:Creating environment descriptor '/home/shorouk/graduation_project/grad_proj_ws/install/rplidar_ros/share/rplidar_ros/hook/ld_library_path_lib.dsv'
[31.666s] INFO:colcon.colcon_core.shell:Creating environment hook '/home/shorouk/graduation_project/grad_proj_ws/install/rplidar_ros/share/rplidar_ros/hook/ld_library_path_lib.sh'
[31.666s] Level 1:colcon.colcon_core.environment:checking '/home/shorouk/graduation_project/grad_proj_ws/install/rplidar_ros/bin'
[31.666s] Level 1:colcon.colcon_core.environment:checking '/home/shorouk/graduation_project/grad_proj_ws/install/rplidar_ros/lib/pkgconfig/rplidar_ros.pc'
[31.667s] Level 1:colcon.colcon_core.environment:checking '/home/shorouk/graduation_project/grad_proj_ws/install/rplidar_ros/lib/python3.8/site-packages'
[31.667s] Level 1:colcon.colcon_core.environment:checking '/home/shorouk/graduation_project/grad_proj_ws/install/rplidar_ros/bin'
[31.672s] INFO:colcon.colcon_core.shell:Creating package script '/home/shorouk/graduation_project/grad_proj_ws/install/rplidar_ros/share/rplidar_ros/package.ps1'
[31.674s] INFO:colcon.colcon_core.shell:Creating package descriptor '/home/shorouk/graduation_project/grad_proj_ws/install/rplidar_ros/share/rplidar_ros/package.dsv'
[31.675s] INFO:colcon.colcon_core.shell:Creating package script '/home/shorouk/graduation_project/grad_proj_ws/install/rplidar_ros/share/rplidar_ros/package.sh'
[31.677s] INFO:colcon.colcon_core.shell:Creating package script '/home/shorouk/graduation_project/grad_proj_ws/install/rplidar_ros/share/rplidar_ros/package.bash'
[31.687s] INFO:colcon.colcon_core.shell:Creating package script '/home/shorouk/graduation_project/grad_proj_ws/install/rplidar_ros/share/rplidar_ros/package.zsh'
[31.689s] Level 1:colcon.colcon_core.environment:create_file_with_runtime_dependencies(/home/shorouk/graduation_project/grad_proj_ws/install/rplidar_ros/share/colcon-core/packages/rplidar_ros)
[31.756s] Level 1:colcon.colcon_core.environment:create_environment_scripts_only(rplidar_ros)
[31.762s] Level 1:colcon.colcon_core.environment:checking '/home/shorouk/graduation_project/grad_proj_ws/install/rplidar_ros' for CMake module files
[31.764s] Level 1:colcon.colcon_core.environment:checking '/home/shorouk/graduation_project/grad_proj_ws/install/rplidar_ros' for CMake config files
[31.764s] Level 1:colcon.colcon_core.shell:create_environment_hook('rplidar_ros', 'cmake_prefix_path')
[31.769s] INFO:colcon.colcon_core.shell:Creating environment hook '/home/shorouk/graduation_project/grad_proj_ws/install/rplidar_ros/share/rplidar_ros/hook/cmake_prefix_path.ps1'
[31.770s] INFO:colcon.colcon_core.shell:Creating environment descriptor '/home/shorouk/graduation_project/grad_proj_ws/install/rplidar_ros/share/rplidar_ros/hook/cmake_prefix_path.dsv'
[31.771s] INFO:colcon.colcon_core.shell:Creating environment hook '/home/shorouk/graduation_project/grad_proj_ws/install/rplidar_ros/share/rplidar_ros/hook/cmake_prefix_path.sh'
[31.772s] Level 1:colcon.colcon_core.environment:checking '/home/shorouk/graduation_project/grad_proj_ws/install/rplidar_ros/lib'
[31.772s] Level 1:colcon.colcon_core.shell:create_environment_hook('rplidar_ros', 'ld_library_path_lib')
[31.779s] INFO:colcon.colcon_core.shell:Creating environment hook '/home/shorouk/graduation_project/grad_proj_ws/install/rplidar_ros/share/rplidar_ros/hook/ld_library_path_lib.ps1'
[31.780s] INFO:colcon.colcon_core.shell:Creating environment descriptor '/home/shorouk/graduation_project/grad_proj_ws/install/rplidar_ros/share/rplidar_ros/hook/ld_library_path_lib.dsv'
[31.780s] INFO:colcon.colcon_core.shell:Creating environment hook '/home/shorouk/graduation_project/grad_proj_ws/install/rplidar_ros/share/rplidar_ros/hook/ld_library_path_lib.sh'
[31.781s] Level 1:colcon.colcon_core.environment:checking '/home/shorouk/graduation_project/grad_proj_ws/install/rplidar_ros/bin'
[31.781s] Level 1:colcon.colcon_core.environment:checking '/home/shorouk/graduation_project/grad_proj_ws/install/rplidar_ros/lib/pkgconfig/rplidar_ros.pc'
[31.782s] Level 1:colcon.colcon_core.environment:checking '/home/shorouk/graduation_project/grad_proj_ws/install/rplidar_ros/lib/python3.8/site-packages'
[31.782s] Level 1:colcon.colcon_core.environment:checking '/home/shorouk/graduation_project/grad_proj_ws/install/rplidar_ros/bin'
[31.786s] INFO:colcon.colcon_core.shell:Creating package script '/home/shorouk/graduation_project/grad_proj_ws/install/rplidar_ros/share/rplidar_ros/package.ps1'
[31.787s] INFO:colcon.colcon_core.shell:Creating package descriptor '/home/shorouk/graduation_project/grad_proj_ws/install/rplidar_ros/share/rplidar_ros/package.dsv'
[31.788s] INFO:colcon.colcon_core.shell:Creating package script '/home/shorouk/graduation_project/grad_proj_ws/install/rplidar_ros/share/rplidar_ros/package.sh'
[31.789s] INFO:colcon.colcon_core.shell:Creating package script '/home/shorouk/graduation_project/grad_proj_ws/install/rplidar_ros/share/rplidar_ros/package.bash'
[31.790s] INFO:colcon.colcon_core.shell:Creating package script '/home/shorouk/graduation_project/grad_proj_ws/install/rplidar_ros/share/rplidar_ros/package.zsh'
[31.791s] Level 1:colcon.colcon_core.environment:create_file_with_runtime_dependencies(/home/shorouk/graduation_project/grad_proj_ws/install/rplidar_ros/share/colcon-core/packages/rplidar_ros)
[31.792s] DEBUG:colcon.colcon_parallel_executor.executor.parallel:closing loop
[31.792s] DEBUG:colcon.colcon_parallel_executor.executor.parallel:loop closed
[31.793s] DEBUG:colcon.colcon_parallel_executor.executor.parallel:run_until_complete finished with '0'
[31.793s] DEBUG:colcon.colcon_core.event_reactor:joining thread
[31.956s] INFO:colcon.colcon_core.plugin_system:Skipping extension 'colcon_notification.desktop_notification.terminal_notifier': Not used on non-Darwin systems
[31.956s] INFO:colcon.colcon_core.plugin_system:Skipping extension 'colcon_notification.desktop_notification.win32': Not used on non-Windows systems
[31.956s] INFO:colcon.colcon_notification.desktop_notification:Sending desktop notification using 'notify2'
[31.988s] DEBUG:colcon.colcon_core.event_reactor:joined thread
[31.993s] INFO:colcon.colcon_core.shell:Creating prefix script '/home/shorouk/graduation_project/grad_proj_ws/install/local_setup.ps1'
[31.999s] INFO:colcon.colcon_core.shell:Creating prefix util module '/home/shorouk/graduation_project/grad_proj_ws/install/_local_setup_util_ps1.py'
[32.014s] INFO:colcon.colcon_core.shell:Creating prefix chain script '/home/shorouk/graduation_project/grad_proj_ws/install/setup.ps1'
[32.019s] INFO:colcon.colcon_core.shell:Creating prefix script '/home/shorouk/graduation_project/grad_proj_ws/install/local_setup.sh'
[32.021s] INFO:colcon.colcon_core.shell:Creating prefix util module '/home/shorouk/graduation_project/grad_proj_ws/install/_local_setup_util_sh.py'
[32.022s] INFO:colcon.colcon_core.shell:Creating prefix chain script '/home/shorouk/graduation_project/grad_proj_ws/install/setup.sh'
[32.027s] INFO:colcon.colcon_core.shell:Creating prefix script '/home/shorouk/graduation_project/grad_proj_ws/install/local_setup.bash'
[32.028s] INFO:colcon.colcon_core.shell:Creating prefix chain script '/home/shorouk/graduation_project/grad_proj_ws/install/setup.bash'
[32.031s] INFO:colcon.colcon_core.shell:Creating prefix script '/home/shorouk/graduation_project/grad_proj_ws/install/local_setup.zsh'
[32.032s] INFO:colcon.colcon_core.shell:Creating prefix chain script '/home/shorouk/graduation_project/grad_proj_ws/install/setup.zsh'
