[0.056s] Invoking command in '/home/shorouk/grad_proj_ws/build/robot_description': CMAKE_PREFIX_PATH=${CMAKE_PREFIX_PATH}:/home/shorouk/ros2_ws/install/py_srvcli:/home/shorouk/ros2_ws/install/py_pubsub:/home/shorouk/ros2_ws/install/py_launch_example:/home/shorouk/ros2_ws/install/my_package:/home/shorouk/ros2_ws/install/examples_rclpy_minimal_subscriber:/home/shorouk/ros2_ws/install/examples_rclpy_minimal_service:/home/shorouk/ros2_ws/install/examples_rclpy_minimal_publisher:/home/shorouk/ros2_ws/install/examples_rclpy_minimal_client:/home/shorouk/ros2_ws/install/examples_rclpy_minimal_action_server:/home/shorouk/ros2_ws/install/examples_rclpy_minimal_action_client:/home/shorouk/ros2_ws/install/examples_rclpy_executors:/opt/ros/foxy /usr/bin/cmake --build /home/shorouk/grad_proj_ws/build/robot_description -- -j4 -l4
[0.135s] Invoked command in '/home/shorouk/grad_proj_ws/build/robot_description' returned '0': CMAKE_PREFIX_PATH=${CMAKE_PREFIX_PATH}:/home/shorouk/ros2_ws/install/py_srvcli:/home/shorouk/ros2_ws/install/py_pubsub:/home/shorouk/ros2_ws/install/py_launch_example:/home/shorouk/ros2_ws/install/my_package:/home/shorouk/ros2_ws/install/examples_rclpy_minimal_subscriber:/home/shorouk/ros2_ws/install/examples_rclpy_minimal_service:/home/shorouk/ros2_ws/install/examples_rclpy_minimal_publisher:/home/shorouk/ros2_ws/install/examples_rclpy_minimal_client:/home/shorouk/ros2_ws/install/examples_rclpy_minimal_action_server:/home/shorouk/ros2_ws/install/examples_rclpy_minimal_action_client:/home/shorouk/ros2_ws/install/examples_rclpy_executors:/opt/ros/foxy /usr/bin/cmake --build /home/shorouk/grad_proj_ws/build/robot_description -- -j4 -l4
[0.199s] Invoking command in '/home/shorouk/grad_proj_ws/build/robot_description': CMAKE_PREFIX_PATH=${CMAKE_PREFIX_PATH}:/home/shorouk/ros2_ws/install/py_srvcli:/home/shorouk/ros2_ws/install/py_pubsub:/home/shorouk/ros2_ws/install/py_launch_example:/home/shorouk/ros2_ws/install/my_package:/home/shorouk/ros2_ws/install/examples_rclpy_minimal_subscriber:/home/shorouk/ros2_ws/install/examples_rclpy_minimal_service:/home/shorouk/ros2_ws/install/examples_rclpy_minimal_publisher:/home/shorouk/ros2_ws/install/examples_rclpy_minimal_client:/home/shorouk/ros2_ws/install/examples_rclpy_minimal_action_server:/home/shorouk/ros2_ws/install/examples_rclpy_minimal_action_client:/home/shorouk/ros2_ws/install/examples_rclpy_executors:/opt/ros/foxy /usr/bin/cmake --install /home/shorouk/grad_proj_ws/build/robot_description
[0.237s] -- Install configuration: ""
[0.237s] -- Up-to-date: /home/shorouk/grad_proj_ws/install/robot_description/share/robot_description/src
[0.237s] -- Up-to-date: /home/shorouk/grad_proj_ws/install/robot_description/share/robot_description/launch
[0.238s] -- Up-to-date: /home/shorouk/grad_proj_ws/install/robot_description/share/robot_description/launch/display.launch.py
[0.238s] -- Up-to-date: /home/shorouk/grad_proj_ws/install/robot_description/share/robot_description/rviz
[0.238s] -- Up-to-date: /home/shorouk/grad_proj_ws/install/robot_description/share/robot_description/rviz/urdf_config.rviz
[0.240s] -- Up-to-date: /home/shorouk/grad_proj_ws/install/robot_description/share/ament_index/resource_index/package_run_dependencies/robot_description
[0.242s] -- Up-to-date: /home/shorouk/grad_proj_ws/install/robot_description/share/ament_index/resource_index/parent_prefix_path/robot_description
[0.242s] -- Up-to-date: /home/shorouk/grad_proj_ws/install/robot_description/share/robot_description/environment/ament_prefix_path.sh
[0.242s] -- Up-to-date: /home/shorouk/grad_proj_ws/install/robot_description/share/robot_description/environment/ament_prefix_path.dsv
[0.243s] -- Up-to-date: /home/shorouk/grad_proj_ws/install/robot_description/share/robot_description/environment/path.sh
[0.243s] -- Up-to-date: /home/shorouk/grad_proj_ws/install/robot_description/share/robot_description/environment/path.dsv
[0.244s] -- Up-to-date: /home/shorouk/grad_proj_ws/install/robot_description/share/robot_description/local_setup.bash
[0.244s] -- Up-to-date: /home/shorouk/grad_proj_ws/install/robot_description/share/robot_description/local_setup.sh
[0.245s] -- Up-to-date: /home/shorouk/grad_proj_ws/install/robot_description/share/robot_description/local_setup.zsh
[0.245s] -- Up-to-date: /home/shorouk/grad_proj_ws/install/robot_description/share/robot_description/local_setup.dsv
[0.246s] -- Installing: /home/shorouk/grad_proj_ws/install/robot_description/share/robot_description/package.dsv
[0.247s] -- Up-to-date: /home/shorouk/grad_proj_ws/install/robot_description/share/ament_index/resource_index/packages/robot_description
[0.247s] -- Up-to-date: /home/shorouk/grad_proj_ws/install/robot_description/share/robot_description/cmake/robot_descriptionConfig.cmake
[0.247s] -- Up-to-date: /home/shorouk/grad_proj_ws/install/robot_description/share/robot_description/cmake/robot_descriptionConfig-version.cmake
[0.248s] -- Up-to-date: /home/shorouk/grad_proj_ws/install/robot_description/share/robot_description/package.xml
[0.275s] Invoked command in '/home/shorouk/grad_proj_ws/build/robot_description' returned '0': CMAKE_PREFIX_PATH=${CMAKE_PREFIX_PATH}:/home/shorouk/ros2_ws/install/py_srvcli:/home/shorouk/ros2_ws/install/py_pubsub:/home/shorouk/ros2_ws/install/py_launch_example:/home/shorouk/ros2_ws/install/my_package:/home/shorouk/ros2_ws/install/examples_rclpy_minimal_subscriber:/home/shorouk/ros2_ws/install/examples_rclpy_minimal_service:/home/shorouk/ros2_ws/install/examples_rclpy_minimal_publisher:/home/shorouk/ros2_ws/install/examples_rclpy_minimal_client:/home/shorouk/ros2_ws/install/examples_rclpy_minimal_action_server:/home/shorouk/ros2_ws/install/examples_rclpy_minimal_action_client:/home/shorouk/ros2_ws/install/examples_rclpy_executors:/opt/ros/foxy /usr/bin/cmake --install /home/shorouk/grad_proj_ws/build/robot_description
