[0.395s] DEBUG:colcon:Command line arguments: ['/usr/bin/colcon', 'build', '--packages-select', 'physical_robot']
[0.395s] DEBUG:colcon:Parsed command line arguments: Namespace(allow_overriding=[], ament_cmake_args=None, base_paths=['.'], build_base='build', catkin_cmake_args=None, catkin_skip_building_tests=False, cmake_args=None, cmake_clean_cache=False, cmake_clean_first=False, cmake_force_configure=False, cmake_target=None, cmake_target_skip_unavailable=False, continue_on_error=False, event_handlers=None, executor='parallel', ignore_user_meta=False, install_base='install', log_base=None, log_level=None, main=<bound method BuildVerb.main of <colcon_core.verb.build.BuildVerb object at 0x7f280dec5760>>, merge_install=False, metas=['./colcon.meta'], packages_above=None, packages_above_and_dependencies=None, packages_above_depth=None, packages_end=None, packages_ignore=None, packages_ignore_regex=None, packages_select=['physical_robot'], packages_select_build_failed=False, packages_select_by_dep=None, packages_select_regex=None, packages_select_test_failures=False, packages_skip=None, packages_skip_build_finished=False, packages_skip_by_dep=None, packages_skip_regex=None, packages_skip_test_passed=False, packages_skip_up_to=None, packages_start=None, packages_up_to=None, packages_up_to_regex=None, parallel_workers=4, paths=None, symlink_install=False, test_result_base=None, verb_extension=<colcon_core.verb.build.BuildVerb object at 0x7f280dec5760>, verb_name='build', verb_parser=<colcon_defaults.argument_parser.defaults.DefaultArgumentsDecorator object at 0x7f280dec5cd0>)
[0.459s] Level 1:colcon.colcon_core.package_discovery:discover_packages(colcon_meta) check parameters
[0.459s] Level 1:colcon.colcon_core.package_discovery:discover_packages(recursive) check parameters
[0.459s] Level 1:colcon.colcon_core.package_discovery:discover_packages(ignore) check parameters
[0.459s] Level 1:colcon.colcon_core.package_discovery:discover_packages(path) check parameters
[0.459s] Level 1:colcon.colcon_core.package_discovery:discover_packages(colcon_meta) discover
[0.459s] Level 1:colcon.colcon_core.package_discovery:discover_packages(recursive) discover
[0.459s] INFO:colcon.colcon_core.package_discovery:Crawling recursively for packages in '/home/shorouk/graduation_project/grad_proj_ws'
[0.460s] Level 1:colcon.colcon_core.package_identification:_identify(.) by extensions ['ignore', 'ignore_ament_install']
[0.460s] Level 1:colcon.colcon_core.package_identification:_identify(.) by extension 'ignore'
[0.460s] Level 1:colcon.colcon_core.package_identification:_identify(.) by extension 'ignore_ament_install'
[0.460s] Level 1:colcon.colcon_core.package_identification:_identify(.) by extensions ['colcon_pkg']
[0.460s] Level 1:colcon.colcon_core.package_identification:_identify(.) by extension 'colcon_pkg'
[0.460s] Level 1:colcon.colcon_core.package_identification:_identify(.) by extensions ['colcon_meta']
[0.460s] Level 1:colcon.colcon_core.package_identification:_identify(.) by extension 'colcon_meta'
[0.460s] Level 1:colcon.colcon_core.package_identification:_identify(.) by extensions ['ros']
[0.460s] Level 1:colcon.colcon_core.package_identification:_identify(.) by extension 'ros'
[0.496s] Level 1:colcon.colcon_core.package_identification:_identify(.) by extensions ['cmake', 'python']
[0.497s] Level 1:colcon.colcon_core.package_identification:_identify(.) by extension 'cmake'
[0.497s] Level 1:colcon.colcon_core.package_identification:_identify(.) by extension 'python'
[0.497s] Level 1:colcon.colcon_core.package_identification:_identify(.) by extensions ['python_setup_py']
[0.497s] Level 1:colcon.colcon_core.package_identification:_identify(.) by extension 'python_setup_py'
[0.497s] Level 1:colcon.colcon_core.package_identification:_identify(build) by extensions ['ignore', 'ignore_ament_install']
[0.497s] Level 1:colcon.colcon_core.package_identification:_identify(build) by extension 'ignore'
[0.497s] Level 1:colcon.colcon_core.package_identification:_identify(build) ignored
[0.498s] Level 1:colcon.colcon_core.package_identification:_identify(install) by extensions ['ignore', 'ignore_ament_install']
[0.498s] Level 1:colcon.colcon_core.package_identification:_identify(install) by extension 'ignore'
[0.498s] Level 1:colcon.colcon_core.package_identification:_identify(install) ignored
[0.499s] Level 1:colcon.colcon_core.package_identification:_identify(log) by extensions ['ignore', 'ignore_ament_install']
[0.499s] Level 1:colcon.colcon_core.package_identification:_identify(log) by extension 'ignore'
[0.499s] Level 1:colcon.colcon_core.package_identification:_identify(log) ignored
[0.499s] Level 1:colcon.colcon_core.package_identification:_identify(src) by extensions ['ignore', 'ignore_ament_install']
[0.499s] Level 1:colcon.colcon_core.package_identification:_identify(src) by extension 'ignore'
[0.499s] Level 1:colcon.colcon_core.package_identification:_identify(src) by extension 'ignore_ament_install'
[0.499s] Level 1:colcon.colcon_core.package_identification:_identify(src) by extensions ['colcon_pkg']
[0.500s] Level 1:colcon.colcon_core.package_identification:_identify(src) by extension 'colcon_pkg'
[0.500s] Level 1:colcon.colcon_core.package_identification:_identify(src) by extensions ['colcon_meta']
[0.500s] Level 1:colcon.colcon_core.package_identification:_identify(src) by extension 'colcon_meta'
[0.500s] Level 1:colcon.colcon_core.package_identification:_identify(src) by extensions ['ros']
[0.500s] Level 1:colcon.colcon_core.package_identification:_identify(src) by extension 'ros'
[0.500s] Level 1:colcon.colcon_core.package_identification:_identify(src) by extensions ['cmake', 'python']
[0.500s] Level 1:colcon.colcon_core.package_identification:_identify(src) by extension 'cmake'
[0.500s] Level 1:colcon.colcon_core.package_identification:_identify(src) by extension 'python'
[0.500s] Level 1:colcon.colcon_core.package_identification:_identify(src) by extensions ['python_setup_py']
[0.500s] Level 1:colcon.colcon_core.package_identification:_identify(src) by extension 'python_setup_py'
[0.500s] Level 1:colcon.colcon_core.package_identification:_identify(src/initial_pose_pub) by extensions ['ignore', 'ignore_ament_install']
[0.501s] Level 1:colcon.colcon_core.package_identification:_identify(src/initial_pose_pub) by extension 'ignore'
[0.501s] Level 1:colcon.colcon_core.package_identification:_identify(src/initial_pose_pub) by extension 'ignore_ament_install'
[0.501s] Level 1:colcon.colcon_core.package_identification:_identify(src/initial_pose_pub) by extensions ['colcon_pkg']
[0.501s] Level 1:colcon.colcon_core.package_identification:_identify(src/initial_pose_pub) by extension 'colcon_pkg'
[0.501s] Level 1:colcon.colcon_core.package_identification:_identify(src/initial_pose_pub) by extensions ['colcon_meta']
[0.501s] Level 1:colcon.colcon_core.package_identification:_identify(src/initial_pose_pub) by extension 'colcon_meta'
[0.501s] Level 1:colcon.colcon_core.package_identification:_identify(src/initial_pose_pub) by extensions ['ros']
[0.501s] Level 1:colcon.colcon_core.package_identification:_identify(src/initial_pose_pub) by extension 'ros'
[0.506s] DEBUG:colcon.colcon_core.package_identification:Package 'src/initial_pose_pub' with type 'ros.ament_python' and name 'initial_pose_pub'
[0.506s] Level 1:colcon.colcon_core.package_identification:_identify(src/physical_robot) by extensions ['ignore', 'ignore_ament_install']
[0.506s] Level 1:colcon.colcon_core.package_identification:_identify(src/physical_robot) by extension 'ignore'
[0.506s] Level 1:colcon.colcon_core.package_identification:_identify(src/physical_robot) by extension 'ignore_ament_install'
[0.507s] Level 1:colcon.colcon_core.package_identification:_identify(src/physical_robot) by extensions ['colcon_pkg']
[0.507s] Level 1:colcon.colcon_core.package_identification:_identify(src/physical_robot) by extension 'colcon_pkg'
[0.507s] Level 1:colcon.colcon_core.package_identification:_identify(src/physical_robot) by extensions ['colcon_meta']
[0.507s] Level 1:colcon.colcon_core.package_identification:_identify(src/physical_robot) by extension 'colcon_meta'
[0.507s] Level 1:colcon.colcon_core.package_identification:_identify(src/physical_robot) by extensions ['ros']
[0.507s] Level 1:colcon.colcon_core.package_identification:_identify(src/physical_robot) by extension 'ros'
[0.508s] DEBUG:colcon.colcon_core.package_identification:Package 'src/physical_robot' with type 'ros.ament_cmake' and name 'physical_robot'
[0.508s] Level 1:colcon.colcon_core.package_identification:_identify(src/robot_sim) by extensions ['ignore', 'ignore_ament_install']
[0.508s] Level 1:colcon.colcon_core.package_identification:_identify(src/robot_sim) by extension 'ignore'
[0.508s] Level 1:colcon.colcon_core.package_identification:_identify(src/robot_sim) by extension 'ignore_ament_install'
[0.508s] Level 1:colcon.colcon_core.package_identification:_identify(src/robot_sim) by extensions ['colcon_pkg']
[0.509s] Level 1:colcon.colcon_core.package_identification:_identify(src/robot_sim) by extension 'colcon_pkg'
[0.509s] Level 1:colcon.colcon_core.package_identification:_identify(src/robot_sim) by extensions ['colcon_meta']
[0.509s] Level 1:colcon.colcon_core.package_identification:_identify(src/robot_sim) by extension 'colcon_meta'
[0.509s] Level 1:colcon.colcon_core.package_identification:_identify(src/robot_sim) by extensions ['ros']
[0.509s] Level 1:colcon.colcon_core.package_identification:_identify(src/robot_sim) by extension 'ros'
[0.510s] DEBUG:colcon.colcon_core.package_identification:Package 'src/robot_sim' with type 'ros.ament_cmake' and name 'robot_sim'
[0.510s] Level 1:colcon.colcon_core.package_identification:_identify(src/rplidar_ros-ros2) by extensions ['ignore', 'ignore_ament_install']
[0.510s] Level 1:colcon.colcon_core.package_identification:_identify(src/rplidar_ros-ros2) by extension 'ignore'
[0.510s] Level 1:colcon.colcon_core.package_identification:_identify(src/rplidar_ros-ros2) by extension 'ignore_ament_install'
[0.510s] Level 1:colcon.colcon_core.package_identification:_identify(src/rplidar_ros-ros2) by extensions ['colcon_pkg']
[0.510s] Level 1:colcon.colcon_core.package_identification:_identify(src/rplidar_ros-ros2) by extension 'colcon_pkg'
[0.511s] Level 1:colcon.colcon_core.package_identification:_identify(src/rplidar_ros-ros2) by extensions ['colcon_meta']
[0.511s] Level 1:colcon.colcon_core.package_identification:_identify(src/rplidar_ros-ros2) by extension 'colcon_meta'
[0.511s] Level 1:colcon.colcon_core.package_identification:_identify(src/rplidar_ros-ros2) by extensions ['ros']
[0.511s] Level 1:colcon.colcon_core.package_identification:_identify(src/rplidar_ros-ros2) by extension 'ros'
[0.512s] DEBUG:colcon.colcon_core.package_identification:Package 'src/rplidar_ros-ros2' with type 'ros.ament_cmake' and name 'rplidar_ros'
[0.512s] Level 1:colcon.colcon_core.package_identification:_identify(src/sensors_sim) by extensions ['ignore', 'ignore_ament_install']
[0.512s] Level 1:colcon.colcon_core.package_identification:_identify(src/sensors_sim) by extension 'ignore'
[0.512s] Level 1:colcon.colcon_core.package_identification:_identify(src/sensors_sim) by extension 'ignore_ament_install'
[0.512s] Level 1:colcon.colcon_core.package_identification:_identify(src/sensors_sim) by extensions ['colcon_pkg']
[0.513s] Level 1:colcon.colcon_core.package_identification:_identify(src/sensors_sim) by extension 'colcon_pkg'
[0.513s] Level 1:colcon.colcon_core.package_identification:_identify(src/sensors_sim) by extensions ['colcon_meta']
[0.513s] Level 1:colcon.colcon_core.package_identification:_identify(src/sensors_sim) by extension 'colcon_meta'
[0.513s] Level 1:colcon.colcon_core.package_identification:_identify(src/sensors_sim) by extensions ['ros']
[0.513s] Level 1:colcon.colcon_core.package_identification:_identify(src/sensors_sim) by extension 'ros'
[0.514s] DEBUG:colcon.colcon_core.package_identification:Package 'src/sensors_sim' with type 'ros.ament_python' and name 'sensors_sim'
[0.514s] Level 1:colcon.colcon_core.package_discovery:discover_packages(recursive) using defaults
[0.514s] Level 1:colcon.colcon_core.package_discovery:discover_packages(ignore) discover
[0.514s] Level 1:colcon.colcon_core.package_discovery:discover_packages(ignore) using defaults
[0.514s] Level 1:colcon.colcon_core.package_discovery:discover_packages(path) discover
[0.514s] Level 1:colcon.colcon_core.package_discovery:discover_packages(path) using defaults
[0.780s] INFO:colcon.colcon_core.package_selection:Skipping not selected package 'initial_pose_pub' in 'src/initial_pose_pub'
[0.780s] INFO:colcon.colcon_core.package_selection:Skipping not selected package 'robot_sim' in 'src/robot_sim'
[0.780s] INFO:colcon.colcon_core.package_selection:Skipping not selected package 'rplidar_ros' in 'src/rplidar_ros-ros2'
[0.780s] INFO:colcon.colcon_core.package_selection:Skipping not selected package 'sensors_sim' in 'src/sensors_sim'
[0.782s] Level 1:colcon.colcon_core.package_discovery:discover_packages(prefix_path) check parameters
[0.782s] Level 1:colcon.colcon_core.package_discovery:discover_packages(prefix_path) discover
[0.791s] DEBUG:colcon.colcon_installed_package_information.package_discovery:Found 8 installed packages in /home/shorouk/graduation_project/grad_proj_ws/install
[0.795s] DEBUG:colcon.colcon_installed_package_information.package_discovery:Found 335 installed packages in /opt/ros/foxy
[0.799s] Level 1:colcon.colcon_core.package_discovery:discover_packages(prefix_path) using defaults
[4.648s] Level 5:colcon.colcon_core.verb:set package 'physical_robot' build argument 'cmake_args' from command line to 'None'
[4.648s] Level 5:colcon.colcon_core.verb:set package 'physical_robot' build argument 'cmake_target' from command line to 'None'
[4.648s] Level 5:colcon.colcon_core.verb:set package 'physical_robot' build argument 'cmake_target_skip_unavailable' from command line to 'False'
[4.648s] Level 5:colcon.colcon_core.verb:set package 'physical_robot' build argument 'cmake_clean_cache' from command line to 'False'
[4.648s] Level 5:colcon.colcon_core.verb:set package 'physical_robot' build argument 'cmake_clean_first' from command line to 'False'
[4.648s] Level 5:colcon.colcon_core.verb:set package 'physical_robot' build argument 'cmake_force_configure' from command line to 'False'
[4.648s] Level 5:colcon.colcon_core.verb:set package 'physical_robot' build argument 'ament_cmake_args' from command line to 'None'
[4.648s] Level 5:colcon.colcon_core.verb:set package 'physical_robot' build argument 'catkin_cmake_args' from command line to 'None'
[4.648s] Level 5:colcon.colcon_core.verb:set package 'physical_robot' build argument 'catkin_skip_building_tests' from command line to 'False'
[4.649s] DEBUG:colcon.colcon_core.verb:Building package 'physical_robot' with the following arguments: {'ament_cmake_args': None, 'build_base': '/home/shorouk/graduation_project/grad_proj_ws/build/physical_robot', 'catkin_cmake_args': None, 'catkin_skip_building_tests': False, 'cmake_args': None, 'cmake_clean_cache': False, 'cmake_clean_first': False, 'cmake_force_configure': False, 'cmake_target': None, 'cmake_target_skip_unavailable': False, 'install_base': '/home/shorouk/graduation_project/grad_proj_ws/install/physical_robot', 'merge_install': False, 'path': '/home/shorouk/graduation_project/grad_proj_ws/src/physical_robot', 'symlink_install': False, 'test_result_base': None}
[4.651s] INFO:colcon.colcon_core.executor:Executing jobs using 'parallel' executor
[4.663s] DEBUG:colcon.colcon_parallel_executor.executor.parallel:run_until_complete
[4.663s] INFO:colcon.colcon_ros.task.ament_cmake.build:Building ROS package in '/home/shorouk/graduation_project/grad_proj_ws/src/physical_robot' with build type 'ament_cmake'
[4.664s] INFO:colcon.colcon_cmake.task.cmake.build:Building CMake package in '/home/shorouk/graduation_project/grad_proj_ws/src/physical_robot'
[4.762s] INFO:colcon.colcon_core.plugin_system:Skipping extension 'colcon_core.shell.bat': Not used on non-Windows systems
[4.762s] INFO:colcon.colcon_core.shell:Skip shell extension 'powershell' for command environment: Not usable outside of PowerShell
[4.762s] DEBUG:colcon.colcon_core.shell:Skip shell extension 'dsv' for command environment
[4.836s] DEBUG:colcon.colcon_core.event_handler.log_command:Invoking command in '/home/shorouk/graduation_project/grad_proj_ws/build/physical_robot': CMAKE_PREFIX_PATH=${CMAKE_PREFIX_PATH}:/home/shorouk/graduation_project/grad_proj_ws/install/sensors_sim:/home/shorouk/graduation_project/grad_proj_ws/install/py_pubsub:/home/shorouk/graduation_project/grad_proj_ws/install/initial_pose_pub:/opt/ros/foxy /usr/bin/cmake --build /home/shorouk/graduation_project/grad_proj_ws/build/physical_robot -- -j4 -l4
[5.803s] DEBUG:colcon.colcon_core.event_handler.log_command:Invoked command in '/home/shorouk/graduation_project/grad_proj_ws/build/physical_robot' returned '0': CMAKE_PREFIX_PATH=${CMAKE_PREFIX_PATH}:/home/shorouk/graduation_project/grad_proj_ws/install/sensors_sim:/home/shorouk/graduation_project/grad_proj_ws/install/py_pubsub:/home/shorouk/graduation_project/grad_proj_ws/install/initial_pose_pub:/opt/ros/foxy /usr/bin/cmake --build /home/shorouk/graduation_project/grad_proj_ws/build/physical_robot -- -j4 -l4
[5.866s] DEBUG:colcon.colcon_core.event_handler.log_command:Invoking command in '/home/shorouk/graduation_project/grad_proj_ws/build/physical_robot': CMAKE_PREFIX_PATH=${CMAKE_PREFIX_PATH}:/home/shorouk/graduation_project/grad_proj_ws/install/sensors_sim:/home/shorouk/graduation_project/grad_proj_ws/install/py_pubsub:/home/shorouk/graduation_project/grad_proj_ws/install/initial_pose_pub:/opt/ros/foxy /usr/bin/cmake --install /home/shorouk/graduation_project/grad_proj_ws/build/physical_robot
[5.904s] Level 1:colcon.colcon_core.environment:create_environment_scripts_only(physical_robot)
[5.906s] DEBUG:colcon.colcon_core.event_handler.log_command:Invoked command in '/home/shorouk/graduation_project/grad_proj_ws/build/physical_robot' returned '0': CMAKE_PREFIX_PATH=${CMAKE_PREFIX_PATH}:/home/shorouk/graduation_project/grad_proj_ws/install/sensors_sim:/home/shorouk/graduation_project/grad_proj_ws/install/py_pubsub:/home/shorouk/graduation_project/grad_proj_ws/install/initial_pose_pub:/opt/ros/foxy /usr/bin/cmake --install /home/shorouk/graduation_project/grad_proj_ws/build/physical_robot
[6.002s] Level 1:colcon.colcon_core.environment:checking '/home/shorouk/graduation_project/grad_proj_ws/install/physical_robot' for CMake module files
[6.003s] Level 1:colcon.colcon_core.environment:checking '/home/shorouk/graduation_project/grad_proj_ws/install/physical_robot' for CMake config files
[6.004s] Level 1:colcon.colcon_core.shell:create_environment_hook('physical_robot', 'cmake_prefix_path')
[6.008s] INFO:colcon.colcon_core.shell:Creating environment hook '/home/shorouk/graduation_project/grad_proj_ws/install/physical_robot/share/physical_robot/hook/cmake_prefix_path.ps1'
[6.035s] INFO:colcon.colcon_core.shell:Creating environment descriptor '/home/shorouk/graduation_project/grad_proj_ws/install/physical_robot/share/physical_robot/hook/cmake_prefix_path.dsv'
[6.038s] INFO:colcon.colcon_core.shell:Creating environment hook '/home/shorouk/graduation_project/grad_proj_ws/install/physical_robot/share/physical_robot/hook/cmake_prefix_path.sh'
[6.040s] Level 1:colcon.colcon_core.environment:checking '/home/shorouk/graduation_project/grad_proj_ws/install/physical_robot/bin'
[6.040s] Level 1:colcon.colcon_core.environment:checking '/home/shorouk/graduation_project/grad_proj_ws/install/physical_robot/lib/pkgconfig/physical_robot.pc'
[6.041s] Level 1:colcon.colcon_core.environment:checking '/home/shorouk/graduation_project/grad_proj_ws/install/physical_robot/lib/python3.8/site-packages'
[6.041s] Level 1:colcon.colcon_core.environment:checking '/home/shorouk/graduation_project/grad_proj_ws/install/physical_robot/bin'
[6.046s] INFO:colcon.colcon_core.shell:Creating package script '/home/shorouk/graduation_project/grad_proj_ws/install/physical_robot/share/physical_robot/package.ps1'
[6.047s] INFO:colcon.colcon_core.shell:Creating package descriptor '/home/shorouk/graduation_project/grad_proj_ws/install/physical_robot/share/physical_robot/package.dsv'
[6.048s] INFO:colcon.colcon_core.shell:Creating package script '/home/shorouk/graduation_project/grad_proj_ws/install/physical_robot/share/physical_robot/package.sh'
[6.050s] INFO:colcon.colcon_core.shell:Creating package script '/home/shorouk/graduation_project/grad_proj_ws/install/physical_robot/share/physical_robot/package.bash'
[6.068s] INFO:colcon.colcon_core.shell:Creating package script '/home/shorouk/graduation_project/grad_proj_ws/install/physical_robot/share/physical_robot/package.zsh'
[6.069s] Level 1:colcon.colcon_core.environment:create_file_with_runtime_dependencies(/home/shorouk/graduation_project/grad_proj_ws/install/physical_robot/share/colcon-core/packages/physical_robot)
[6.115s] Level 1:colcon.colcon_core.environment:create_environment_scripts_only(physical_robot)
[6.124s] Level 1:colcon.colcon_core.environment:checking '/home/shorouk/graduation_project/grad_proj_ws/install/physical_robot' for CMake module files
[6.125s] Level 1:colcon.colcon_core.environment:checking '/home/shorouk/graduation_project/grad_proj_ws/install/physical_robot' for CMake config files
[6.126s] Level 1:colcon.colcon_core.shell:create_environment_hook('physical_robot', 'cmake_prefix_path')
[6.131s] INFO:colcon.colcon_core.shell:Creating environment hook '/home/shorouk/graduation_project/grad_proj_ws/install/physical_robot/share/physical_robot/hook/cmake_prefix_path.ps1'
[6.132s] INFO:colcon.colcon_core.shell:Creating environment descriptor '/home/shorouk/graduation_project/grad_proj_ws/install/physical_robot/share/physical_robot/hook/cmake_prefix_path.dsv'
[6.132s] INFO:colcon.colcon_core.shell:Creating environment hook '/home/shorouk/graduation_project/grad_proj_ws/install/physical_robot/share/physical_robot/hook/cmake_prefix_path.sh'
[6.133s] Level 1:colcon.colcon_core.environment:checking '/home/shorouk/graduation_project/grad_proj_ws/install/physical_robot/bin'
[6.133s] Level 1:colcon.colcon_core.environment:checking '/home/shorouk/graduation_project/grad_proj_ws/install/physical_robot/lib/pkgconfig/physical_robot.pc'
[6.134s] Level 1:colcon.colcon_core.environment:checking '/home/shorouk/graduation_project/grad_proj_ws/install/physical_robot/lib/python3.8/site-packages'
[6.134s] Level 1:colcon.colcon_core.environment:checking '/home/shorouk/graduation_project/grad_proj_ws/install/physical_robot/bin'
[6.139s] INFO:colcon.colcon_core.shell:Creating package script '/home/shorouk/graduation_project/grad_proj_ws/install/physical_robot/share/physical_robot/package.ps1'
[6.140s] INFO:colcon.colcon_core.shell:Creating package descriptor '/home/shorouk/graduation_project/grad_proj_ws/install/physical_robot/share/physical_robot/package.dsv'
[6.141s] INFO:colcon.colcon_core.shell:Creating package script '/home/shorouk/graduation_project/grad_proj_ws/install/physical_robot/share/physical_robot/package.sh'
[6.141s] INFO:colcon.colcon_core.shell:Creating package script '/home/shorouk/graduation_project/grad_proj_ws/install/physical_robot/share/physical_robot/package.bash'
[6.142s] INFO:colcon.colcon_core.shell:Creating package script '/home/shorouk/graduation_project/grad_proj_ws/install/physical_robot/share/physical_robot/package.zsh'
[6.143s] Level 1:colcon.colcon_core.environment:create_file_with_runtime_dependencies(/home/shorouk/graduation_project/grad_proj_ws/install/physical_robot/share/colcon-core/packages/physical_robot)
[6.143s] DEBUG:colcon.colcon_parallel_executor.executor.parallel:closing loop
[6.144s] DEBUG:colcon.colcon_parallel_executor.executor.parallel:loop closed
[6.144s] DEBUG:colcon.colcon_parallel_executor.executor.parallel:run_until_complete finished with '0'
[6.144s] DEBUG:colcon.colcon_core.event_reactor:joining thread
[6.223s] INFO:colcon.colcon_core.plugin_system:Skipping extension 'colcon_notification.desktop_notification.terminal_notifier': Not used on non-Darwin systems
[6.224s] INFO:colcon.colcon_core.plugin_system:Skipping extension 'colcon_notification.desktop_notification.win32': Not used on non-Windows systems
[6.224s] INFO:colcon.colcon_notification.desktop_notification:Sending desktop notification using 'notify2'
[6.261s] DEBUG:colcon.colcon_core.event_reactor:joined thread
[6.265s] INFO:colcon.colcon_core.shell:Creating prefix script '/home/shorouk/graduation_project/grad_proj_ws/install/local_setup.ps1'
[6.267s] INFO:colcon.colcon_core.shell:Creating prefix util module '/home/shorouk/graduation_project/grad_proj_ws/install/_local_setup_util_ps1.py'
[6.270s] INFO:colcon.colcon_core.shell:Creating prefix chain script '/home/shorouk/graduation_project/grad_proj_ws/install/setup.ps1'
[6.274s] INFO:colcon.colcon_core.shell:Creating prefix script '/home/shorouk/graduation_project/grad_proj_ws/install/local_setup.sh'
[6.275s] INFO:colcon.colcon_core.shell:Creating prefix util module '/home/shorouk/graduation_project/grad_proj_ws/install/_local_setup_util_sh.py'
[6.276s] INFO:colcon.colcon_core.shell:Creating prefix chain script '/home/shorouk/graduation_project/grad_proj_ws/install/setup.sh'
[6.280s] INFO:colcon.colcon_core.shell:Creating prefix script '/home/shorouk/graduation_project/grad_proj_ws/install/local_setup.bash'
[6.281s] INFO:colcon.colcon_core.shell:Creating prefix chain script '/home/shorouk/graduation_project/grad_proj_ws/install/setup.bash'
[6.285s] INFO:colcon.colcon_core.shell:Creating prefix script '/home/shorouk/graduation_project/grad_proj_ws/install/local_setup.zsh'
[6.286s] INFO:colcon.colcon_core.shell:Creating prefix chain script '/home/shorouk/graduation_project/grad_proj_ws/install/setup.zsh'
