[0.276s] DEBUG:colcon:Command line arguments: ['/usr/bin/colcon', 'build']
[0.277s] DEBUG:colcon:Parsed command line arguments: Namespace(allow_overriding=[], ament_cmake_args=None, base_paths=['.'], build_base='build', catkin_cmake_args=None, catkin_skip_building_tests=False, cmake_args=None, cmake_clean_cache=False, cmake_clean_first=False, cmake_force_configure=False, cmake_target=None, cmake_target_skip_unavailable=False, continue_on_error=False, event_handlers=None, executor='parallel', ignore_user_meta=False, install_base='install', log_base=None, log_level=None, main=<bound method BuildVerb.main of <colcon_core.verb.build.BuildVerb object at 0x7fdc9ed99040>>, merge_install=False, metas=['./colcon.meta'], packages_above=None, packages_above_and_dependencies=None, packages_above_depth=None, packages_end=None, packages_ignore=None, packages_ignore_regex=None, packages_select=None, packages_select_build_failed=False, packages_select_by_dep=None, packages_select_regex=None, packages_select_test_failures=False, packages_skip=None, packages_skip_build_finished=False, packages_skip_by_dep=None, packages_skip_regex=None, packages_skip_test_passed=False, packages_skip_up_to=None, packages_start=None, packages_up_to=None, packages_up_to_regex=None, parallel_workers=4, paths=None, symlink_install=False, test_result_base=None, verb_extension=<colcon_core.verb.build.BuildVerb object at 0x7fdc9ed99040>, verb_name='build', verb_parser=<colcon_defaults.argument_parser.defaults.DefaultArgumentsDecorator object at 0x7fdc9ed995b0>)
[0.322s] Level 1:colcon.colcon_core.package_discovery:discover_packages(colcon_meta) check parameters
[0.323s] Level 1:colcon.colcon_core.package_discovery:discover_packages(recursive) check parameters
[0.323s] Level 1:colcon.colcon_core.package_discovery:discover_packages(ignore) check parameters
[0.323s] Level 1:colcon.colcon_core.package_discovery:discover_packages(path) check parameters
[0.323s] Level 1:colcon.colcon_core.package_discovery:discover_packages(colcon_meta) discover
[0.323s] Level 1:colcon.colcon_core.package_discovery:discover_packages(recursive) discover
[0.323s] INFO:colcon.colcon_core.package_discovery:Crawling recursively for packages in '/home/shorouk/grad_proj_ws'
[0.323s] Level 1:colcon.colcon_core.package_identification:_identify(.) by extensions ['ignore', 'ignore_ament_install']
[0.323s] Level 1:colcon.colcon_core.package_identification:_identify(.) by extension 'ignore'
[0.323s] Level 1:colcon.colcon_core.package_identification:_identify(.) by extension 'ignore_ament_install'
[0.324s] Level 1:colcon.colcon_core.package_identification:_identify(.) by extensions ['colcon_pkg']
[0.324s] Level 1:colcon.colcon_core.package_identification:_identify(.) by extension 'colcon_pkg'
[0.324s] Level 1:colcon.colcon_core.package_identification:_identify(.) by extensions ['colcon_meta']
[0.324s] Level 1:colcon.colcon_core.package_identification:_identify(.) by extension 'colcon_meta'
[0.324s] Level 1:colcon.colcon_core.package_identification:_identify(.) by extensions ['ros']
[0.324s] Level 1:colcon.colcon_core.package_identification:_identify(.) by extension 'ros'
[0.343s] Level 1:colcon.colcon_core.package_identification:_identify(.) by extensions ['cmake', 'python']
[0.344s] Level 1:colcon.colcon_core.package_identification:_identify(.) by extension 'cmake'
[0.344s] Level 1:colcon.colcon_core.package_identification:_identify(.) by extension 'python'
[0.344s] Level 1:colcon.colcon_core.package_identification:_identify(.) by extensions ['python_setup_py']
[0.344s] Level 1:colcon.colcon_core.package_identification:_identify(.) by extension 'python_setup_py'
[0.344s] Level 1:colcon.colcon_core.package_identification:_identify(build) by extensions ['ignore', 'ignore_ament_install']
[0.344s] Level 1:colcon.colcon_core.package_identification:_identify(build) by extension 'ignore'
[0.344s] Level 1:colcon.colcon_core.package_identification:_identify(build) ignored
[0.345s] Level 1:colcon.colcon_core.package_identification:_identify(install) by extensions ['ignore', 'ignore_ament_install']
[0.345s] Level 1:colcon.colcon_core.package_identification:_identify(install) by extension 'ignore'
[0.345s] Level 1:colcon.colcon_core.package_identification:_identify(install) ignored
[0.345s] Level 1:colcon.colcon_core.package_identification:_identify(log) by extensions ['ignore', 'ignore_ament_install']
[0.345s] Level 1:colcon.colcon_core.package_identification:_identify(log) by extension 'ignore'
[0.345s] Level 1:colcon.colcon_core.package_identification:_identify(log) ignored
[0.346s] Level 1:colcon.colcon_core.package_identification:_identify(src) by extensions ['ignore', 'ignore_ament_install']
[0.346s] Level 1:colcon.colcon_core.package_identification:_identify(src) by extension 'ignore'
[0.346s] Level 1:colcon.colcon_core.package_identification:_identify(src) by extension 'ignore_ament_install'
[0.346s] Level 1:colcon.colcon_core.package_identification:_identify(src) by extensions ['colcon_pkg']
[0.346s] Level 1:colcon.colcon_core.package_identification:_identify(src) by extension 'colcon_pkg'
[0.346s] Level 1:colcon.colcon_core.package_identification:_identify(src) by extensions ['colcon_meta']
[0.346s] Level 1:colcon.colcon_core.package_identification:_identify(src) by extension 'colcon_meta'
[0.346s] Level 1:colcon.colcon_core.package_identification:_identify(src) by extensions ['ros']
[0.346s] Level 1:colcon.colcon_core.package_identification:_identify(src) by extension 'ros'
[0.346s] Level 1:colcon.colcon_core.package_identification:_identify(src) by extensions ['cmake', 'python']
[0.347s] Level 1:colcon.colcon_core.package_identification:_identify(src) by extension 'cmake'
[0.347s] Level 1:colcon.colcon_core.package_identification:_identify(src) by extension 'python'
[0.347s] Level 1:colcon.colcon_core.package_identification:_identify(src) by extensions ['python_setup_py']
[0.347s] Level 1:colcon.colcon_core.package_identification:_identify(src) by extension 'python_setup_py'
[0.347s] Level 1:colcon.colcon_core.package_identification:_identify(src/robot_sim) by extensions ['ignore', 'ignore_ament_install']
[0.347s] Level 1:colcon.colcon_core.package_identification:_identify(src/robot_sim) by extension 'ignore'
[0.347s] Level 1:colcon.colcon_core.package_identification:_identify(src/robot_sim) by extension 'ignore_ament_install'
[0.347s] Level 1:colcon.colcon_core.package_identification:_identify(src/robot_sim) by extensions ['colcon_pkg']
[0.347s] Level 1:colcon.colcon_core.package_identification:_identify(src/robot_sim) by extension 'colcon_pkg'
[0.347s] Level 1:colcon.colcon_core.package_identification:_identify(src/robot_sim) by extensions ['colcon_meta']
[0.348s] Level 1:colcon.colcon_core.package_identification:_identify(src/robot_sim) by extension 'colcon_meta'
[0.348s] Level 1:colcon.colcon_core.package_identification:_identify(src/robot_sim) by extensions ['ros']
[0.348s] Level 1:colcon.colcon_core.package_identification:_identify(src/robot_sim) by extension 'ros'
[0.352s] DEBUG:colcon.colcon_core.package_identification:Package 'src/robot_sim' with type 'ros.ament_cmake' and name 'robot_sim'
[0.352s] Level 1:colcon.colcon_core.package_discovery:discover_packages(recursive) using defaults
[0.352s] Level 1:colcon.colcon_core.package_discovery:discover_packages(ignore) discover
[0.352s] Level 1:colcon.colcon_core.package_discovery:discover_packages(ignore) using defaults
[0.353s] Level 1:colcon.colcon_core.package_discovery:discover_packages(path) discover
[0.353s] Level 1:colcon.colcon_core.package_discovery:discover_packages(path) using defaults
[0.408s] Level 1:colcon.colcon_core.package_discovery:discover_packages(prefix_path) check parameters
[0.408s] Level 1:colcon.colcon_core.package_discovery:discover_packages(prefix_path) discover
[0.414s] DEBUG:colcon.colcon_installed_package_information.package_discovery:Found 3 installed packages in /home/shorouk/grad_proj_ws/install
[0.418s] DEBUG:colcon.colcon_installed_package_information.package_discovery:Found 326 installed packages in /opt/ros/foxy
[0.421s] Level 1:colcon.colcon_core.package_discovery:discover_packages(prefix_path) using defaults
[0.574s] Level 5:colcon.colcon_core.verb:set package 'robot_sim' build argument 'cmake_args' from command line to 'None'
[0.575s] Level 5:colcon.colcon_core.verb:set package 'robot_sim' build argument 'cmake_target' from command line to 'None'
[0.575s] Level 5:colcon.colcon_core.verb:set package 'robot_sim' build argument 'cmake_target_skip_unavailable' from command line to 'False'
[0.575s] Level 5:colcon.colcon_core.verb:set package 'robot_sim' build argument 'cmake_clean_cache' from command line to 'False'
[0.575s] Level 5:colcon.colcon_core.verb:set package 'robot_sim' build argument 'cmake_clean_first' from command line to 'False'
[0.575s] Level 5:colcon.colcon_core.verb:set package 'robot_sim' build argument 'cmake_force_configure' from command line to 'False'
[0.575s] Level 5:colcon.colcon_core.verb:set package 'robot_sim' build argument 'ament_cmake_args' from command line to 'None'
[0.575s] Level 5:colcon.colcon_core.verb:set package 'robot_sim' build argument 'catkin_cmake_args' from command line to 'None'
[0.575s] Level 5:colcon.colcon_core.verb:set package 'robot_sim' build argument 'catkin_skip_building_tests' from command line to 'False'
[0.575s] DEBUG:colcon.colcon_core.verb:Building package 'robot_sim' with the following arguments: {'ament_cmake_args': None, 'build_base': '/home/shorouk/grad_proj_ws/build/robot_sim', 'catkin_cmake_args': None, 'catkin_skip_building_tests': False, 'cmake_args': None, 'cmake_clean_cache': False, 'cmake_clean_first': False, 'cmake_force_configure': False, 'cmake_target': None, 'cmake_target_skip_unavailable': False, 'install_base': '/home/shorouk/grad_proj_ws/install/robot_sim', 'merge_install': False, 'path': '/home/shorouk/grad_proj_ws/src/robot_sim', 'symlink_install': False, 'test_result_base': None}
[0.576s] INFO:colcon.colcon_core.executor:Executing jobs using 'parallel' executor
[0.585s] DEBUG:colcon.colcon_parallel_executor.executor.parallel:run_until_complete
[0.585s] INFO:colcon.colcon_ros.task.ament_cmake.build:Building ROS package in '/home/shorouk/grad_proj_ws/src/robot_sim' with build type 'ament_cmake'
[0.585s] INFO:colcon.colcon_cmake.task.cmake.build:Building CMake package in '/home/shorouk/grad_proj_ws/src/robot_sim'
[0.593s] INFO:colcon.colcon_core.plugin_system:Skipping extension 'colcon_core.shell.bat': Not used on non-Windows systems
[0.594s] INFO:colcon.colcon_core.shell:Skip shell extension 'powershell' for command environment: Not usable outside of PowerShell
[0.594s] DEBUG:colcon.colcon_core.shell:Skip shell extension 'dsv' for command environment
[0.619s] DEBUG:colcon.colcon_core.event_handler.log_command:Invoking command in '/home/shorouk/grad_proj_ws/build/robot_sim': CMAKE_PREFIX_PATH=${CMAKE_PREFIX_PATH}:/opt/ros/foxy /usr/bin/cmake --build /home/shorouk/grad_proj_ws/build/robot_sim -- -j4 -l4
[0.696s] DEBUG:colcon.colcon_core.event_handler.log_command:Invoked command in '/home/shorouk/grad_proj_ws/build/robot_sim' returned '0': CMAKE_PREFIX_PATH=${CMAKE_PREFIX_PATH}:/opt/ros/foxy /usr/bin/cmake --build /home/shorouk/grad_proj_ws/build/robot_sim -- -j4 -l4
[0.766s] DEBUG:colcon.colcon_core.event_handler.log_command:Invoking command in '/home/shorouk/grad_proj_ws/build/robot_sim': CMAKE_PREFIX_PATH=${CMAKE_PREFIX_PATH}:/opt/ros/foxy /usr/bin/cmake --install /home/shorouk/grad_proj_ws/build/robot_sim
[0.793s] Level 1:colcon.colcon_core.environment:create_environment_scripts_only(robot_sim)
[0.805s] DEBUG:colcon.colcon_core.event_handler.log_command:Invoked command in '/home/shorouk/grad_proj_ws/build/robot_sim' returned '0': CMAKE_PREFIX_PATH=${CMAKE_PREFIX_PATH}:/opt/ros/foxy /usr/bin/cmake --install /home/shorouk/grad_proj_ws/build/robot_sim
[0.812s] Level 1:colcon.colcon_core.environment:checking '/home/shorouk/grad_proj_ws/install/robot_sim' for CMake module files
[0.814s] Level 1:colcon.colcon_core.environment:checking '/home/shorouk/grad_proj_ws/install/robot_sim' for CMake config files
[0.814s] Level 1:colcon.colcon_core.shell:create_environment_hook('robot_sim', 'cmake_prefix_path')
[0.818s] INFO:colcon.colcon_core.shell:Creating environment hook '/home/shorouk/grad_proj_ws/install/robot_sim/share/robot_sim/hook/cmake_prefix_path.ps1'
[0.819s] INFO:colcon.colcon_core.shell:Creating environment descriptor '/home/shorouk/grad_proj_ws/install/robot_sim/share/robot_sim/hook/cmake_prefix_path.dsv'
[0.823s] INFO:colcon.colcon_core.shell:Creating environment hook '/home/shorouk/grad_proj_ws/install/robot_sim/share/robot_sim/hook/cmake_prefix_path.sh'
[0.824s] Level 1:colcon.colcon_core.environment:checking '/home/shorouk/grad_proj_ws/install/robot_sim/bin'
[0.825s] Level 1:colcon.colcon_core.environment:checking '/home/shorouk/grad_proj_ws/install/robot_sim/lib/pkgconfig/robot_sim.pc'
[0.825s] Level 1:colcon.colcon_core.environment:checking '/home/shorouk/grad_proj_ws/install/robot_sim/lib/python3.8/site-packages'
[0.826s] Level 1:colcon.colcon_core.environment:checking '/home/shorouk/grad_proj_ws/install/robot_sim/bin'
[0.828s] INFO:colcon.colcon_core.shell:Creating package script '/home/shorouk/grad_proj_ws/install/robot_sim/share/robot_sim/package.ps1'
[0.830s] INFO:colcon.colcon_core.shell:Creating package descriptor '/home/shorouk/grad_proj_ws/install/robot_sim/share/robot_sim/package.dsv'
[0.830s] INFO:colcon.colcon_core.shell:Creating package script '/home/shorouk/grad_proj_ws/install/robot_sim/share/robot_sim/package.sh'
[0.832s] INFO:colcon.colcon_core.shell:Creating package script '/home/shorouk/grad_proj_ws/install/robot_sim/share/robot_sim/package.bash'
[0.833s] INFO:colcon.colcon_core.shell:Creating package script '/home/shorouk/grad_proj_ws/install/robot_sim/share/robot_sim/package.zsh'
[0.834s] Level 1:colcon.colcon_core.environment:create_file_with_runtime_dependencies(/home/shorouk/grad_proj_ws/install/robot_sim/share/colcon-core/packages/robot_sim)
[0.879s] Level 1:colcon.colcon_core.environment:create_environment_scripts_only(robot_sim)
[0.884s] Level 1:colcon.colcon_core.environment:checking '/home/shorouk/grad_proj_ws/install/robot_sim' for CMake module files
[0.885s] Level 1:colcon.colcon_core.environment:checking '/home/shorouk/grad_proj_ws/install/robot_sim' for CMake config files
[0.886s] Level 1:colcon.colcon_core.shell:create_environment_hook('robot_sim', 'cmake_prefix_path')
[0.888s] INFO:colcon.colcon_core.shell:Creating environment hook '/home/shorouk/grad_proj_ws/install/robot_sim/share/robot_sim/hook/cmake_prefix_path.ps1'
[0.889s] INFO:colcon.colcon_core.shell:Creating environment descriptor '/home/shorouk/grad_proj_ws/install/robot_sim/share/robot_sim/hook/cmake_prefix_path.dsv'
[0.890s] INFO:colcon.colcon_core.shell:Creating environment hook '/home/shorouk/grad_proj_ws/install/robot_sim/share/robot_sim/hook/cmake_prefix_path.sh'
[0.891s] Level 1:colcon.colcon_core.environment:checking '/home/shorouk/grad_proj_ws/install/robot_sim/bin'
[0.891s] Level 1:colcon.colcon_core.environment:checking '/home/shorouk/grad_proj_ws/install/robot_sim/lib/pkgconfig/robot_sim.pc'
[0.892s] Level 1:colcon.colcon_core.environment:checking '/home/shorouk/grad_proj_ws/install/robot_sim/lib/python3.8/site-packages'
[0.892s] Level 1:colcon.colcon_core.environment:checking '/home/shorouk/grad_proj_ws/install/robot_sim/bin'
[0.897s] INFO:colcon.colcon_core.shell:Creating package script '/home/shorouk/grad_proj_ws/install/robot_sim/share/robot_sim/package.ps1'
[0.898s] INFO:colcon.colcon_core.shell:Creating package descriptor '/home/shorouk/grad_proj_ws/install/robot_sim/share/robot_sim/package.dsv'
[0.899s] INFO:colcon.colcon_core.shell:Creating package script '/home/shorouk/grad_proj_ws/install/robot_sim/share/robot_sim/package.sh'
[0.899s] INFO:colcon.colcon_core.shell:Creating package script '/home/shorouk/grad_proj_ws/install/robot_sim/share/robot_sim/package.bash'
[0.900s] INFO:colcon.colcon_core.shell:Creating package script '/home/shorouk/grad_proj_ws/install/robot_sim/share/robot_sim/package.zsh'
[0.901s] Level 1:colcon.colcon_core.environment:create_file_with_runtime_dependencies(/home/shorouk/grad_proj_ws/install/robot_sim/share/colcon-core/packages/robot_sim)
[0.901s] DEBUG:colcon.colcon_parallel_executor.executor.parallel:closing loop
[0.902s] DEBUG:colcon.colcon_parallel_executor.executor.parallel:loop closed
[0.902s] DEBUG:colcon.colcon_parallel_executor.executor.parallel:run_until_complete finished with '0'
[0.903s] DEBUG:colcon.colcon_core.event_reactor:joining thread
[0.916s] INFO:colcon.colcon_core.plugin_system:Skipping extension 'colcon_notification.desktop_notification.terminal_notifier': Not used on non-Darwin systems
[0.917s] INFO:colcon.colcon_core.plugin_system:Skipping extension 'colcon_notification.desktop_notification.win32': Not used on non-Windows systems
[0.917s] INFO:colcon.colcon_notification.desktop_notification:Sending desktop notification using 'notify2'
[0.944s] DEBUG:colcon.colcon_core.event_reactor:joined thread
[0.947s] INFO:colcon.colcon_core.shell:Creating prefix script '/home/shorouk/grad_proj_ws/install/local_setup.ps1'
[0.949s] INFO:colcon.colcon_core.shell:Creating prefix util module '/home/shorouk/grad_proj_ws/install/_local_setup_util_ps1.py'
[0.951s] INFO:colcon.colcon_core.shell:Creating prefix chain script '/home/shorouk/grad_proj_ws/install/setup.ps1'
[0.955s] INFO:colcon.colcon_core.shell:Creating prefix script '/home/shorouk/grad_proj_ws/install/local_setup.sh'
[0.956s] INFO:colcon.colcon_core.shell:Creating prefix util module '/home/shorouk/grad_proj_ws/install/_local_setup_util_sh.py'
[0.957s] INFO:colcon.colcon_core.shell:Creating prefix chain script '/home/shorouk/grad_proj_ws/install/setup.sh'
[0.960s] INFO:colcon.colcon_core.shell:Creating prefix script '/home/shorouk/grad_proj_ws/install/local_setup.bash'
[0.962s] INFO:colcon.colcon_core.shell:Creating prefix chain script '/home/shorouk/grad_proj_ws/install/setup.bash'
[0.964s] INFO:colcon.colcon_core.shell:Creating prefix script '/home/shorouk/grad_proj_ws/install/local_setup.zsh'
[0.965s] INFO:colcon.colcon_core.shell:Creating prefix chain script '/home/shorouk/grad_proj_ws/install/setup.zsh'
