[0.195s] Invoking command in '/home/shorouk/graduation_project/grad_proj_ws/build/physical_robot': CMAKE_PREFIX_PATH=/opt/ros/foxy /usr/bin/cmake --build /home/shorouk/graduation_project/grad_proj_ws/build/physical_robot -- -j4 -l4
[0.701s] Invoked command in '/home/shorouk/graduation_project/grad_proj_ws/build/physical_robot' returned '0': CMAKE_PREFIX_PATH=/opt/ros/foxy /usr/bin/cmake --build /home/shorouk/graduation_project/grad_proj_ws/build/physical_robot -- -j4 -l4
[0.764s] Invoking command in '/home/shorouk/graduation_project/grad_proj_ws/build/physical_robot': CMAKE_PREFIX_PATH=/opt/ros/foxy /usr/bin/cmake --install /home/shorouk/graduation_project/grad_proj_ws/build/physical_robot
[0.780s] -- Install configuration: ""
[0.781s] -- Up-to-date: /home/shorouk/graduation_project/grad_proj_ws/install/physical_robot/share/physical_robot/config
[0.781s] -- Up-to-date: /home/shorouk/graduation_project/grad_proj_ws/install/physical_robot/share/physical_robot/config/ekf.yaml
[0.782s] -- Up-to-date: /home/shorouk/graduation_project/grad_proj_ws/install/physical_robot/share/physical_robot/launch
[0.782s] -- Up-to-date: /home/shorouk/graduation_project/grad_proj_ws/install/physical_robot/share/physical_robot/launch/nav_no_urdf_sensors_sim.launch.py
[0.782s] -- Up-to-date: /home/shorouk/graduation_project/grad_proj_ws/install/physical_robot/share/physical_robot/launch/nav_no_urdf.launch.py
[0.783s] -- Installing: /home/shorouk/graduation_project/grad_proj_ws/install/physical_robot/share/physical_robot/launch/nav_original.launch.py
[0.783s] -- Up-to-date: /home/shorouk/graduation_project/grad_proj_ws/install/physical_robot/share/physical_robot/launch/nav_sim.launch.py
[0.783s] -- Up-to-date: /home/shorouk/graduation_project/grad_proj_ws/install/physical_robot/share/physical_robot/maps
[0.784s] -- Up-to-date: /home/shorouk/graduation_project/grad_proj_ws/install/physical_robot/share/physical_robot/maps/mymap2.yaml
[0.784s] -- Up-to-date: /home/shorouk/graduation_project/grad_proj_ws/install/physical_robot/share/physical_robot/maps/new_main_map2.yaml
[0.784s] -- Up-to-date: /home/shorouk/graduation_project/grad_proj_ws/install/physical_robot/share/physical_robot/maps/hospital_try3.pgm
[0.784s] -- Up-to-date: /home/shorouk/graduation_project/grad_proj_ws/install/physical_robot/share/physical_robot/maps/new_main_map2.pgm
[0.785s] -- Up-to-date: /home/shorouk/graduation_project/grad_proj_ws/install/physical_robot/share/physical_robot/maps/hospital_try3.yaml
[0.785s] -- Up-to-date: /home/shorouk/graduation_project/grad_proj_ws/install/physical_robot/share/physical_robot/maps/hospital_ws2.yaml
[0.785s] -- Up-to-date: /home/shorouk/graduation_project/grad_proj_ws/install/physical_robot/share/physical_robot/maps/smalltown_world.yaml
[0.785s] -- Up-to-date: /home/shorouk/graduation_project/grad_proj_ws/install/physical_robot/share/physical_robot/maps/smalltown_world.pgm
[0.785s] -- Up-to-date: /home/shorouk/graduation_project/grad_proj_ws/install/physical_robot/share/physical_robot/maps/hospital_try2.yaml
[0.785s] -- Up-to-date: /home/shorouk/graduation_project/grad_proj_ws/install/physical_robot/share/physical_robot/maps/mymap.pgm
[0.786s] -- Up-to-date: /home/shorouk/graduation_project/grad_proj_ws/install/physical_robot/share/physical_robot/maps/mymap2.pgm
[0.786s] -- Up-to-date: /home/shorouk/graduation_project/grad_proj_ws/install/physical_robot/share/physical_robot/maps/hospital_ws2.pgm
[0.786s] -- Up-to-date: /home/shorouk/graduation_project/grad_proj_ws/install/physical_robot/share/physical_robot/maps/hospital_try2.pgm
[0.786s] -- Up-to-date: /home/shorouk/graduation_project/grad_proj_ws/install/physical_robot/share/physical_robot/maps/second_floor2.yaml
[0.786s] -- Up-to-date: /home/shorouk/graduation_project/grad_proj_ws/install/physical_robot/share/physical_robot/maps/second_floor2.pgm
[0.786s] -- Up-to-date: /home/shorouk/graduation_project/grad_proj_ws/install/physical_robot/share/physical_robot/maps/mymap.yaml
[0.786s] -- Up-to-date: /home/shorouk/graduation_project/grad_proj_ws/install/physical_robot/share/physical_robot/meshes
[0.786s] -- Up-to-date: /home/shorouk/graduation_project/grad_proj_ws/install/physical_robot/share/physical_robot/models
[0.787s] -- Up-to-date: /home/shorouk/graduation_project/grad_proj_ws/install/physical_robot/share/physical_robot/models/safia_sim.urdf
[0.787s] -- Up-to-date: /home/shorouk/graduation_project/grad_proj_ws/install/physical_robot/share/physical_robot/models/urdf_description.urdf
[0.787s] -- Up-to-date: /home/shorouk/graduation_project/grad_proj_ws/install/physical_robot/share/physical_robot/models/gazebo_files
[0.787s] -- Up-to-date: /home/shorouk/graduation_project/grad_proj_ws/install/physical_robot/share/physical_robot/models/gazebo_files/model.config
[0.787s] -- Up-to-date: /home/shorouk/graduation_project/grad_proj_ws/install/physical_robot/share/physical_robot/models/gazebo_files/model.sdf
[0.787s] -- Up-to-date: /home/shorouk/graduation_project/grad_proj_ws/install/physical_robot/share/physical_robot/params
[0.787s] -- Up-to-date: /home/shorouk/graduation_project/grad_proj_ws/install/physical_robot/share/physical_robot/params/nav2_params.yaml
[0.787s] -- Installing: /home/shorouk/graduation_project/grad_proj_ws/install/physical_robot/share/physical_robot/params/original_params.yaml
[0.788s] -- Installing: /home/shorouk/graduation_project/grad_proj_ws/install/physical_robot/share/physical_robot/params/github_params.yaml
[0.788s] -- Up-to-date: /home/shorouk/graduation_project/grad_proj_ws/install/physical_robot/share/physical_robot/params/nav2_params_original.yaml
[0.788s] -- Up-to-date: /home/shorouk/graduation_project/grad_proj_ws/install/physical_robot/share/physical_robot/rviz
[0.788s] -- Up-to-date: /home/shorouk/graduation_project/grad_proj_ws/install/physical_robot/share/physical_robot/rviz/physical_config.rviz
[0.788s] -- Up-to-date: /home/shorouk/graduation_project/grad_proj_ws/install/physical_robot/share/physical_robot/rviz/nav2_config.rviz
[0.788s] -- Up-to-date: /home/shorouk/graduation_project/grad_proj_ws/install/physical_robot/share/physical_robot/rviz/urdf_config.rviz
[0.788s] -- Up-to-date: /home/shorouk/graduation_project/grad_proj_ws/install/physical_robot/share/physical_robot/src
[0.788s] -- Up-to-date: /home/shorouk/graduation_project/grad_proj_ws/install/physical_robot/share/physical_robot/worlds
[0.789s] -- Up-to-date: /home/shorouk/graduation_project/grad_proj_ws/install/physical_robot/share/physical_robot/worlds/basic_mobile_bot_world
[0.789s] -- Up-to-date: /home/shorouk/graduation_project/grad_proj_ws/install/physical_robot/share/physical_robot/worlds/basic_mobile_bot_world/smalltown.world
[0.789s] -- Up-to-date: /home/shorouk/graduation_project/grad_proj_ws/install/physical_robot/share/ament_index/resource_index/package_run_dependencies/physical_robot
[0.789s] -- Up-to-date: /home/shorouk/graduation_project/grad_proj_ws/install/physical_robot/share/ament_index/resource_index/parent_prefix_path/physical_robot
[0.789s] -- Up-to-date: /home/shorouk/graduation_project/grad_proj_ws/install/physical_robot/share/physical_robot/environment/ament_prefix_path.sh
[0.789s] -- Up-to-date: /home/shorouk/graduation_project/grad_proj_ws/install/physical_robot/share/physical_robot/environment/ament_prefix_path.dsv
[0.789s] -- Up-to-date: /home/shorouk/graduation_project/grad_proj_ws/install/physical_robot/share/physical_robot/environment/path.sh
[0.789s] -- Up-to-date: /home/shorouk/graduation_project/grad_proj_ws/install/physical_robot/share/physical_robot/environment/path.dsv
[0.790s] -- Up-to-date: /home/shorouk/graduation_project/grad_proj_ws/install/physical_robot/share/physical_robot/local_setup.bash
[0.790s] -- Up-to-date: /home/shorouk/graduation_project/grad_proj_ws/install/physical_robot/share/physical_robot/local_setup.sh
[0.790s] -- Up-to-date: /home/shorouk/graduation_project/grad_proj_ws/install/physical_robot/share/physical_robot/local_setup.zsh
[0.790s] -- Up-to-date: /home/shorouk/graduation_project/grad_proj_ws/install/physical_robot/share/physical_robot/local_setup.dsv
[0.790s] -- Installing: /home/shorouk/graduation_project/grad_proj_ws/install/physical_robot/share/physical_robot/package.dsv
[0.799s] -- Up-to-date: /home/shorouk/graduation_project/grad_proj_ws/install/physical_robot/share/ament_index/resource_index/packages/physical_robot
[0.800s] -- Up-to-date: /home/shorouk/graduation_project/grad_proj_ws/install/physical_robot/share/physical_robot/cmake/physical_robotConfig.cmake
[0.800s] -- Up-to-date: /home/shorouk/graduation_project/grad_proj_ws/install/physical_robot/share/physical_robot/cmake/physical_robotConfig-version.cmake
[0.800s] -- Up-to-date: /home/shorouk/graduation_project/grad_proj_ws/install/physical_robot/share/physical_robot/package.xml
[0.803s] Invoked command in '/home/shorouk/graduation_project/grad_proj_ws/build/physical_robot' returned '0': CMAKE_PREFIX_PATH=/opt/ros/foxy /usr/bin/cmake --install /home/shorouk/graduation_project/grad_proj_ws/build/physical_robot
