[2.177s] DEBUG:colcon:Command line arguments: ['/usr/bin/colcon', 'build']
[2.177s] DEBUG:colcon:Parsed command line arguments: Namespace(allow_overriding=[], ament_cmake_args=None, base_paths=['.'], build_base='build', catkin_cmake_args=None, catkin_skip_building_tests=False, cmake_args=None, cmake_clean_cache=False, cmake_clean_first=False, cmake_force_configure=False, cmake_target=None, cmake_target_skip_unavailable=False, continue_on_error=False, event_handlers=None, executor='parallel', ignore_user_meta=False, install_base='install', log_base=None, log_level=None, main=<bound method BuildVerb.main of <colcon_core.verb.build.BuildVerb object at 0x7fa9a43ce2b0>>, merge_install=False, metas=['./colcon.meta'], packages_above=None, packages_above_and_dependencies=None, packages_above_depth=None, packages_end=None, packages_ignore=None, packages_ignore_regex=None, packages_select=None, packages_select_build_failed=False, packages_select_by_dep=None, packages_select_regex=None, packages_select_test_failures=False, packages_skip=None, packages_skip_build_finished=False, packages_skip_by_dep=None, packages_skip_regex=None, packages_skip_test_passed=False, packages_skip_up_to=None, packages_start=None, packages_up_to=None, packages_up_to_regex=None, parallel_workers=4, paths=None, symlink_install=False, test_result_base=None, verb_extension=<colcon_core.verb.build.BuildVerb object at 0x7fa9a43ce2b0>, verb_name='build', verb_parser=<colcon_defaults.argument_parser.defaults.DefaultArgumentsDecorator object at 0x7fa9a43ce7f0>)
[2.726s] Level 1:colcon.colcon_core.package_discovery:discover_packages(colcon_meta) check parameters
[2.726s] Level 1:colcon.colcon_core.package_discovery:discover_packages(recursive) check parameters
[2.727s] Level 1:colcon.colcon_core.package_discovery:discover_packages(ignore) check parameters
[2.727s] Level 1:colcon.colcon_core.package_discovery:discover_packages(path) check parameters
[2.727s] Level 1:colcon.colcon_core.package_discovery:discover_packages(colcon_meta) discover
[2.727s] Level 1:colcon.colcon_core.package_discovery:discover_packages(recursive) discover
[2.727s] INFO:colcon.colcon_core.package_discovery:Crawling recursively for packages in '/home/shorouk/grad_proj_ws'
[2.727s] Level 1:colcon.colcon_core.package_identification:_identify(.) by extensions ['ignore', 'ignore_ament_install']
[2.728s] Level 1:colcon.colcon_core.package_identification:_identify(.) by extension 'ignore'
[2.728s] Level 1:colcon.colcon_core.package_identification:_identify(.) by extension 'ignore_ament_install'
[2.728s] Level 1:colcon.colcon_core.package_identification:_identify(.) by extensions ['colcon_pkg']
[2.728s] Level 1:colcon.colcon_core.package_identification:_identify(.) by extension 'colcon_pkg'
[2.728s] Level 1:colcon.colcon_core.package_identification:_identify(.) by extensions ['colcon_meta']
[2.728s] Level 1:colcon.colcon_core.package_identification:_identify(.) by extension 'colcon_meta'
[2.728s] Level 1:colcon.colcon_core.package_identification:_identify(.) by extensions ['ros']
[2.728s] Level 1:colcon.colcon_core.package_identification:_identify(.) by extension 'ros'
[2.798s] Level 1:colcon.colcon_core.package_identification:_identify(.) by extensions ['cmake', 'python']
[2.798s] Level 1:colcon.colcon_core.package_identification:_identify(.) by extension 'cmake'
[2.798s] Level 1:colcon.colcon_core.package_identification:_identify(.) by extension 'python'
[2.799s] Level 1:colcon.colcon_core.package_identification:_identify(.) by extensions ['python_setup_py']
[2.799s] Level 1:colcon.colcon_core.package_identification:_identify(.) by extension 'python_setup_py'
[2.799s] Level 1:colcon.colcon_core.package_identification:_identify(build) by extensions ['ignore', 'ignore_ament_install']
[2.799s] Level 1:colcon.colcon_core.package_identification:_identify(build) by extension 'ignore'
[2.799s] Level 1:colcon.colcon_core.package_identification:_identify(build) ignored
[2.799s] Level 1:colcon.colcon_core.package_identification:_identify(install) by extensions ['ignore', 'ignore_ament_install']
[2.800s] Level 1:colcon.colcon_core.package_identification:_identify(install) by extension 'ignore'
[2.800s] Level 1:colcon.colcon_core.package_identification:_identify(install) ignored
[2.800s] Level 1:colcon.colcon_core.package_identification:_identify(log) by extensions ['ignore', 'ignore_ament_install']
[2.800s] Level 1:colcon.colcon_core.package_identification:_identify(log) by extension 'ignore'
[2.800s] Level 1:colcon.colcon_core.package_identification:_identify(log) ignored
[2.800s] Level 1:colcon.colcon_core.package_identification:_identify(src) by extensions ['ignore', 'ignore_ament_install']
[2.801s] Level 1:colcon.colcon_core.package_identification:_identify(src) by extension 'ignore'
[2.801s] Level 1:colcon.colcon_core.package_identification:_identify(src) by extension 'ignore_ament_install'
[2.801s] Level 1:colcon.colcon_core.package_identification:_identify(src) by extensions ['colcon_pkg']
[2.801s] Level 1:colcon.colcon_core.package_identification:_identify(src) by extension 'colcon_pkg'
[2.801s] Level 1:colcon.colcon_core.package_identification:_identify(src) by extensions ['colcon_meta']
[2.801s] Level 1:colcon.colcon_core.package_identification:_identify(src) by extension 'colcon_meta'
[2.801s] Level 1:colcon.colcon_core.package_identification:_identify(src) by extensions ['ros']
[2.801s] Level 1:colcon.colcon_core.package_identification:_identify(src) by extension 'ros'
[2.801s] Level 1:colcon.colcon_core.package_identification:_identify(src) by extensions ['cmake', 'python']
[2.802s] Level 1:colcon.colcon_core.package_identification:_identify(src) by extension 'cmake'
[2.802s] Level 1:colcon.colcon_core.package_identification:_identify(src) by extension 'python'
[2.802s] Level 1:colcon.colcon_core.package_identification:_identify(src) by extensions ['python_setup_py']
[2.802s] Level 1:colcon.colcon_core.package_identification:_identify(src) by extension 'python_setup_py'
[2.802s] Level 1:colcon.colcon_core.package_identification:_identify(src/basic_mobile_robot) by extensions ['ignore', 'ignore_ament_install']
[2.802s] Level 1:colcon.colcon_core.package_identification:_identify(src/basic_mobile_robot) by extension 'ignore'
[2.802s] Level 1:colcon.colcon_core.package_identification:_identify(src/basic_mobile_robot) by extension 'ignore_ament_install'
[2.802s] Level 1:colcon.colcon_core.package_identification:_identify(src/basic_mobile_robot) by extensions ['colcon_pkg']
[2.803s] Level 1:colcon.colcon_core.package_identification:_identify(src/basic_mobile_robot) by extension 'colcon_pkg'
[2.803s] Level 1:colcon.colcon_core.package_identification:_identify(src/basic_mobile_robot) by extensions ['colcon_meta']
[2.803s] Level 1:colcon.colcon_core.package_identification:_identify(src/basic_mobile_robot) by extension 'colcon_meta'
[2.803s] Level 1:colcon.colcon_core.package_identification:_identify(src/basic_mobile_robot) by extensions ['ros']
[2.803s] Level 1:colcon.colcon_core.package_identification:_identify(src/basic_mobile_robot) by extension 'ros'
[2.836s] DEBUG:colcon.colcon_core.package_identification:Package 'src/basic_mobile_robot' with type 'ros.ament_cmake' and name 'basic_mobile_robot'
[2.836s] Level 1:colcon.colcon_core.package_identification:_identify(src/robot_description) by extensions ['ignore', 'ignore_ament_install']
[2.837s] Level 1:colcon.colcon_core.package_identification:_identify(src/robot_description) by extension 'ignore'
[2.837s] Level 1:colcon.colcon_core.package_identification:_identify(src/robot_description) by extension 'ignore_ament_install'
[2.837s] Level 1:colcon.colcon_core.package_identification:_identify(src/robot_description) by extensions ['colcon_pkg']
[2.837s] Level 1:colcon.colcon_core.package_identification:_identify(src/robot_description) by extension 'colcon_pkg'
[2.837s] Level 1:colcon.colcon_core.package_identification:_identify(src/robot_description) by extensions ['colcon_meta']
[2.837s] Level 1:colcon.colcon_core.package_identification:_identify(src/robot_description) by extension 'colcon_meta'
[2.838s] Level 1:colcon.colcon_core.package_identification:_identify(src/robot_description) by extensions ['ros']
[2.838s] Level 1:colcon.colcon_core.package_identification:_identify(src/robot_description) by extension 'ros'
[2.850s] DEBUG:colcon.colcon_core.package_identification:Package 'src/robot_description' with type 'ros.ament_cmake' and name 'robot_description'
[2.850s] Level 1:colcon.colcon_core.package_discovery:discover_packages(recursive) using defaults
[2.851s] Level 1:colcon.colcon_core.package_discovery:discover_packages(ignore) discover
[2.851s] Level 1:colcon.colcon_core.package_discovery:discover_packages(ignore) using defaults
[2.851s] Level 1:colcon.colcon_core.package_discovery:discover_packages(path) discover
[2.851s] Level 1:colcon.colcon_core.package_discovery:discover_packages(path) using defaults
[3.247s] Level 1:colcon.colcon_core.package_discovery:discover_packages(prefix_path) check parameters
[3.247s] Level 1:colcon.colcon_core.package_discovery:discover_packages(prefix_path) discover
[3.258s] DEBUG:colcon.colcon_installed_package_information.package_discovery:Found 326 installed packages in /opt/ros/foxy
[3.261s] Level 1:colcon.colcon_core.package_discovery:discover_packages(prefix_path) using defaults
[4.089s] Level 5:colcon.colcon_core.verb:set package 'basic_mobile_robot' build argument 'cmake_args' from command line to 'None'
[4.089s] Level 5:colcon.colcon_core.verb:set package 'basic_mobile_robot' build argument 'cmake_target' from command line to 'None'
[4.089s] Level 5:colcon.colcon_core.verb:set package 'basic_mobile_robot' build argument 'cmake_target_skip_unavailable' from command line to 'False'
[4.089s] Level 5:colcon.colcon_core.verb:set package 'basic_mobile_robot' build argument 'cmake_clean_cache' from command line to 'False'
[4.089s] Level 5:colcon.colcon_core.verb:set package 'basic_mobile_robot' build argument 'cmake_clean_first' from command line to 'False'
[4.090s] Level 5:colcon.colcon_core.verb:set package 'basic_mobile_robot' build argument 'cmake_force_configure' from command line to 'False'
[4.090s] Level 5:colcon.colcon_core.verb:set package 'basic_mobile_robot' build argument 'ament_cmake_args' from command line to 'None'
[4.090s] Level 5:colcon.colcon_core.verb:set package 'basic_mobile_robot' build argument 'catkin_cmake_args' from command line to 'None'
[4.090s] Level 5:colcon.colcon_core.verb:set package 'basic_mobile_robot' build argument 'catkin_skip_building_tests' from command line to 'False'
[4.090s] DEBUG:colcon.colcon_core.verb:Building package 'basic_mobile_robot' with the following arguments: {'ament_cmake_args': None, 'build_base': '/home/shorouk/grad_proj_ws/build/basic_mobile_robot', 'catkin_cmake_args': None, 'catkin_skip_building_tests': False, 'cmake_args': None, 'cmake_clean_cache': False, 'cmake_clean_first': False, 'cmake_force_configure': False, 'cmake_target': None, 'cmake_target_skip_unavailable': False, 'install_base': '/home/shorouk/grad_proj_ws/install/basic_mobile_robot', 'merge_install': False, 'path': '/home/shorouk/grad_proj_ws/src/basic_mobile_robot', 'symlink_install': False, 'test_result_base': None}
[4.092s] Level 5:colcon.colcon_core.verb:set package 'robot_description' build argument 'cmake_args' from command line to 'None'
[4.092s] Level 5:colcon.colcon_core.verb:set package 'robot_description' build argument 'cmake_target' from command line to 'None'
[4.092s] Level 5:colcon.colcon_core.verb:set package 'robot_description' build argument 'cmake_target_skip_unavailable' from command line to 'False'
[4.092s] Level 5:colcon.colcon_core.verb:set package 'robot_description' build argument 'cmake_clean_cache' from command line to 'False'
[4.092s] Level 5:colcon.colcon_core.verb:set package 'robot_description' build argument 'cmake_clean_first' from command line to 'False'
[4.092s] Level 5:colcon.colcon_core.verb:set package 'robot_description' build argument 'cmake_force_configure' from command line to 'False'
[4.092s] Level 5:colcon.colcon_core.verb:set package 'robot_description' build argument 'ament_cmake_args' from command line to 'None'
[4.092s] Level 5:colcon.colcon_core.verb:set package 'robot_description' build argument 'catkin_cmake_args' from command line to 'None'
[4.092s] Level 5:colcon.colcon_core.verb:set package 'robot_description' build argument 'catkin_skip_building_tests' from command line to 'False'
[4.092s] DEBUG:colcon.colcon_core.verb:Building package 'robot_description' with the following arguments: {'ament_cmake_args': None, 'build_base': '/home/shorouk/grad_proj_ws/build/robot_description', 'catkin_cmake_args': None, 'catkin_skip_building_tests': False, 'cmake_args': None, 'cmake_clean_cache': False, 'cmake_clean_first': False, 'cmake_force_configure': False, 'cmake_target': None, 'cmake_target_skip_unavailable': False, 'install_base': '/home/shorouk/grad_proj_ws/install/robot_description', 'merge_install': False, 'path': '/home/shorouk/grad_proj_ws/src/robot_description', 'symlink_install': False, 'test_result_base': None}
[4.093s] INFO:colcon.colcon_core.executor:Executing jobs using 'parallel' executor
[4.103s] DEBUG:colcon.colcon_parallel_executor.executor.parallel:run_until_complete
[4.103s] INFO:colcon.colcon_ros.task.ament_cmake.build:Building ROS package in '/home/shorouk/grad_proj_ws/src/basic_mobile_robot' with build type 'ament_cmake'
[4.103s] INFO:colcon.colcon_cmake.task.cmake.build:Building CMake package in '/home/shorouk/grad_proj_ws/src/basic_mobile_robot'
[4.173s] INFO:colcon.colcon_core.plugin_system:Skipping extension 'colcon_core.shell.bat': Not used on non-Windows systems
[4.173s] INFO:colcon.colcon_core.shell:Skip shell extension 'powershell' for command environment: Not usable outside of PowerShell
[4.173s] DEBUG:colcon.colcon_core.shell:Skip shell extension 'dsv' for command environment
[4.211s] INFO:colcon.colcon_ros.task.ament_cmake.build:Building ROS package in '/home/shorouk/grad_proj_ws/src/robot_description' with build type 'ament_cmake'
[4.212s] INFO:colcon.colcon_cmake.task.cmake.build:Building CMake package in '/home/shorouk/grad_proj_ws/src/robot_description'
[4.217s] INFO:colcon.colcon_core.shell:Skip shell extension 'powershell' for command environment: Not usable outside of PowerShell
[4.217s] DEBUG:colcon.colcon_core.shell:Skip shell extension 'dsv' for command environment
[4.279s] DEBUG:colcon.colcon_core.event_handler.log_command:Invoking command in '/home/shorouk/grad_proj_ws/build/basic_mobile_robot': CMAKE_PREFIX_PATH=/opt/ros/foxy /usr/bin/cmake --build /home/shorouk/grad_proj_ws/build/basic_mobile_robot -- -j4 -l4
[4.386s] DEBUG:colcon.colcon_core.event_handler.log_command:Invoking command in '/home/shorouk/grad_proj_ws/build/robot_description': CMAKE_PREFIX_PATH=/opt/ros/foxy /usr/bin/cmake --build /home/shorouk/grad_proj_ws/build/robot_description -- -j4 -l4
[4.812s] DEBUG:colcon.colcon_core.event_handler.log_command:Invoked command in '/home/shorouk/grad_proj_ws/build/robot_description' returned '0': CMAKE_PREFIX_PATH=/opt/ros/foxy /usr/bin/cmake --build /home/shorouk/grad_proj_ws/build/robot_description -- -j4 -l4
[4.817s] DEBUG:colcon.colcon_core.event_handler.log_command:Invoked command in '/home/shorouk/grad_proj_ws/build/basic_mobile_robot' returned '0': CMAKE_PREFIX_PATH=/opt/ros/foxy /usr/bin/cmake --build /home/shorouk/grad_proj_ws/build/basic_mobile_robot -- -j4 -l4
[4.874s] DEBUG:colcon.colcon_core.event_handler.log_command:Invoking command in '/home/shorouk/grad_proj_ws/build/robot_description': CMAKE_PREFIX_PATH=/opt/ros/foxy /usr/bin/cmake --install /home/shorouk/grad_proj_ws/build/robot_description
[4.886s] DEBUG:colcon.colcon_core.event_handler.log_command:Invoking command in '/home/shorouk/grad_proj_ws/build/basic_mobile_robot': CMAKE_PREFIX_PATH=/opt/ros/foxy /usr/bin/cmake --install /home/shorouk/grad_proj_ws/build/basic_mobile_robot
[4.984s] Level 1:colcon.colcon_core.environment:create_environment_scripts_only(robot_description)
[4.985s] DEBUG:colcon.colcon_core.event_handler.log_command:Invoked command in '/home/shorouk/grad_proj_ws/build/robot_description' returned '0': CMAKE_PREFIX_PATH=/opt/ros/foxy /usr/bin/cmake --install /home/shorouk/grad_proj_ws/build/robot_description
[5.119s] Level 1:colcon.colcon_core.environment:checking '/home/shorouk/grad_proj_ws/install/robot_description' for CMake module files
[5.120s] Level 1:colcon.colcon_core.environment:checking '/home/shorouk/grad_proj_ws/install/robot_description' for CMake config files
[5.137s] Level 1:colcon.colcon_core.shell:create_environment_hook('robot_description', 'cmake_prefix_path')
[5.140s] INFO:colcon.colcon_core.shell:Creating environment hook '/home/shorouk/grad_proj_ws/install/robot_description/share/robot_description/hook/cmake_prefix_path.ps1'
[5.157s] INFO:colcon.colcon_core.shell:Creating environment descriptor '/home/shorouk/grad_proj_ws/install/robot_description/share/robot_description/hook/cmake_prefix_path.dsv'
[5.172s] INFO:colcon.colcon_core.shell:Creating environment hook '/home/shorouk/grad_proj_ws/install/robot_description/share/robot_description/hook/cmake_prefix_path.sh'
[5.173s] Level 1:colcon.colcon_core.environment:checking '/home/shorouk/grad_proj_ws/install/robot_description/bin'
[5.174s] Level 1:colcon.colcon_core.environment:checking '/home/shorouk/grad_proj_ws/install/robot_description/lib/pkgconfig/robot_description.pc'
[5.174s] Level 1:colcon.colcon_core.environment:checking '/home/shorouk/grad_proj_ws/install/robot_description/lib/python3.8/site-packages'
[5.174s] Level 1:colcon.colcon_core.environment:checking '/home/shorouk/grad_proj_ws/install/robot_description/bin'
[5.177s] INFO:colcon.colcon_core.shell:Creating package script '/home/shorouk/grad_proj_ws/install/robot_description/share/robot_description/package.ps1'
[5.179s] INFO:colcon.colcon_core.shell:Creating package descriptor '/home/shorouk/grad_proj_ws/install/robot_description/share/robot_description/package.dsv'
[5.180s] INFO:colcon.colcon_core.shell:Creating package script '/home/shorouk/grad_proj_ws/install/robot_description/share/robot_description/package.sh'
[5.181s] INFO:colcon.colcon_core.shell:Creating package script '/home/shorouk/grad_proj_ws/install/robot_description/share/robot_description/package.bash'
[5.200s] INFO:colcon.colcon_core.shell:Creating package script '/home/shorouk/grad_proj_ws/install/robot_description/share/robot_description/package.zsh'
[5.201s] Level 1:colcon.colcon_core.environment:create_file_with_runtime_dependencies(/home/shorouk/grad_proj_ws/install/robot_description/share/colcon-core/packages/robot_description)
[5.208s] Level 1:colcon.colcon_core.environment:create_environment_scripts_only(basic_mobile_robot)
[5.218s] Level 1:colcon.colcon_core.environment:checking '/home/shorouk/grad_proj_ws/install/basic_mobile_robot' for CMake module files
[5.220s] DEBUG:colcon.colcon_core.event_handler.log_command:Invoked command in '/home/shorouk/grad_proj_ws/build/basic_mobile_robot' returned '0': CMAKE_PREFIX_PATH=/opt/ros/foxy /usr/bin/cmake --install /home/shorouk/grad_proj_ws/build/basic_mobile_robot
[5.221s] Level 1:colcon.colcon_core.environment:checking '/home/shorouk/grad_proj_ws/install/basic_mobile_robot' for CMake config files
[5.223s] Level 1:colcon.colcon_core.shell:create_environment_hook('basic_mobile_robot', 'cmake_prefix_path')
[5.228s] INFO:colcon.colcon_core.shell:Creating environment hook '/home/shorouk/grad_proj_ws/install/basic_mobile_robot/share/basic_mobile_robot/hook/cmake_prefix_path.ps1'
[5.229s] INFO:colcon.colcon_core.shell:Creating environment descriptor '/home/shorouk/grad_proj_ws/install/basic_mobile_robot/share/basic_mobile_robot/hook/cmake_prefix_path.dsv'
[5.230s] INFO:colcon.colcon_core.shell:Creating environment hook '/home/shorouk/grad_proj_ws/install/basic_mobile_robot/share/basic_mobile_robot/hook/cmake_prefix_path.sh'
[5.231s] Level 1:colcon.colcon_core.environment:checking '/home/shorouk/grad_proj_ws/install/basic_mobile_robot/bin'
[5.231s] Level 1:colcon.colcon_core.environment:checking '/home/shorouk/grad_proj_ws/install/basic_mobile_robot/lib/pkgconfig/basic_mobile_robot.pc'
[5.231s] Level 1:colcon.colcon_core.environment:checking '/home/shorouk/grad_proj_ws/install/basic_mobile_robot/lib/python3.8/site-packages'
[5.232s] Level 1:colcon.colcon_core.environment:checking '/home/shorouk/grad_proj_ws/install/basic_mobile_robot/bin'
[5.234s] INFO:colcon.colcon_core.shell:Creating package script '/home/shorouk/grad_proj_ws/install/basic_mobile_robot/share/basic_mobile_robot/package.ps1'
[5.235s] INFO:colcon.colcon_core.shell:Creating package descriptor '/home/shorouk/grad_proj_ws/install/basic_mobile_robot/share/basic_mobile_robot/package.dsv'
[5.236s] INFO:colcon.colcon_core.shell:Creating package script '/home/shorouk/grad_proj_ws/install/basic_mobile_robot/share/basic_mobile_robot/package.sh'
[5.237s] INFO:colcon.colcon_core.shell:Creating package script '/home/shorouk/grad_proj_ws/install/basic_mobile_robot/share/basic_mobile_robot/package.bash'
[5.238s] INFO:colcon.colcon_core.shell:Creating package script '/home/shorouk/grad_proj_ws/install/basic_mobile_robot/share/basic_mobile_robot/package.zsh'
[5.238s] Level 1:colcon.colcon_core.environment:create_file_with_runtime_dependencies(/home/shorouk/grad_proj_ws/install/basic_mobile_robot/share/colcon-core/packages/basic_mobile_robot)
[5.250s] Level 1:colcon.colcon_core.environment:create_environment_scripts_only(robot_description)
[5.254s] Level 1:colcon.colcon_core.environment:checking '/home/shorouk/grad_proj_ws/install/robot_description' for CMake module files
[5.255s] Level 1:colcon.colcon_core.environment:checking '/home/shorouk/grad_proj_ws/install/robot_description' for CMake config files
[5.256s] Level 1:colcon.colcon_core.shell:create_environment_hook('robot_description', 'cmake_prefix_path')
[5.259s] INFO:colcon.colcon_core.shell:Creating environment hook '/home/shorouk/grad_proj_ws/install/robot_description/share/robot_description/hook/cmake_prefix_path.ps1'
[5.260s] INFO:colcon.colcon_core.shell:Creating environment descriptor '/home/shorouk/grad_proj_ws/install/robot_description/share/robot_description/hook/cmake_prefix_path.dsv'
[5.260s] INFO:colcon.colcon_core.shell:Creating environment hook '/home/shorouk/grad_proj_ws/install/robot_description/share/robot_description/hook/cmake_prefix_path.sh'
[5.261s] Level 1:colcon.colcon_core.environment:checking '/home/shorouk/grad_proj_ws/install/robot_description/bin'
[5.262s] Level 1:colcon.colcon_core.environment:checking '/home/shorouk/grad_proj_ws/install/robot_description/lib/pkgconfig/robot_description.pc'
[5.262s] Level 1:colcon.colcon_core.environment:checking '/home/shorouk/grad_proj_ws/install/robot_description/lib/python3.8/site-packages'
[5.262s] Level 1:colcon.colcon_core.environment:checking '/home/shorouk/grad_proj_ws/install/robot_description/bin'
[5.265s] INFO:colcon.colcon_core.shell:Creating package script '/home/shorouk/grad_proj_ws/install/robot_description/share/robot_description/package.ps1'
[5.266s] INFO:colcon.colcon_core.shell:Creating package descriptor '/home/shorouk/grad_proj_ws/install/robot_description/share/robot_description/package.dsv'
[5.267s] INFO:colcon.colcon_core.shell:Creating package script '/home/shorouk/grad_proj_ws/install/robot_description/share/robot_description/package.sh'
[5.268s] INFO:colcon.colcon_core.shell:Creating package script '/home/shorouk/grad_proj_ws/install/robot_description/share/robot_description/package.bash'
[5.269s] INFO:colcon.colcon_core.shell:Creating package script '/home/shorouk/grad_proj_ws/install/robot_description/share/robot_description/package.zsh'
[5.270s] Level 1:colcon.colcon_core.environment:create_file_with_runtime_dependencies(/home/shorouk/grad_proj_ws/install/robot_description/share/colcon-core/packages/robot_description)
[5.279s] Level 1:colcon.colcon_core.environment:create_environment_scripts_only(basic_mobile_robot)
[5.282s] Level 1:colcon.colcon_core.environment:checking '/home/shorouk/grad_proj_ws/install/basic_mobile_robot' for CMake module files
[5.283s] Level 1:colcon.colcon_core.environment:checking '/home/shorouk/grad_proj_ws/install/basic_mobile_robot' for CMake config files
[5.284s] Level 1:colcon.colcon_core.shell:create_environment_hook('basic_mobile_robot', 'cmake_prefix_path')
[5.286s] INFO:colcon.colcon_core.shell:Creating environment hook '/home/shorouk/grad_proj_ws/install/basic_mobile_robot/share/basic_mobile_robot/hook/cmake_prefix_path.ps1'
[5.287s] INFO:colcon.colcon_core.shell:Creating environment descriptor '/home/shorouk/grad_proj_ws/install/basic_mobile_robot/share/basic_mobile_robot/hook/cmake_prefix_path.dsv'
[5.288s] INFO:colcon.colcon_core.shell:Creating environment hook '/home/shorouk/grad_proj_ws/install/basic_mobile_robot/share/basic_mobile_robot/hook/cmake_prefix_path.sh'
[5.289s] Level 1:colcon.colcon_core.environment:checking '/home/shorouk/grad_proj_ws/install/basic_mobile_robot/bin'
[5.289s] Level 1:colcon.colcon_core.environment:checking '/home/shorouk/grad_proj_ws/install/basic_mobile_robot/lib/pkgconfig/basic_mobile_robot.pc'
[5.289s] Level 1:colcon.colcon_core.environment:checking '/home/shorouk/grad_proj_ws/install/basic_mobile_robot/lib/python3.8/site-packages'
[5.290s] Level 1:colcon.colcon_core.environment:checking '/home/shorouk/grad_proj_ws/install/basic_mobile_robot/bin'
[5.293s] INFO:colcon.colcon_core.shell:Creating package script '/home/shorouk/grad_proj_ws/install/basic_mobile_robot/share/basic_mobile_robot/package.ps1'
[5.294s] INFO:colcon.colcon_core.shell:Creating package descriptor '/home/shorouk/grad_proj_ws/install/basic_mobile_robot/share/basic_mobile_robot/package.dsv'
[5.295s] INFO:colcon.colcon_core.shell:Creating package script '/home/shorouk/grad_proj_ws/install/basic_mobile_robot/share/basic_mobile_robot/package.sh'
[5.295s] INFO:colcon.colcon_core.shell:Creating package script '/home/shorouk/grad_proj_ws/install/basic_mobile_robot/share/basic_mobile_robot/package.bash'
[5.296s] INFO:colcon.colcon_core.shell:Creating package script '/home/shorouk/grad_proj_ws/install/basic_mobile_robot/share/basic_mobile_robot/package.zsh'
[5.297s] Level 1:colcon.colcon_core.environment:create_file_with_runtime_dependencies(/home/shorouk/grad_proj_ws/install/basic_mobile_robot/share/colcon-core/packages/basic_mobile_robot)
[5.297s] DEBUG:colcon.colcon_parallel_executor.executor.parallel:closing loop
[5.298s] DEBUG:colcon.colcon_parallel_executor.executor.parallel:loop closed
[5.298s] DEBUG:colcon.colcon_parallel_executor.executor.parallel:run_until_complete finished with '0'
[5.298s] DEBUG:colcon.colcon_core.event_reactor:joining thread
[5.360s] INFO:colcon.colcon_core.plugin_system:Skipping extension 'colcon_notification.desktop_notification.terminal_notifier': Not used on non-Darwin systems
[5.360s] INFO:colcon.colcon_core.plugin_system:Skipping extension 'colcon_notification.desktop_notification.win32': Not used on non-Windows systems
[5.360s] INFO:colcon.colcon_notification.desktop_notification:Sending desktop notification using 'notify2'
[5.391s] DEBUG:colcon.colcon_core.event_reactor:joined thread
[5.393s] INFO:colcon.colcon_core.shell:Creating prefix script '/home/shorouk/grad_proj_ws/install/local_setup.ps1'
[5.403s] INFO:colcon.colcon_core.shell:Creating prefix util module '/home/shorouk/grad_proj_ws/install/_local_setup_util_ps1.py'
[5.418s] INFO:colcon.colcon_core.shell:Creating prefix chain script '/home/shorouk/grad_proj_ws/install/setup.ps1'
[5.430s] INFO:colcon.colcon_core.shell:Creating prefix script '/home/shorouk/grad_proj_ws/install/local_setup.sh'
[5.431s] INFO:colcon.colcon_core.shell:Creating prefix util module '/home/shorouk/grad_proj_ws/install/_local_setup_util_sh.py'
[5.432s] INFO:colcon.colcon_core.shell:Creating prefix chain script '/home/shorouk/grad_proj_ws/install/setup.sh'
[5.435s] INFO:colcon.colcon_core.shell:Creating prefix script '/home/shorouk/grad_proj_ws/install/local_setup.bash'
[5.436s] INFO:colcon.colcon_core.shell:Creating prefix chain script '/home/shorouk/grad_proj_ws/install/setup.bash'
[5.439s] INFO:colcon.colcon_core.shell:Creating prefix script '/home/shorouk/grad_proj_ws/install/local_setup.zsh'
[5.440s] INFO:colcon.colcon_core.shell:Creating prefix chain script '/home/shorouk/grad_proj_ws/install/setup.zsh'
