[1.465s] Invoking command in '/home/shorouk/graduation_project/grad_proj_ws/src/initial_pose_pub': PYTHONPATH=/home/shorouk/graduation_project/grad_proj_ws/install/initial_pose_pub/lib/python3.8/site-packages:${PYTHONPATH} /usr/bin/python3 setup.py egg_info --egg-base ../../build/initial_pose_pub build --build-base /home/shorouk/graduation_project/grad_proj_ws/build/initial_pose_pub/build install --prefix /home/shorouk/graduation_project/grad_proj_ws/install/initial_pose_pub --record /home/shorouk/graduation_project/grad_proj_ws/build/initial_pose_pub/install.log --single-version-externally-managed
[1.925s] running egg_info
[1.927s] writing ../../build/initial_pose_pub/initial_pose_pub.egg-info/PKG-INFO
[1.927s] writing dependency_links to ../../build/initial_pose_pub/initial_pose_pub.egg-info/dependency_links.txt
[1.928s] writing entry points to ../../build/initial_pose_pub/initial_pose_pub.egg-info/entry_points.txt
[1.928s] writing requirements to ../../build/initial_pose_pub/initial_pose_pub.egg-info/requires.txt
[1.928s] writing top-level names to ../../build/initial_pose_pub/initial_pose_pub.egg-info/top_level.txt
[1.999s] reading manifest file '../../build/initial_pose_pub/initial_pose_pub.egg-info/SOURCES.txt'
[2.001s] writing manifest file '../../build/initial_pose_pub/initial_pose_pub.egg-info/SOURCES.txt'
[2.002s] running build
[2.002s] running build_py
[2.002s] copying initial_pose_pub/initial_pose.py -> /home/shorouk/graduation_project/grad_proj_ws/build/initial_pose_pub/build/lib/initial_pose_pub
[2.002s] running install
[2.004s] running install_lib
[2.005s] copying /home/shorouk/graduation_project/grad_proj_ws/build/initial_pose_pub/build/lib/initial_pose_pub/initial_pose.py -> /home/shorouk/graduation_project/grad_proj_ws/install/initial_pose_pub/lib/python3.8/site-packages/initial_pose_pub
[2.007s] byte-compiling /home/shorouk/graduation_project/grad_proj_ws/install/initial_pose_pub/lib/python3.8/site-packages/initial_pose_pub/initial_pose.py to initial_pose.cpython-38.pyc
[2.010s] running install_data
[2.011s] running install_egg_info
[2.014s] removing '/home/shorouk/graduation_project/grad_proj_ws/install/initial_pose_pub/lib/python3.8/site-packages/initial_pose_pub-0.0.0-py3.8.egg-info' (and everything under it)
[2.014s] Copying ../../build/initial_pose_pub/initial_pose_pub.egg-info to /home/shorouk/graduation_project/grad_proj_ws/install/initial_pose_pub/lib/python3.8/site-packages/initial_pose_pub-0.0.0-py3.8.egg-info
[2.017s] running install_scripts
[2.052s] Installing talker script to /home/shorouk/graduation_project/grad_proj_ws/install/initial_pose_pub/lib/initial_pose_pub
[2.052s] writing list of installed files to '/home/shorouk/graduation_project/grad_proj_ws/build/initial_pose_pub/install.log'
[2.095s] Invoked command in '/home/shorouk/graduation_project/grad_proj_ws/src/initial_pose_pub' returned '0': PYTHONPATH=/home/shorouk/graduation_project/grad_proj_ws/install/initial_pose_pub/lib/python3.8/site-packages:${PYTHONPATH} /usr/bin/python3 setup.py egg_info --egg-base ../../build/initial_pose_pub build --build-base /home/shorouk/graduation_project/grad_proj_ws/build/initial_pose_pub/build install --prefix /home/shorouk/graduation_project/grad_proj_ws/install/initial_pose_pub --record /home/shorouk/graduation_project/grad_proj_ws/build/initial_pose_pub/install.log --single-version-externally-managed
