[2.721s] Invoking command in '/home/shorouk/graduation_project/grad_proj_ws/src/py_pubsub': PYTHONPATH=/home/shorouk/graduation_project/grad_proj_ws/install/py_pubsub/lib/python3.8/site-packages:${PYTHONPATH} /usr/bin/python3 setup.py egg_info --egg-base ../../build/py_pubsub build --build-base /home/shorouk/graduation_project/grad_proj_ws/build/py_pubsub/build install --prefix /home/shorouk/graduation_project/grad_proj_ws/install/py_pubsub --record /home/shorouk/graduation_project/grad_proj_ws/build/py_pubsub/install.log --single-version-externally-managed
[3.250s] running egg_info
[3.252s] writing ../../build/py_pubsub/py_pubsub.egg-info/PKG-INFO
[3.252s] writing dependency_links to ../../build/py_pubsub/py_pubsub.egg-info/dependency_links.txt
[3.252s] writing entry points to ../../build/py_pubsub/py_pubsub.egg-info/entry_points.txt
[3.253s] writing requirements to ../../build/py_pubsub/py_pubsub.egg-info/requires.txt
[3.253s] writing top-level names to ../../build/py_pubsub/py_pubsub.egg-info/top_level.txt
[3.329s] reading manifest file '../../build/py_pubsub/py_pubsub.egg-info/SOURCES.txt'
[3.346s] writing manifest file '../../build/py_pubsub/py_pubsub.egg-info/SOURCES.txt'
[3.346s] running build
[3.346s] running build_py
[3.347s] running install
[3.347s] running install_lib
[3.347s] running install_data
[3.347s] running install_egg_info
[3.348s] removing '/home/shorouk/graduation_project/grad_proj_ws/install/py_pubsub/lib/python3.8/site-packages/py_pubsub-0.0.0-py3.8.egg-info' (and everything under it)
[3.348s] Copying ../../build/py_pubsub/py_pubsub.egg-info to /home/shorouk/graduation_project/grad_proj_ws/install/py_pubsub/lib/python3.8/site-packages/py_pubsub-0.0.0-py3.8.egg-info
[3.351s] running install_scripts
[3.403s] writing list of installed files to '/home/shorouk/graduation_project/grad_proj_ws/build/py_pubsub/install.log'
[3.458s] Invoked command in '/home/shorouk/graduation_project/grad_proj_ws/src/py_pubsub' returned '0': PYTHONPATH=/home/shorouk/graduation_project/grad_proj_ws/install/py_pubsub/lib/python3.8/site-packages:${PYTHONPATH} /usr/bin/python3 setup.py egg_info --egg-base ../../build/py_pubsub build --build-base /home/shorouk/graduation_project/grad_proj_ws/build/py_pubsub/build install --prefix /home/shorouk/graduation_project/grad_proj_ws/install/py_pubsub --record /home/shorouk/graduation_project/grad_proj_ws/build/py_pubsub/install.log --single-version-externally-managed
