[0.285s] DEBUG:colcon:Command line arguments: ['/usr/bin/colcon', 'build']
[0.285s] DEBUG:colcon:Parsed command line arguments: Namespace(allow_overriding=[], ament_cmake_args=None, base_paths=['.'], build_base='build', catkin_cmake_args=None, catkin_skip_building_tests=False, cmake_args=None, cmake_clean_cache=False, cmake_clean_first=False, cmake_force_configure=False, cmake_target=None, cmake_target_skip_unavailable=False, continue_on_error=False, event_handlers=None, executor='parallel', ignore_user_meta=False, install_base='install', log_base=None, log_level=None, main=<bound method BuildVerb.main of <colcon_core.verb.build.BuildVerb object at 0x7fe1136923d0>>, merge_install=False, metas=['./colcon.meta'], packages_above=None, packages_above_and_dependencies=None, packages_above_depth=None, packages_end=None, packages_ignore=None, packages_ignore_regex=None, packages_select=None, packages_select_build_failed=False, packages_select_by_dep=None, packages_select_regex=None, packages_select_test_failures=False, packages_skip=None, packages_skip_build_finished=False, packages_skip_by_dep=None, packages_skip_regex=None, packages_skip_test_passed=False, packages_skip_up_to=None, packages_start=None, packages_up_to=None, packages_up_to_regex=None, parallel_workers=4, paths=None, symlink_install=False, test_result_base=None, verb_extension=<colcon_core.verb.build.BuildVerb object at 0x7fe1136923d0>, verb_name='build', verb_parser=<colcon_defaults.argument_parser.defaults.DefaultArgumentsDecorator object at 0x7fe113692910>)
[0.334s] Level 1:colcon.colcon_core.package_discovery:discover_packages(colcon_meta) check parameters
[0.334s] Level 1:colcon.colcon_core.package_discovery:discover_packages(recursive) check parameters
[0.334s] Level 1:colcon.colcon_core.package_discovery:discover_packages(ignore) check parameters
[0.334s] Level 1:colcon.colcon_core.package_discovery:discover_packages(path) check parameters
[0.334s] Level 1:colcon.colcon_core.package_discovery:discover_packages(colcon_meta) discover
[0.334s] Level 1:colcon.colcon_core.package_discovery:discover_packages(recursive) discover
[0.335s] INFO:colcon.colcon_core.package_discovery:Crawling recursively for packages in '/home/shorouk/grad_proj_ws'
[0.335s] Level 1:colcon.colcon_core.package_identification:_identify(.) by extensions ['ignore', 'ignore_ament_install']
[0.335s] Level 1:colcon.colcon_core.package_identification:_identify(.) by extension 'ignore'
[0.335s] Level 1:colcon.colcon_core.package_identification:_identify(.) by extension 'ignore_ament_install'
[0.335s] Level 1:colcon.colcon_core.package_identification:_identify(.) by extensions ['colcon_pkg']
[0.335s] Level 1:colcon.colcon_core.package_identification:_identify(.) by extension 'colcon_pkg'
[0.335s] Level 1:colcon.colcon_core.package_identification:_identify(.) by extensions ['colcon_meta']
[0.335s] Level 1:colcon.colcon_core.package_identification:_identify(.) by extension 'colcon_meta'
[0.336s] Level 1:colcon.colcon_core.package_identification:_identify(.) by extensions ['ros']
[0.336s] Level 1:colcon.colcon_core.package_identification:_identify(.) by extension 'ros'
[0.355s] Level 1:colcon.colcon_core.package_identification:_identify(.) by extensions ['cmake', 'python']
[0.355s] Level 1:colcon.colcon_core.package_identification:_identify(.) by extension 'cmake'
[0.355s] Level 1:colcon.colcon_core.package_identification:_identify(.) by extension 'python'
[0.356s] Level 1:colcon.colcon_core.package_identification:_identify(.) by extensions ['python_setup_py']
[0.356s] Level 1:colcon.colcon_core.package_identification:_identify(.) by extension 'python_setup_py'
[0.356s] Level 1:colcon.colcon_core.package_identification:_identify(build) by extensions ['ignore', 'ignore_ament_install']
[0.356s] Level 1:colcon.colcon_core.package_identification:_identify(build) by extension 'ignore'
[0.356s] Level 1:colcon.colcon_core.package_identification:_identify(build) ignored
[0.356s] Level 1:colcon.colcon_core.package_identification:_identify(install) by extensions ['ignore', 'ignore_ament_install']
[0.357s] Level 1:colcon.colcon_core.package_identification:_identify(install) by extension 'ignore'
[0.357s] Level 1:colcon.colcon_core.package_identification:_identify(install) ignored
[0.357s] Level 1:colcon.colcon_core.package_identification:_identify(log) by extensions ['ignore', 'ignore_ament_install']
[0.357s] Level 1:colcon.colcon_core.package_identification:_identify(log) by extension 'ignore'
[0.357s] Level 1:colcon.colcon_core.package_identification:_identify(log) ignored
[0.357s] Level 1:colcon.colcon_core.package_identification:_identify(src) by extensions ['ignore', 'ignore_ament_install']
[0.358s] Level 1:colcon.colcon_core.package_identification:_identify(src) by extension 'ignore'
[0.358s] Level 1:colcon.colcon_core.package_identification:_identify(src) by extension 'ignore_ament_install'
[0.358s] Level 1:colcon.colcon_core.package_identification:_identify(src) by extensions ['colcon_pkg']
[0.358s] Level 1:colcon.colcon_core.package_identification:_identify(src) by extension 'colcon_pkg'
[0.358s] Level 1:colcon.colcon_core.package_identification:_identify(src) by extensions ['colcon_meta']
[0.358s] Level 1:colcon.colcon_core.package_identification:_identify(src) by extension 'colcon_meta'
[0.358s] Level 1:colcon.colcon_core.package_identification:_identify(src) by extensions ['ros']
[0.358s] Level 1:colcon.colcon_core.package_identification:_identify(src) by extension 'ros'
[0.358s] Level 1:colcon.colcon_core.package_identification:_identify(src) by extensions ['cmake', 'python']
[0.358s] Level 1:colcon.colcon_core.package_identification:_identify(src) by extension 'cmake'
[0.358s] Level 1:colcon.colcon_core.package_identification:_identify(src) by extension 'python'
[0.359s] Level 1:colcon.colcon_core.package_identification:_identify(src) by extensions ['python_setup_py']
[0.359s] Level 1:colcon.colcon_core.package_identification:_identify(src) by extension 'python_setup_py'
[0.359s] Level 1:colcon.colcon_core.package_identification:_identify(src/robot_sim) by extensions ['ignore', 'ignore_ament_install']
[0.359s] Level 1:colcon.colcon_core.package_identification:_identify(src/robot_sim) by extension 'ignore'
[0.359s] Level 1:colcon.colcon_core.package_identification:_identify(src/robot_sim) by extension 'ignore_ament_install'
[0.359s] Level 1:colcon.colcon_core.package_identification:_identify(src/robot_sim) by extensions ['colcon_pkg']
[0.359s] Level 1:colcon.colcon_core.package_identification:_identify(src/robot_sim) by extension 'colcon_pkg'
[0.359s] Level 1:colcon.colcon_core.package_identification:_identify(src/robot_sim) by extensions ['colcon_meta']
[0.359s] Level 1:colcon.colcon_core.package_identification:_identify(src/robot_sim) by extension 'colcon_meta'
[0.359s] Level 1:colcon.colcon_core.package_identification:_identify(src/robot_sim) by extensions ['ros']
[0.359s] Level 1:colcon.colcon_core.package_identification:_identify(src/robot_sim) by extension 'ros'
[0.364s] DEBUG:colcon.colcon_core.package_identification:Package 'src/robot_sim' with type 'ros.ament_cmake' and name 'robot_sim'
[0.364s] Level 1:colcon.colcon_core.package_discovery:discover_packages(recursive) using defaults
[0.364s] Level 1:colcon.colcon_core.package_discovery:discover_packages(ignore) discover
[0.364s] Level 1:colcon.colcon_core.package_discovery:discover_packages(ignore) using defaults
[0.365s] Level 1:colcon.colcon_core.package_discovery:discover_packages(path) discover
[0.365s] Level 1:colcon.colcon_core.package_discovery:discover_packages(path) using defaults
[0.419s] Level 1:colcon.colcon_core.package_discovery:discover_packages(prefix_path) check parameters
[0.419s] Level 1:colcon.colcon_core.package_discovery:discover_packages(prefix_path) discover
[0.424s] DEBUG:colcon.colcon_installed_package_information.package_discovery:Found 3 installed packages in /home/shorouk/grad_proj_ws/install
[0.427s] DEBUG:colcon.colcon_installed_package_information.package_discovery:Found 326 installed packages in /opt/ros/foxy
[0.431s] Level 1:colcon.colcon_core.package_discovery:discover_packages(prefix_path) using defaults
[0.585s] Level 5:colcon.colcon_core.verb:set package 'robot_sim' build argument 'cmake_args' from command line to 'None'
[0.585s] Level 5:colcon.colcon_core.verb:set package 'robot_sim' build argument 'cmake_target' from command line to 'None'
[0.585s] Level 5:colcon.colcon_core.verb:set package 'robot_sim' build argument 'cmake_target_skip_unavailable' from command line to 'False'
[0.585s] Level 5:colcon.colcon_core.verb:set package 'robot_sim' build argument 'cmake_clean_cache' from command line to 'False'
[0.585s] Level 5:colcon.colcon_core.verb:set package 'robot_sim' build argument 'cmake_clean_first' from command line to 'False'
[0.585s] Level 5:colcon.colcon_core.verb:set package 'robot_sim' build argument 'cmake_force_configure' from command line to 'False'
[0.585s] Level 5:colcon.colcon_core.verb:set package 'robot_sim' build argument 'ament_cmake_args' from command line to 'None'
[0.585s] Level 5:colcon.colcon_core.verb:set package 'robot_sim' build argument 'catkin_cmake_args' from command line to 'None'
[0.585s] Level 5:colcon.colcon_core.verb:set package 'robot_sim' build argument 'catkin_skip_building_tests' from command line to 'False'
[0.585s] DEBUG:colcon.colcon_core.verb:Building package 'robot_sim' with the following arguments: {'ament_cmake_args': None, 'build_base': '/home/shorouk/grad_proj_ws/build/robot_sim', 'catkin_cmake_args': None, 'catkin_skip_building_tests': False, 'cmake_args': None, 'cmake_clean_cache': False, 'cmake_clean_first': False, 'cmake_force_configure': False, 'cmake_target': None, 'cmake_target_skip_unavailable': False, 'install_base': '/home/shorouk/grad_proj_ws/install/robot_sim', 'merge_install': False, 'path': '/home/shorouk/grad_proj_ws/src/robot_sim', 'symlink_install': False, 'test_result_base': None}
[0.587s] INFO:colcon.colcon_core.executor:Executing jobs using 'parallel' executor
[0.594s] DEBUG:colcon.colcon_parallel_executor.executor.parallel:run_until_complete
[0.594s] INFO:colcon.colcon_ros.task.ament_cmake.build:Building ROS package in '/home/shorouk/grad_proj_ws/src/robot_sim' with build type 'ament_cmake'
[0.595s] INFO:colcon.colcon_cmake.task.cmake.build:Building CMake package in '/home/shorouk/grad_proj_ws/src/robot_sim'
[0.602s] INFO:colcon.colcon_core.plugin_system:Skipping extension 'colcon_core.shell.bat': Not used on non-Windows systems
[0.602s] INFO:colcon.colcon_core.shell:Skip shell extension 'powershell' for command environment: Not usable outside of PowerShell
[0.602s] DEBUG:colcon.colcon_core.shell:Skip shell extension 'dsv' for command environment
[0.678s] DEBUG:colcon.colcon_core.event_handler.log_command:Invoking command in '/home/shorouk/grad_proj_ws/build/robot_sim': CMAKE_PREFIX_PATH=${CMAKE_PREFIX_PATH}:/opt/ros/foxy /usr/bin/cmake --build /home/shorouk/grad_proj_ws/build/robot_sim -- -j4 -l4
[0.748s] DEBUG:colcon.colcon_core.event_handler.log_command:Invoked command in '/home/shorouk/grad_proj_ws/build/robot_sim' returned '0': CMAKE_PREFIX_PATH=${CMAKE_PREFIX_PATH}:/opt/ros/foxy /usr/bin/cmake --build /home/shorouk/grad_proj_ws/build/robot_sim -- -j4 -l4
[0.811s] DEBUG:colcon.colcon_core.event_handler.log_command:Invoking command in '/home/shorouk/grad_proj_ws/build/robot_sim': CMAKE_PREFIX_PATH=${CMAKE_PREFIX_PATH}:/opt/ros/foxy /usr/bin/cmake --install /home/shorouk/grad_proj_ws/build/robot_sim
[0.845s] Level 1:colcon.colcon_core.environment:create_environment_scripts_only(robot_sim)
[0.870s] Level 1:colcon.colcon_core.environment:checking '/home/shorouk/grad_proj_ws/install/robot_sim' for CMake module files
[0.873s] DEBUG:colcon.colcon_core.event_handler.log_command:Invoked command in '/home/shorouk/grad_proj_ws/build/robot_sim' returned '0': CMAKE_PREFIX_PATH=${CMAKE_PREFIX_PATH}:/opt/ros/foxy /usr/bin/cmake --install /home/shorouk/grad_proj_ws/build/robot_sim
[0.874s] Level 1:colcon.colcon_core.environment:checking '/home/shorouk/grad_proj_ws/install/robot_sim' for CMake config files
[0.875s] Level 1:colcon.colcon_core.shell:create_environment_hook('robot_sim', 'cmake_prefix_path')
[0.880s] INFO:colcon.colcon_core.shell:Creating environment hook '/home/shorouk/grad_proj_ws/install/robot_sim/share/robot_sim/hook/cmake_prefix_path.ps1'
[0.882s] INFO:colcon.colcon_core.shell:Creating environment descriptor '/home/shorouk/grad_proj_ws/install/robot_sim/share/robot_sim/hook/cmake_prefix_path.dsv'
[0.886s] INFO:colcon.colcon_core.shell:Creating environment hook '/home/shorouk/grad_proj_ws/install/robot_sim/share/robot_sim/hook/cmake_prefix_path.sh'
[0.887s] Level 1:colcon.colcon_core.environment:checking '/home/shorouk/grad_proj_ws/install/robot_sim/bin'
[0.887s] Level 1:colcon.colcon_core.environment:checking '/home/shorouk/grad_proj_ws/install/robot_sim/lib/pkgconfig/robot_sim.pc'
[0.888s] Level 1:colcon.colcon_core.environment:checking '/home/shorouk/grad_proj_ws/install/robot_sim/lib/python3.8/site-packages'
[0.888s] Level 1:colcon.colcon_core.environment:checking '/home/shorouk/grad_proj_ws/install/robot_sim/bin'
[0.891s] INFO:colcon.colcon_core.shell:Creating package script '/home/shorouk/grad_proj_ws/install/robot_sim/share/robot_sim/package.ps1'
[0.892s] INFO:colcon.colcon_core.shell:Creating package descriptor '/home/shorouk/grad_proj_ws/install/robot_sim/share/robot_sim/package.dsv'
[0.893s] INFO:colcon.colcon_core.shell:Creating package script '/home/shorouk/grad_proj_ws/install/robot_sim/share/robot_sim/package.sh'
[0.895s] INFO:colcon.colcon_core.shell:Creating package script '/home/shorouk/grad_proj_ws/install/robot_sim/share/robot_sim/package.bash'
[0.896s] INFO:colcon.colcon_core.shell:Creating package script '/home/shorouk/grad_proj_ws/install/robot_sim/share/robot_sim/package.zsh'
[0.897s] Level 1:colcon.colcon_core.environment:create_file_with_runtime_dependencies(/home/shorouk/grad_proj_ws/install/robot_sim/share/colcon-core/packages/robot_sim)
[0.941s] Level 1:colcon.colcon_core.environment:create_environment_scripts_only(robot_sim)
[0.946s] Level 1:colcon.colcon_core.environment:checking '/home/shorouk/grad_proj_ws/install/robot_sim' for CMake module files
[0.947s] Level 1:colcon.colcon_core.environment:checking '/home/shorouk/grad_proj_ws/install/robot_sim' for CMake config files
[0.948s] Level 1:colcon.colcon_core.shell:create_environment_hook('robot_sim', 'cmake_prefix_path')
[0.951s] INFO:colcon.colcon_core.shell:Creating environment hook '/home/shorouk/grad_proj_ws/install/robot_sim/share/robot_sim/hook/cmake_prefix_path.ps1'
[0.953s] INFO:colcon.colcon_core.shell:Creating environment descriptor '/home/shorouk/grad_proj_ws/install/robot_sim/share/robot_sim/hook/cmake_prefix_path.dsv'
[0.953s] INFO:colcon.colcon_core.shell:Creating environment hook '/home/shorouk/grad_proj_ws/install/robot_sim/share/robot_sim/hook/cmake_prefix_path.sh'
[0.954s] Level 1:colcon.colcon_core.environment:checking '/home/shorouk/grad_proj_ws/install/robot_sim/bin'
[0.954s] Level 1:colcon.colcon_core.environment:checking '/home/shorouk/grad_proj_ws/install/robot_sim/lib/pkgconfig/robot_sim.pc'
[0.955s] Level 1:colcon.colcon_core.environment:checking '/home/shorouk/grad_proj_ws/install/robot_sim/lib/python3.8/site-packages'
[0.955s] Level 1:colcon.colcon_core.environment:checking '/home/shorouk/grad_proj_ws/install/robot_sim/bin'
[0.958s] INFO:colcon.colcon_core.shell:Creating package script '/home/shorouk/grad_proj_ws/install/robot_sim/share/robot_sim/package.ps1'
[0.959s] INFO:colcon.colcon_core.shell:Creating package descriptor '/home/shorouk/grad_proj_ws/install/robot_sim/share/robot_sim/package.dsv'
[0.960s] INFO:colcon.colcon_core.shell:Creating package script '/home/shorouk/grad_proj_ws/install/robot_sim/share/robot_sim/package.sh'
[0.960s] INFO:colcon.colcon_core.shell:Creating package script '/home/shorouk/grad_proj_ws/install/robot_sim/share/robot_sim/package.bash'
[0.961s] INFO:colcon.colcon_core.shell:Creating package script '/home/shorouk/grad_proj_ws/install/robot_sim/share/robot_sim/package.zsh'
[0.962s] Level 1:colcon.colcon_core.environment:create_file_with_runtime_dependencies(/home/shorouk/grad_proj_ws/install/robot_sim/share/colcon-core/packages/robot_sim)
[0.963s] DEBUG:colcon.colcon_parallel_executor.executor.parallel:closing loop
[0.963s] DEBUG:colcon.colcon_parallel_executor.executor.parallel:loop closed
[0.964s] DEBUG:colcon.colcon_parallel_executor.executor.parallel:run_until_complete finished with '0'
[0.964s] DEBUG:colcon.colcon_core.event_reactor:joining thread
[0.975s] INFO:colcon.colcon_core.plugin_system:Skipping extension 'colcon_notification.desktop_notification.terminal_notifier': Not used on non-Darwin systems
[0.975s] INFO:colcon.colcon_core.plugin_system:Skipping extension 'colcon_notification.desktop_notification.win32': Not used on non-Windows systems
[0.975s] INFO:colcon.colcon_notification.desktop_notification:Sending desktop notification using 'notify2'
[1.005s] DEBUG:colcon.colcon_core.event_reactor:joined thread
[1.010s] INFO:colcon.colcon_core.shell:Creating prefix script '/home/shorouk/grad_proj_ws/install/local_setup.ps1'
[1.013s] INFO:colcon.colcon_core.shell:Creating prefix util module '/home/shorouk/grad_proj_ws/install/_local_setup_util_ps1.py'
[1.015s] INFO:colcon.colcon_core.shell:Creating prefix chain script '/home/shorouk/grad_proj_ws/install/setup.ps1'
[1.018s] INFO:colcon.colcon_core.shell:Creating prefix script '/home/shorouk/grad_proj_ws/install/local_setup.sh'
[1.019s] INFO:colcon.colcon_core.shell:Creating prefix util module '/home/shorouk/grad_proj_ws/install/_local_setup_util_sh.py'
[1.020s] INFO:colcon.colcon_core.shell:Creating prefix chain script '/home/shorouk/grad_proj_ws/install/setup.sh'
[1.023s] INFO:colcon.colcon_core.shell:Creating prefix script '/home/shorouk/grad_proj_ws/install/local_setup.bash'
[1.024s] INFO:colcon.colcon_core.shell:Creating prefix chain script '/home/shorouk/grad_proj_ws/install/setup.bash'
[1.026s] INFO:colcon.colcon_core.shell:Creating prefix script '/home/shorouk/grad_proj_ws/install/local_setup.zsh'
[1.027s] INFO:colcon.colcon_core.shell:Creating prefix chain script '/home/shorouk/grad_proj_ws/install/setup.zsh'
