[4.355s] Invoking command in '/home/shorouk/graduation_project/grad_proj_ws/src/sensors_sim': PYTHONPATH=/home/shorouk/graduation_project/grad_proj_ws/install/sensors_sim/lib/python3.8/site-packages: /usr/bin/python3 setup.py egg_info --egg-base ../../build/sensors_sim build --build-base /home/shorouk/graduation_project/grad_proj_ws/build/sensors_sim/build install --prefix /home/shorouk/graduation_project/grad_proj_ws/install/sensors_sim --record /home/shorouk/graduation_project/grad_proj_ws/build/sensors_sim/install.log --single-version-externally-managed
[4.710s] running egg_info
[4.711s] writing ../../build/sensors_sim/sensors_sim.egg-info/PKG-INFO
[4.754s] writing dependency_links to ../../build/sensors_sim/sensors_sim.egg-info/dependency_links.txt
[4.755s] writing entry points to ../../build/sensors_sim/sensors_sim.egg-info/entry_points.txt
[4.756s] writing requirements to ../../build/sensors_sim/sensors_sim.egg-info/requires.txt
[4.756s] writing top-level names to ../../build/sensors_sim/sensors_sim.egg-info/top_level.txt
[5.021s] reading manifest file '../../build/sensors_sim/sensors_sim.egg-info/SOURCES.txt'
[5.070s] writing manifest file '../../build/sensors_sim/sensors_sim.egg-info/SOURCES.txt'
[5.071s] running build
[5.071s] running build_py
[5.105s] running install
[5.107s] running install_lib
[5.127s] running install_data
[5.175s] running install_egg_info
[5.179s] removing '/home/shorouk/graduation_project/grad_proj_ws/install/sensors_sim/lib/python3.8/site-packages/sensors_sim-0.0.0-py3.8.egg-info' (and everything under it)
[5.180s] Copying ../../build/sensors_sim/sensors_sim.egg-info to /home/shorouk/graduation_project/grad_proj_ws/install/sensors_sim/lib/python3.8/site-packages/sensors_sim-0.0.0-py3.8.egg-info
[5.189s] running install_scripts
[5.235s] Installing talker script to /home/shorouk/graduation_project/grad_proj_ws/install/sensors_sim/lib/sensors_sim
[5.245s] writing list of installed files to '/home/shorouk/graduation_project/grad_proj_ws/build/sensors_sim/install.log'
[5.292s] Invoked command in '/home/shorouk/graduation_project/grad_proj_ws/src/sensors_sim' returned '0': PYTHONPATH=/home/shorouk/graduation_project/grad_proj_ws/install/sensors_sim/lib/python3.8/site-packages: /usr/bin/python3 setup.py egg_info --egg-base ../../build/sensors_sim build --build-base /home/shorouk/graduation_project/grad_proj_ws/build/sensors_sim/build install --prefix /home/shorouk/graduation_project/grad_proj_ws/install/sensors_sim --record /home/shorouk/graduation_project/grad_proj_ws/build/sensors_sim/install.log --single-version-externally-managed
